2018-12-23__16:01:14 0.62 0.52 0.54 12.15% 50.46 note
2018-12-23__16:01:20 0.65 0.53 0.54 8.70% 49.39 normal
2018-12-23__16:01:26 0.59 0.52 0.54 11.52% 47.24 normal
2018-12-23__16:01:31 0.55 0.51 0.53 5.34% 47.24 normal
2018-12-23__16:01:37 0.50 0.50 0.53 2.36% 46.16 normal
2018-12-23__16:01:43 0.54 0.51 0.53 1.92% 48.31 normal
2018-12-23__16:01:48 0.50 0.50 0.53 7.44% 46.16 normal
2018-12-23__16:01:54 0.42 0.48 0.52 33.33% 47.24 normal
2018-12-23__16:01:59 0.39 0.47 0.52 10.63% 46.16 normal
2018-12-23__16:02:05 0.44 0.48 0.52 5.85% 48.31 normal
2018-12-23__16:02:11 0.56 0.51 0.53 6.83% 46.70 normal
2018-12-23__16:02:16 0.52 0.50 0.53 11.06% 46.16 normal
2018-12-23__16:02:22 0.48 0.49 0.53 3.76% 46.16 normal
2018-12-23__16:02:27 0.52 0.50 0.53 1.91% 47.24 normal
2018-12-23__16:02:33 0.48 0.49 0.53 2.93% 45.62 normal
2018-12-23__16:02:39 0.40 0.47 0.52 13.62% 46.16 normal
2018-12-23__16:02:44 0.37 0.47 0.52 7.66% 46.16 normal
2018-12-23__16:02:50 0.42 0.48 0.52 21.86% 47.24 normal
2018-12-23__16:02:56 0.39 0.47 0.52 41.90% 47.24 normal
2018-12-23__16:03:01 0.36 0.46 0.52 25.00% 46.16 normal
2018-12-23__16:03:07 0.33 0.45 0.51 22.49% 46.16 normal
2018-12-23__16:03:12 0.30 0.44 0.51 15.71% 48.31 normal
2018-12-23__16:03:18 0.28 0.44 0.51 35.27% 47.77 normal
2018-12-23__16:03:24 0.53 0.49 0.52 4.76% 47.24 normal
2018-12-23__16:03:29 0.57 0.50 0.53 6.05% 46.70 normal
2018-12-23__16:03:35 0.60 0.51 0.53 13.81% 48.31 normal
2018-12-23__16:03:41 0.55 0.50 0.53 14.29% 47.24 normal
2018-12-23__16:03:46 0.59 0.51 0.53 9.71% 46.16 normal
2018-12-23__16:03:52 0.70 0.53 0.54 8.06% 45.62 normal
2018-12-23__16:03:57 0.65 0.52 0.53 25.62% 48.31 normal
2018-12-23__16:04:03 0.59 0.51 0.53 12.09% 46.16 normal
2018-12-23__16:04:09 0.63 0.52 0.53 9.81% 45.62 normal
2018-12-23__16:04:14 0.61 0.52 0.53 25.12% 46.16 normal
2018-12-23__16:04:20 0.64 0.53 0.54 29.52% 49.39 normal
2018-12-23__16:04:26 0.59 0.52 0.53 11.54% 47.24 normal
2018-12-23__16:04:31 0.54 0.51 0.53 3.76% 46.16 normal
2018-12-23__16:04:37 0.58 0.52 0.53 3.27% 45.08 normal
2018-12-23__16:04:42 0.61 0.53 0.54 25.84% 48.31 normal
2018-12-23__16:04:48 0.80 0.57 0.55 9.63% 46.16 normal
2018-12-23__16:04:54 0.74 0.56 0.55 3.79% 45.62 normal
2018-12-23__16:04:59 0.63 0.54 0.54 24.40% 47.24 normal
2018-12-23__16:05:05 1.38 0.70 0.59 19.40% 48.31 normal
2018-12-23__16:05:10 1.27 0.69 0.59 5.69% 46.16 normal
2018-12-23__16:05:16 1.16 0.67 0.59 18.96% 46.16 normal
2018-12-23__16:05:22 1.07 0.66 0.58 9.09% 47.77 normal
2018-12-23__16:05:27 0.99 0.65 0.58 32.84% 49.39 normal
2018-12-23__16:05:33 0.91 0.64 0.58 1.91% 47.24 normal
2018-12-23__16:05:38 0.83 0.63 0.57 3.27% 45.62 normal
2018-12-23__16:05:44 0.70 0.61 0.56 8.61% 46.16 normal
2018-12-23__16:05:50 0.73 0.61 0.57 30.24% 48.31 normal
2018-12-23__16:05:55 0.67 0.60 0.56 8.92% 46.16 normal
2018-12-23__16:06:01 0.62 0.59 0.56 23.79% 47.24 normal
2018-12-23__16:06:07 0.57 0.58 0.56 5.71% 45.62 normal
2018-12-23__16:06:12 0.60 0.59 0.56 33.98% 48.31 normal
2018-12-23__16:06:18 0.55 0.58 0.56 16.36% 46.70 normal
2018-12-23__16:06:23 0.51 0.57 0.55 21.43% 47.24 normal
2018-12-23__16:06:29 0.66 0.60 0.56 40.37% 47.24 normal
2018-12-23__16:06:35 0.69 0.61 0.57 32.68% 48.31 normal
2018-12-23__16:06:40 0.64 0.60 0.56 7.01% 46.16 normal
2018-12-23__16:06:46 0.58 0.59 0.56 6.19% 46.70 normal
2018-12-23__16:06:52 0.78 0.63 0.57 5.71% 47.24 normal
2018-12-23__16:06:57 0.88 0.65 0.58 31.22% 47.77 normal
2018-12-23__16:07:03 0.81 0.64 0.58 23.67% 47.24 normal
2018-12-23__16:07:08 0.74 0.63 0.57 6.13% 46.16 normal
2018-12-23__16:07:23 1.77 0.86 0.65 82.94% 47.77 normal
2018-12-23__16:07:34 2.37 1.05 0.71 9.17% 45.62 normal
2018-12-23__16:07:40 2.26 1.04 0.72 32.52% 45.62 normal
2018-12-23__16:07:45 2.16 1.04 0.72 6.64% 47.77 normal
2018-12-23__16:07:51 1.99 1.03 0.71 33.50% 46.70 normal
2018-12-23__16:07:57 1.83 1.01 0.71 8.45% 45.08 normal
2018-12-23__16:08:02 1.76 1.01 0.71 19.14% 46.70 normal
2018-12-23__16:08:08 1.86 1.04 0.72 10.28% 46.70 normal
2018-12-23__16:08:14 1.71 1.02 0.72 5.24% 45.62 normal
2018-12-23__16:08:19 1.45 0.99 0.71 1.41% 45.08 normal
2018-12-23__16:08:25 1.33 0.97 0.71 38.86% 46.70 normal
2018-12-23__16:08:31 1.22 0.96 0.71 15.38% 47.24 normal
2018-12-23__16:08:36 1.13 0.94 0.70 6.70% 47.24 normal
2018-12-23__16:08:42 1.04 0.93 0.70 18.06% 46.16 normal
2018-12-23__16:08:47 1.11 0.94 0.70 6.25% 47.24 normal
2018-12-23__16:08:53 1.10 0.94 0.71 11.43% 47.77 normal
2018-12-23__16:08:59 1.02 0.93 0.70 8.33% 46.70 normal
2018-12-23__16:09:04 1.17 0.96 0.72 1.90% 46.16 normal
2018-12-23__16:09:10 0.99 0.93 0.71 12.74% 46.16 normal
2018-12-23__16:09:16 1.15 0.97 0.72 11.74% 46.16 normal
2018-12-23__16:09:21 1.06 0.95 0.72 1.90% 45.08 normal
