2018-12-19__10:57:02 1.75 1.51 1.67 6.40% 25.00 normal
2018-12-19__10:57:08 1.61 1.48 1.66 28.86% 25.00 normal
2018-12-19__10:57:14 1.90 1.55 1.68 38.28% 25.00 normal
2018-12-19__10:57:19 1.99 1.57 1.69 17.09% 25.00 normal
2018-12-19__10:57:25 1.83 1.55 1.68 9.05% 25.00 normal
2018-12-19__10:57:30 1.84 1.55 1.68 4.00% 25.00 normal
2018-12-19__10:57:36 1.69 1.53 1.67 8.46% 25.00 normal
2018-12-19__10:57:41 1.72 1.54 1.67 36.00% 25.00 normal
2018-12-19__10:57:47 1.74 1.54 1.67 4.48% 25.00 normal
2018-12-19__10:57:52 1.76 1.55 1.68 6.00% 25.00 normal
2018-12-19__10:57:58 1.78 1.56 1.68 11.34% 25.00 normal
2018-12-19__10:58:03 1.88 1.58 1.68 1.49% 25.00 normal
2018-12-19__10:58:09 1.99 1.61 1.69 12.25% 25.00 normal
2018-12-19__10:58:14 1.83 1.59 1.68 28.92% 25.00 normal
2018-12-19__10:58:20 1.76 1.58 1.68 18.50% 25.00 normal
2018-12-19__10:58:25 1.62 1.55 1.67 1.49% 25.00 normal
2018-12-19__10:58:31 1.57 1.54 1.67 2.50% 25.00 normal
2018-12-19__10:58:36 1.45 1.52 1.66 2.49% 25.00 normal
2018-12-19__10:58:42 1.41 1.51 1.65 7.50% 25.00 normal
2018-12-19__10:58:47 1.30 1.48 1.64 4.95% 25.00 normal
2018-12-19__10:58:53 1.19 1.46 1.64 2.01% 25.00 normal
2018-12-19__10:58:59 1.10 1.43 1.63 1.49% 25.00 normal
