2018-12-19__13:48:36 1 / 100281M 81682M 15%
2018-12-19__13:48:36 1 /boot 976M 791M 14%
2018-12-19__13:48:36 1 /home 113955M 68968M 37%
2018-12-19__13:48:36 1 /boot/efi 1022M 1016M 1%
2018-12-19__13:48:36 0 disk 216234M 152457M 24.39%
2018-12-19__13:49:36 1 / 100281M 81682M 15%
2018-12-19__13:49:36 1 /boot 976M 791M 14%
2018-12-19__13:49:36 1 /home 113955M 68968M 37%
2018-12-19__13:49:36 1 /boot/efi 1022M 1016M 1%
2018-12-19__13:49:36 0 disk 216234M 152457M 24.39%
2018-12-19__13:50:36 1 / 100281M 81682M 15%
2018-12-19__13:50:36 1 /boot 976M 791M 14%
2018-12-19__13:50:36 1 /home 113955M 68968M 37%
2018-12-19__13:50:36 1 /boot/efi 1022M 1016M 1%
2018-12-19__13:50:36 0 disk 216234M 152457M 24.39%
2018-12-19__13:51:36 1 / 100281M 81682M 15%
2018-12-19__13:51:36 1 /boot 976M 791M 14%
2018-12-19__13:51:36 1 /home 113955M 68967M 37%
2018-12-19__13:51:36 1 /boot/efi 1022M 1016M 1%
2018-12-19__13:51:36 0 disk 216234M 152456M 24.39%
2018-12-19__13:52:36 1 / 100281M 81680M 15%
2018-12-19__13:52:36 1 /boot 976M 791M 14%
2018-12-19__13:52:36 1 /home 113955M 68967M 37%
2018-12-19__13:52:36 1 /boot/efi 1022M 1016M 1%
2018-12-19__13:52:36 0 disk 216234M 152454M 24.39%
2018-12-19__13:53:36 1 / 100281M 81680M 15%
2018-12-19__13:53:36 1 /boot 976M 791M 14%
2018-12-19__13:53:36 1 /home 113955M 68967M 37%
2018-12-19__13:53:36 1 /boot/efi 1022M 1016M 1%
2018-12-19__13:53:36 0 disk 216234M 152454M 24.39%
2018-12-19__13:54:36 1 / 100281M 81680M 15%
2018-12-19__13:54:36 1 /boot 976M 791M 14%
2018-12-19__13:54:36 1 /home 113955M 68967M 37%
2018-12-19__13:54:36 1 /boot/efi 1022M 1016M 1%
2018-12-19__13:54:36 0 disk 216234M 152454M 24.39%
2018-12-19__13:55:36 1 / 100281M 81680M 15%
2018-12-19__13:55:36 1 /boot 976M 791M 14%
2018-12-19__13:55:36 1 /home 113955M 68967M 37%
2018-12-19__13:55:36 1 /boot/efi 1022M 1016M 1%
2018-12-19__13:55:36 0 disk 216234M 152454M 24.39%
2018-12-19__13:56:36 1 / 100281M 81680M 15%
2018-12-19__13:56:36 1 /boot 976M 791M 14%
2018-12-19__13:56:36 1 /home 113955M 68967M 37%
2018-12-19__13:56:36 1 /boot/efi 1022M 1016M 1%
2018-12-19__13:56:36 0 disk 216234M 152454M 24.39%
2018-12-19__13:57:36 1 / 100281M 81680M 15%
2018-12-19__13:57:36 1 /boot 976M 791M 14%
2018-12-19__13:57:36 1 /home 113955M 68967M 37%
2018-12-19__13:57:36 1 /boot/efi 1022M 1016M 1%
2018-12-19__13:57:36 0 disk 216234M 152454M 24.40%
2018-12-19__13:58:36 1 / 100281M 81680M 15%
2018-12-19__13:58:36 1 /boot 976M 791M 14%
2018-12-19__13:58:36 1 /home 113955M 68966M 37%
2018-12-19__13:58:36 1 /boot/efi 1022M 1016M 1%
2018-12-19__13:58:36 0 disk 216234M 152453M 24.40%
2018-12-19__13:59:36 1 / 100281M 81680M 15%
2018-12-19__13:59:36 1 /boot 976M 791M 14%
2018-12-19__13:59:36 1 /home 113955M 68966M 37%
2018-12-19__13:59:36 1 /boot/efi 1022M 1016M 1%
2018-12-19__13:59:36 0 disk 216234M 152453M 24.40%
2018-12-19__14:00:36 1 / 100281M 81680M 15%
2018-12-19__14:00:36 1 /boot 976M 791M 14%
2018-12-19__14:00:36 1 /home 113955M 68966M 37%
2018-12-19__14:00:36 1 /boot/efi 1022M 1016M 1%
2018-12-19__14:00:36 0 disk 216234M 152453M 24.40%
2018-12-19__14:01:36 1 / 100281M 81680M 15%
2018-12-19__14:01:36 1 /boot 976M 791M 14%
2018-12-19__14:01:36 1 /home 113955M 68966M 37%
2018-12-19__14:01:36 1 /boot/efi 1022M 1016M 1%
2018-12-19__14:01:36 0 disk 216234M 152453M 24.40%
2018-12-19__14:02:36 1 / 100281M 81680M 15%
2018-12-19__14:02:36 1 /boot 976M 791M 14%
2018-12-19__14:02:36 1 /home 113955M 68966M 37%
2018-12-19__14:02:36 1 /boot/efi 1022M 1016M 1%
2018-12-19__14:02:36 0 disk 216234M 152453M 24.40%
2018-12-19__14:03:36 1 / 100281M 81680M 15%
2018-12-19__14:03:36 1 /boot 976M 791M 14%
2018-12-19__14:03:36 1 /home 113955M 68966M 37%
2018-12-19__14:03:36 1 /boot/efi 1022M 1016M 1%
2018-12-19__14:03:36 0 disk 216234M 152453M 24.40%
2018-12-19__14:04:36 1 / 100281M 81680M 15%
2018-12-19__14:04:36 1 /boot 976M 791M 14%
2018-12-19__14:04:36 1 /home 113955M 68965M 37%
2018-12-19__14:04:36 1 /boot/efi 1022M 1016M 1%
2018-12-19__14:04:36 0 disk 216234M 152452M 24.40%
2018-12-19__14:05:36 1 / 100281M 81680M 15%
2018-12-19__14:05:36 1 /boot 976M 791M 14%
2018-12-19__14:05:36 1 /home 113955M 68965M 37%
2018-12-19__14:05:36 1 /boot/efi 1022M 1016M 1%
2018-12-19__14:05:36 0 disk 216234M 152452M 24.40%
2018-12-19__14:06:36 1 / 100281M 81680M 15%
2018-12-19__14:06:36 1 /boot 976M 791M 14%
2018-12-19__14:06:36 1 /home 113955M 68966M 37%
2018-12-19__14:06:36 1 /boot/efi 1022M 1016M 1%
2018-12-19__14:06:36 0 disk 216234M 152453M 24.40%
2018-12-19__14:07:36 1 / 100281M 81680M 15%
2018-12-19__14:07:36 1 /boot 976M 791M 14%
2018-12-19__14:07:36 1 /home 113955M 68966M 37%
2018-12-19__14:07:36 1 /boot/efi 1022M 1016M 1%
2018-12-19__14:07:36 0 disk 216234M 152453M 24.40%
2018-12-19__14:08:36 1 / 100281M 81680M 15%
2018-12-19__14:08:36 1 /boot 976M 791M 14%
2018-12-19__14:08:36 1 /home 113955M 68966M 37%
2018-12-19__14:08:36 1 /boot/efi 1022M 1016M 1%
2018-12-19__14:08:36 0 disk 216234M 152453M 24.40%
2018-12-19__14:09:36 1 / 100281M 81680M 15%
2018-12-19__14:09:36 1 /boot 976M 791M 14%
2018-12-19__14:09:36 1 /home 113955M 68968M 37%
2018-12-19__14:09:36 1 /boot/efi 1022M 1016M 1%
2018-12-19__14:09:36 0 disk 216234M 152455M 24.39%
2018-12-19__14:10:36 1 / 100281M 81680M 15%
2018-12-19__14:10:36 1 /boot 976M 791M 14%
2018-12-19__14:10:36 1 /home 113955M 68966M 37%
2018-12-19__14:10:36 1 /boot/efi 1022M 1016M 1%
2018-12-19__14:10:36 0 disk 216234M 152453M 24.40%
2018-12-19__14:11:36 1 / 100281M 81680M 15%
2018-12-19__14:11:36 1 /boot 976M 791M 14%
2018-12-19__14:11:36 1 /home 113955M 68966M 37%
2018-12-19__14:11:36 1 /boot/efi 1022M 1016M 1%
2018-12-19__14:11:36 0 disk 216234M 152453M 24.40%
2018-12-19__14:12:36 1 / 100281M 81680M 15%
2018-12-19__14:12:36 1 /boot 976M 791M 14%
2018-12-19__14:12:36 1 /home 113955M 68962M 37%
2018-12-19__14:12:36 1 /boot/efi 1022M 1016M 1%
2018-12-19__14:12:36 0 disk 216234M 152449M 24.40%
2018-12-19__14:13:36 1 / 100281M 81680M 15%
2018-12-19__14:13:36 1 /boot 976M 791M 14%
2018-12-19__14:13:36 1 /home 113955M 68962M 37%
2018-12-19__14:13:36 1 /boot/efi 1022M 1016M 1%
2018-12-19__14:13:36 0 disk 216234M 152449M 24.40%
2018-12-19__14:14:36 1 / 100281M 81681M 15%
2018-12-19__14:14:36 1 /boot 976M 791M 14%
2018-12-19__14:14:36 1 /home 113955M 68961M 37%
2018-12-19__14:14:36 1 /boot/efi 1022M 1016M 1%
2018-12-19__14:14:36 0 disk 216234M 152449M 24.40%
2018-12-19__14:15:36 1 / 100281M 81681M 15%
2018-12-19__14:15:36 1 /boot 976M 791M 14%
2018-12-19__14:15:36 1 /home 113955M 68960M 37%
2018-12-19__14:15:36 1 /boot/efi 1022M 1016M 1%
2018-12-19__14:15:36 0 disk 216234M 152448M 24.40%
2018-12-19__14:16:36 1 / 100281M 81681M 15%
2018-12-19__14:16:36 1 /boot 976M 791M 14%
2018-12-19__14:16:36 1 /home 113955M 68959M 37%
2018-12-19__14:16:36 1 /boot/efi 1022M 1016M 1%
2018-12-19__14:16:36 0 disk 216234M 152447M 24.40%
2018-12-19__14:17:36 1 / 100281M 81681M 15%
2018-12-19__14:17:36 1 /boot 976M 791M 14%
2018-12-19__14:17:36 1 /home 113955M 68959M 37%
2018-12-19__14:17:36 1 /boot/efi 1022M 1016M 1%
2018-12-19__14:17:36 0 disk 216234M 152447M 24.40%
2018-12-19__14:18:36 1 / 100281M 81681M 15%
2018-12-19__14:18:36 1 /boot 976M 791M 14%
2018-12-19__14:18:36 1 /home 113955M 68959M 37%
2018-12-19__14:18:36 1 /boot/efi 1022M 1016M 1%
2018-12-19__14:18:36 0 disk 216234M 152447M 24.40%
2018-12-19__14:19:36 1 / 100281M 81681M 15%
2018-12-19__14:19:36 1 /boot 976M 791M 14%
2018-12-19__14:19:36 1 /home 113955M 68957M 37%
2018-12-19__14:19:36 1 /boot/efi 1022M 1016M 1%
2018-12-19__14:19:36 0 disk 216234M 152445M 24.40%
2018-12-19__14:20:36 1 / 100281M 81681M 15%
2018-12-19__14:20:36 1 /boot 976M 791M 14%
2018-12-19__14:20:36 1 /home 113955M 68953M 37%
2018-12-19__14:20:36 1 /boot/efi 1022M 1016M 1%
2018-12-19__14:20:36 0 disk 216234M 152441M 24.40%
2018-12-19__14:21:36 1 / 100281M 81681M 15%
2018-12-19__14:21:36 1 /boot 976M 791M 14%
2018-12-19__14:21:36 1 /home 113955M 68953M 37%
2018-12-19__14:21:36 1 /boot/efi 1022M 1016M 1%
2018-12-19__14:21:36 0 disk 216234M 152441M 24.40%
2018-12-19__14:22:36 1 / 100281M 81681M 15%
2018-12-19__14:22:36 1 /boot 976M 791M 14%
2018-12-19__14:22:36 1 /home 113955M 68953M 37%
2018-12-19__14:22:36 1 /boot/efi 1022M 1016M 1%
2018-12-19__14:22:36 0 disk 216234M 152441M 24.40%
2018-12-19__14:23:36 1 / 100281M 81681M 15%
2018-12-19__14:23:36 1 /boot 976M 791M 14%
2018-12-19__14:23:36 1 /home 113955M 68953M 37%
2018-12-19__14:23:36 1 /boot/efi 1022M 1016M 1%
2018-12-19__14:23:36 0 disk 216234M 152441M 24.40%
2018-12-19__14:24:36 1 / 100281M 81681M 15%
2018-12-19__14:24:36 1 /boot 976M 791M 14%
2018-12-19__14:24:36 1 /home 113955M 68953M 37%
2018-12-19__14:24:36 1 /boot/efi 1022M 1016M 1%
2018-12-19__14:24:36 0 disk 216234M 152441M 24.40%
2018-12-19__14:25:36 1 / 100281M 81681M 15%
2018-12-19__14:25:36 1 /boot 976M 791M 14%
2018-12-19__14:25:36 1 /home 113955M 68952M 37%
2018-12-19__14:25:36 1 /boot/efi 1022M 1016M 1%
2018-12-19__14:25:36 0 disk 216234M 152440M 24.40%
2018-12-19__14:26:36 1 / 100281M 81681M 15%
2018-12-19__14:26:36 1 /boot 976M 791M 14%
2018-12-19__14:26:36 1 /home 113955M 68952M 37%
2018-12-19__14:26:36 1 /boot/efi 1022M 1016M 1%
2018-12-19__14:26:36 0 disk 216234M 152440M 24.40%
2018-12-19__14:27:36 1 / 100281M 81681M 15%
2018-12-19__14:27:36 1 /boot 976M 791M 14%
2018-12-19__14:27:36 1 /home 113955M 68952M 37%
2018-12-19__14:27:36 1 /boot/efi 1022M 1016M 1%
2018-12-19__14:27:36 0 disk 216234M 152440M 24.40%
2018-12-19__14:28:36 1 / 100281M 81681M 15%
2018-12-19__14:28:36 1 /boot 976M 791M 14%
2018-12-19__14:28:36 1 /home 113955M 68952M 37%
2018-12-19__14:28:36 1 /boot/efi 1022M 1016M 1%
2018-12-19__14:28:36 0 disk 216234M 152440M 24.40%
2018-12-19__14:29:36 1 / 100281M 81681M 15%
2018-12-19__14:29:36 1 /boot 976M 791M 14%
2018-12-19__14:29:36 1 /home 113955M 68952M 37%
2018-12-19__14:29:36 1 /boot/efi 1022M 1016M 1%
2018-12-19__14:29:36 0 disk 216234M 152440M 24.40%
2018-12-19__14:30:36 1 / 100281M 81681M 15%
2018-12-19__14:30:36 1 /boot 976M 791M 14%
2018-12-19__14:30:36 1 /home 113955M 68952M 37%
2018-12-19__14:30:36 1 /boot/efi 1022M 1016M 1%
2018-12-19__14:30:36 0 disk 216234M 152440M 24.40%
2018-12-19__14:31:36 1 / 100281M 81681M 15%
2018-12-19__14:31:36 1 /boot 976M 791M 14%
2018-12-19__14:31:36 1 /home 113955M 68952M 37%
2018-12-19__14:31:36 1 /boot/efi 1022M 1016M 1%
2018-12-19__14:31:36 0 disk 216234M 152440M 24.40%
2018-12-19__14:32:36 1 / 100281M 81681M 15%
2018-12-19__14:32:36 1 /boot 976M 791M 14%
2018-12-19__14:32:36 1 /home 113955M 68952M 37%
2018-12-19__14:32:36 1 /boot/efi 1022M 1016M 1%
2018-12-19__14:32:36 0 disk 216234M 152440M 24.40%
2018-12-19__14:33:36 1 / 100281M 81681M 15%
2018-12-19__14:33:36 1 /boot 976M 791M 14%
2018-12-19__14:33:36 1 /home 113955M 68952M 37%
2018-12-19__14:33:36 1 /boot/efi 1022M 1016M 1%
2018-12-19__14:33:36 0 disk 216234M 152440M 24.40%
2018-12-19__14:34:36 1 / 100281M 81681M 15%
2018-12-19__14:34:36 1 /boot 976M 791M 14%
2018-12-19__14:34:36 1 /home 113955M 68952M 37%
2018-12-19__14:34:36 1 /boot/efi 1022M 1016M 1%
2018-12-19__14:34:36 0 disk 216234M 152440M 24.40%
2018-12-19__14:35:36 1 / 100281M 81681M 15%
2018-12-19__14:35:36 1 /boot 976M 791M 14%
2018-12-19__14:35:36 1 /home 113955M 68952M 37%
2018-12-19__14:35:36 1 /boot/efi 1022M 1016M 1%
2018-12-19__14:35:36 0 disk 216234M 152440M 24.40%
2018-12-19__14:36:36 1 / 100281M 81681M 15%
2018-12-19__14:36:36 1 /boot 976M 791M 14%
2018-12-19__14:36:36 1 /home 113955M 68952M 37%
2018-12-19__14:36:36 1 /boot/efi 1022M 1016M 1%
2018-12-19__14:36:36 0 disk 216234M 152440M 24.40%
2018-12-19__14:37:36 1 / 100281M 81681M 15%
2018-12-19__14:37:36 1 /boot 976M 791M 14%
2018-12-19__14:37:36 1 /home 113955M 68952M 37%
2018-12-19__14:37:36 1 /boot/efi 1022M 1016M 1%
2018-12-19__14:37:36 0 disk 216234M 152440M 24.40%
2018-12-19__14:38:36 1 / 100281M 81681M 15%
2018-12-19__14:38:36 1 /boot 976M 791M 14%
2018-12-19__14:38:36 1 /home 113955M 68952M 37%
2018-12-19__14:38:36 1 /boot/efi 1022M 1016M 1%
2018-12-19__14:38:36 0 disk 216234M 152440M 24.40%
2018-12-19__14:39:36 1 / 100281M 81681M 15%
2018-12-19__14:39:36 1 /boot 976M 791M 14%
2018-12-19__14:39:36 1 /home 113955M 68952M 37%
2018-12-19__14:39:36 1 /boot/efi 1022M 1016M 1%
2018-12-19__14:39:36 0 disk 216234M 152440M 24.40%
2018-12-19__14:40:36 1 / 100281M 81681M 15%
2018-12-19__14:40:36 1 /boot 976M 791M 14%
2018-12-19__14:40:36 1 /home 113955M 68952M 37%
2018-12-19__14:40:36 1 /boot/efi 1022M 1016M 1%
2018-12-19__14:40:36 0 disk 216234M 152440M 24.40%
2018-12-19__14:41:36 1 / 100281M 81681M 15%
2018-12-19__14:41:36 1 /boot 976M 791M 14%
2018-12-19__14:41:36 1 /home 113955M 68952M 37%
2018-12-19__14:41:36 1 /boot/efi 1022M 1016M 1%
2018-12-19__14:41:36 0 disk 216234M 152440M 24.40%
2018-12-19__14:42:36 1 / 100281M 81681M 15%
2018-12-19__14:42:36 1 /boot 976M 791M 14%
2018-12-19__14:42:36 1 /home 113955M 68953M 37%
2018-12-19__14:42:36 1 /boot/efi 1022M 1016M 1%
2018-12-19__14:42:36 0 disk 216234M 152441M 24.40%
2018-12-19__14:43:36 1 / 100281M 81681M 15%
2018-12-19__14:43:36 1 /boot 976M 791M 14%
2018-12-19__14:43:36 1 /home 113955M 68953M 37%
2018-12-19__14:43:36 1 /boot/efi 1022M 1016M 1%
2018-12-19__14:43:36 0 disk 216234M 152441M 24.40%
2018-12-19__14:44:36 1 / 100281M 81681M 15%
2018-12-19__14:44:36 1 /boot 976M 791M 14%
2018-12-19__14:44:36 1 /home 113955M 68953M 37%
2018-12-19__14:44:36 1 /boot/efi 1022M 1016M 1%
2018-12-19__14:44:36 0 disk 216234M 152441M 24.40%
2018-12-19__14:45:36 1 / 100281M 81681M 15%
2018-12-19__14:45:36 1 /boot 976M 791M 14%
2018-12-19__14:45:36 1 /home 113955M 68953M 37%
2018-12-19__14:45:36 1 /boot/efi 1022M 1016M 1%
2018-12-19__14:45:36 0 disk 216234M 152441M 24.40%
2018-12-19__14:46:36 1 / 100281M 81681M 15%
2018-12-19__14:46:36 1 /boot 976M 791M 14%
2018-12-19__14:46:36 1 /home 113955M 68952M 37%
2018-12-19__14:46:36 1 /boot/efi 1022M 1016M 1%
2018-12-19__14:46:36 0 disk 216234M 152440M 24.40%
2018-12-19__14:47:36 1 / 100281M 81681M 15%
2018-12-19__14:47:36 1 /boot 976M 791M 14%
2018-12-19__14:47:36 1 /home 113955M 68952M 37%
2018-12-19__14:47:36 1 /boot/efi 1022M 1016M 1%
2018-12-19__14:47:36 0 disk 216234M 152440M 24.40%
2018-12-19__14:48:36 1 / 100281M 81681M 15%
2018-12-19__14:48:36 1 /boot 976M 791M 14%
2018-12-19__14:48:36 1 /home 113955M 68962M 37%
2018-12-19__14:48:36 1 /boot/efi 1022M 1016M 1%
2018-12-19__14:48:36 0 disk 216234M 152450M 24.40%
2018-12-19__14:49:36 1 / 100281M 81681M 15%
2018-12-19__14:49:36 1 /boot 976M 791M 14%
2018-12-19__14:49:36 1 /home 113955M 68961M 37%
2018-12-19__14:49:36 1 /boot/efi 1022M 1016M 1%
2018-12-19__14:49:36 0 disk 216234M 152449M 24.40%
2018-12-19__14:50:36 1 / 100281M 81681M 15%
2018-12-19__14:50:36 1 /boot 976M 791M 14%
2018-12-19__14:50:36 1 /home 113955M 68961M 37%
2018-12-19__14:50:36 1 /boot/efi 1022M 1016M 1%
2018-12-19__14:50:36 0 disk 216234M 152449M 24.40%
2018-12-19__14:51:36 1 / 100281M 81681M 15%
2018-12-19__14:51:36 1 /boot 976M 791M 14%
2018-12-19__14:51:36 1 /home 113955M 68961M 37%
2018-12-19__14:51:36 1 /boot/efi 1022M 1016M 1%
2018-12-19__14:51:36 0 disk 216234M 152449M 24.40%
2018-12-19__14:52:36 1 / 100281M 81681M 15%
2018-12-19__14:52:36 1 /boot 976M 791M 14%
2018-12-19__14:52:36 1 /home 113955M 68961M 37%
2018-12-19__14:52:36 1 /boot/efi 1022M 1016M 1%
2018-12-19__14:52:36 0 disk 216234M 152449M 24.40%
2018-12-19__14:53:36 1 / 100281M 81681M 15%
2018-12-19__14:53:36 1 /boot 976M 791M 14%
2018-12-19__14:53:36 1 /home 113955M 68961M 37%
2018-12-19__14:53:36 1 /boot/efi 1022M 1016M 1%
2018-12-19__14:53:36 0 disk 216234M 152449M 24.40%
2018-12-19__14:54:36 1 / 100281M 81681M 15%
2018-12-19__14:54:36 1 /boot 976M 791M 14%
2018-12-19__14:54:36 1 /home 113955M 68961M 37%
2018-12-19__14:54:36 1 /boot/efi 1022M 1016M 1%
2018-12-19__14:54:36 0 disk 216234M 152449M 24.40%
2018-12-19__14:55:36 1 / 100281M 81681M 15%
2018-12-19__14:55:36 1 /boot 976M 791M 14%
2018-12-19__14:55:36 1 /home 113955M 68960M 37%
2018-12-19__14:55:36 1 /boot/efi 1022M 1016M 1%
2018-12-19__14:55:36 0 disk 216234M 152448M 24.40%
2018-12-19__14:56:36 1 / 100281M 81681M 15%
2018-12-19__14:56:36 1 /boot 976M 791M 14%
2018-12-19__14:56:36 1 /home 113955M 68960M 37%
2018-12-19__14:56:36 1 /boot/efi 1022M 1016M 1%
2018-12-19__14:56:36 0 disk 216234M 152448M 24.40%
2018-12-19__14:57:36 1 / 100281M 81681M 15%
2018-12-19__14:57:36 1 /boot 976M 791M 14%
2018-12-19__14:57:36 1 /home 113955M 68960M 37%
2018-12-19__14:57:36 1 /boot/efi 1022M 1016M 1%
2018-12-19__14:57:36 0 disk 216234M 152448M 24.40%
2018-12-19__14:58:36 1 / 100281M 81681M 15%
2018-12-19__14:58:36 1 /boot 976M 791M 14%
2018-12-19__14:58:36 1 /home 113955M 68960M 37%
2018-12-19__14:58:36 1 /boot/efi 1022M 1016M 1%
2018-12-19__14:58:36 0 disk 216234M 152448M 24.40%
2018-12-19__14:59:36 1 / 100281M 81681M 15%
2018-12-19__14:59:36 1 /boot 976M 791M 14%
2018-12-19__14:59:36 1 /home 113955M 68960M 37%
2018-12-19__14:59:36 1 /boot/efi 1022M 1016M 1%
2018-12-19__14:59:36 0 disk 216234M 152448M 24.40%
2018-12-19__15:00:36 1 / 100281M 81681M 15%
2018-12-19__15:00:36 1 /boot 976M 791M 14%
2018-12-19__15:00:36 1 /home 113955M 68960M 37%
2018-12-19__15:00:36 1 /boot/efi 1022M 1016M 1%
2018-12-19__15:00:36 0 disk 216234M 152448M 24.40%
2018-12-19__15:01:36 1 / 100281M 81681M 15%
2018-12-19__15:01:36 1 /boot 976M 791M 14%
2018-12-19__15:01:36 1 /home 113955M 68961M 37%
2018-12-19__15:01:36 1 /boot/efi 1022M 1016M 1%
2018-12-19__15:01:36 0 disk 216234M 152449M 24.40%
2018-12-19__15:02:36 1 / 100281M 81681M 15%
2018-12-19__15:02:36 1 /boot 976M 791M 14%
2018-12-19__15:02:36 1 /home 113955M 68961M 37%
2018-12-19__15:02:36 1 /boot/efi 1022M 1016M 1%
2018-12-19__15:02:36 0 disk 216234M 152449M 24.40%
2018-12-19__15:03:36 1 / 100281M 81681M 15%
2018-12-19__15:03:36 1 /boot 976M 791M 14%
2018-12-19__15:03:36 1 /home 113955M 68961M 37%
2018-12-19__15:03:36 1 /boot/efi 1022M 1016M 1%
2018-12-19__15:03:36 0 disk 216234M 152449M 24.40%
2018-12-19__15:04:36 1 / 100281M 81681M 15%
2018-12-19__15:04:36 1 /boot 976M 791M 14%
2018-12-19__15:04:36 1 /home 113955M 68961M 37%
2018-12-19__15:04:36 1 /boot/efi 1022M 1016M 1%
2018-12-19__15:04:36 0 disk 216234M 152449M 24.40%
2018-12-19__15:05:36 1 / 100281M 81681M 15%
2018-12-19__15:05:36 1 /boot 976M 791M 14%
2018-12-19__15:05:36 1 /home 113955M 68961M 37%
2018-12-19__15:05:36 1 /boot/efi 1022M 1016M 1%
2018-12-19__15:05:36 0 disk 216234M 152449M 24.40%
2018-12-19__15:06:36 1 / 100281M 81681M 15%
2018-12-19__15:06:36 1 /boot 976M 791M 14%
2018-12-19__15:06:36 1 /home 113955M 68961M 37%
2018-12-19__15:06:36 1 /boot/efi 1022M 1016M 1%
2018-12-19__15:06:36 0 disk 216234M 152449M 24.40%
2018-12-19__15:07:36 1 / 100281M 81681M 15%
2018-12-19__15:07:36 1 /boot 976M 791M 14%
2018-12-19__15:07:36 1 /home 113955M 68961M 37%
2018-12-19__15:07:36 1 /boot/efi 1022M 1016M 1%
2018-12-19__15:07:36 0 disk 216234M 152449M 24.40%
2018-12-19__15:08:36 1 / 100281M 81681M 15%
2018-12-19__15:08:36 1 /boot 976M 791M 14%
2018-12-19__15:08:36 1 /home 113955M 68961M 37%
2018-12-19__15:08:36 1 /boot/efi 1022M 1016M 1%
2018-12-19__15:08:36 0 disk 216234M 152449M 24.40%
2018-12-19__15:09:36 1 / 100281M 81681M 15%
2018-12-19__15:09:36 1 /boot 976M 791M 14%
2018-12-19__15:09:36 1 /home 113955M 68962M 37%
2018-12-19__15:09:36 1 /boot/efi 1022M 1016M 1%
2018-12-19__15:09:36 0 disk 216234M 152450M 24.40%
2018-12-19__15:10:36 1 / 100281M 81681M 15%
2018-12-19__15:10:36 1 /boot 976M 791M 14%
2018-12-19__15:10:36 1 /home 113955M 68962M 37%
2018-12-19__15:10:36 1 /boot/efi 1022M 1016M 1%
2018-12-19__15:10:36 0 disk 216234M 152450M 24.40%
2018-12-19__15:11:36 1 / 100281M 81681M 15%
2018-12-19__15:11:36 1 /boot 976M 791M 14%
2018-12-19__15:11:36 1 /home 113955M 68962M 37%
2018-12-19__15:11:36 1 /boot/efi 1022M 1016M 1%
2018-12-19__15:11:36 0 disk 216234M 152450M 24.40%
2018-12-19__15:12:36 1 / 100281M 81681M 15%
2018-12-19__15:12:36 1 /boot 976M 791M 14%
2018-12-19__15:12:36 1 /home 113955M 68962M 37%
2018-12-19__15:12:36 1 /boot/efi 1022M 1016M 1%
2018-12-19__15:12:36 0 disk 216234M 152450M 24.40%
2018-12-19__15:13:36 1 / 100281M 81681M 15%
2018-12-19__15:13:36 1 /boot 976M 791M 14%
2018-12-19__15:13:36 1 /home 113955M 68962M 37%
2018-12-19__15:13:36 1 /boot/efi 1022M 1016M 1%
2018-12-19__15:13:36 0 disk 216234M 152450M 24.40%
2018-12-19__15:14:36 1 / 100281M 81681M 15%
2018-12-19__15:14:36 1 /boot 976M 791M 14%
2018-12-19__15:14:36 1 /home 113955M 68962M 37%
2018-12-19__15:14:36 1 /boot/efi 1022M 1016M 1%
2018-12-19__15:14:36 0 disk 216234M 152450M 24.40%
2018-12-19__15:15:36 1 / 100281M 81681M 15%
2018-12-19__15:15:36 1 /boot 976M 791M 14%
2018-12-19__15:15:36 1 /home 113955M 68962M 37%
2018-12-19__15:15:36 1 /boot/efi 1022M 1016M 1%
2018-12-19__15:15:36 0 disk 216234M 152450M 24.40%
2018-12-19__15:16:36 1 / 100281M 81681M 15%
2018-12-19__15:16:36 1 /boot 976M 791M 14%
2018-12-19__15:16:36 1 /home 113955M 68962M 37%
2018-12-19__15:16:36 1 /boot/efi 1022M 1016M 1%
2018-12-19__15:16:36 0 disk 216234M 152450M 24.40%
2018-12-19__15:17:36 1 / 100281M 81681M 15%
2018-12-19__15:17:36 1 /boot 976M 791M 14%
2018-12-19__15:17:36 1 /home 113955M 68962M 37%
2018-12-19__15:17:36 1 /boot/efi 1022M 1016M 1%
2018-12-19__15:17:36 0 disk 216234M 152450M 24.40%
2018-12-19__15:18:36 1 / 100281M 81681M 15%
2018-12-19__15:18:36 1 /boot 976M 791M 14%
2018-12-19__15:18:36 1 /home 113955M 68963M 37%
2018-12-19__15:18:36 1 /boot/efi 1022M 1016M 1%
2018-12-19__15:18:36 0 disk 216234M 152451M 24.40%
2018-12-19__15:19:36 1 / 100281M 81681M 15%
2018-12-19__15:19:36 1 /boot 976M 791M 14%
2018-12-19__15:19:36 1 /home 113955M 68963M 37%
2018-12-19__15:19:36 1 /boot/efi 1022M 1016M 1%
2018-12-19__15:19:36 0 disk 216234M 152451M 24.40%
2018-12-19__15:20:36 1 / 100281M 81681M 15%
2018-12-19__15:20:36 1 /boot 976M 791M 14%
2018-12-19__15:20:36 1 /home 113955M 68963M 37%
2018-12-19__15:20:36 1 /boot/efi 1022M 1016M 1%
2018-12-19__15:20:36 0 disk 216234M 152451M 24.40%
2018-12-19__15:21:36 1 / 100281M 81681M 15%
2018-12-19__15:21:36 1 /boot 976M 791M 14%
2018-12-19__15:21:36 1 /home 113955M 68963M 37%
2018-12-19__15:21:36 1 /boot/efi 1022M 1016M 1%
2018-12-19__15:21:36 0 disk 216234M 152451M 24.40%
2018-12-19__15:22:36 1 / 100281M 81681M 15%
2018-12-19__15:22:36 1 /boot 976M 791M 14%
2018-12-19__15:22:36 1 /home 113955M 68963M 37%
2018-12-19__15:22:36 1 /boot/efi 1022M 1016M 1%
2018-12-19__15:22:36 0 disk 216234M 152451M 24.40%
2018-12-19__15:23:36 1 / 100281M 81681M 15%
2018-12-19__15:23:36 1 /boot 976M 791M 14%
2018-12-19__15:23:36 1 /home 113955M 68963M 37%
2018-12-19__15:23:36 1 /boot/efi 1022M 1016M 1%
2018-12-19__15:23:36 0 disk 216234M 152451M 24.40%
2018-12-19__15:24:36 1 / 100281M 81681M 15%
2018-12-19__15:24:36 1 /boot 976M 791M 14%
2018-12-19__15:24:36 1 /home 113955M 68963M 37%
2018-12-19__15:24:36 1 /boot/efi 1022M 1016M 1%
2018-12-19__15:24:36 0 disk 216234M 152451M 24.40%
2018-12-19__15:25:36 1 / 100281M 81681M 15%
2018-12-19__15:25:36 1 /boot 976M 791M 14%
2018-12-19__15:25:36 1 /home 113955M 68963M 37%
2018-12-19__15:25:36 1 /boot/efi 1022M 1016M 1%
2018-12-19__15:25:36 0 disk 216234M 152451M 24.40%
2018-12-19__15:26:36 1 / 100281M 81681M 15%
2018-12-19__15:26:36 1 /boot 976M 791M 14%
2018-12-19__15:26:36 1 /home 113955M 68963M 37%
2018-12-19__15:26:36 1 /boot/efi 1022M 1016M 1%
2018-12-19__15:26:36 0 disk 216234M 152451M 24.40%
2018-12-19__15:27:36 1 / 100281M 81681M 15%
2018-12-19__15:27:36 1 /boot 976M 791M 14%
2018-12-19__15:27:36 1 /home 113955M 68962M 37%
2018-12-19__15:27:36 1 /boot/efi 1022M 1016M 1%
2018-12-19__15:27:36 0 disk 216234M 152450M 24.40%
2018-12-19__15:28:36 1 / 100281M 81681M 15%
2018-12-19__15:28:36 1 /boot 976M 791M 14%
2018-12-19__15:28:36 1 /home 113955M 68962M 37%
2018-12-19__15:28:36 1 /boot/efi 1022M 1016M 1%
2018-12-19__15:28:36 0 disk 216234M 152450M 24.40%
2018-12-19__15:29:36 1 / 100281M 81681M 15%
2018-12-19__15:29:36 1 /boot 976M 791M 14%
2018-12-19__15:29:36 1 /home 113955M 68962M 37%
2018-12-19__15:29:36 1 /boot/efi 1022M 1016M 1%
2018-12-19__15:29:36 0 disk 216234M 152450M 24.40%
2018-12-19__15:30:36 1 / 100281M 81681M 15%
2018-12-19__15:30:36 1 /boot 976M 791M 14%
2018-12-19__15:30:36 1 /home 113955M 68962M 37%
2018-12-19__15:30:36 1 /boot/efi 1022M 1016M 1%
2018-12-19__15:30:36 0 disk 216234M 152450M 24.40%
2018-12-19__15:31:36 1 / 100281M 81681M 15%
2018-12-19__15:31:36 1 /boot 976M 791M 14%
2018-12-19__15:31:36 1 /home 113955M 68962M 37%
2018-12-19__15:31:36 1 /boot/efi 1022M 1016M 1%
2018-12-19__15:31:36 0 disk 216234M 152450M 24.40%
2018-12-19__15:32:36 1 / 100281M 81681M 15%
2018-12-19__15:32:36 1 /boot 976M 791M 14%
2018-12-19__15:32:36 1 /home 113955M 68962M 37%
2018-12-19__15:32:36 1 /boot/efi 1022M 1016M 1%
2018-12-19__15:32:36 0 disk 216234M 152450M 24.40%
2018-12-19__15:33:36 1 / 100281M 81681M 15%
2018-12-19__15:33:36 1 /boot 976M 791M 14%
2018-12-19__15:33:36 1 /home 113955M 68962M 37%
2018-12-19__15:33:36 1 /boot/efi 1022M 1016M 1%
2018-12-19__15:33:36 0 disk 216234M 152450M 24.40%
2018-12-19__15:34:36 1 / 100281M 81681M 15%
2018-12-19__15:34:36 1 /boot 976M 791M 14%
2018-12-19__15:34:36 1 /home 113955M 68962M 37%
2018-12-19__15:34:36 1 /boot/efi 1022M 1016M 1%
2018-12-19__15:34:36 0 disk 216234M 152450M 24.40%
2018-12-19__15:35:36 1 / 100281M 81681M 15%
2018-12-19__15:35:36 1 /boot 976M 791M 14%
2018-12-19__15:35:36 1 /home 113955M 68962M 37%
2018-12-19__15:35:36 1 /boot/efi 1022M 1016M 1%
2018-12-19__15:35:36 0 disk 216234M 152450M 24.40%
2018-12-19__15:36:36 1 / 100281M 81681M 15%
2018-12-19__15:36:36 1 /boot 976M 791M 14%
2018-12-19__15:36:36 1 /home 113955M 68962M 37%
2018-12-19__15:36:36 1 /boot/efi 1022M 1016M 1%
2018-12-19__15:36:36 0 disk 216234M 152450M 24.40%
2018-12-19__15:37:36 1 / 100281M 81681M 15%
2018-12-19__15:37:36 1 /boot 976M 791M 14%
2018-12-19__15:37:36 1 /home 113955M 68962M 37%
2018-12-19__15:37:36 1 /boot/efi 1022M 1016M 1%
2018-12-19__15:37:36 0 disk 216234M 152450M 24.40%
2018-12-19__15:38:36 1 / 100281M 81681M 15%
2018-12-19__15:38:36 1 /boot 976M 791M 14%
2018-12-19__15:38:36 1 /home 113955M 68962M 37%
2018-12-19__15:38:36 1 /boot/efi 1022M 1016M 1%
2018-12-19__15:38:36 0 disk 216234M 152450M 24.40%
2018-12-19__15:39:36 1 / 100281M 81681M 15%
2018-12-19__15:39:36 1 /boot 976M 791M 14%
2018-12-19__15:39:36 1 /home 113955M 68962M 37%
2018-12-19__15:39:36 1 /boot/efi 1022M 1016M 1%
2018-12-19__15:39:36 0 disk 216234M 152450M 24.40%
2018-12-19__15:40:36 1 / 100281M 81681M 15%
2018-12-19__15:40:36 1 /boot 976M 791M 14%
2018-12-19__15:40:36 1 /home 113955M 68962M 37%
2018-12-19__15:40:36 1 /boot/efi 1022M 1016M 1%
2018-12-19__15:40:36 0 disk 216234M 152450M 24.40%
2018-12-19__15:41:36 1 / 100281M 81681M 15%
2018-12-19__15:41:36 1 /boot 976M 791M 14%
2018-12-19__15:41:36 1 /home 113955M 68962M 37%
2018-12-19__15:41:36 1 /boot/efi 1022M 1016M 1%
2018-12-19__15:41:36 0 disk 216234M 152450M 24.40%
2018-12-19__15:42:36 1 / 100281M 81681M 15%
2018-12-19__15:42:36 1 /boot 976M 791M 14%
2018-12-19__15:42:36 1 /home 113955M 68961M 37%
2018-12-19__15:42:36 1 /boot/efi 1022M 1016M 1%
2018-12-19__15:42:36 0 disk 216234M 152449M 24.40%
2018-12-19__15:43:36 1 / 100281M 81681M 15%
2018-12-19__15:43:36 1 /boot 976M 791M 14%
2018-12-19__15:43:36 1 /home 113955M 68961M 37%
2018-12-19__15:43:36 1 /boot/efi 1022M 1016M 1%
2018-12-19__15:43:36 0 disk 216234M 152449M 24.40%
2018-12-19__15:44:36 1 / 100281M 81681M 15%
2018-12-19__15:44:36 1 /boot 976M 791M 14%
2018-12-19__15:44:36 1 /home 113955M 68961M 37%
2018-12-19__15:44:36 1 /boot/efi 1022M 1016M 1%
2018-12-19__15:44:36 0 disk 216234M 152449M 24.40%
2018-12-19__15:48:17 1 / 100281M 81681M 15%
2018-12-19__15:48:17 1 /boot 976M 791M 14%
2018-12-19__15:48:17 1 /home 113955M 68969M 37%
2018-12-19__15:48:17 1 /boot/efi 1022M 1016M 1%
2018-12-19__15:48:17 0 disk 216234M 152457M 24.39%
2018-12-19__15:48:57 1 / 100281M 81681M 15%
2018-12-19__15:48:57 1 /boot 976M 791M 14%
2018-12-19__15:48:57 1 /home 113955M 68969M 37%
2018-12-19__15:48:57 1 /boot/efi 1022M 1016M 1%
2018-12-19__15:48:57 0 disk 216234M 152457M 24.39%
2018-12-19__15:55:25 1 / 100281M 81681M 15%
2018-12-19__15:55:25 1 /boot 976M 791M 14%
2018-12-19__15:55:25 1 /home 113955M 68969M 37%
2018-12-19__15:55:25 1 /boot/efi 1022M 1016M 1%
2018-12-19__15:55:25 0 disk 216234M 152457M 24.39%
2018-12-19__16:06:40 1 / 100281M 81681M 15%
2018-12-19__16:06:40 1 /boot 976M 791M 14%
2018-12-19__16:06:40 1 /home 113955M 68968M 37%
2018-12-19__16:06:40 1 /boot/efi 1022M 1016M 1%
2018-12-19__16:06:40 0 disk 216234M 152456M 24.39%
2018-12-19__16:07:40 1 / 100281M 81681M 15%
2018-12-19__16:07:40 1 /boot 976M 791M 14%
2018-12-19__16:07:40 1 /home 113955M 68968M 37%
2018-12-19__16:07:40 1 /boot/efi 1022M 1016M 1%
2018-12-19__16:07:40 0 disk 216234M 152456M 24.39%
2018-12-19__16:08:40 1 / 100281M 81681M 15%
2018-12-19__16:08:40 1 /boot 976M 791M 14%
