2018-12-20__11:36:32 0.01 0.00 0.00 3.26% 42.93 normal
2018-12-20__11:36:38 0.01 0.00 0.00 0.48% 42.93 normal
2018-12-20__11:36:44 0.00 0.00 0.00 1.44% 42.93 normal
2018-12-20__11:36:49 0.00 0.00 0.00 6.16% 42.93 normal
2018-12-20__11:36:55 0.00 0.00 0.00 1.88% 42.93 normal
2018-12-20__11:37:01 0.00 0.00 0.00 2.37% 42.93 normal
2018-12-20__11:37:06 0.00 0.00 0.00 2.37% 42.93 normal
2018-12-20__11:37:12 0.00 0.00 0.00 3.24% 42.93 normal
2018-12-20__11:37:17 0.00 0.00 0.00 1.91% 42.93 normal
2018-12-20__11:37:23 0.00 0.00 0.00 0.00% 42.93 normal
2018-12-20__11:37:29 0.00 0.00 0.00 23.22% 44.01 normal
2018-12-20__11:37:34 0.00 0.00 0.00 4.78% 43.47 normal
2018-12-20__11:37:40 0.00 0.00 0.00 2.37% 42.93 normal
2018-12-20__11:37:46 0.00 0.00 0.00 2.84% 43.47 normal
2018-12-20__11:37:51 0.00 0.00 0.00 2.38% 43.47 normal
2018-12-20__11:37:57 0.00 0.00 0.00 1.91% 42.93 normal
2018-12-20__11:38:02 0.00 0.00 0.00 2.39% 44.01 normal
2018-12-20__11:38:08 0.08 0.02 0.01 3.72% 43.47 normal
2018-12-20__11:38:14 0.07 0.02 0.00 6.88% 42.93 normal
2018-12-20__11:38:19 0.06 0.02 0.00 6.13% 44.01 normal
2018-12-20__11:38:25 0.06 0.01 0.00 5.16% 44.01 normal
2018-12-20__11:38:31 0.05 0.01 0.00 7.08% 43.47 normal
2018-12-20__11:38:36 0.05 0.01 0.00 6.19% 43.47 normal
2018-12-20__11:38:42 0.04 0.01 0.00 2.38% 42.93 normal
2018-12-20__11:38:47 0.04 0.01 0.00 0.48% 43.47 normal
2018-12-20__11:38:53 0.04 0.01 0.00 6.13% 43.47 normal
2018-12-20__11:38:59 0.19 0.05 0.01 3.74% 43.47 normal
2018-12-20__11:39:04 0.24 0.06 0.02 2.82% 44.01 normal
2018-12-20__11:39:10 0.22 0.06 0.02 4.81% 43.47 normal
2018-12-20__11:39:16 0.20 0.06 0.02 1.90% 43.47 normal
2018-12-20__11:39:21 0.18 0.06 0.02 3.86% 42.93 normal
2018-12-20__11:39:27 0.17 0.06 0.01 2.86% 43.47 normal
2018-12-20__11:39:32 0.16 0.05 0.01 0.00% 43.47 normal
2018-12-20__11:39:38 0.14 0.05 0.01 3.72% 42.93 normal
2018-12-20__11:39:44 0.13 0.05 0.01 4.35% 42.93 normal
2018-12-20__11:39:49 0.26 0.08 0.02 1.44% 42.93 normal
2018-12-20__11:39:55 0.24 0.08 0.02 1.43% 42.93 normal
2018-12-20__11:40:01 0.22 0.08 0.02 3.83% 42.93 normal
2018-12-20__11:40:06 0.20 0.08 0.02 7.44% 43.47 normal
2018-12-20__11:49:16 0.00 0.01 0.00 13.24% 44.01 normal
2018-12-20__11:49:22 0.00 0.00 0.00 1.43% 43.47 normal
2018-12-20__11:49:28 0.00 0.00 0.00 3.27% 43.47 normal
2018-12-20__11:49:33 0.00 0.00 0.00 3.29% 42.93 normal
2018-12-20__11:49:39 0.00 0.00 0.00 1.44% 42.93 normal
2018-12-20__11:49:45 0.00 0.00 0.00 1.42% 43.47 normal
2018-12-20__11:49:50 0.00 0.00 0.00 3.29% 42.93 normal
2018-12-20__11:49:56 0.00 0.00 0.00 3.27% 42.93 normal
2018-12-20__11:50:01 0.00 0.00 0.00 12.56% 44.01 normal
2018-12-20__11:50:07 0.00 0.00 0.00 2.36% 43.47 normal
2018-12-20__11:50:13 0.00 0.00 0.00 1.44% 42.93 normal
2018-12-20__11:50:18 0.00 0.00 0.00 0.95% 43.47 normal
2018-12-20__11:50:24 0.00 0.00 0.00 1.42% 43.47 normal
2018-12-20__11:50:30 0.00 0.00 0.00 2.86% 42.93 normal
2018-12-20__11:50:35 0.00 0.00 0.00 1.89% 42.93 normal
2018-12-20__11:50:41 0.00 0.00 0.00 2.36% 42.93 normal
2018-12-20__11:50:47 0.00 0.00 0.00 2.43% 43.47 normal
2018-12-20__11:50:52 0.00 0.00 0.00 1.43% 43.47 normal
2018-12-20__11:50:58 0.00 0.00 0.00 3.29% 43.47 normal
2018-12-20__11:51:03 0.00 0.00 0.00 2.83% 43.47 normal
2018-12-20__11:51:09 0.00 0.00 0.00 2.36% 43.47 normal
2018-12-20__11:51:15 0.00 0.00 0.00 0.48% 42.93 normal
2018-12-20__11:51:20 0.00 0.00 0.00 1.90% 43.47 normal
2018-12-20__11:51:26 0.00 0.00 0.00 1.43% 44.01 normal
2018-12-20__11:51:32 0.00 0.00 0.00 2.38% 43.47 normal
2018-12-20__11:51:37 0.00 0.00 0.00 2.42% 43.47 normal
2018-12-20__11:51:43 0.00 0.00 0.00 3.29% 42.93 normal
2018-12-20__11:51:48 0.00 0.00 0.00 0.96% 43.47 normal
2018-12-20__11:51:54 0.00 0.00 0.00 0.48% 42.93 normal
2018-12-20__11:52:00 0.00 0.00 0.00 3.74% 43.47 normal
2018-12-20__11:52:05 0.00 0.00 0.00 1.44% 43.47 normal
2018-12-20__11:52:11 0.00 0.00 0.00 0.96% 43.47 normal
2018-12-20__11:52:17 0.00 0.00 0.00 22.54% 44.01 normal
2018-12-20__11:52:22 0.00 0.00 0.00 7.87% 43.47 normal
2018-12-20__11:52:28 0.00 0.00 0.00 3.76% 42.93 normal
2018-12-20__11:52:33 0.00 0.00 0.00 1.43% 42.93 normal
2018-12-20__11:52:39 0.00 0.00 0.00 2.36% 43.47 normal
2018-12-20__11:52:45 0.00 0.00 0.00 0.96% 43.47 normal
2018-12-20__11:52:50 0.08 0.02 0.01 4.21% 42.93 normal
2018-12-20__11:52:56 0.07 0.02 0.00 3.27% 42.93 normal
2018-12-20__11:53:02 0.06 0.02 0.00 1.90% 43.47 normal
2018-12-20__11:53:07 0.06 0.01 0.00 1.90% 42.93 normal
2018-12-20__11:53:13 0.05 0.01 0.00 5.66% 43.47 normal
2018-12-20__11:53:19 0.05 0.01 0.00 2.36% 43.47 normal
2018-12-20__11:53:24 0.04 0.01 0.00 3.74% 42.93 normal
2018-12-20__11:53:30 0.04 0.01 0.00 3.74% 43.47 normal
2018-12-20__11:53:35 0.04 0.01 0.00 3.27% 43.47 normal
2018-12-20__11:53:41 0.10 0.03 0.01 2.35% 42.93 normal
2018-12-20__11:53:47 0.10 0.03 0.01 3.30% 42.93 normal
2018-12-20__11:53:52 0.09 0.03 0.00 1.90% 43.47 normal
2018-12-20__11:53:58 0.08 0.03 0.00 2.93% 42.93 normal
2018-12-20__11:54:04 0.07 0.03 0.00 1.91% 42.93 normal
2018-12-20__11:54:09 0.07 0.03 0.00 1.42% 43.47 normal
2018-12-20__11:54:15 0.06 0.03 0.00 2.35% 43.47 normal
2018-12-20__11:54:20 0.06 0.02 0.00 3.74% 43.47 normal
2018-12-20__11:54:26 0.05 0.02 0.00 1.91% 43.47 normal
2018-12-20__11:54:32 0.04 0.02 0.00 2.38% 42.93 normal
2018-12-20__11:54:37 0.04 0.02 0.00 2.38% 43.47 normal
2018-12-20__11:54:43 0.04 0.02 0.00 2.38% 43.47 normal
2018-12-20__11:54:49 0.03 0.02 0.00 4.76% 43.47 normal
2018-12-20__11:54:54 0.03 0.02 0.00 1.90% 42.93 normal
2018-12-20__11:55:00 0.03 0.02 0.00 2.38% 42.93 normal
2018-12-20__11:55:05 0.02 0.02 0.00 2.84% 43.47 normal
2018-12-20__11:55:11 0.02 0.02 0.00 0.96% 42.93 normal
2018-12-20__11:55:17 0.02 0.02 0.00 21.60% 44.01 normal
2018-12-20__11:55:22 0.02 0.02 0.00 3.30% 42.93 normal
2018-12-20__11:55:28 0.02 0.02 0.00 2.37% 42.93 normal
2018-12-20__11:55:34 0.01 0.02 0.00 5.71% 42.93 normal
2018-12-20__11:55:39 0.01 0.02 0.00 3.27% 42.93 normal
2018-12-20__11:55:45 0.01 0.02 0.00 3.29% 42.93 normal
2018-12-20__11:55:51 0.01 0.02 0.00 2.35% 43.47 normal
2018-12-20__11:55:56 0.01 0.02 0.00 2.36% 42.93 normal
2018-12-20__11:56:02 0.01 0.01 0.00 2.86% 43.47 normal
2018-12-20__11:56:07 0.01 0.01 0.00 1.90% 42.93 normal
2018-12-20__11:56:13 0.01 0.01 0.00 2.84% 43.47 normal
2018-12-20__11:56:19 0.00 0.01 0.00 1.90% 43.47 normal
2018-12-20__11:56:24 0.00 0.01 0.00 4.29% 42.93 normal
2018-12-20__11:56:30 0.00 0.01 0.00 3.79% 43.47 normal
2018-12-20__11:56:36 0.08 0.03 0.01 6.16% 43.47 normal
2018-12-20__11:56:41 0.07 0.03 0.00 3.74% 42.93 normal
2018-12-20__11:56:47 0.06 0.03 0.00 6.16% 43.47 normal
2018-12-20__11:57:27 0.03 0.02 0.00 8.61% 44.01 normal
2018-12-20__11:57:33 0.03 0.02 0.00 1.91% 43.47 normal
2018-12-20__11:57:38 0.03 0.02 0.00 2.37% 43.47 normal
2018-12-20__11:57:44 0.02 0.02 0.00 3.29% 42.93 normal
2018-12-20__11:57:50 0.02 0.02 0.00 2.37% 43.47 normal
2018-12-20__11:57:55 0.02 0.02 0.00 4.19% 43.47 normal
2018-12-20__11:58:01 0.10 0.04 0.01 1.90% 42.93 normal
2018-12-20__11:58:07 0.08 0.04 0.00 2.36% 43.47 normal
2018-12-20__11:58:12 0.08 0.03 0.00 6.57% 44.01 normal
2018-12-20__11:58:18 0.07 0.03 0.00 5.09% 43.47 normal
2018-12-20__11:58:23 0.06 0.03 0.00 8.41% 43.47 normal
2018-12-20__11:58:29 0.06 0.03 0.00 3.74% 44.01 normal
2018-12-20__11:58:35 0.05 0.03 0.00 3.76% 43.47 normal
2018-12-20__11:58:40 0.05 0.03 0.00 7.11% 42.93 normal
2018-12-20__11:58:46 0.04 0.03 0.00 5.56% 43.47 normal
2018-12-20__11:58:52 0.26 0.08 0.02 0.96% 43.47 normal
2018-12-20__11:58:57 0.24 0.08 0.02 8.45% 43.47 normal
2018-12-20__11:59:03 0.22 0.07 0.02 5.09% 43.47 normal
2018-12-20__11:59:09 0.20 0.07 0.02 3.88% 43.47 normal
2018-12-20__11:59:14 0.18 0.07 0.01 8.33% 44.01 normal
2018-12-20__11:59:20 0.17 0.07 0.01 2.83% 42.93 normal
2018-12-20__11:59:25 0.16 0.07 0.01 7.08% 43.47 normal
2018-12-20__11:59:31 0.14 0.07 0.01 7.08% 44.01 normal
2018-12-20__11:59:37 0.34 0.11 0.03 2.82% 42.93 normal
2018-12-20__11:59:42 0.31 0.11 0.03 5.69% 43.47 normal
2018-12-20__11:59:48 0.29 0.11 0.03 4.29% 43.47 normal
2018-12-20__11:59:54 0.27 0.11 0.03 4.21% 44.01 normal
2018-12-20__11:59:59 0.24 0.11 0.03 7.51% 43.47 normal
2018-12-20__12:00:05 0.22 0.10 0.03 7.01% 44.01 normal
2018-12-20__12:00:10 0.21 0.10 0.03 1.44% 44.01 normal
2018-12-20__12:00:16 0.19 0.10 0.03 2.83% 43.47 normal
2018-12-20__12:00:22 0.16 0.10 0.02 3.29% 43.47 normal
2018-12-20__12:00:27 0.15 0.09 0.02 21.15% 44.01 normal
2018-12-20__12:00:33 0.13 0.09 0.02 7.98% 43.47 normal
2018-12-20__12:00:39 0.12 0.09 0.02 4.19% 43.47 normal
2018-12-20__12:00:44 0.11 0.09 0.02 6.54% 44.01 normal
2018-12-20__12:00:50 0.10 0.09 0.02 7.55% 43.47 normal
2018-12-20__12:00:56 0.10 0.08 0.02 0.96% 44.01 normal
2018-12-20__12:01:01 0.09 0.08 0.02 0.97% 43.47 normal
2018-12-20__12:01:07 0.15 0.10 0.03 3.72% 43.47 normal
2018-12-20__12:01:12 0.14 0.10 0.03 1.90% 43.47 normal
2018-12-20__12:01:18 0.13 0.09 0.02 6.60% 44.01 normal
2018-12-20__12:01:24 0.20 0.11 0.03 2.82% 43.47 normal
2018-12-20__12:01:29 0.26 0.12 0.04 2.82% 44.01 normal
2018-12-20__12:01:35 0.24 0.12 0.04 5.53% 44.01 normal
2018-12-20__12:01:41 0.22 0.12 0.03 3.74% 44.01 normal
2018-12-20__12:01:46 0.20 0.12 0.03 1.90% 44.01 normal
2018-12-20__12:01:52 0.17 0.11 0.03 4.76% 42.93 normal
2018-12-20__12:01:57 0.16 0.11 0.03 1.92% 42.93 normal
2018-12-20__12:02:03 0.15 0.11 0.03 5.26% 44.01 normal
2018-12-20__12:02:09 0.13 0.11 0.03 1.44% 44.01 normal
2018-12-20__12:02:14 0.12 0.10 0.03 3.27% 43.47 normal
2018-12-20__12:02:20 0.11 0.10 0.03 3.74% 44.01 normal
2018-12-20__12:02:26 0.10 0.10 0.03 5.69% 44.01 normal
2018-12-20__12:02:31 0.10 0.10 0.03 7.01% 44.01 normal
2018-12-20__12:02:37 0.08 0.10 0.03 3.74% 43.47 normal
2018-12-20__12:02:42 0.07 0.09 0.03 4.81% 43.47 normal
2018-12-20__12:02:48 0.07 0.09 0.03 7.94% 43.47 normal
2018-12-20__12:02:54 0.06 0.09 0.03 4.74% 44.01 normal
2018-12-20__12:02:59 0.06 0.09 0.03 3.27% 43.47 normal
2018-12-20__12:03:05 0.05 0.09 0.03 6.19% 43.47 normal
2018-12-20__12:03:11 0.05 0.08 0.03 2.37% 44.01 normal
2018-12-20__12:03:16 0.04 0.08 0.03 1.44% 42.93 normal
2018-12-20__12:03:22 0.04 0.08 0.02 8.26% 43.47 normal
2018-12-20__12:03:27 0.03 0.08 0.02 22.69% 44.01 normal
2018-12-20__12:03:33 0.03 0.08 0.02 4.21% 44.01 normal
2018-12-20__12:03:39 0.03 0.08 0.02 6.64% 43.47 normal
2018-12-20__12:03:44 0.02 0.07 0.02 6.16% 43.47 normal
2018-12-20__12:03:50 0.18 0.11 0.03 6.98% 43.47 normal
2018-12-20__12:03:56 0.17 0.10 0.03 2.84% 43.47 normal
2018-12-20__12:04:01 0.23 0.12 0.04 4.19% 44.01 normal
2018-12-20__12:04:07 0.20 0.12 0.04 7.08% 43.47 normal
2018-12-20__12:04:13 0.18 0.11 0.04 3.26% 43.47 normal
2018-12-20__12:04:18 0.17 0.11 0.04 2.36% 43.47 normal
2018-12-20__12:04:24 0.15 0.11 0.04 2.82% 43.47 normal
2018-12-20__12:04:29 0.14 0.11 0.04 8.29% 44.01 normal
2018-12-20__12:04:35 0.13 0.11 0.03 6.67% 44.01 normal
2018-12-20__12:04:41 0.12 0.10 0.03 5.71% 43.47 normal
2018-12-20__12:04:46 0.11 0.10 0.03 3.83% 43.47 normal
2018-12-20__12:04:52 0.09 0.10 0.03 2.82% 43.47 normal
2018-12-20__12:04:58 0.08 0.10 0.03 3.30% 43.47 normal
2018-12-20__12:05:03 0.08 0.09 0.03 15.74% 44.01 normal
2018-12-20__12:05:09 0.15 0.11 0.04 5.19% 44.01 normal
2018-12-20__12:05:14 0.14 0.11 0.04 3.76% 43.47 normal
2018-12-20__12:05:20 0.13 0.10 0.04 4.19% 43.47 normal
2018-12-20__12:05:26 0.12 0.10 0.04 6.57% 44.01 normal
2018-12-20__12:05:31 0.11 0.10 0.04 5.66% 44.01 normal
2018-12-20__12:05:37 0.09 0.10 0.03 4.17% 44.01 normal
2018-12-20__12:05:43 0.08 0.10 0.03 2.82% 44.01 normal
2018-12-20__12:05:48 0.08 0.09 0.03 7.98% 43.47 normal
2018-12-20__12:05:54 0.07 0.09 0.03 1.90% 44.01 normal
2018-12-20__12:06:00 0.06 0.09 0.03 2.82% 42.93 normal
2018-12-20__12:06:05 0.06 0.09 0.03 5.66% 44.01 normal
2018-12-20__12:06:11 0.05 0.09 0.03 6.07% 43.47 normal
2018-12-20__12:06:16 0.05 0.08 0.03 1.90% 43.47 normal
2018-12-20__12:06:22 0.04 0.08 0.03 2.35% 43.47 normal
2018-12-20__12:06:28 0.04 0.08 0.03 3.27% 43.47 normal
2018-12-20__12:06:33 0.03 0.08 0.03 2.83% 43.47 normal
2018-12-20__12:06:39 0.03 0.08 0.03 3.72% 43.47 normal
2018-12-20__12:06:45 0.03 0.08 0.03 4.19% 44.01 normal
2018-12-20__12:06:50 0.03 0.07 0.03 3.72% 44.01 normal
2018-12-20__12:06:56 0.02 0.07 0.03 6.19% 43.47 normal
2018-12-20__12:07:01 0.02 0.07 0.03 2.84% 44.01 normal
2018-12-20__12:07:07 0.02 0.07 0.03 1.90% 44.01 normal
2018-12-20__12:07:13 0.02 0.07 0.02 4.78% 43.47 normal
2018-12-20__12:07:18 0.02 0.07 0.02 3.32% 43.47 normal
2018-12-20__12:07:24 0.01 0.06 0.02 4.27% 44.55 normal
2018-12-20__12:07:30 0.01 0.06 0.02 7.44% 44.55 normal
2018-12-20__12:07:35 0.01 0.06 0.02 2.37% 44.01 normal
2018-12-20__12:07:41 0.01 0.06 0.02 3.40% 43.47 normal
2018-12-20__12:07:47 0.01 0.06 0.02 1.90% 43.47 normal
2018-12-20__12:07:52 0.09 0.07 0.03 1.90% 44.01 normal
2018-12-20__12:07:58 0.07 0.07 0.03 5.26% 44.01 normal
2018-12-20__12:08:03 0.07 0.07 0.03 7.14% 44.01 normal
2018-12-20__12:08:09 0.06 0.07 0.03 3.72% 43.47 normal
2018-12-20__12:08:15 0.06 0.07 0.02 5.71% 43.47 normal
2018-12-20__12:08:20 0.05 0.07 0.02 2.37% 43.47 normal
2018-12-20__12:08:26 0.05 0.06 0.02 1.91% 43.47 normal
2018-12-20__12:08:32 0.04 0.06 0.02 7.08% 44.01 normal
2018-12-20__12:08:37 0.04 0.06 0.02 5.26% 44.01 normal
2018-12-20__12:08:43 0.11 0.08 0.03 1.43% 44.01 normal
2018-12-20__12:08:48 0.10 0.07 0.03 4.67% 44.01 normal
2018-12-20__12:08:54 0.09 0.07 0.03 2.82% 43.47 normal
2018-12-20__12:09:00 0.08 0.07 0.03 6.13% 44.01 normal
2018-12-20__12:09:05 0.08 0.07 0.03 3.74% 43.47 normal
2018-12-20__12:09:11 0.07 0.07 0.03 8.29% 44.01 normal
2018-12-20__12:09:17 0.06 0.07 0.02 3.74% 43.47 normal
2018-12-20__12:09:22 0.06 0.06 0.02 3.29% 43.47 normal
2018-12-20__12:09:28 0.05 0.06 0.02 7.91% 43.47 normal
2018-12-20__12:09:33 0.04 0.06 0.02 4.31% 44.55 normal
2018-12-20__12:09:39 0.04 0.06 0.02 3.29% 43.47 normal
2018-12-20__12:09:45 0.04 0.06 0.02 0.97% 44.01 normal
2018-12-20__12:09:50 0.03 0.06 0.02 4.76% 44.01 normal
2018-12-20__12:09:56 0.03 0.06 0.02 3.26% 44.01 normal
2018-12-20__12:10:02 0.03 0.05 0.02 6.19% 43.47 normal
2018-12-20__12:10:07 0.03 0.05 0.02 5.26% 43.47 normal
2018-12-20__12:10:13 0.02 0.05 0.02 6.02% 44.01 normal
2018-12-20__12:10:18 0.02 0.05 0.02 3.74% 44.01 normal
2018-12-20__12:10:24 0.02 0.05 0.02 8.02% 43.47 normal
2018-12-20__12:10:30 0.02 0.05 0.02 4.25% 43.47 normal
2018-12-20__12:10:35 0.01 0.05 0.02 1.42% 44.01 normal
2018-12-20__12:10:41 0.01 0.05 0.02 6.13% 44.01 normal
2018-12-20__12:10:47 0.01 0.05 0.02 5.21% 43.47 normal
2018-12-20__12:10:52 0.01 0.04 0.02 0.48% 43.47 normal
2018-12-20__12:10:58 0.09 0.06 0.02 1.43% 44.01 normal
2018-12-20__12:11:03 0.08 0.06 0.02 3.86% 43.47 normal
2018-12-20__12:11:09 0.07 0.06 0.02 2.36% 44.01 normal
2018-12-20__12:11:15 0.07 0.06 0.02 3.74% 44.55 normal
2018-12-20__12:11:20 0.06 0.06 0.02 0.95% 44.01 normal
2018-12-20__12:11:26 0.06 0.05 0.02 8.29% 43.47 normal
2018-12-20__12:11:32 0.05 0.05 0.02 0.48% 44.01 normal
2018-12-20__12:11:37 0.05 0.05 0.02 4.35% 44.01 normal
2018-12-20__12:11:43 0.04 0.05 0.02 4.78% 44.01 normal
2018-12-20__12:11:49 0.04 0.05 0.02 2.37% 44.01 normal
2018-12-20__12:11:54 0.03 0.05 0.02 2.36% 43.47 normal
2018-12-20__12:12:00 0.03 0.05 0.01 6.60% 43.47 normal
2018-12-20__12:12:05 0.03 0.05 0.01 4.83% 44.01 normal
2018-12-20__12:12:11 0.03 0.05 0.01 2.36% 44.01 normal
2018-12-20__12:12:17 0.02 0.04 0.01 3.77% 44.01 normal
2018-12-20__12:12:22 0.02 0.04 0.01 6.19% 44.01 normal
2018-12-20__12:12:28 0.09 0.06 0.02 5.69% 44.01 normal
2018-12-20__12:12:34 0.08 0.06 0.02 2.83% 44.55 normal
2018-12-20__12:12:39 0.24 0.09 0.03 4.19% 44.01 normal
2018-12-20__12:12:45 0.22 0.09 0.03 5.74% 44.01 normal
2018-12-20__12:12:50 0.20 0.09 0.03 1.90% 44.01 normal
2018-12-20__12:12:56 0.18 0.08 0.03 0.48% 44.01 normal
2018-12-20__12:13:02 0.17 0.08 0.03 4.25% 44.01 normal
2018-12-20__12:13:07 0.16 0.08 0.03 7.94% 44.01 normal
2018-12-20__12:13:13 0.13 0.08 0.02 2.83% 44.01 normal
2018-12-20__12:13:19 0.12 0.08 0.02 2.37% 44.01 normal
2018-12-20__12:13:24 0.11 0.08 0.02 8.45% 44.01 normal
2018-12-20__12:13:30 0.10 0.07 0.02 0.00% 44.55 normal
2018-12-20__12:13:35 0.09 0.07 0.02 2.37% 44.01 normal
2018-12-20__12:13:41 0.09 0.07 0.02 0.95% 44.01 normal
2018-12-20__12:13:47 0.08 0.07 0.02 8.41% 44.01 normal
2018-12-20__12:13:52 0.07 0.07 0.02 5.16% 44.01 normal
2018-12-20__12:13:58 0.06 0.07 0.02 1.90% 44.01 normal
2018-12-20__12:14:04 0.06 0.06 0.02 3.76% 44.01 normal
2018-12-20__12:14:09 0.05 0.06 0.02 4.65% 44.01 normal
2018-12-20__12:14:15 0.05 0.06 0.02 2.83% 44.01 normal
2018-12-20__12:14:21 0.04 0.06 0.02 3.30% 43.47 normal
2018-12-20__12:14:26 0.04 0.06 0.02 3.27% 44.01 normal
2018-12-20__12:14:32 0.12 0.07 0.02 2.83% 44.55 normal
2018-12-20__12:14:37 0.11 0.07 0.02 1.91% 44.01 normal
2018-12-20__12:14:43 0.09 0.07 0.02 5.26% 43.47 normal
2018-12-20__12:14:49 0.08 0.07 0.02 3.88% 44.01 normal
2018-12-20__12:14:54 0.08 0.07 0.02 6.19% 44.01 normal
2018-12-20__12:15:00 0.07 0.07 0.02 10.48% 44.01 normal
2018-12-20__12:15:06 0.06 0.06 0.02 8.33% 44.01 normal
2018-12-20__12:15:11 0.06 0.06 0.02 4.19% 43.47 normal
2018-12-20__12:15:17 0.05 0.06 0.02 3.35% 43.47 normal
2018-12-20__12:15:22 0.05 0.06 0.02 1.42% 44.01 normal
2018-12-20__12:15:28 0.04 0.06 0.02 6.60% 43.47 normal
2018-12-20__12:15:34 0.04 0.06 0.02 4.23% 44.55 normal
2018-12-20__12:15:39 0.03 0.06 0.02 3.32% 44.55 normal
2018-12-20__12:15:45 0.03 0.05 0.02 0.96% 44.01 normal
2018-12-20__12:15:51 0.03 0.05 0.02 0.96% 44.01 normal
2018-12-20__12:15:56 0.03 0.05 0.01 0.96% 43.47 normal
2018-12-20__12:16:02 0.02 0.05 0.01 2.37% 44.01 normal
2018-12-20__12:16:07 0.02 0.05 0.01 1.43% 43.47 normal
2018-12-20__12:16:13 0.02 0.05 0.01 6.10% 44.01 normal
2018-12-20__12:16:19 0.31 0.11 0.03 2.83% 44.01 normal
2018-12-20__12:16:24 0.45 0.15 0.04 3.30% 44.01 normal
2018-12-20__12:16:30 0.41 0.14 0.04 0.97% 44.55 normal
2018-12-20__12:16:36 0.38 0.14 0.04 3.35% 44.01 normal
2018-12-20__12:16:41 0.35 0.14 0.04 2.38% 44.01 normal
2018-12-20__12:16:47 0.40 0.15 0.05 3.27% 44.55 normal
2018-12-20__12:16:52 0.37 0.15 0.05 2.84% 44.01 normal
2018-12-20__12:16:58 0.34 0.15 0.05 7.44% 44.01 normal
2018-12-20__12:17:04 0.29 0.14 0.05 1.42% 44.01 normal
2018-12-20__12:17:09 0.26 0.14 0.05 2.82% 44.01 normal
2018-12-20__12:17:15 0.24 0.14 0.05 6.16% 44.01 normal
2018-12-20__12:17:21 0.22 0.13 0.05 14.62% 44.55 normal
2018-12-20__12:17:26 0.20 0.13 0.04 0.48% 44.55 normal
2018-12-20__12:17:32 0.19 0.13 0.04 2.37% 43.47 normal
2018-12-20__12:17:38 0.17 0.13 0.04 7.01% 43.47 normal
2018-12-20__12:17:43 0.16 0.12 0.04 2.84% 44.01 normal
2018-12-20__12:17:49 0.13 0.12 0.04 1.90% 44.01 normal
2018-12-20__12:17:54 0.12 0.12 0.04 5.24% 44.01 normal
2018-12-20__12:18:00 0.11 0.12 0.04 7.91% 44.01 normal
2018-12-20__12:18:06 0.10 0.11 0.04 4.17% 44.01 normal
2018-12-20__12:18:11 0.09 0.11 0.04 3.27% 44.01 normal
2018-12-20__12:18:17 0.09 0.11 0.04 5.26% 44.01 normal
2018-12-20__12:18:23 0.08 0.11 0.04 6.60% 43.47 normal
2018-12-20__12:18:28 0.07 0.11 0.04 2.82% 44.01 normal
2018-12-20__12:18:34 0.06 0.10 0.04 4.33% 44.01 normal
2018-12-20__12:18:39 0.06 0.10 0.04 5.26% 44.01 normal
2018-12-20__12:18:45 0.05 0.10 0.04 6.48% 44.55 normal
2018-12-20__12:18:51 0.05 0.10 0.04 4.65% 44.01 normal
2018-12-20__12:18:56 0.04 0.09 0.04 7.51% 44.01 normal
2018-12-20__12:19:02 0.04 0.09 0.04 6.19% 43.47 normal
2018-12-20__12:19:08 0.44 0.17 0.06 6.85% 44.01 normal
2018-12-20__12:19:13 0.40 0.17 0.06 4.21% 43.47 normal
2018-12-20__12:19:19 0.34 0.16 0.06 7.51% 44.01 normal
2018-12-20__12:19:25 0.31 0.16 0.06 2.38% 44.01 normal
2018-12-20__12:19:30 0.29 0.16 0.06 -0.49% 45.08 normal
2018-12-20__12:19:36 0.26 0.16 0.06 3.72% 44.01 normal
2018-12-20__12:19:41 0.24 0.15 0.06 1.96% 44.01 normal
2018-12-20__12:19:47 0.22 0.15 0.06 7.87% 44.01 normal
2018-12-20__12:19:53 0.20 0.15 0.06 2.35% 43.47 normal
2018-12-20__12:19:58 0.19 0.14 0.06 0.96% 44.01 normal
2018-12-20__12:20:04 0.16 0.14 0.06 4.31% 44.01 normal
2018-12-20__12:20:09 0.15 0.14 0.06 2.35% 44.01 normal
2018-12-20__12:20:15 0.21 0.15 0.06 5.12% 44.01 normal
2018-12-20__12:20:21 0.20 0.15 0.06 4.17% 44.01 normal
2018-12-20__12:20:26 0.18 0.15 0.06 6.60% 43.47 normal
2018-12-20__12:20:32 0.17 0.14 0.06 1.90% 44.01 normal
2018-12-20__12:20:38 0.15 0.14 0.06 3.79% 44.01 normal
2018-12-20__12:20:43 0.14 0.14 0.06 8.76% 44.01 normal
2018-12-20__12:20:49 0.12 0.13 0.06 1.90% 44.01 normal
2018-12-20__12:20:55 0.11 0.13 0.06 3.72% 43.47 normal
2018-12-20__12:21:00 0.10 0.13 0.06 6.73% 43.47 normal
2018-12-20__12:21:06 0.09 0.13 0.06 5.71% 44.55 normal
2018-12-20__12:21:11 0.08 0.12 0.06 2.38% 44.01 normal
2018-12-20__12:21:17 0.08 0.12 0.06 1.44% 44.01 normal
2018-12-20__12:21:23 0.07 0.12 0.06 4.83% 44.01 normal
2018-12-20__12:21:28 0.06 0.12 0.05 5.74% 44.01 normal
2018-12-20__12:21:34 0.05 0.11 0.05 1.44% 44.01 normal
2018-12-20__12:21:40 0.05 0.11 0.05 3.29% 44.01 normal
2018-12-20__12:21:45 0.05 0.11 0.05 7.48% 44.01 normal
2018-12-20__12:21:51 0.04 0.11 0.05 3.72% 44.01 normal
2018-12-20__12:21:56 0.04 0.10 0.05 2.83% 43.47 normal
2018-12-20__12:22:02 0.04 0.10 0.05 0.00% 44.01 normal
2018-12-20__12:22:08 0.03 0.10 0.05 7.94% 44.01 normal
2018-12-20__12:22:13 0.03 0.10 0.05 3.30% 44.01 normal
2018-12-20__12:22:19 0.02 0.10 0.05 1.89% 44.01 normal
2018-12-20__12:22:25 0.02 0.09 0.05 3.29% 44.01 normal
2018-12-20__12:22:30 0.02 0.09 0.05 20.57% 45.08 normal
2018-12-20__12:22:36 0.02 0.09 0.05 2.83% 44.01 normal
2018-12-20__12:22:41 0.02 0.09 0.05 2.38% 44.01 normal
2018-12-20__12:22:47 0.02 0.09 0.05 4.69% 44.01 normal
2018-12-20__12:22:53 0.01 0.08 0.05 6.19% 44.01 normal
2018-12-20__12:22:58 0.01 0.08 0.05 2.36% 44.01 normal
2018-12-20__12:23:04 0.01 0.08 0.05 1.91% 44.55 normal
2018-12-20__12:23:10 0.30 0.14 0.07 2.36% 43.47 normal
2018-12-20__12:23:15 0.28 0.14 0.07 6.13% 44.01 normal
2018-12-20__12:23:21 0.26 0.14 0.07 1.43% 44.01 normal
2018-12-20__12:23:27 0.24 0.14 0.06 4.72% 44.01 normal
2018-12-20__12:23:32 0.22 0.13 0.06 2.37% 44.01 normal
2018-12-20__12:23:38 0.20 0.13 0.06 4.27% 44.01 normal
2018-12-20__12:23:43 0.18 0.13 0.06 2.37% 44.01 normal
2018-12-20__12:23:49 0.33 0.16 0.07 5.69% 44.01 normal
2018-12-20__12:23:55 0.28 0.16 0.07 7.04% 44.01 normal
2018-12-20__12:24:00 0.26 0.15 0.07 2.37% 44.01 normal
2018-12-20__12:24:06 0.23 0.15 0.07 0.48% 44.01 normal
2018-12-20__12:24:12 0.22 0.15 0.07 2.83% 43.47 normal
2018-12-20__12:24:17 0.28 0.16 0.08 4.69% 43.47 normal
2018-12-20__12:24:23 0.26 0.16 0.08 1.42% 44.01 normal
2018-12-20__12:24:28 0.24 0.16 0.08 4.67% 44.01 normal
2018-12-20__12:24:34 0.22 0.15 0.08 6.10% 44.55 normal
2018-12-20__12:24:40 0.33 0.18 0.09 2.82% 43.47 normal
2018-12-20__12:24:45 0.30 0.18 0.09 4.65% 44.01 normal
2018-12-20__12:24:51 0.28 0.17 0.08 5.12% 44.01 normal
2018-12-20__12:24:57 0.26 0.17 0.08 10.85% 44.55 normal
2018-12-20__12:25:02 0.24 0.17 0.08 3.72% 44.01 normal
2018-12-20__12:25:08 0.22 0.16 0.08 7.08% 44.01 normal
2018-12-20__12:25:14 0.20 0.16 0.08 0.95% 43.47 normal
2018-12-20__12:25:19 0.18 0.16 0.08 1.90% 44.01 normal
2018-12-20__12:25:25 0.15 0.15 0.08 8.76% 44.01 normal
2018-12-20__12:25:30 0.14 0.15 0.08 15.24% 44.01 normal
2018-12-20__12:25:36 0.13 0.15 0.08 2.84% 44.01 normal
2018-12-20__12:25:42 0.12 0.14 0.08 6.13% 44.01 normal
2018-12-20__12:25:47 0.11 0.14 0.08 1.90% 44.01 normal
2018-12-20__12:25:53 0.10 0.14 0.08 7.01% 43.47 normal
2018-12-20__12:25:59 0.09 0.14 0.08 3.29% 44.01 normal
2018-12-20__12:26:04 0.08 0.13 0.08 3.72% 43.47 normal
2018-12-20__12:26:10 0.07 0.13 0.08 6.60% 44.01 normal
2018-12-20__12:26:15 0.07 0.13 0.08 4.78% 44.01 normal
2018-12-20__12:26:21 0.06 0.12 0.08 1.90% 43.47 normal
2018-12-20__12:26:27 0.06 0.12 0.08 5.69% 44.01 normal
2018-12-20__12:26:32 0.05 0.12 0.08 2.37% 44.01 normal
2018-12-20__12:26:38 0.05 0.12 0.07 2.37% 44.01 normal
2018-12-20__12:26:44 0.04 0.12 0.07 6.54% 45.08 normal
2018-12-20__12:26:49 0.04 0.11 0.07 3.29% 44.01 normal
2018-12-20__12:26:55 0.03 0.11 0.07 7.51% 44.01 normal
2018-12-20__12:27:00 0.03 0.11 0.07 1.88% 44.01 normal
2018-12-20__12:27:06 0.11 0.12 0.08 6.70% 44.01 normal
2018-12-20__12:27:12 0.10 0.12 0.08 4.59% 44.01 normal
2018-12-20__12:27:17 0.09 0.12 0.08 12.50% 44.55 normal
2018-12-20__12:27:23 0.08 0.12 0.08 9.22% 44.01 normal
2018-12-20__12:27:29 0.08 0.11 0.08 3.26% 44.01 normal
2018-12-20__12:27:34 0.07 0.11 0.08 3.29% 44.01 normal
2018-12-20__12:27:40 0.06 0.11 0.07 6.60% 44.01 normal
2018-12-20__12:27:45 0.05 0.11 0.07 1.90% 43.47 normal
2018-12-20__12:27:51 0.05 0.10 0.07 0.96% 44.01 normal
2018-12-20__12:27:57 0.04 0.10 0.07 3.74% 44.01 normal
2018-12-20__12:28:02 0.04 0.10 0.07 1.43% 44.01 normal
2018-12-20__12:28:08 0.04 0.10 0.07 4.19% 44.01 normal
2018-12-20__12:28:14 0.03 0.10 0.07 7.04% 44.55 normal
2018-12-20__12:28:19 0.03 0.09 0.07 3.76% 44.01 normal
2018-12-20__12:28:25 0.03 0.09 0.07 7.91% 43.47 normal
2018-12-20__12:28:30 0.02 0.09 0.07 15.49% 45.08 normal
2018-12-20__12:28:36 0.02 0.09 0.07 2.86% 44.01 normal
2018-12-20__12:28:42 0.02 0.08 0.07 3.76% 43.47 normal
2018-12-20__12:28:47 0.02 0.08 0.07 1.43% 44.01 normal
2018-12-20__12:28:53 0.02 0.08 0.07 3.74% 44.01 normal
2018-12-20__12:28:59 0.01 0.08 0.07 3.30% 44.01 normal
2018-12-20__12:29:04 0.17 0.11 0.08 4.78% 44.01 normal
2018-12-20__12:29:10 0.15 0.11 0.08 3.40% 44.01 normal
2018-12-20__12:29:16 0.13 0.11 0.08 4.23% 44.01 normal
2018-12-20__12:29:21 0.12 0.10 0.08 6.67% 44.01 normal
2018-12-20__12:29:27 0.11 0.10 0.08 1.45% 45.08 normal
2018-12-20__12:29:32 0.10 0.10 0.07 2.86% 44.55 normal
2018-12-20__12:29:38 0.10 0.10 0.07 1.95% 44.55 normal
2018-12-20__12:29:44 0.09 0.10 0.07 8.76% 44.55 normal
2018-12-20__12:29:49 0.08 0.10 0.07 4.17% 44.01 normal
2018-12-20__12:29:55 0.07 0.09 0.07 3.29% 43.47 normal
2018-12-20__12:30:01 0.06 0.09 0.07 6.28% 45.08 normal
2018-12-20__12:30:06 0.06 0.09 0.07 2.82% 44.01 normal
2018-12-20__12:30:12 0.05 0.09 0.07 12.32% 44.55 normal
2018-12-20__12:30:17 0.05 0.08 0.07 5.24% 44.01 normal
2018-12-20__12:30:23 0.04 0.08 0.07 5.16% 44.01 normal
2018-12-20__12:30:29 0.04 0.08 0.07 2.82% 44.01 normal
2018-12-20__12:30:34 0.04 0.08 0.07 5.71% 44.55 normal
2018-12-20__12:30:40 0.03 0.08 0.07 4.74% 44.01 normal
2018-12-20__12:30:46 0.03 0.08 0.07 6.98% 43.47 normal
2018-12-20__12:30:51 0.02 0.07 0.07 2.37% 44.01 normal
2018-12-20__12:30:57 0.02 0.07 0.07 6.16% 44.01 normal
2018-12-20__12:31:02 0.02 0.07 0.07 2.35% 44.01 normal
2018-12-20__12:31:08 0.02 0.07 0.07 3.72% 44.01 normal
2018-12-20__12:31:14 0.02 0.07 0.06 2.82% 44.01 normal
2018-12-20__12:31:19 0.02 0.07 0.06 6.13% 44.01 normal
2018-12-20__12:31:25 0.25 0.12 0.08 2.82% 43.47 normal
2018-12-20__12:31:31 0.21 0.11 0.08 3.26% 44.01 normal
2018-12-20__12:31:36 0.20 0.11 0.08 4.33% 44.01 normal
2018-12-20__12:31:42 0.18 0.11 0.08 2.37% 44.01 normal
2018-12-20__12:31:48 0.41 0.16 0.09 2.84% 44.01 normal
2018-12-20__12:31:53 0.37 0.15 0.09 3.29% 44.01 normal
2018-12-20__12:31:59 0.34 0.15 0.09 2.88% 44.01 normal
2018-12-20__12:32:04 0.40 0.16 0.10 0.95% 44.01 normal
2018-12-20__12:32:10 0.36 0.16 0.10 1.44% 44.55 normal
2018-12-20__12:32:16 0.38 0.17 0.10 3.79% 44.01 normal
2018-12-20__12:32:21 0.35 0.17 0.10 2.82% 43.47 normal
2018-12-20__12:32:27 0.32 0.17 0.10 4.65% 44.01 normal
2018-12-20__12:32:32 0.30 0.16 0.10 4.33% 44.55 normal
2018-12-20__12:32:38 0.27 0.16 0.10 3.27% 44.01 normal
2018-12-20__12:32:44 0.25 0.16 0.10 6.48% 45.08 normal
2018-12-20__12:32:49 0.23 0.16 0.09 9.59% 44.01 normal
2018-12-20__12:32:55 0.21 0.15 0.09 2.35% 44.01 normal
2018-12-20__12:33:01 0.18 0.15 0.09 0.48% 44.01 normal
2018-12-20__12:33:06 0.16 0.14 0.09 1.91% 44.01 normal
2018-12-20__12:33:12 0.15 0.14 0.09 1.92% 44.01 normal
2018-12-20__12:33:17 0.14 0.14 0.09 3.77% 44.01 normal
2018-12-20__12:33:23 0.13 0.14 0.09 6.54% 43.47 normal
2018-12-20__12:33:29 0.20 0.15 0.09 2.83% 44.01 normal
2018-12-20__12:33:34 0.18 0.15 0.09 4.21% 43.47 normal
2018-12-20__12:33:40 0.17 0.15 0.09 7.08% 43.47 normal
2018-12-20__12:33:46 0.14 0.14 0.09 1.90% 44.01 normal
2018-12-20__12:33:51 0.13 0.14 0.09 5.58% 44.01 normal
2018-12-20__12:33:57 0.12 0.14 0.09 4.78% 44.01 normal
2018-12-20__12:34:03 0.11 0.13 0.09 1.89% 44.01 normal
2018-12-20__12:34:08 0.10 0.13 0.09 6.02% 44.01 normal
2018-12-20__12:34:14 0.09 0.13 0.09 5.77% 44.01 normal
2018-12-20__12:34:19 0.08 0.13 0.09 -0.49% 44.01 normal
2018-12-20__12:34:25 0.08 0.12 0.09 12.84% 44.01 normal
2018-12-20__12:34:31 0.21 0.15 0.10 2.83% 44.01 normal
2018-12-20__12:34:36 0.20 0.15 0.10 6.51% 44.01 normal
2018-12-20__12:34:42 0.18 0.15 0.10 2.37% 43.47 normal
2018-12-20__12:34:48 0.16 0.14 0.09 6.10% 43.47 normal
2018-12-20__12:34:53 0.15 0.14 0.09 3.27% 44.01 normal
2018-12-20__12:34:59 0.14 0.14 0.09 5.24% 44.01 normal
2018-12-20__12:35:05 0.13 0.14 0.09 2.37% 44.01 normal
2018-12-20__12:35:10 0.12 0.13 0.09 3.79% 44.01 normal
2018-12-20__12:35:16 0.10 0.13 0.09 5.69% 44.01 normal
2018-12-20__12:35:21 0.09 0.13 0.09 3.72% 43.47 normal
2018-12-20__12:35:27 0.08 0.12 0.09 4.65% 44.01 normal
2018-12-20__12:35:33 0.08 0.12 0.09 7.04% 44.55 normal
2018-12-20__12:35:38 0.07 0.12 0.09 4.21% 44.01 normal
2018-12-20__12:35:44 0.06 0.12 0.09 5.71% 44.01 normal
2018-12-20__12:35:50 0.06 0.11 0.09 2.82% 44.01 normal
2018-12-20__12:35:55 0.05 0.11 0.09 8.26% 44.01 normal
2018-12-20__12:36:01 0.19 0.14 0.10 3.74% 44.01 normal
2018-12-20__12:36:06 0.18 0.14 0.09 6.13% 44.01 normal
2018-12-20__12:36:12 0.16 0.14 0.09 4.76% 44.01 normal
2018-12-20__12:36:18 0.15 0.13 0.09 7.94% 44.01 normal
2018-12-20__12:36:23 0.14 0.13 0.09 0.95% 44.01 normal
2018-12-20__12:36:29 0.13 0.13 0.09 5.69% 44.01 normal
2018-12-20__12:36:35 0.12 0.13 0.09 3.29% 44.01 normal
2018-12-20__12:36:40 0.11 0.12 0.09 4.74% 45.08 normal
2018-12-20__12:36:46 0.25 0.15 0.10 1.43% 44.01 normal
2018-12-20__12:36:52 0.23 0.15 0.10 9.26% 44.01 normal
2018-12-20__12:36:57 0.21 0.15 0.10 3.72% 44.01 normal
2018-12-20__12:37:03 0.19 0.14 0.10 2.80% 44.55 normal
2018-12-20__12:37:08 0.18 0.14 0.10 2.35% 44.01 normal
2018-12-20__12:37:14 0.16 0.14 0.10 10.85% 45.08 normal
2018-12-20__12:37:20 0.15 0.14 0.09 1.44% 44.01 normal
2018-12-20__12:37:25 0.14 0.14 0.09 1.44% 44.01 normal
2018-12-20__12:37:31 0.12 0.13 0.09 4.65% 44.55 normal
2018-12-20__12:37:37 0.11 0.13 0.09 3.27% 44.01 normal
2018-12-20__12:37:42 0.10 0.13 0.09 2.80% 44.01 normal
2018-12-20__12:37:48 0.09 0.12 0.09 1.44% 44.01 normal
2018-12-20__12:37:53 0.08 0.12 0.09 7.08% 44.01 normal
2018-12-20__12:37:59 0.08 0.12 0.09 6.57% 44.01 normal
2018-12-20__12:38:05 0.07 0.12 0.09 4.19% 44.01 normal
2018-12-20__12:38:10 0.06 0.11 0.09 2.37% 44.01 normal
2018-12-20__12:38:16 0.05 0.11 0.09 3.27% 44.01 normal
2018-12-20__12:38:22 0.05 0.11 0.09 8.33% 44.01 normal
2018-12-20__12:38:27 0.04 0.11 0.09 4.81% 44.01 normal
2018-12-20__12:38:33 0.04 0.10 0.08 2.39% 44.01 normal
2018-12-20__12:38:39 0.04 0.10 0.08 4.81% 44.55 normal
2018-12-20__12:38:44 0.03 0.10 0.08 4.19% 44.01 normal
2018-12-20__12:38:50 0.03 0.10 0.08 5.71% 44.01 normal
2018-12-20__12:38:55 0.03 0.10 0.08 2.80% 44.01 normal
2018-12-20__12:39:01 0.02 0.09 0.08 6.54% 44.01 normal
2018-12-20__12:39:07 0.02 0.09 0.08 8.10% 43.47 normal
2018-12-20__12:39:12 0.02 0.09 0.08 8.80% 44.01 normal
2018-12-20__12:39:18 0.10 0.10 0.09 7.76% 44.55 normal
2018-12-20__12:39:24 0.09 0.10 0.09 5.19% 44.55 normal
2018-12-20__12:39:29 0.24 0.13 0.10 1.90% 44.01 normal
2018-12-20__12:39:35 0.22 0.13 0.10 0.49% 44.01 normal
2018-12-20__12:39:40 0.21 0.13 0.09 3.32% 45.08 normal
2018-12-20__12:39:46 0.17 0.12 0.09 5.69% 43.47 normal
2018-12-20__12:39:52 0.16 0.12 0.09 1.90% 44.01 normal
2018-12-20__12:39:57 0.15 0.12 0.09 0.95% 44.55 normal
2018-12-20__12:40:03 0.29 0.15 0.10 3.79% 44.01 normal
2018-12-20__12:40:09 0.27 0.15 0.10 6.05% 45.08 normal
2018-12-20__12:40:14 0.25 0.14 0.10 1.42% 44.01 normal
2018-12-20__12:40:20 0.23 0.14 0.10 3.38% 44.01 normal
2018-12-20__12:40:25 0.21 0.14 0.10 7.48% 44.55 normal
2018-12-20__12:40:31 0.18 0.13 0.10 1.89% 44.55 normal
2018-12-20__12:40:37 0.16 0.13 0.09 5.09% 44.55 normal
2018-12-20__12:40:42 0.31 0.16 0.10 1.90% 44.55 normal
2018-12-20__12:40:48 0.29 0.16 0.10 4.25% 44.01 normal
2018-12-20__12:40:54 0.26 0.16 0.10 2.38% 44.01 normal
2018-12-20__12:40:59 0.24 0.15 0.10 6.16% 43.47 normal
2018-12-20__12:41:05 0.22 0.15 0.10 7.94% 44.01 normal
2018-12-20__12:41:11 0.20 0.15 0.10 0.95% 44.01 normal
2018-12-20__12:41:16 0.27 0.16 0.10 2.82% 44.01 normal
2018-12-20__12:41:22 0.23 0.16 0.10 3.29% 44.55 normal
2018-12-20__12:41:27 0.21 0.15 0.10 3.70% 44.01 normal
2018-12-20__12:41:33 0.19 0.15 0.10 1.91% 45.08 normal
2018-12-20__12:41:39 0.17 0.15 0.10 6.60% 44.01 normal
2018-12-20__12:41:44 0.16 0.15 0.10 1.89% 44.55 normal
2018-12-20__12:41:50 0.15 0.14 0.10 4.19% 44.01 normal
2018-12-20__12:41:56 0.14 0.14 0.10 3.83% 44.55 normal
2018-12-20__12:42:01 0.12 0.14 0.10 3.29% 45.08 normal
2018-12-20__12:42:07 0.33 0.18 0.11 8.29% 44.01 normal
2018-12-20__12:42:12 0.30 0.18 0.11 6.98% 44.55 normal
2018-12-20__12:42:18 0.27 0.18 0.11 2.37% 44.01 normal
2018-12-20__12:42:24 0.25 0.17 0.11 2.82% 44.01 normal
2018-12-20__12:42:29 0.23 0.17 0.11 2.36% 43.47 normal
2018-12-20__12:42:35 0.21 0.17 0.11 7.58% 44.55 normal
2018-12-20__12:42:41 0.20 0.16 0.10 5.26% 44.01 normal
2018-12-20__12:42:46 0.18 0.16 0.10 1.42% 44.01 normal
2018-12-20__12:42:52 0.15 0.16 0.10 3.72% 44.01 normal
2018-12-20__12:42:57 0.14 0.15 0.10 3.85% 44.01 normal
2018-12-20__12:43:03 0.13 0.15 0.10 3.30% 44.01 normal
2018-12-20__12:43:09 0.12 0.15 0.10 2.84% 44.55 normal
2018-12-20__12:43:14 0.11 0.14 0.10 3.72% 44.01 normal
2018-12-20__12:43:20 0.18 0.16 0.10 5.58% 45.08 normal
2018-12-20__12:43:26 0.16 0.16 0.10 1.90% 44.01 normal
2018-12-20__12:43:31 0.15 0.15 0.10 1.44% 44.01 normal
2018-12-20__12:43:37 0.13 0.15 0.10 1.94% 44.55 normal
2018-12-20__12:43:42 0.12 0.14 0.10 6.60% 44.55 normal
2018-12-20__12:43:48 0.11 0.14 0.10 3.27% 44.01 normal
2018-12-20__12:43:54 0.10 0.14 0.10 3.72% 44.01 normal
2018-12-20__12:43:59 0.09 0.14 0.10 0.48% 44.01 normal
2018-12-20__12:44:05 0.08 0.13 0.09 0.95% 44.01 normal
2018-12-20__12:44:11 0.08 0.13 0.09 4.13% 44.55 normal
2018-12-20__12:44:16 0.07 0.13 0.09 2.94% 44.01 normal
2018-12-20__12:44:22 0.06 0.12 0.09 1.90% 44.01 normal
2018-12-20__12:44:27 0.05 0.12 0.09 4.19% 44.01 normal
2018-12-20__12:44:33 0.13 0.14 0.10 6.16% 45.08 normal
2018-12-20__12:44:39 0.12 0.13 0.09 7.48% 44.01 normal
2018-12-20__12:44:44 0.11 0.13 0.09 6.57% 44.55 normal
2018-12-20__12:44:50 0.10 0.13 0.09 5.19% 43.47 normal
2018-12-20__12:44:56 0.09 0.13 0.09 2.37% 44.01 normal
2018-12-20__12:45:01 0.08 0.12 0.09 4.81% 45.08 normal
2018-12-20__12:45:07 0.07 0.12 0.09 4.17% 44.55 normal
2018-12-20__12:45:12 0.07 0.12 0.09 1.89% 44.01 normal
2018-12-20__12:45:18 0.06 0.12 0.09 3.26% 43.47 normal
2018-12-20__12:45:24 0.06 0.11 0.09 7.55% 44.01 normal
2018-12-20__12:45:29 0.05 0.11 0.09 3.38% 44.01 normal
2018-12-20__12:45:35 0.05 0.11 0.09 1.42% 44.01 normal
2018-12-20__12:45:41 0.04 0.11 0.09 4.59% 44.01 normal
2018-12-20__12:45:46 0.04 0.11 0.09 4.17% 44.55 normal
2018-12-20__12:45:52 0.03 0.10 0.08 2.43% 44.01 normal
2018-12-20__12:45:58 0.03 0.10 0.08 1.88% 44.55 normal
2018-12-20__12:46:03 0.03 0.10 0.08 2.36% 44.01 normal
2018-12-20__12:46:09 0.02 0.10 0.08 3.72% 44.01 normal
2018-12-20__12:46:14 0.02 0.09 0.08 6.98% 44.01 normal
2018-12-20__12:46:20 0.02 0.09 0.08 3.72% 44.01 normal
2018-12-20__12:46:26 0.02 0.09 0.08 2.82% 44.01 normal
2018-12-20__12:46:31 0.02 0.09 0.08 2.35% 44.01 normal
2018-12-20__12:46:37 0.01 0.08 0.08 5.24% 44.55 normal
2018-12-20__12:46:43 0.01 0.08 0.08 3.70% 44.01 normal
2018-12-20__12:46:48 0.01 0.08 0.08 5.63% 44.55 normal
2018-12-20__12:46:54 0.01 0.08 0.08 7.48% 44.01 normal
2018-12-20__12:46:59 0.01 0.08 0.08 6.19% 44.01 normal
2018-12-20__12:47:05 0.01 0.08 0.08 8.22% 44.01 normal
2018-12-20__12:47:11 0.01 0.08 0.08 14.35% 44.55 normal
2018-12-20__12:47:16 0.01 0.07 0.08 3.26% 45.08 normal
2018-12-20__12:47:22 0.00 0.07 0.08 4.19% 44.01 normal
2018-12-20__12:47:28 0.00 0.07 0.08 8.72% 44.55 normal
2018-12-20__12:47:33 0.00 0.07 0.08 27.10% 44.55 normal
2018-12-20__12:47:39 0.00 0.07 0.07 3.30% 44.55 normal
2018-12-20__12:47:44 0.00 0.07 0.07 3.72% 44.01 normal
2018-12-20__12:47:50 0.00 0.06 0.07 7.48% 44.01 normal
2018-12-20__12:47:56 0.00 0.06 0.07 0.96% 44.01 normal
2018-12-20__12:48:01 0.00 0.06 0.07 4.29% 44.55 normal
2018-12-20__12:48:07 0.00 0.06 0.07 5.77% 44.01 normal
2018-12-20__12:48:13 0.00 0.06 0.07 5.74% 44.01 normal
2018-12-20__12:48:18 0.00 0.06 0.07 1.44% 44.01 normal
2018-12-20__12:48:24 0.00 0.06 0.07 3.76% 44.55 normal
2018-12-20__12:48:30 0.00 0.05 0.07 3.72% 44.01 normal
2018-12-20__12:48:35 0.00 0.05 0.07 4.76% 44.55 normal
2018-12-20__12:48:41 0.00 0.05 0.07 7.48% 44.55 normal
2018-12-20__12:48:46 0.16 0.09 0.08 2.82% 44.55 normal
2018-12-20__12:48:52 0.15 0.08 0.08 4.35% 44.01 normal
2018-12-20__12:48:58 0.12 0.08 0.08 0.96% 44.01 normal
2018-12-20__12:49:03 0.11 0.08 0.08 1.92% 44.55 normal
2018-12-20__12:49:09 0.10 0.08 0.08 2.88% 44.55 normal
2018-12-20__12:49:15 0.10 0.08 0.08 5.24% 45.08 normal
2018-12-20__12:49:20 0.09 0.08 0.08 7.04% 44.55 normal
2018-12-20__12:49:26 0.08 0.07 0.08 0.48% 44.01 normal
2018-12-20__12:49:31 0.07 0.07 0.08 10.14% 45.08 normal
2018-12-20__12:49:37 0.07 0.07 0.07 7.44% 44.01 normal
2018-12-20__12:49:43 0.28 0.12 0.09 6.64% 44.01 normal
2018-12-20__12:49:48 0.26 0.12 0.09 6.60% 44.01 normal
2018-12-20__12:49:54 0.23 0.11 0.09 3.74% 44.01 normal
2018-12-20__12:50:00 0.22 0.11 0.09 1.45% 44.55 normal
2018-12-20__12:50:05 0.20 0.11 0.09 1.42% 43.47 normal
2018-12-20__12:50:11 0.18 0.11 0.09 3.86% 44.01 normal
2018-12-20__12:50:16 0.17 0.11 0.09 4.19% 43.47 normal
2018-12-20__12:50:22 0.15 0.10 0.09 3.79% 44.01 normal
2018-12-20__12:50:28 0.13 0.10 0.09 3.27% 44.01 normal
2018-12-20__12:50:33 0.12 0.10 0.09 22.12% 44.55 normal
2018-12-20__12:50:39 0.11 0.10 0.08 1.44% 44.55 normal
2018-12-20__12:50:45 0.10 0.09 0.08 6.64% 44.01 normal
2018-12-20__12:50:50 0.09 0.09 0.08 2.37% 44.55 normal
2018-12-20__12:50:56 0.08 0.09 0.08 5.24% 44.01 normal
2018-12-20__12:51:01 0.08 0.09 0.08 6.60% 44.01 normal
2018-12-20__12:51:07 0.07 0.09 0.08 0.48% 44.01 normal
2018-12-20__12:51:13 0.06 0.08 0.08 2.83% 44.01 normal
2018-12-20__12:51:18 0.14 0.10 0.09 4.33% 44.01 normal
2018-12-20__12:51:24 0.12 0.10 0.09 1.44% 44.01 normal
2018-12-20__12:51:30 0.19 0.11 0.09 3.32% 44.01 normal
2018-12-20__12:51:35 0.18 0.11 0.09 6.64% 44.01 normal
2018-12-20__12:51:41 0.16 0.11 0.09 7.04% 44.01 normal
2018-12-20__12:51:47 0.15 0.11 0.09 2.82% 44.01 normal
2018-12-20__12:51:52 0.14 0.10 0.09 4.33% 44.01 normal
2018-12-20__12:51:58 0.12 0.10 0.09 2.33% 44.01 normal
2018-12-20__12:52:03 0.11 0.10 0.09 5.29% 44.01 normal
2018-12-20__12:52:09 0.10 0.10 0.09 2.37% 43.47 normal
2018-12-20__12:52:15 0.09 0.09 0.09 2.37% 44.01 normal
2018-12-20__12:52:20 0.08 0.09 0.09 3.74% 44.55 normal
2018-12-20__12:52:26 0.08 0.09 0.09 3.27% 44.01 normal
2018-12-20__12:52:32 0.07 0.09 0.09 4.65% 44.01 normal
2018-12-20__12:52:37 0.06 0.09 0.08 5.21% 45.08 normal
2018-12-20__12:52:43 0.05 0.08 0.08 8.80% 44.01 normal
2018-12-20__12:52:48 0.05 0.08 0.08 1.90% 44.01 normal
2018-12-20__12:52:54 0.21 0.11 0.09 3.74% 44.01 normal
2018-12-20__12:53:00 0.19 0.11 0.09 3.76% 44.01 normal
2018-12-20__12:53:05 0.17 0.11 0.09 3.90% 44.01 normal
2018-12-20__12:53:11 0.16 0.11 0.09 3.74% 44.55 normal
2018-12-20__12:53:17 0.15 0.11 0.09 1.43% 44.55 normal
2018-12-20__12:53:22 0.13 0.10 0.09 4.37% 44.01 normal
2018-12-20__12:53:28 0.11 0.10 0.09 4.31% 44.01 normal
2018-12-20__12:53:34 0.10 0.10 0.09 3.27% 44.55 normal
2018-12-20__12:53:39 0.10 0.10 0.09 7.08% 44.55 normal
2018-12-20__12:53:45 0.09 0.10 0.09 10.19% 44.01 normal
2018-12-20__12:53:50 0.08 0.09 0.09 3.76% 44.01 normal
2018-12-20__12:53:56 0.07 0.09 0.09 7.51% 44.01 normal
2018-12-20__12:54:02 0.07 0.09 0.09 6.60% 43.47 normal
2018-12-20__12:54:07 0.06 0.09 0.09 5.12% 44.01 normal
2018-12-20__12:54:13 0.05 0.08 0.08 0.96% 44.55 normal
2018-12-20__12:54:19 0.05 0.08 0.08 4.21% 44.01 normal
2018-12-20__12:54:24 0.04 0.08 0.08 7.04% 44.01 normal
2018-12-20__12:54:30 0.04 0.08 0.08 3.32% 44.55 normal
2018-12-20__12:54:35 0.04 0.08 0.08 8.37% 44.01 normal
2018-12-20__12:54:41 0.03 0.08 0.08 7.87% 44.01 normal
2018-12-20__12:54:47 0.03 0.08 0.08 1.44% 44.01 normal
2018-12-20__12:54:52 0.03 0.07 0.08 5.96% 44.01 normal
2018-12-20__12:54:58 0.02 0.07 0.08 4.81% 45.08 normal
2018-12-20__12:55:04 0.02 0.07 0.08 3.74% 44.55 normal
2018-12-20__12:55:09 0.02 0.07 0.08 6.16% 45.08 normal
2018-12-20__12:55:15 0.02 0.07 0.08 3.27% 44.55 normal
2018-12-20__12:55:20 0.02 0.07 0.08 2.37% 44.01 normal
2018-12-20__12:55:26 0.01 0.06 0.08 2.80% 44.01 normal
2018-12-20__12:55:32 0.01 0.06 0.08 7.48% 44.01 normal
2018-12-20__12:55:37 0.01 0.06 0.08 2.36% 44.55 normal
2018-12-20__12:55:43 0.01 0.06 0.08 2.83% 44.01 normal
2018-12-20__12:55:49 0.01 0.06 0.08 6.10% 44.01 normal
2018-12-20__12:55:54 0.01 0.06 0.07 2.35% 44.01 normal
2018-12-20__12:56:00 0.01 0.06 0.07 2.37% 44.01 normal
2018-12-20__12:56:06 0.01 0.05 0.07 1.43% 44.01 normal
2018-12-20__12:56:11 0.00 0.05 0.07 2.82% 44.01 normal
2018-12-20__12:56:17 0.00 0.05 0.07 6.60% 44.01 normal
2018-12-20__12:56:22 0.00 0.05 0.07 2.80% 44.01 normal
2018-12-20__12:56:28 0.00 0.05 0.07 1.44% 44.01 normal
2018-12-20__12:56:34 0.00 0.05 0.07 7.51% 44.01 normal
2018-12-20__12:56:39 0.00 0.05 0.07 7.01% 44.01 normal
2018-12-20__12:56:45 0.00 0.05 0.07 7.04% 44.01 normal
2018-12-20__12:56:51 0.00 0.05 0.07 3.74% 44.01 normal
2018-12-20__12:56:56 0.00 0.04 0.07 6.19% 44.01 normal
2018-12-20__12:57:02 0.00 0.04 0.07 7.48% 44.01 normal
2018-12-20__12:57:07 0.08 0.06 0.07 10.38% 45.08 normal
2018-12-20__12:57:13 0.31 0.11 0.09 3.29% 44.01 normal
2018-12-20__12:57:19 0.27 0.10 0.09 6.64% 44.01 normal
2018-12-20__12:57:24 0.24 0.10 0.09 9.22% 44.01 normal
2018-12-20__12:57:30 0.22 0.10 0.09 3.27% 44.01 normal
2018-12-20__12:57:36 0.21 0.10 0.09 2.39% 44.01 normal
2018-12-20__12:57:41 0.19 0.10 0.09 7.01% 44.55 normal
2018-12-20__12:57:47 0.17 0.09 0.09 1.44% 44.55 normal
2018-12-20__12:57:52 0.16 0.09 0.09 3.76% 44.55 normal
2018-12-20__12:57:58 0.15 0.09 0.09 1.44% 44.01 normal
2018-12-20__12:58:04 0.42 0.15 0.11 7.04% 44.01 normal
2018-12-20__12:58:09 0.38 0.15 0.10 3.27% 44.01 normal
2018-12-20__12:58:15 0.35 0.15 0.10 3.77% 44.01 normal
2018-12-20__12:58:21 0.33 0.14 0.10 5.12% 44.55 normal
2018-12-20__12:58:26 0.30 0.14 0.10 3.88% 44.01 normal
2018-12-20__12:58:32 0.27 0.14 0.10 -0.48% 44.01 normal
2018-12-20__12:58:38 0.25 0.14 0.10 6.13% 44.01 normal
2018-12-20__12:58:43 0.23 0.13 0.10 4.25% 44.01 normal
2018-12-20__12:58:49 0.34 0.16 0.11 4.65% 44.01 normal
2018-12-20__12:58:54 0.48 0.19 0.12 2.82% 44.55 normal
2018-12-20__12:59:00 0.52 0.21 0.12 5.74% 44.55 normal
2018-12-20__12:59:06 0.48 0.20 0.12 6.70% 44.55 normal
2018-12-20__12:59:11 0.44 0.20 0.12 1.90% 44.01 normal
2018-12-20__12:59:17 0.40 0.20 0.12 2.83% 44.55 normal
2018-12-20__12:59:23 0.37 0.19 0.12 8.33% 44.01 normal
2018-12-20__12:59:28 0.34 0.19 0.12 12.44% 44.55 normal
2018-12-20__12:59:34 0.51 0.23 0.13 6.07% 44.01 normal
2018-12-20__12:59:39 0.47 0.23 0.13 2.83% 43.47 normal
2018-12-20__12:59:45 0.43 0.22 0.13 6.16% 44.01 normal
2018-12-20__12:59:51 0.40 0.22 0.13 3.76% 44.01 normal
2018-12-20__12:59:56 0.36 0.22 0.13 3.26% 44.01 normal
2018-12-20__13:00:02 0.33 0.21 0.13 -0.48% 45.08 normal
2018-12-20__13:00:08 0.31 0.21 0.13 5.71% 44.01 normal
2018-12-20__13:00:13 0.28 0.20 0.13 5.07% 44.01 normal
2018-12-20__13:00:19 0.24 0.20 0.12 7.87% 45.08 normal
2018-12-20__13:00:25 0.22 0.19 0.12 0.96% 44.01 normal
2018-12-20__13:00:30 0.20 0.19 0.12 2.80% 44.01 normal
2018-12-20__13:00:36 0.27 0.20 0.13 2.39% 45.08 normal
2018-12-20__13:00:41 0.32 0.22 0.13 7.04% 44.01 normal
2018-12-20__13:00:47 0.30 0.21 0.13 4.74% 44.55 normal
2018-12-20__13:00:53 0.27 0.21 0.13 3.29% 44.01 normal
2018-12-20__13:00:58 0.25 0.21 0.13 5.02% 44.01 normal
2018-12-20__13:01:04 0.21 0.20 0.13 3.70% 44.01 normal
2018-12-20__13:01:10 0.20 0.20 0.13 2.82% 44.01 normal
2018-12-20__13:01:15 0.18 0.19 0.13 2.38% 45.08 normal
2018-12-20__13:01:21 0.16 0.19 0.12 1.43% 44.55 normal
2018-12-20__13:01:26 0.15 0.19 0.12 2.82% 44.01 normal
2018-12-20__13:01:32 0.14 0.18 0.12 4.19% 44.01 normal
2018-12-20__13:01:38 0.13 0.18 0.12 2.35% 44.01 normal
2018-12-20__13:01:43 0.28 0.21 0.13 5.71% 44.55 normal
2018-12-20__13:01:49 0.24 0.20 0.13 1.43% 44.55 normal
2018-12-20__13:01:55 0.22 0.20 0.13 4.65% 44.01 normal
2018-12-20__13:02:00 0.20 0.20 0.13 7.44% 44.01 normal
2018-12-20__13:02:06 0.18 0.19 0.13 2.79% 44.01 normal
2018-12-20__13:02:11 0.17 0.19 0.13 7.48% 44.55 normal
2018-12-20__13:02:17 0.23 0.20 0.13 6.51% 44.55 normal
2018-12-20__13:02:23 0.22 0.20 0.13 1.90% 43.47 normal
2018-12-20__13:02:28 0.20 0.20 0.13 3.77% 44.01 normal
2018-12-20__13:02:34 0.17 0.19 0.13 5.69% 44.01 normal
2018-12-20__13:02:40 0.15 0.18 0.13 3.33% 45.08 normal
2018-12-20__13:02:45 0.14 0.18 0.12 7.01% 44.01 normal
2018-12-20__13:02:51 0.13 0.18 0.12 0.48% 44.01 normal
2018-12-20__13:02:57 0.12 0.17 0.12 3.30% 44.55 normal
2018-12-20__13:03:02 0.11 0.17 0.12 7.58% 44.01 normal
2018-12-20__13:03:08 0.10 0.17 0.12 1.90% 44.01 normal
2018-12-20__13:03:13 0.09 0.17 0.12 3.26% 44.01 normal
2018-12-20__13:03:19 0.08 0.16 0.12 4.76% 44.01 normal
2018-12-20__13:03:25 0.07 0.16 0.12 8.26% 44.55 normal
2018-12-20__13:03:30 0.06 0.15 0.12 6.64% 44.01 normal
2018-12-20__13:03:36 0.14 0.17 0.12 0.96% 45.08 normal
2018-12-20__13:03:42 0.13 0.17 0.12 4.67% 44.01 normal
2018-12-20__13:03:47 0.12 0.16 0.12 1.43% 44.01 normal
2018-12-20__13:03:53 0.11 0.16 0.12 2.38% 43.47 normal
2018-12-20__13:03:59 0.10 0.16 0.12 7.44% 44.55 normal
2018-12-20__13:04:04 0.08 0.15 0.12 5.63% 44.01 normal
2018-12-20__13:04:10 0.08 0.15 0.11 1.43% 44.55 normal
2018-12-20__13:04:15 0.07 0.14 0.11 4.74% 44.55 normal
2018-12-20__13:04:21 0.06 0.14 0.11 4.17% 44.01 normal
2018-12-20__13:04:27 0.06 0.14 0.11 4.21% 44.55 normal
2018-12-20__13:04:32 0.05 0.14 0.11 2.83% 44.01 normal
2018-12-20__13:04:38 0.05 0.14 0.11 0.95% 44.55 normal
2018-12-20__13:04:44 0.05 0.13 0.11 8.33% 44.55 normal
2018-12-20__13:04:49 0.04 0.13 0.11 4.35% 44.01 normal
2018-12-20__13:04:55 0.04 0.13 0.11 4.19% 44.01 normal
2018-12-20__13:05:00 0.03 0.12 0.10 15.31% 44.55 normal
2018-12-20__13:05:06 0.03 0.12 0.10 5.21% 44.01 normal
2018-12-20__13:05:12 0.03 0.12 0.10 1.43% 44.01 normal
2018-12-20__13:05:17 0.10 0.13 0.11 1.43% 45.08 normal
2018-12-20__13:05:23 0.10 0.13 0.11 8.37% 44.01 normal
2018-12-20__13:05:29 0.09 0.13 0.11 0.48% 44.01 normal
2018-12-20__13:05:34 0.07 0.12 0.10 3.27% 44.01 normal
2018-12-20__13:05:40 0.23 0.15 0.11 5.19% 44.55 normal
2018-12-20__13:05:46 0.21 0.15 0.11 3.26% 44.01 normal
2018-12-20__13:05:57 0.18 0.15 0.11 5.26% 45.08 normal
2018-12-20__13:06:02 0.16 0.14 0.11 4.19% 44.55 normal
2018-12-20__13:06:08 0.15 0.14 0.11 2.35% 44.55 normal
2018-12-20__13:06:14 0.14 0.14 0.11 2.38% 44.01 normal
2018-12-20__13:06:19 0.12 0.13 0.11 3.77% 45.08 normal
2018-12-20__13:06:25 0.11 0.13 0.10 2.38% 44.55 normal
2018-12-20__13:06:31 0.10 0.13 0.10 3.74% 44.55 normal
2018-12-20__13:06:36 0.09 0.13 0.10 3.37% 44.01 normal
2018-12-20__13:06:42 0.08 0.12 0.10 4.67% 44.01 normal
2018-12-20__13:06:47 0.16 0.14 0.11 3.30% 44.01 normal
2018-12-20__13:06:53 0.14 0.14 0.11 0.96% 44.01 normal
2018-12-20__13:06:59 0.13 0.13 0.10 7.37% 44.01 normal
2018-12-20__13:07:04 0.11 0.13 0.10 10.53% 44.55 normal
2018-12-20__13:07:10 0.10 0.13 0.10 1.90% 44.01 normal
2018-12-20__13:07:16 0.09 0.12 0.10 3.32% 44.01 normal
2018-12-20__13:07:21 0.09 0.12 0.10 3.74% 44.01 normal
2018-12-20__13:07:27 0.08 0.12 0.10 7.48% 44.55 normal
2018-12-20__13:07:32 0.07 0.12 0.10 6.16% 44.55 normal
2018-12-20__13:07:38 0.07 0.11 0.10 3.76% 44.55 normal
2018-12-20__13:07:44 0.06 0.11 0.10 6.64% 44.55 normal
2018-12-20__13:07:49 0.14 0.13 0.10 0.96% 44.01 normal
2018-12-20__13:07:55 0.11 0.12 0.10 3.76% 44.01 normal
2018-12-20__13:08:01 0.11 0.12 0.10 2.82% 44.01 normal
2018-12-20__13:08:06 0.10 0.12 0.10 3.40% 44.01 normal
2018-12-20__13:08:12 0.09 0.12 0.10 3.30% 44.01 normal
2018-12-20__13:08:18 0.08 0.11 0.10 4.17% 44.55 normal
2018-12-20__13:08:23 0.07 0.11 0.09 4.65% 44.01 normal
2018-12-20__13:08:29 0.07 0.11 0.09 7.01% 44.01 normal
2018-12-20__13:08:34 0.14 0.12 0.10 7.48% 44.01 normal
2018-12-20__13:08:40 0.12 0.12 0.10 1.90% 44.01 normal
2018-12-20__13:08:46 0.11 0.12 0.10 1.44% 44.01 normal
2018-12-20__13:08:51 0.10 0.12 0.09 5.07% 44.55 normal
2018-12-20__13:08:57 0.09 0.11 0.09 5.77% 44.01 normal
2018-12-20__13:09:03 0.09 0.11 0.09 2.36% 44.01 normal
2018-12-20__13:09:08 0.08 0.11 0.09 1.43% 44.01 normal
2018-12-20__13:09:14 0.07 0.11 0.09 6.22% 44.55 normal
2018-12-20__13:09:19 0.07 0.11 0.09 3.30% 44.55 normal
2018-12-20__13:09:25 0.13 0.12 0.09 5.09% 45.08 normal
2018-12-20__13:09:31 0.12 0.12 0.09 3.74% 44.01 normal
2018-12-20__13:09:36 0.11 0.11 0.09 4.31% 45.08 normal
2018-12-20__13:09:42 0.10 0.11 0.09 6.57% 44.01 normal
2018-12-20__13:09:48 0.09 0.11 0.09 2.37% 44.01 normal
2018-12-20__13:09:53 0.08 0.11 0.09 2.84% 45.08 normal
2018-12-20__13:09:59 0.08 0.11 0.09 1.90% 44.01 normal
2018-12-20__13:10:04 0.07 0.10 0.09 5.69% 44.01 normal
2018-12-20__13:10:10 0.06 0.10 0.09 4.63% 45.08 normal
2018-12-20__13:10:16 0.22 0.13 0.10 1.42% 44.01 normal
2018-12-20__13:10:21 0.20 0.13 0.10 1.42% 44.01 normal
2018-12-20__13:10:27 0.18 0.13 0.10 1.43% 44.01 normal
2018-12-20__13:10:33 0.17 0.12 0.10 5.66% 44.55 normal
2018-12-20__13:10:38 0.15 0.12 0.09 0.96% 45.08 normal
2018-12-20__13:10:44 0.14 0.12 0.09 2.38% 44.01 normal
2018-12-20__13:10:49 0.21 0.13 0.10 0.95% 44.55 normal
2018-12-20__13:10:55 0.18 0.13 0.10 6.13% 44.01 normal
2018-12-20__13:11:01 0.16 0.13 0.10 2.36% 44.01 normal
2018-12-20__13:11:06 0.15 0.12 0.09 5.71% 44.01 normal
2018-12-20__13:11:12 0.14 0.12 0.09 4.19% 44.55 normal
2018-12-20__13:11:18 0.13 0.12 0.09 4.63% 43.47 normal
2018-12-20__13:11:23 0.12 0.12 0.09 7.04% 44.55 normal
2018-12-20__13:11:29 0.27 0.15 0.10 7.91% 44.01 normal
2018-12-20__13:11:35 0.25 0.15 0.10 1.88% 44.01 normal
2018-12-20__13:11:40 0.21 0.14 0.10 8.76% 44.01 normal
2018-12-20__13:11:46 0.27 0.16 0.10 2.38% 45.08 normal
2018-12-20__13:11:51 0.25 0.15 0.10 3.30% 44.01 normal
2018-12-20__13:11:57 0.23 0.15 0.10 6.67% 44.01 normal
2018-12-20__13:12:03 0.21 0.15 0.10 5.26% 44.01 normal
2018-12-20__13:12:08 0.27 0.16 0.11 4.65% 44.01 normal
2018-12-20__13:12:14 0.25 0.16 0.10 4.78% 45.08 normal
2018-12-20__13:12:20 0.23 0.16 0.10 3.29% 44.01 normal
2018-12-20__13:12:25 0.20 0.15 0.10 9.72% 44.01 normal
2018-12-20__13:12:31 0.26 0.16 0.11 5.50% 44.55 normal
2018-12-20__13:12:36 0.24 0.16 0.11 17.48% 45.08 normal
2018-12-20__13:12:42 0.22 0.16 0.10 7.51% 44.55 normal
2018-12-20__13:12:48 0.20 0.16 0.10 1.44% 44.01 normal
2018-12-20__13:12:53 0.18 0.15 0.10 4.21% 44.01 normal
2018-12-20__13:12:59 0.17 0.15 0.10 0.96% 44.55 normal
2018-12-20__13:13:05 0.16 0.15 0.10 6.07% 44.55 normal
2018-12-20__13:13:10 0.21 0.16 0.10 0.48% 44.01 normal
2018-12-20__13:13:16 0.20 0.16 0.10 1.87% 44.01 normal
2018-12-20__13:13:22 0.18 0.15 0.10 6.16% 44.01 normal
2018-12-20__13:13:27 0.16 0.15 0.10 2.82% 44.01 normal
2018-12-20__13:13:33 0.15 0.15 0.10 4.81% 44.01 normal
2018-12-20__13:13:38 0.14 0.14 0.10 3.38% 45.08 normal
2018-12-20__13:13:44 0.13 0.14 0.10 1.90% 44.55 normal
2018-12-20__13:13:50 0.12 0.14 0.10 1.43% 44.01 normal
2018-12-20__13:13:55 0.18 0.15 0.10 0.97% 44.01 normal
2018-12-20__13:14:01 0.16 0.15 0.10 2.83% 44.55 normal
2018-12-20__13:14:07 0.15 0.15 0.10 5.69% 44.55 normal
2018-12-20__13:14:12 0.14 0.14 0.10 4.33% 44.01 normal
2018-12-20__13:14:18 0.13 0.14 0.10 4.23% 44.55 normal
2018-12-20__13:14:23 0.12 0.14 0.10 2.80% 44.01 normal
2018-12-20__13:14:29 0.11 0.14 0.10 5.19% 44.01 normal
2018-12-20__13:14:35 0.10 0.13 0.10 3.29% 44.01 normal
2018-12-20__13:14:40 0.08 0.13 0.09 2.83% 44.01 normal
2018-12-20__13:14:46 0.08 0.13 0.09 3.79% 44.01 normal
2018-12-20__13:14:52 0.07 0.12 0.09 2.37% 44.01 normal
2018-12-20__13:14:57 0.06 0.12 0.09 3.30% 43.47 normal
2018-12-20__13:15:03 0.06 0.12 0.09 8.37% 44.01 normal
2018-12-20__13:15:08 0.05 0.12 0.09 0.97% 44.55 normal
2018-12-20__13:15:14 0.05 0.11 0.09 3.29% 45.08 normal
2018-12-20__13:15:20 0.05 0.11 0.09 2.91% 45.08 normal
2018-12-20__13:15:25 0.04 0.11 0.09 6.10% 44.01 normal
2018-12-20__13:15:31 0.03 0.11 0.09 3.72% 44.55 normal
2018-12-20__13:15:37 0.03 0.10 0.09 19.71% 45.08 normal
2018-12-20__13:15:42 0.03 0.10 0.09 5.71% 44.55 normal
2018-12-20__13:15:48 0.03 0.10 0.09 6.07% 44.55 normal
2018-12-20__13:15:53 0.02 0.10 0.08 2.79% 44.01 normal
2018-12-20__13:15:59 0.02 0.10 0.08 3.77% 44.01 normal
2018-12-20__13:16:05 0.02 0.10 0.08 8.88% 44.01 normal
2018-12-20__13:16:10 0.10 0.11 0.09 5.09% 44.01 normal
2018-12-20__13:16:16 0.08 0.11 0.09 1.90% 44.01 normal
2018-12-20__13:16:22 0.08 0.10 0.09 2.37% 44.01 normal
2018-12-20__13:16:27 0.07 0.10 0.09 2.83% 45.08 normal
2018-12-20__13:16:33 0.06 0.10 0.09 4.65% 44.01 normal
2018-12-20__13:16:39 0.06 0.10 0.09 3.29% 45.08 normal
2018-12-20__13:16:44 0.21 0.13 0.10 2.37% 44.55 normal
2018-12-20__13:16:50 0.20 0.13 0.10 1.42% 43.47 normal
2018-12-20__13:16:55 0.34 0.16 0.11 5.61% 44.01 normal
2018-12-20__13:17:01 0.29 0.15 0.10 10.38% 44.55 normal
2018-12-20__13:17:07 0.27 0.15 0.10 4.63% 45.08 normal
2018-12-20__13:17:12 0.24 0.15 0.10 2.83% 44.55 normal
2018-12-20__13:17:18 0.22 0.14 0.10 0.95% 44.01 normal
2018-12-20__13:17:24 0.21 0.14 0.10 3.30% 44.01 normal
2018-12-20__13:17:29 0.19 0.14 0.10 1.42% 44.01 normal
2018-12-20__13:17:35 0.17 0.14 0.10 4.21% 44.55 normal
2018-12-20__13:17:40 0.16 0.13 0.10 7.08% 44.01 normal
2018-12-20__13:17:46 0.21 0.15 0.10 1.90% 45.08 normal
2018-12-20__13:17:52 0.35 0.18 0.11 2.38% 44.55 normal
2018-12-20__13:17:57 0.32 0.17 0.11 4.78% 44.01 normal
2018-12-20__13:18:03 0.30 0.17 0.11 7.91% 44.01 normal
2018-12-20__13:18:09 0.27 0.17 0.11 3.30% 44.01 normal
2018-12-20__13:18:14 0.25 0.17 0.11 6.02% 44.55 normal
2018-12-20__13:18:20 0.23 0.16 0.11 1.44% 44.55 normal
2018-12-20__13:18:25 0.21 0.16 0.11 7.08% 44.55 normal
2018-12-20__13:18:31 0.18 0.15 0.10 2.36% 44.01 normal
2018-12-20__13:18:37 0.16 0.15 0.10 14.83% 45.08 normal
2018-12-20__13:18:42 0.15 0.15 0.10 6.10% 44.01 normal
2018-12-20__13:18:48 0.14 0.14 0.10 2.84% 45.08 normal
2018-12-20__13:18:54 0.13 0.14 0.10 6.39% 44.55 normal
2018-12-20__13:18:59 0.12 0.14 0.10 8.33% 44.55 normal
2018-12-20__13:19:05 0.11 0.14 0.10 3.69% 44.55 normal
2018-12-20__13:19:11 0.10 0.14 0.10 7.08% 44.01 normal
2018-12-20__13:19:16 0.08 0.13 0.10 4.81% 45.08 normal
2018-12-20__13:19:22 0.08 0.13 0.09 6.67% 45.08 normal
2018-12-20__13:19:27 0.07 0.13 0.09 5.53% 44.55 normal
2018-12-20__13:19:33 0.06 0.12 0.09 6.13% 45.08 normal
2018-12-20__13:19:39 0.06 0.12 0.09 7.11% 45.08 normal
2018-12-20__13:19:44 0.05 0.12 0.09 6.13% 45.08 normal
2018-12-20__13:19:50 0.05 0.12 0.09 0.96% 44.55 normal
2018-12-20__13:19:56 0.21 0.15 0.10 6.64% 44.55 normal
2018-12-20__13:20:01 0.17 0.14 0.10 4.78% 45.08 normal
2018-12-20__13:20:07 0.16 0.14 0.10 4.19% 45.08 normal
2018-12-20__13:20:12 0.15 0.14 0.10 8.33% 45.08 normal
2018-12-20__13:20:18 0.13 0.13 0.10 8.29% 44.01 normal
2018-12-20__13:20:24 0.12 0.13 0.09 0.97% 45.08 normal
2018-12-20__13:20:29 0.19 0.15 0.10 2.35% 44.55 normal
2018-12-20__13:20:35 0.18 0.14 0.10 5.24% 44.55 normal
2018-12-20__13:20:41 0.16 0.14 0.10 3.76% 44.55 normal
2018-12-20__13:20:46 0.14 0.14 0.10 3.26% 44.01 normal
2018-12-20__13:20:52 0.13 0.13 0.09 0.96% 44.55 normal
2018-12-20__13:20:57 0.12 0.13 0.09 7.51% 44.01 normal
2018-12-20__13:21:03 0.11 0.13 0.09 3.30% 44.01 normal
2018-12-20__13:21:09 0.10 0.13 0.09 2.39% 45.08 normal
2018-12-20__13:21:14 0.09 0.12 0.09 2.37% 45.08 normal
2018-12-20__13:21:20 0.08 0.12 0.09 6.10% 45.08 normal
2018-12-20__13:21:26 0.08 0.12 0.09 4.65% 44.01 normal
2018-12-20__13:21:31 0.06 0.12 0.09 8.37% 44.01 normal
2018-12-20__13:21:37 0.06 0.11 0.09 6.10% 44.01 normal
2018-12-20__13:21:42 0.05 0.11 0.09 5.21% 45.08 normal
2018-12-20__13:21:48 0.05 0.11 0.09 0.96% 44.55 normal
2018-12-20__13:21:54 0.04 0.11 0.09 1.44% 44.01 normal
2018-12-20__13:21:59 0.04 0.11 0.09 1.91% 44.55 normal
2018-12-20__13:22:05 0.04 0.10 0.09 1.90% 44.01 normal
2018-12-20__13:22:11 0.03 0.10 0.09 7.98% 44.55 normal
2018-12-20__13:22:16 0.03 0.10 0.08 3.29% 44.01 normal
2018-12-20__13:22:22 0.03 0.10 0.08 3.27% 44.55 normal
2018-12-20__13:22:27 0.02 0.09 0.08 3.30% 44.01 normal
2018-12-20__13:22:33 0.02 0.09 0.08 3.29% 44.55 normal
2018-12-20__13:22:39 0.02 0.09 0.08 6.64% 45.08 normal
2018-12-20__13:22:44 0.02 0.09 0.08 3.76% 44.55 normal
2018-12-20__13:22:50 0.02 0.09 0.08 2.83% 44.01 normal
2018-12-20__13:22:56 0.01 0.08 0.08 2.84% 44.01 normal
2018-12-20__13:23:01 0.01 0.08 0.08 8.84% 44.55 normal
2018-12-20__13:23:07 0.01 0.08 0.08 3.33% 45.08 normal
2018-12-20__13:23:13 0.01 0.08 0.08 1.42% 44.01 normal
2018-12-20__13:23:18 0.01 0.08 0.08 4.21% 44.01 normal
2018-12-20__13:23:24 0.01 0.08 0.08 8.96% 44.01 normal
2018-12-20__13:23:29 0.09 0.09 0.08 2.37% 44.55 normal
2018-12-20__13:23:35 0.08 0.09 0.08 7.44% 45.08 normal
2018-12-20__13:23:41 0.07 0.09 0.08 3.30% 45.08 normal
2018-12-20__13:23:46 0.06 0.08 0.08 5.26% 44.55 normal
2018-12-20__13:23:52 0.06 0.08 0.08 4.21% 45.08 normal
2018-12-20__13:23:58 0.05 0.08 0.08 5.09% 44.55 normal
2018-12-20__13:24:03 0.05 0.08 0.08 -1.46% 45.08 normal
2018-12-20__13:24:09 0.04 0.08 0.08 6.22% 44.55 normal
2018-12-20__13:24:14 0.04 0.08 0.08 5.63% 44.55 normal
2018-12-20__13:24:20 0.04 0.08 0.08 8.37% 44.01 normal
2018-12-20__13:24:26 0.03 0.07 0.08 5.12% 44.55 normal
2018-12-20__13:24:31 0.11 0.09 0.08 2.37% 45.08 normal
2018-12-20__13:24:37 0.17 0.10 0.09 7.48% 44.01 normal
2018-12-20__13:24:43 0.15 0.10 0.09 4.63% 44.55 normal
2018-12-20__13:24:48 0.14 0.10 0.09 3.32% 45.08 normal
2018-12-20__13:24:54 0.13 0.10 0.09 8.33% 44.01 normal
2018-12-20__13:24:59 0.12 0.10 0.09 7.55% 44.01 normal
2018-12-20__13:25:05 0.19 0.11 0.09 4.65% 44.55 normal
2018-12-20__13:25:11 0.17 0.11 0.09 3.74% 44.01 normal
2018-12-20__13:25:16 0.16 0.11 0.09 3.29% 45.08 normal
2018-12-20__13:25:22 0.36 0.15 0.11 3.76% 44.55 normal
2018-12-20__13:25:28 0.33 0.15 0.10 1.42% 44.01 normal
2018-12-20__13:25:33 0.30 0.15 0.10 2.38% 44.01 normal
2018-12-20__13:25:39 0.28 0.14 0.10 1.89% 45.08 normal
2018-12-20__13:25:45 0.25 0.14 0.10 1.44% 44.55 normal
2018-12-20__13:25:50 0.23 0.14 0.10 2.82% 44.01 normal
2018-12-20__13:25:56 0.21 0.14 0.10 7.01% 44.55 normal
2018-12-20__13:26:01 0.20 0.13 0.10 2.80% 44.01 normal
2018-12-20__13:26:07 0.25 0.15 0.10 5.69% 45.08 normal
2018-12-20__13:26:13 0.23 0.14 0.10 2.37% 44.01 normal
2018-12-20__13:26:18 0.21 0.14 0.10 4.35% 44.01 normal
2018-12-20__13:26:24 0.19 0.14 0.10 1.44% 45.08 normal
2018-12-20__13:26:30 0.18 0.14 0.10 8.84% 44.55 normal
2018-12-20__13:26:35 0.16 0.13 0.10 2.83% 44.55 normal
2018-12-20__13:26:41 0.15 0.13 0.10 7.51% 44.55 normal
2018-12-20__13:26:46 0.14 0.13 0.10 1.90% 44.55 normal
2018-12-20__13:26:52 0.11 0.12 0.09 3.29% 44.01 normal
2018-12-20__13:26:58 0.10 0.12 0.09 8.88% 45.08 normal
2018-12-20__13:27:03 0.10 0.12 0.09 4.19% 44.01 normal
2018-12-20__13:27:09 0.09 0.12 0.09 4.11% 44.01 normal
2018-12-20__13:27:15 0.08 0.12 0.09 11.74% 45.08 normal
2018-12-20__13:27:20 0.07 0.11 0.09 1.43% 44.01 normal
2018-12-20__13:27:26 0.07 0.11 0.09 7.44% 44.01 normal
2018-12-20__13:27:31 0.06 0.11 0.09 3.35% 45.08 normal
2018-12-20__13:27:37 0.13 0.12 0.09 1.91% 45.08 normal
2018-12-20__13:27:43 0.12 0.12 0.09 2.37% 44.55 normal
2018-12-20__13:27:48 0.11 0.12 0.09 6.19% 44.01 normal
2018-12-20__13:27:54 0.10 0.12 0.09 1.90% 44.01 normal
2018-12-20__13:28:00 0.09 0.11 0.09 7.94% 44.55 normal
2018-12-20__13:28:05 0.08 0.11 0.09 7.51% 44.01 normal
2018-12-20__13:28:11 0.24 0.14 0.10 4.61% 45.08 normal
2018-12-20__13:28:17 0.22 0.14 0.10 2.80% 44.01 normal
2018-12-20__13:28:22 0.18 0.14 0.10 5.07% 44.55 normal
2018-12-20__13:28:28 0.17 0.13 0.10 3.27% 44.01 normal
2018-12-20__13:28:33 0.15 0.13 0.10 7.44% 44.01 normal
2018-12-20__13:28:39 0.22 0.15 0.10 0.96% 45.08 normal
2018-12-20__13:28:45 0.20 0.14 0.10 1.42% 45.08 normal
2018-12-20__13:28:50 0.19 0.14 0.10 2.86% 44.55 normal
2018-12-20__13:28:56 0.25 0.16 0.10 8.80% 44.01 normal
2018-12-20__13:29:02 0.23 0.15 0.10 4.63% 44.55 normal
2018-12-20__13:29:07 0.20 0.15 0.10 2.82% 44.55 normal
2018-12-20__13:29:13 0.18 0.14 0.10 2.37% 44.01 normal
2018-12-20__13:29:18 0.17 0.14 0.10 11.37% 45.08 normal
2018-12-20__13:29:24 0.15 0.14 0.10 3.26% 44.55 normal
2018-12-20__13:29:30 0.14 0.14 0.10 7.94% 44.55 normal
2018-12-20__13:29:35 0.13 0.13 0.10 2.38% 44.01 normal
2018-12-20__13:29:41 0.12 0.13 0.09 7.91% 44.55 normal
2018-12-20__13:29:47 0.11 0.13 0.09 2.82% 45.08 normal
2018-12-20__13:29:52 0.09 0.12 0.09 5.53% 44.55 normal
2018-12-20__13:29:58 0.08 0.12 0.09 4.85% 44.01 normal
2018-12-20__13:30:03 0.08 0.12 0.09 4.19% 44.55 normal
2018-12-20__13:30:09 0.07 0.12 0.09 2.37% 44.55 normal
2018-12-20__13:30:15 0.06 0.12 0.09 3.29% 44.01 normal
2018-12-20__13:30:20 0.06 0.11 0.09 5.09% 44.55 normal
2018-12-20__13:30:26 0.05 0.11 0.09 3.72% 44.55 normal
2018-12-20__13:30:32 0.05 0.11 0.09 4.65% 44.55 normal
2018-12-20__13:30:37 0.04 0.11 0.09 3.29% 44.01 normal
2018-12-20__13:30:43 0.04 0.10 0.09 4.17% 44.55 normal
2018-12-20__13:30:49 0.03 0.10 0.09 2.37% 44.55 normal
2018-12-20__13:30:54 0.03 0.10 0.08 4.76% 44.55 normal
2018-12-20__13:31:00 0.03 0.10 0.08 3.74% 44.01 normal
2018-12-20__13:31:05 0.03 0.10 0.08 2.82% 44.01 normal
2018-12-20__13:31:11 0.02 0.09 0.08 2.37% 45.08 normal
2018-12-20__13:31:17 0.02 0.09 0.08 6.16% 44.55 normal
2018-12-20__13:31:22 0.02 0.09 0.08 3.72% 44.55 normal
2018-12-20__13:31:28 0.02 0.09 0.08 1.42% 44.01 normal
2018-12-20__13:31:34 0.02 0.08 0.08 6.16% 44.01 normal
2018-12-20__13:31:39 0.01 0.08 0.08 1.91% 45.08 normal
2018-12-20__13:31:45 0.01 0.08 0.08 3.74% 44.01 normal
2018-12-20__13:31:50 0.01 0.08 0.08 5.26% 45.08 normal
2018-12-20__13:31:56 0.01 0.08 0.08 1.88% 45.08 normal
2018-12-20__13:32:02 0.01 0.08 0.08 9.17% 44.01 normal
2018-12-20__13:32:07 0.01 0.07 0.08 4.21% 44.55 normal
2018-12-20__13:32:13 0.01 0.07 0.08 1.45% 45.08 normal
2018-12-20__13:32:19 0.01 0.07 0.08 5.69% 44.55 normal
2018-12-20__13:32:24 0.00 0.07 0.08 8.84% 44.01 normal
2018-12-20__13:32:30 0.00 0.07 0.08 3.29% 44.55 normal
2018-12-20__13:32:35 0.00 0.07 0.08 3.77% 45.08 normal
2018-12-20__13:32:41 0.00 0.07 0.07 4.33% 44.55 normal
2018-12-20__13:32:47 0.00 0.06 0.07 2.87% 45.08 normal
2018-12-20__13:32:52 0.00 0.06 0.07 1.89% 44.55 normal
2018-12-20__13:32:58 0.15 0.09 0.08 1.44% 44.55 normal
2018-12-20__13:33:04 0.14 0.09 0.08 1.43% 44.55 normal
2018-12-20__13:33:09 0.13 0.09 0.08 3.30% 44.01 normal
2018-12-20__13:33:15 0.12 0.09 0.08 6.19% 44.01 normal
2018-12-20__13:33:20 0.11 0.09 0.08 8.57% 45.08 normal
2018-12-20__13:33:26 0.10 0.08 0.08 3.27% 44.01 normal
2018-12-20__13:33:32 0.09 0.08 0.08 2.36% 44.01 normal
2018-12-20__13:33:37 0.08 0.08 0.08 5.74% 44.55 normal
2018-12-20__13:33:43 0.07 0.08 0.08 3.88% 44.01 normal
2018-12-20__13:33:49 0.06 0.08 0.08 1.44% 45.08 normal
2018-12-20__13:33:54 0.06 0.08 0.08 5.58% 44.01 normal
2018-12-20__13:34:00 0.05 0.07 0.08 8.41% 44.55 normal
2018-12-20__13:34:05 0.05 0.07 0.08 5.69% 44.55 normal
2018-12-20__13:34:11 0.04 0.07 0.08 1.90% 44.55 normal
2018-12-20__13:34:17 0.04 0.07 0.08 7.08% 44.01 normal
2018-12-20__13:34:22 0.04 0.07 0.08 5.19% 45.08 normal
2018-12-20__13:34:28 0.26 0.12 0.09 4.17% 44.01 normal
2018-12-20__13:34:34 0.24 0.11 0.09 3.29% 44.55 normal
2018-12-20__13:34:39 0.22 0.11 0.09 12.04% 45.08 normal
2018-12-20__13:34:45 0.20 0.11 0.09 1.43% 45.08 normal
2018-12-20__13:34:51 0.18 0.11 0.09 1.90% 45.08 normal
2018-12-20__13:34:56 0.17 0.11 0.09 3.72% 44.55 normal
2018-12-20__13:35:02 0.16 0.10 0.09 4.76% 44.55 normal
2018-12-20__13:35:07 0.14 0.10 0.09 0.95% 45.08 normal
2018-12-20__13:35:13 0.12 0.10 0.09 2.37% 44.01 normal
2018-12-20__13:35:19 0.11 0.10 0.09 7.48% 44.55 normal
2018-12-20__13:35:24 0.10 0.09 0.09 4.21% 44.55 normal
2018-12-20__13:35:30 0.09 0.09 0.09 3.76% 44.01 normal
2018-12-20__13:35:36 0.09 0.09 0.08 7.48% 44.55 normal
2018-12-20__13:35:41 0.08 0.09 0.08 2.83% 45.08 normal
2018-12-20__13:35:47 0.07 0.09 0.08 7.04% 45.08 normal
2018-12-20__13:35:52 0.07 0.08 0.08 2.80% 44.55 normal
2018-12-20__13:35:58 0.06 0.08 0.08 3.30% 44.01 normal
2018-12-20__13:36:04 0.05 0.08 0.08 0.96% 44.01 normal
2018-12-20__13:36:09 0.05 0.08 0.08 3.74% 44.01 normal
2018-12-20__13:36:15 0.04 0.08 0.08 7.11% 44.01 normal
2018-12-20__13:36:21 0.04 0.08 0.08 4.76% 44.01 normal
2018-12-20__13:36:26 0.04 0.07 0.08 3.76% 44.01 normal
2018-12-20__13:36:32 0.03 0.07 0.08 5.24% 44.01 normal
2018-12-20__13:36:37 0.03 0.07 0.08 2.82% 45.08 normal
2018-12-20__13:36:43 0.02 0.07 0.08 5.53% 44.01 normal
2018-12-20__13:36:49 0.02 0.07 0.08 3.32% 44.01 normal
2018-12-20__13:36:54 0.10 0.08 0.08 7.94% 44.55 normal
2018-12-20__13:37:00 0.09 0.08 0.08 1.90% 44.55 normal
2018-12-20__13:37:06 0.08 0.08 0.08 0.95% 44.01 normal
2018-12-20__13:37:11 0.08 0.08 0.08 4.67% 44.55 normal
2018-12-20__13:37:17 0.07 0.08 0.08 1.90% 44.01 normal
2018-12-20__13:37:23 0.15 0.09 0.09 6.05% 44.01 normal
2018-12-20__13:37:28 0.12 0.09 0.09 3.32% 44.01 normal
2018-12-20__13:37:34 0.11 0.09 0.08 2.37% 44.55 normal
2018-12-20__13:37:39 0.10 0.09 0.08 23.33% 45.08 normal
2018-12-20__13:37:45 0.10 0.08 0.08 9.17% 44.55 normal
2018-12-20__13:37:51 0.09 0.08 0.08 3.29% 44.01 normal
2018-12-20__13:37:56 0.08 0.08 0.08 2.82% 44.55 normal
2018-12-20__13:38:02 0.07 0.08 0.08 8.84% 44.01 normal
2018-12-20__13:38:08 0.07 0.08 0.08 6.64% 44.55 normal
2018-12-20__13:38:13 0.06 0.08 0.08 2.80% 44.55 normal
2018-12-20__13:38:19 0.05 0.07 0.08 6.54% 44.01 normal
2018-12-20__13:38:24 0.05 0.07 0.08 1.90% 44.01 normal
2018-12-20__13:38:30 0.04 0.07 0.08 1.43% 44.55 normal
2018-12-20__13:38:36 0.04 0.07 0.08 5.99% 44.55 normal
2018-12-20__13:38:41 0.04 0.07 0.08 3.77% 44.55 normal
2018-12-20__13:38:47 0.11 0.08 0.08 6.19% 44.55 normal
2018-12-20__13:38:53 0.10 0.08 0.08 3.72% 44.55 normal
2018-12-20__13:38:58 0.09 0.08 0.08 8.33% 45.08 normal
2018-12-20__13:39:04 0.08 0.08 0.08 2.36% 44.55 normal
2018-12-20__13:39:10 0.07 0.08 0.08 5.24% 44.01 normal
2018-12-20__13:39:15 0.07 0.07 0.08 7.77% 44.55 normal
2018-12-20__13:39:21 0.06 0.07 0.08 4.23% 45.08 normal
2018-12-20__13:39:26 0.06 0.07 0.08 4.23% 44.01 normal
2018-12-20__13:39:32 0.05 0.07 0.08 2.84% 45.08 normal
2018-12-20__13:39:38 0.05 0.07 0.08 0.96% 44.01 normal
2018-12-20__13:39:43 0.04 0.07 0.08 3.30% 44.55 normal
2018-12-20__13:39:49 0.04 0.06 0.08 6.13% 44.01 normal
2018-12-20__13:39:55 0.03 0.06 0.08 2.36% 45.08 normal
2018-12-20__13:40:00 0.03 0.06 0.08 14.15% 45.08 normal
2018-12-20__13:40:06 0.03 0.06 0.08 3.70% 44.55 normal
2018-12-20__13:40:11 0.02 0.06 0.08 4.27% 44.01 normal
2018-12-20__13:40:17 0.02 0.06 0.08 4.17% 44.01 normal
2018-12-20__13:40:23 0.02 0.06 0.07 7.51% 44.01 normal
2018-12-20__13:40:28 0.02 0.05 0.07 7.91% 44.01 normal
2018-12-20__13:40:34 0.02 0.05 0.07 2.36% 44.01 normal
2018-12-20__13:40:40 0.01 0.05 0.07 15.31% 45.08 normal
2018-12-20__13:40:45 0.01 0.05 0.07 3.76% 44.55 normal
2018-12-20__13:40:51 0.01 0.05 0.07 3.76% 44.01 normal
2018-12-20__13:40:56 0.01 0.05 0.07 5.29% 44.01 normal
2018-12-20__13:41:02 0.01 0.05 0.07 1.90% 44.01 normal
2018-12-20__13:41:08 0.01 0.05 0.07 5.26% 44.01 normal
2018-12-20__13:41:13 0.01 0.05 0.07 6.94% 44.55 normal
2018-12-20__13:41:19 0.01 0.04 0.07 1.42% 44.55 normal
2018-12-20__13:41:25 0.00 0.04 0.07 7.44% 44.55 normal
2018-12-20__13:41:30 0.00 0.04 0.07 4.63% 44.55 normal
2018-12-20__13:41:36 0.00 0.04 0.07 1.96% 45.08 normal
2018-12-20__13:41:41 0.00 0.04 0.07 0.96% 45.08 normal
2018-12-20__13:41:47 0.00 0.04 0.07 3.74% 45.08 normal
2018-12-20__13:41:53 0.00 0.04 0.07 3.30% 45.08 normal
2018-12-20__13:41:58 0.00 0.04 0.07 6.64% 45.08 normal
2018-12-20__13:42:04 0.44 0.13 0.10 6.19% 44.01 normal
2018-12-20__13:42:10 0.41 0.13 0.10 2.82% 44.01 normal
2018-12-20__13:42:15 0.37 0.13 0.09 3.74% 44.01 normal
2018-12-20__13:42:21 0.34 0.13 0.09 7.87% 44.55 normal
2018-12-20__13:42:27 0.32 0.12 0.09 3.29% 44.55 normal
2018-12-20__13:42:32 0.29 0.12 0.09 2.84% 44.55 normal
2018-12-20__13:42:38 0.27 0.12 0.09 2.82% 44.01 normal
2018-12-20__13:42:43 0.25 0.12 0.09 3.27% 44.55 normal
2018-12-20__13:42:49 0.28 0.13 0.09 5.14% 44.55 normal
2018-12-20__13:42:55 0.26 0.13 0.09 5.71% 45.08 normal
2018-12-20__13:43:00 0.24 0.12 0.09 3.27% 44.55 normal
2018-12-20__13:43:06 0.22 0.12 0.09 6.07% 44.55 normal
2018-12-20__13:43:12 0.20 0.12 0.09 3.72% 44.01 normal
2018-12-20__13:43:17 0.27 0.13 0.10 10.75% 45.08 normal
2018-12-20__13:43:23 0.24 0.13 0.10 5.24% 45.08 normal
2018-12-20__13:43:28 0.22 0.13 0.09 5.71% 44.01 normal
2018-12-20__13:43:34 0.19 0.12 0.09 0.96% 44.01 normal
2018-12-20__13:43:40 0.17 0.12 0.09 6.98% 44.55 normal
2018-12-20__13:43:45 0.16 0.12 0.09 5.66% 45.08 normal
2018-12-20__13:43:51 0.15 0.12 0.09 7.08% 44.01 normal
2018-12-20__13:43:57 0.21 0.13 0.10 3.29% 44.55 normal
2018-12-20__13:44:02 0.20 0.13 0.09 7.98% 45.08 normal
2018-12-20__13:44:08 0.18 0.13 0.09 7.01% 44.01 normal
2018-12-20__13:44:14 0.17 0.12 0.09 7.11% 44.01 normal
2018-12-20__13:44:19 0.14 0.12 0.09 3.85% 44.01 normal
2018-12-20__13:44:25 0.13 0.12 0.09 8.80% 44.55 normal
2018-12-20__13:44:30 0.12 0.12 0.09 7.21% 45.08 normal
2018-12-20__13:44:36 0.19 0.13 0.09 2.84% 44.55 normal
2018-12-20__13:44:42 0.17 0.13 0.09 5.71% 45.08 normal
2018-12-20__13:44:47 0.16 0.13 0.09 7.08% 44.01 normal
2018-12-20__13:44:53 0.15 0.12 0.09 8.84% 45.08 normal
2018-12-20__13:44:59 0.13 0.12 0.09 2.82% 44.01 normal
2018-12-20__13:45:04 0.11 0.12 0.09 8.33% 44.01 normal
2018-12-20__13:45:10 0.10 0.11 0.09 8.29% 45.08 normal
2018-12-20__13:45:15 0.10 0.11 0.09 3.72% 44.55 normal
2018-12-20__13:45:21 0.09 0.11 0.09 3.29% 44.01 normal
2018-12-20__13:45:27 0.08 0.11 0.09 6.57% 45.08 normal
2018-12-20__13:45:32 0.07 0.11 0.09 7.98% 44.55 normal
2018-12-20__13:45:38 0.31 0.15 0.10 6.54% 44.01 normal
2018-12-20__13:45:44 0.28 0.15 0.10 4.19% 45.08 normal
2018-12-20__13:45:49 0.24 0.15 0.10 9.17% 44.01 normal
2018-12-20__13:45:55 0.22 0.14 0.10 2.82% 44.55 normal
2018-12-20__13:46:01 0.20 0.14 0.10 2.37% 44.55 normal
2018-12-20__13:46:06 0.18 0.14 0.10 4.21% 44.55 normal
2018-12-20__13:46:12 0.17 0.14 0.10 1.89% 44.01 normal
2018-12-20__13:46:17 0.16 0.13 0.10 2.87% 44.55 normal
2018-12-20__13:46:23 0.14 0.13 0.09 0.96% 44.55 normal
2018-12-20__13:46:29 0.13 0.13 0.09 2.38% 44.01 normal
2018-12-20__13:46:34 0.11 0.12 0.09 1.42% 44.01 normal
2018-12-20__13:46:40 0.10 0.12 0.09 2.80% 44.55 normal
2018-12-20__13:46:46 0.09 0.12 0.09 3.72% 44.01 normal
2018-12-20__13:46:51 0.09 0.12 0.09 11.37% 45.08 normal
2018-12-20__13:46:57 0.08 0.11 0.09 7.98% 45.08 normal
2018-12-20__13:47:02 0.07 0.11 0.09 1.89% 44.01 normal
2018-12-20__13:47:08 0.07 0.11 0.09 1.90% 44.01 normal
2018-12-20__13:47:14 0.06 0.11 0.09 0.96% 44.01 normal
2018-12-20__13:47:19 0.05 0.10 0.09 6.19% 44.55 normal
2018-12-20__13:47:25 0.05 0.10 0.09 1.43% 44.01 normal
2018-12-20__13:47:31 0.04 0.10 0.09 3.85% 44.01 normal
2018-12-20__13:47:36 0.04 0.10 0.09 5.74% 44.01 normal
2018-12-20__13:47:42 0.04 0.10 0.08 4.81% 45.08 normal
2018-12-20__13:47:48 0.03 0.09 0.08 0.96% 44.55 normal
2018-12-20__13:47:53 0.03 0.09 0.08 3.72% 44.55 normal
2018-12-20__13:47:59 0.03 0.09 0.08 7.01% 44.55 normal
2018-12-20__13:48:04 0.02 0.09 0.08 5.58% 44.55 normal
2018-12-20__13:48:10 0.02 0.09 0.08 5.09% 44.01 normal
2018-12-20__13:48:16 0.02 0.08 0.08 5.71% 44.55 normal
2018-12-20__13:48:21 0.02 0.08 0.08 4.35% 44.01 normal
2018-12-20__13:48:27 0.02 0.08 0.08 5.99% 44.55 normal
2018-12-20__13:48:33 0.01 0.08 0.08 1.42% 44.01 normal
2018-12-20__13:48:38 0.01 0.08 0.08 7.55% 44.55 normal
2018-12-20__13:48:44 0.01 0.08 0.08 7.98% 44.55 normal
2018-12-20__13:48:49 0.08 0.09 0.08 5.12% 45.08 normal
2018-12-20__13:48:55 0.08 0.09 0.08 1.42% 44.55 normal
2018-12-20__13:49:01 0.07 0.09 0.08 5.66% 44.55 normal
2018-12-20__13:49:06 0.06 0.08 0.08 3.85% 44.55 normal
2018-12-20__13:49:12 0.06 0.08 0.08 9.48% 44.55 normal
2018-12-20__13:49:18 0.05 0.08 0.08 1.90% 44.01 normal
2018-12-20__13:49:23 0.05 0.08 0.08 6.67% 44.55 normal
2018-12-20__13:49:29 0.04 0.08 0.08 6.22% 45.08 normal
2018-12-20__13:49:35 0.18 0.11 0.09 3.33% 45.08 normal
2018-12-20__13:49:40 0.17 0.11 0.09 1.89% 44.01 normal
2018-12-20__13:49:46 0.16 0.11 0.09 7.91% 44.55 normal
2018-12-20__13:49:51 0.14 0.10 0.09 2.36% 44.01 normal
2018-12-20__13:49:57 0.13 0.10 0.09 1.43% 44.55 normal
2018-12-20__13:50:03 0.12 0.10 0.09 4.63% 45.08 normal
2018-12-20__13:50:08 0.11 0.10 0.09 4.19% 44.01 normal
2018-12-20__13:50:14 0.10 0.10 0.09 3.30% 44.01 normal
2018-12-20__13:50:20 0.09 0.09 0.09 6.88% 44.55 normal
2018-12-20__13:50:25 0.08 0.09 0.09 1.89% 44.01 normal
2018-12-20__13:50:31 0.07 0.09 0.08 4.31% 45.08 normal
2018-12-20__13:50:36 0.07 0.09 0.08 2.36% 44.01 normal
2018-12-20__13:50:42 0.06 0.08 0.08 2.35% 44.55 normal
2018-12-20__13:50:48 0.06 0.08 0.08 2.84% 44.55 normal
2018-12-20__13:50:53 0.05 0.08 0.08 3.29% 44.55 normal
2018-12-20__13:50:59 0.05 0.08 0.08 4.31% 44.55 normal
2018-12-20__13:51:05 0.04 0.08 0.08 1.42% 44.55 normal
2018-12-20__13:51:10 0.04 0.08 0.08 0.95% 44.01 normal
2018-12-20__13:51:16 0.03 0.07 0.08 8.41% 44.01 normal
2018-12-20__13:51:22 0.03 0.07 0.08 8.80% 44.01 normal
2018-12-20__13:51:27 0.03 0.07 0.08 1.42% 44.01 normal
2018-12-20__13:51:33 0.02 0.07 0.08 0.98% 45.08 normal
2018-12-20__13:51:38 0.02 0.07 0.08 5.12% 44.01 normal
2018-12-20__13:51:50 0.02 0.06 0.08 6.13% 44.55 normal
2018-12-20__13:51:55 0.02 0.06 0.08 6.16% 45.08 normal
2018-12-20__13:52:01 0.01 0.06 0.08 1.44% 44.55 normal
2018-12-20__13:52:12 0.01 0.06 0.08 5.26% 45.08 normal
2018-12-20__13:52:18 0.01 0.06 0.07 7.04% 44.55 normal
2018-12-20__13:52:23 0.01 0.06 0.07 3.81% 44.01 normal
2018-12-20__13:52:29 0.01 0.06 0.07 5.50% 44.55 normal
2018-12-20__13:52:35 0.01 0.05 0.07 7.44% 44.01 normal
2018-12-20__13:52:40 0.01 0.05 0.07 2.36% 44.01 normal
2018-12-20__13:52:46 0.00 0.05 0.07 7.94% 44.01 normal
2018-12-20__13:52:52 0.16 0.08 0.08 4.21% 44.55 normal
2018-12-20__13:52:57 0.15 0.08 0.08 3.24% 44.01 normal
2018-12-20__13:53:03 0.14 0.08 0.08 3.38% 44.55 normal
2018-12-20__13:53:09 0.13 0.08 0.08 1.93% 45.08 normal
2018-12-20__13:53:14 0.12 0.08 0.08 1.90% 44.01 normal
2018-12-20__13:53:20 0.35 0.13 0.10 1.43% 44.01 normal
2018-12-20__13:53:25 0.29 0.12 0.09 6.51% 44.55 normal
2018-12-20__13:53:31 0.35 0.14 0.10 6.05% 44.55 normal
2018-12-20__13:53:37 0.32 0.13 0.10 4.83% 44.01 normal
2018-12-20__13:53:42 0.30 0.13 0.10 1.90% 45.08 normal
2018-12-20__13:53:48 0.27 0.13 0.10 1.42% 45.08 normal
2018-12-20__13:53:54 0.25 0.13 0.10 1.92% 45.08 normal
2018-12-20__13:53:59 0.23 0.12 0.09 2.37% 44.01 normal
2018-12-20__13:54:05 0.21 0.12 0.09 0.00% 44.55 normal
2018-12-20__13:54:10 0.33 0.15 0.10 3.27% 44.01 normal
2018-12-20__13:54:16 0.30 0.15 0.10 5.71% 44.01 normal
2018-12-20__13:54:22 0.28 0.14 0.10 6.54% 45.08 normal
2018-12-20__13:54:27 0.25 0.14 0.10 4.78% 44.55 normal
2018-12-20__13:54:33 0.39 0.17 0.11 2.84% 44.55 normal
2018-12-20__13:54:39 0.36 0.17 0.11 1.90% 44.01 normal
2018-12-20__13:54:44 0.33 0.17 0.11 1.90% 45.08 normal
2018-12-20__13:54:50 0.39 0.18 0.11 7.01% 45.08 normal
2018-12-20__13:54:55 0.33 0.18 0.11 0.95% 44.01 normal
2018-12-20__13:55:01 0.30 0.17 0.11 0.49% 45.08 normal
2018-12-20__13:55:07 0.28 0.17 0.11 6.57% 44.01 normal
2018-12-20__13:55:12 0.25 0.17 0.11 1.43% 45.08 normal
2018-12-20__13:55:18 0.23 0.16 0.11 6.51% 45.08 normal
2018-12-20__13:55:24 0.21 0.16 0.11 2.36% 44.01 normal
2018-12-20__13:55:29 0.20 0.16 0.11 5.24% 45.08 normal
2018-12-20__13:55:35 0.18 0.15 0.10 3.83% 44.01 normal
2018-12-20__13:55:40 0.15 0.15 0.10 6.88% 44.01 normal
2018-12-20__13:55:46 0.14 0.15 0.10 2.36% 44.01 normal
2018-12-20__13:55:52 0.13 0.14 0.10 4.65% 44.01 normal
2018-12-20__13:55:57 0.12 0.14 0.10 6.98% 44.01 normal
2018-12-20__13:56:03 0.11 0.14 0.10 2.36% 44.55 normal
2018-12-20__13:56:09 0.10 0.14 0.10 3.86% 44.55 normal
2018-12-20__13:56:14 0.09 0.13 0.10 1.90% 44.55 normal
