2018-12-23__14:14:34 1.66 1.13 1.03 5.47% 25.00 normal
2018-12-23__14:14:39 1.77 1.16 1.04 8.42% 25.00 normal
2018-12-23__14:14:45 1.79 1.17 1.05 3.48% 25.00 normal
2018-12-23__14:14:58 1.98 1.23 1.07 12.81% 25.00 normal
2018-12-23__14:15:03 1.98 1.26 1.08 5.47% 25.00 normal
2018-12-23__14:15:09 1.98 1.27 1.09 4.90% 25.00 normal
2018-12-23__14:15:14 1.98 1.29 1.09 5.03% 25.00 normal
2018-12-23__14:15:20 2.15 1.33 1.11 7.96% 25.00 normal
2018-12-23__14:15:25 2.13 1.34 1.11 3.02% 25.00 normal
2018-12-23__14:15:31 2.12 1.35 1.12 1.49% 25.00 normal
2018-12-23__14:15:36 1.95 1.33 1.11 9.95% 25.00 normal
2018-12-23__14:15:42 1.96 1.34 1.12 14.50% 25.00 normal
2018-12-23__14:15:47 1.80 1.32 1.11 2.96% 25.00 normal
2018-12-23__14:15:53 1.82 1.33 1.11 10.10% 25.00 normal
2018-12-23__14:15:58 2.10 1.40 1.14 4.57% 25.00 normal
2018-12-23__14:16:04 2.01 1.40 1.14 9.05% 25.00 normal
2018-12-23__14:16:10 2.01 1.41 1.14 4.48% 25.00 normal
2018-12-23__14:16:15 2.01 1.42 1.15 42.79% 25.00 normal
2018-12-23__14:16:21 2.17 1.46 1.16 5.56% 25.00 normal
2018-12-23__14:16:26 1.99 1.43 1.16 38.58% 25.00 normal
2018-12-23__14:16:32 2.31 1.51 1.18 25.25% 25.00 normal
2018-12-23__14:16:37 2.69 1.60 1.22 8.46% 25.00 normal
2018-12-23__14:16:43 2.63 1.61 1.22 12.38% 25.00 normal
2018-12-23__14:16:48 2.66 1.63 1.23 10.71% 25.00 normal
2018-12-23__14:16:54 2.78 1.69 1.25 11.22% 25.00 normal
2018-12-23__14:16:59 2.64 1.68 1.25 11.44% 25.00 normal
2018-12-23__14:17:05 2.59 1.69 1.26 21.50% 25.00 normal
2018-12-23__14:17:10 2.46 1.68 1.26 7.69% 25.00 normal
2018-12-23__14:17:16 2.50 1.70 1.27 13.79% 25.00 normal
2018-12-23__14:17:21 2.46 1.70 1.27 15.92% 25.00 normal
2018-12-23__14:17:27 2.43 1.71 1.27 6.40% 25.00 normal
2018-12-23__14:17:32 2.39 1.71 1.28 6.47% 25.00 normal
2018-12-23__14:17:38 2.28 1.70 1.28 28.08% 25.00 normal
2018-12-23__14:17:43 2.24 1.71 1.28 26.53% 25.00 normal
2018-12-23__14:17:49 2.22 1.72 1.29 32.32% 25.00 normal
2018-12-23__14:17:55 2.28 1.74 1.30 9.00% 25.00 normal
2018-12-23__14:18:00 2.34 1.76 1.31 10.10% 25.00 normal
2018-12-23__14:18:06 2.23 1.75 1.31 10.34% 25.00 normal
2018-12-23__14:18:11 2.45 1.80 1.33 16.33% 25.00 normal
2018-12-23__14:18:17 2.42 1.80 1.33 3.94% 25.00 normal
2018-12-23__14:18:22 2.38 1.81 1.33 8.37% 25.00 normal
2018-12-23__14:18:28 2.35 1.81 1.34 8.04% 25.00 normal
2018-12-23__14:18:33 2.24 1.80 1.33 6.90% 25.00 normal
2018-12-23__14:18:39 2.28 1.82 1.35 2.50% 25.00 normal
2018-12-23__14:18:44 2.34 1.84 1.36 6.00% 25.00 normal
2018-12-23__14:18:50 2.31 1.84 1.36 7.00% 25.00 normal
2018-12-23__14:18:55 2.21 1.83 1.36 5.88% 25.00 normal
2018-12-23__14:19:01 2.19 1.83 1.36 4.95% 25.00 normal
2018-12-23__14:19:06 2.25 1.85 1.37 7.32% 25.00 normal
2018-12-23__14:19:12 2.15 1.84 1.37 8.46% 25.00 normal
2018-12-23__14:19:17 2.14 1.84 1.37 5.42% 25.00 normal
2018-12-23__14:19:23 2.21 1.86 1.38 5.47% 25.00 normal
2018-12-23__14:19:28 2.26 1.88 1.39 5.42% 25.00 normal
2018-12-23__14:19:34 2.16 1.87 1.39 9.95% 25.00 normal
2018-12-23__14:19:39 2.14 1.87 1.40 2.99% 25.00 normal
2018-12-23__14:19:45 2.13 1.87 1.40 2.54% 25.00 normal
2018-12-23__14:19:51 2.04 1.86 1.40 3.47% 25.00 normal
2018-12-23__14:19:56 2.04 1.86 1.40 7.96% 25.00 normal
2018-12-23__14:20:02 2.03 1.86 1.40 6.93% 25.00 normal
2018-12-23__14:20:07 2.03 1.87 1.41 6.00% 25.00 normal
2018-12-23__14:20:13 2.27 1.92 1.43 5.45% 25.00 normal
2018-12-23__14:20:18 2.25 1.92 1.43 7.43% 25.00 normal
2018-12-23__14:20:24 2.21 1.92 1.44 5.50% 25.00 normal
2018-12-23__14:20:29 2.19 1.92 1.44 5.50% 25.00 normal
2018-12-23__14:20:35 2.18 1.92 1.44 2.50% 25.00 normal
2018-12-23__14:20:40 2.16 1.93 1.45 6.97% 25.00 normal
2018-12-23__14:20:46 2.31 1.96 1.46 6.00% 25.00 normal
2018-12-23__14:20:51 2.28 1.96 1.46 4.50% 25.00 normal
2018-12-23__14:20:57 2.18 1.95 1.46 3.98% 25.00 normal
2018-12-23__14:21:02 2.17 1.95 1.46 5.97% 25.00 normal
2018-12-23__14:21:08 2.07 1.93 1.46 8.96% 25.00 normal
2018-12-23__14:21:13 2.07 1.93 1.46 3.50% 25.00 normal
2018-12-23__14:21:19 2.06 1.93 1.47 4.98% 25.00 normal
2018-12-23__14:21:24 2.06 1.94 1.47 4.98% 25.00 normal
2018-12-23__14:21:30 2.05 1.94 1.47 8.50% 25.00 normal
2018-12-23__14:21:35 1.97 1.92 1.47 3.96% 25.00 normal
2018-12-23__14:21:41 1.97 1.92 1.47 5.97% 25.00 normal
2018-12-23__14:21:47 1.97 1.92 1.48 2.50% 25.00 normal
2018-12-23__14:21:52 1.98 1.93 1.48 8.00% 25.00 normal
2018-12-23__14:21:58 2.06 1.94 1.49 10.05% 25.00 normal
2018-12-23__14:22:03 2.05 1.95 1.49 6.03% 25.00 normal
2018-12-23__14:22:09 2.13 1.96 1.50 3.47% 25.00 normal
2018-12-23__14:22:14 2.20 1.98 1.51 7.92% 25.00 normal
2018-12-23__14:22:20 2.35 2.02 1.52 6.00% 25.00 normal
2018-12-23__14:22:25 2.40 2.03 1.53 4.55% 25.00 normal
2018-12-23__14:22:31 2.45 2.05 1.54 2.49% 25.00 normal
2018-12-23__14:22:36 2.41 2.05 1.54 6.97% 25.00 normal
2018-12-23__14:22:42 2.38 2.05 1.55 7.88% 25.00 normal
2018-12-23__14:22:47 2.51 2.08 1.56 4.04% 25.00 normal
2018-12-23__14:22:53 2.47 2.08 1.56 5.88% 25.00 normal
2018-12-23__14:22:58 2.43 2.08 1.57 5.97% 25.00 normal
2018-12-23__14:23:04 2.51 2.11 1.58 7.96% 25.00 normal
2018-12-23__14:23:09 2.47 2.10 1.58 4.00% 25.00 normal
2018-12-23__14:23:15 2.43 2.10 1.59 5.00% 25.00 normal
2018-12-23__14:23:20 2.32 2.08 1.58 5.94% 25.00 normal
2018-12-23__14:23:26 2.21 2.07 1.58 9.41% 25.00 normal
2018-12-23__14:23:31 2.19 2.06 1.58 3.47% 25.00 normal
2018-12-23__14:23:37 2.18 2.06 1.58 7.32% 25.00 normal
2018-12-23__14:23:42 2.00 2.03 1.58 3.48% 25.00 normal
2018-12-23__14:23:48 2.00 2.03 1.58 9.90% 25.00 normal
2018-12-23__14:23:54 2.00 2.03 1.58 6.03% 25.00 normal
2018-12-23__14:23:59 2.00 2.03 1.58 8.37% 25.00 normal
2018-12-23__14:24:05 2.00 2.03 1.59 3.48% 25.00 normal
2018-12-23__14:24:10 2.24 2.08 1.61 7.00% 25.00 normal
2018-12-23__14:24:16 2.22 2.07 1.61 5.00% 25.00 normal
2018-12-23__14:24:21 2.28 2.09 1.62 6.90% 25.00 normal
2018-12-23__14:24:27 2.26 2.09 1.62 3.48% 25.00 normal
2018-12-23__14:24:32 2.24 2.09 1.62 8.33% 25.00 normal
2018-12-23__14:24:38 2.22 2.08 1.62 7.43% 25.00 normal
2018-12-23__14:24:43 2.12 2.07 1.62 6.47% 25.00 normal
2018-12-23__14:24:49 2.02 2.05 1.62 3.48% 25.00 normal
2018-12-23__14:24:54 2.02 2.05 1.62 5.97% 25.00 normal
2018-12-23__14:25:00 1.94 2.03 1.62 7.54% 25.00 normal
2018-12-23__14:25:05 1.94 2.03 1.62 4.98% 25.00 normal
2018-12-23__14:25:11 1.95 2.03 1.62 4.98% 25.00 normal
2018-12-23__14:25:16 1.95 2.03 1.63 5.45% 25.00 normal
2018-12-23__14:25:22 1.88 2.01 1.62 9.00% 25.00 normal
2018-12-23__14:25:27 1.81 1.99 1.62 3.48% 25.00 normal
2018-12-23__14:25:33 1.90 2.01 1.63 31.66% 25.00 normal
2018-12-23__14:25:38 1.91 2.01 1.63 3.96% 25.00 normal
2018-12-23__14:25:44 1.84 1.99 1.63 9.90% 25.00 normal
2018-12-23__14:25:50 1.86 1.99 1.63 4.48% 25.00 normal
2018-12-23__14:25:55 1.87 1.99 1.63 6.47% 25.00 normal
2018-12-23__14:26:01 1.88 1.99 1.64 2.99% 25.00 normal
2018-12-23__14:26:06 1.81 1.98 1.63 6.03% 25.00 normal
2018-12-23__14:26:12 1.98 2.01 1.64 6.44% 25.00 normal
2018-12-23__14:26:17 1.83 1.98 1.64 5.53% 25.00 normal
2018-12-23__14:26:23 1.76 1.96 1.63 3.47% 25.00 normal
2018-12-23__14:26:28 1.62 1.93 1.62 7.00% 25.00 normal
2018-12-23__14:26:34 1.57 1.91 1.62 6.93% 25.00 normal
2018-12-23__14:26:39 1.41 1.87 1.61 5.94% 25.00 normal
2018-12-23__14:26:45 1.29 1.83 1.60 4.46% 25.00 normal
2018-12-23__14:26:50 1.35 1.84 1.60 4.52% 25.00 normal
2018-12-23__14:26:56 1.24 1.81 1.59 7.04% 25.00 normal
2018-12-23__14:27:01 1.22 1.79 1.59 4.48% 25.00 normal
2018-12-23__14:27:07 1.36 1.81 1.60 4.48% 25.00 normal
2018-12-23__14:27:12 1.34 1.80 1.59 5.47% 25.00 normal
2018-12-23__14:27:18 1.23 1.77 1.58 8.04% 25.00 normal
2018-12-23__14:27:23 1.13 1.74 1.58 2.01% 25.00 normal
2018-12-23__14:27:29 0.95 1.68 1.56 5.94% 25.00 normal
2018-12-23__14:27:34 0.88 1.65 1.55 4.46% 25.00 normal
2018-12-23__14:27:40 0.81 1.62 1.54 9.95% 25.00 normal
2018-12-23__14:27:46 0.74 1.60 1.53 3.00% 25.00 normal
2018-12-23__14:27:51 0.68 1.57 1.52 6.47% 25.00 normal
2018-12-23__14:27:57 0.63 1.54 1.52 5.34% 25.00 normal
2018-12-23__14:28:02 0.58 1.52 1.51 7.50% 25.00 normal
2018-12-23__14:28:08 0.53 1.49 1.50 5.94% 25.00 normal
2018-12-23__14:28:13 0.49 1.47 1.49 3.05% 25.00 normal
2018-12-23__14:28:19 0.61 1.48 1.49 2.50% 25.00 normal
2018-12-23__14:28:24 0.52 1.43 1.48 6.47% 25.00 normal
2018-12-23__14:28:30 0.47 1.40 1.47 6.00% 25.00 normal
2018-12-23__14:28:35 0.44 1.38 1.46 5.00% 25.00 normal
2018-12-23__14:28:41 0.40 1.36 1.45 3.98% 25.00 normal
2018-12-23__14:28:46 0.37 1.33 1.44 5.50% 25.00 normal
2018-12-23__14:28:52 0.50 1.35 1.45 7.04% 25.00 normal
2018-12-23__14:28:57 0.62 1.36 1.45 5.94% 25.00 normal
2018-12-23__14:29:03 0.57 1.33 1.44 2.54% 25.00 normal
2018-12-23__14:29:08 0.52 1.31 1.44 5.94% 25.00 normal
2018-12-23__14:29:14 0.44 1.27 1.42 8.00% 25.00 normal
2018-12-23__14:29:19 0.41 1.25 1.41 3.50% 25.00 normal
2018-12-23__14:29:25 0.37 1.23 1.40 5.47% 25.00 normal
2018-12-23__14:29:30 0.34 1.21 1.40 4.48% 25.00 normal
2018-12-23__14:29:36 0.32 1.19 1.39 9.95% 25.00 normal
2018-12-23__14:29:41 0.29 1.17 1.38 3.47% 25.00 normal
2018-12-23__14:29:47 0.27 1.15 1.37 7.43% 25.00 normal
2018-12-23__14:29:53 0.25 1.13 1.37 4.43% 25.00 normal
2018-12-23__14:29:58 0.23 1.11 1.36 9.00% 25.00 normal
2018-12-23__14:30:04 0.21 1.09 1.35 5.03% 25.00 normal
2018-12-23__14:30:09 0.17 1.05 1.34 8.33% 25.00 normal
2018-12-23__14:30:15 0.16 1.04 1.33 2.99% 25.00 normal
2018-12-23__14:30:20 0.15 1.02 1.32 6.06% 25.00 normal
2018-12-23__14:30:26 0.14 1.00 1.31 6.93% 25.00 normal
2018-12-23__14:30:31 0.12 0.98 1.31 5.94% 25.00 normal
2018-12-23__14:30:37 0.11 0.97 1.30 3.96% 25.00 normal
2018-12-23__14:30:42 0.10 0.95 1.29 5.03% 25.00 normal
2018-12-23__14:30:48 0.10 0.93 1.28 6.53% 25.00 normal
2018-12-23__14:30:53 0.09 0.92 1.28 5.00% 25.00 normal
2018-12-23__14:30:59 0.08 0.90 1.27 4.48% 25.00 normal
2018-12-23__14:31:04 0.07 0.87 1.26 4.50% 25.00 normal
2018-12-23__14:31:10 0.30 0.91 1.27 7.04% 25.00 normal
2018-12-23__14:31:15 0.28 0.89 1.26 4.00% 25.00 normal
2018-12-23__14:31:21 0.26 0.88 1.25 4.52% 25.00 normal
2018-12-23__14:31:26 0.23 0.86 1.25 5.42% 25.00 normal
2018-12-23__14:31:32 0.22 0.85 1.24 8.96% 25.00 normal
2018-12-23__14:31:37 0.20 0.83 1.23 4.90% 25.00 normal
2018-12-23__14:31:43 0.18 0.82 1.22 8.82% 25.00 normal
2018-12-23__14:31:49 0.41 0.86 1.23 2.51% 25.00 normal
2018-12-23__14:31:54 0.35 0.83 1.22 6.53% 25.00 normal
2018-12-23__14:32:00 0.32 0.81 1.21 5.47% 25.00 normal
2018-12-23__14:32:05 0.29 0.80 1.21 6.97% 25.00 normal
2018-12-23__14:32:11 0.27 0.79 1.20 2.99% 25.00 normal
2018-12-23__14:32:16 0.25 0.77 1.19 6.06% 25.00 normal
2018-12-23__14:32:22 0.23 0.76 1.19 6.47% 25.00 normal
2018-12-23__14:32:27 0.21 0.75 1.18 5.00% 25.00 normal
2018-12-23__14:32:33 0.19 0.74 1.17 2.51% 25.00 normal
2018-12-23__14:32:38 0.18 0.72 1.17 5.53% 25.00 normal
2018-12-23__14:32:44 0.16 0.71 1.16 7.04% 25.00 normal
2018-12-23__14:32:49 0.22 0.70 1.15 5.94% 25.00 normal
2018-12-23__14:32:55 0.60 0.78 1.17 5.42% 25.00 normal
2018-12-23__14:33:00 0.63 0.78 1.17 3.54% 25.00 normal
2018-12-23__14:33:06 0.74 0.80 1.18 8.91% 25.00 normal
2018-12-23__14:33:11 0.76 0.80 1.18 3.96% 25.00 normal
2018-12-23__14:33:17 0.78 0.81 1.18 5.45% 25.00 normal
2018-12-23__14:33:22 0.80 0.81 1.18 3.52% 25.00 normal
2018-12-23__14:33:28 0.82 0.81 1.17 7.92% 25.00 normal
2018-12-23__14:33:33 0.99 0.85 1.18 3.48% 25.00 normal
2018-12-23__14:33:39 1.07 0.87 1.19 5.53% 25.00 normal
2018-12-23__14:33:45 0.98 0.86 1.18 2.49% 25.00 normal
2018-12-23__14:33:50 0.98 0.86 1.18 7.04% 25.00 normal
2018-12-23__14:33:56 0.98 0.86 1.18 5.97% 25.00 normal
2018-12-23__14:34:01 1.07 0.88 1.18 6.53% 25.00 normal
2018-12-23__14:34:07 1.06 0.88 1.18 2.00% 25.00 normal
2018-12-23__14:34:12 1.14 0.90 1.19 7.00% 25.00 normal
2018-12-23__14:34:18 1.12 0.90 1.19 5.50% 25.00 normal
2018-12-23__14:34:23 1.35 0.96 1.20 5.97% 25.00 normal
2018-12-23__14:34:29 1.33 0.96 1.20 3.98% 25.00 normal
2018-12-23__14:34:34 1.42 0.99 1.21 6.93% 25.00 normal
2018-12-23__14:34:40 1.47 1.01 1.21 6.00% 25.00 normal
2018-12-23__14:34:45 1.43 1.01 1.21 4.52% 25.00 normal
2018-12-23__14:34:51 1.48 1.02 1.21 3.98% 25.00 normal
2018-12-23__14:34:56 1.44 1.02 1.21 4.52% 25.00 normal
2018-12-23__14:35:02 1.48 1.04 1.22 8.42% 25.00 normal
2018-12-23__14:35:07 1.53 1.06 1.22 3.00% 25.00 normal
2018-12-23__14:35:13 1.56 1.07 1.23 4.52% 25.00 normal
2018-12-23__14:35:18 1.60 1.09 1.23 5.88% 25.00 normal
2018-12-23__14:35:24 1.63 1.10 1.24 7.61% 25.00 normal
2018-12-23__14:35:29 1.77 1.15 1.25 2.99% 25.00 normal
2018-12-23__14:35:35 1.79 1.16 1.25 5.03% 25.00 normal
2018-12-23__14:35:40 1.80 1.18 1.26 3.00% 25.00 normal
2018-12-23__14:35:46 1.74 1.18 1.26 8.91% 25.00 normal
2018-12-23__14:35:52 1.76 1.19 1.26 5.47% 25.00 normal
2018-12-23__14:35:57 1.78 1.20 1.27 6.97% 25.00 normal
2018-12-23__14:36:03 1.80 1.22 1.27 4.93% 25.00 normal
2018-12-23__14:36:08 1.73 1.21 1.27 6.97% 25.00 normal
2018-12-23__14:36:14 1.76 1.23 1.27 7.84% 25.00 normal
2018-12-23__14:36:19 1.94 1.27 1.29 7.96% 25.00 normal
2018-12-23__14:36:25 1.95 1.30 1.30 3.94% 25.00 normal
2018-12-23__14:36:30 1.95 1.31 1.30 7.88% 25.00 normal
2018-12-23__14:36:36 1.95 1.32 1.30 6.97% 25.00 normal
2018-12-23__14:36:41 1.96 1.33 1.31 5.47% 25.00 normal
2018-12-23__14:36:47 1.88 1.33 1.31 3.00% 25.00 normal
2018-12-23__14:36:52 1.89 1.34 1.31 5.94% 25.00 normal
2018-12-23__14:36:58 2.14 1.40 1.33 9.00% 25.00 normal
2018-12-23__14:37:03 2.13 1.41 1.33 4.98% 25.00 normal
2018-12-23__14:37:09 2.20 1.44 1.34 5.50% 25.00 normal
2018-12-23__14:37:14 2.17 1.45 1.35 4.98% 25.00 normal
2018-12-23__14:37:20 2.23 1.48 1.36 8.91% 25.00 normal
2018-12-23__14:37:25 2.14 1.47 1.36 3.98% 25.00 normal
2018-12-23__14:37:31 2.12 1.48 1.36 4.52% 25.00 normal
2018-12-23__14:37:36 2.11 1.49 1.37 3.50% 25.00 normal
2018-12-23__14:37:42 2.10 1.50 1.37 9.45% 25.00 normal
2018-12-23__14:37:48 2.10 1.51 1.37 5.42% 25.00 normal
2018-12-23__14:37:53 2.09 1.52 1.38 8.37% 25.00 normal
2018-12-23__14:37:59 2.08 1.52 1.38 4.41% 25.00 normal
2018-12-23__14:38:04 2.15 1.55 1.39 7.96% 25.00 normal
2018-12-23__14:38:10 2.20 1.58 1.40 6.90% 25.00 normal
2018-12-23__14:38:15 2.18 1.59 1.40 8.78% 25.00 normal
2018-12-23__14:38:21 2.17 1.59 1.41 2.50% 25.00 normal
2018-12-23__14:38:26 2.15 1.60 1.41 6.97% 25.00 normal
2018-12-23__14:38:32 2.14 1.61 1.41 6.00% 25.00 normal
2018-12-23__14:38:37 2.13 1.61 1.42 6.44% 25.00 normal
2018-12-23__14:38:43 2.04 1.60 1.41 3.96% 25.00 normal
2018-12-23__14:38:48 2.12 1.63 1.42 5.97% 25.00 normal
2018-12-23__14:38:54 2.11 1.63 1.43 9.80% 25.00 normal
2018-12-23__14:38:59 2.09 1.65 1.43 4.50% 25.00 normal
2018-12-23__14:39:05 2.08 1.65 1.44 6.37% 25.00 normal
2018-12-23__14:39:10 2.08 1.66 1.44 3.03% 25.00 normal
2018-12-23__14:39:16 2.07 1.66 1.44 7.54% 25.00 normal
2018-12-23__14:39:21 2.06 1.67 1.45 3.98% 25.00 normal
2018-12-23__14:39:27 2.14 1.69 1.46 5.47% 25.00 normal
2018-12-23__14:39:32 2.13 1.70 1.46 5.39% 25.00 normal
2018-12-23__14:39:38 2.20 1.72 1.47 10.78% 25.00 normal
2018-12-23__14:39:44 2.18 1.73 1.47 4.48% 25.00 normal
2018-12-23__14:39:49 2.33 1.76 1.48 7.43% 25.00 normal
2018-12-23__14:39:55 2.59 1.84 1.51 3.94% 25.00 normal
2018-12-23__14:40:00 2.62 1.86 1.52 6.00% 25.00 normal
2018-12-23__14:40:06 2.57 1.86 1.52 6.47% 25.00 normal
2018-12-23__14:40:11 2.53 1.86 1.52 6.97% 25.00 normal
2018-12-23__14:40:17 2.49 1.87 1.53 2.97% 25.00 normal
2018-12-23__14:40:22 2.45 1.87 1.53 6.50% 25.00 normal
2018-12-23__14:40:28 2.41 1.87 1.53 5.05% 25.00 normal
2018-12-23__14:40:33 2.38 1.87 1.54 6.40% 25.00 normal
2018-12-23__14:40:39 2.27 1.86 1.53 3.47% 25.00 normal
2018-12-23__14:40:44 2.25 1.86 1.54 6.47% 25.00 normal
2018-12-23__14:40:50 2.21 1.87 1.54 6.06% 25.00 normal
2018-12-23__14:40:55 2.19 1.87 1.55 4.50% 25.00 normal
2018-12-23__14:41:01 2.17 1.87 1.55 5.42% 25.00 normal
2018-12-23__14:41:06 2.16 1.87 1.55 5.94% 25.00 normal
2018-12-23__14:41:12 2.39 1.92 1.57 8.91% 25.00 normal
2018-12-23__14:41:17 2.28 1.91 1.57 4.48% 25.00 normal
2018-12-23__14:41:23 2.25 1.91 1.57 4.50% 25.00 normal
2018-12-23__14:41:28 2.31 1.93 1.58 3.98% 25.00 normal
2018-12-23__14:41:34 2.21 1.91 1.57 10.50% 25.00 normal
2018-12-23__14:41:40 2.25 1.93 1.58 5.39% 25.00 normal
2018-12-23__14:41:45 2.31 1.95 1.59 6.93% 25.00 normal
2018-12-23__14:41:51 2.61 2.02 1.61 3.94% 25.00 normal
2018-12-23__14:41:56 2.56 2.02 1.62 6.03% 25.00 normal
2018-12-23__14:42:02 2.51 2.02 1.62 6.93% 25.00 normal
2018-12-23__14:42:07 2.47 2.02 1.62 6.93% 25.00 normal
2018-12-23__14:42:13 2.43 2.02 1.62 4.41% 25.00 normal
2018-12-23__14:42:18 2.40 2.02 1.63 8.37% 25.00 normal
2018-12-23__14:42:24 2.37 2.02 1.63 7.88% 25.00 normal
2018-12-23__14:42:29 2.34 2.02 1.63 4.95% 25.00 normal
2018-12-23__14:42:35 2.28 2.01 1.64 3.96% 25.00 normal
2018-12-23__14:42:40 2.26 2.01 1.64 5.97% 25.00 normal
2018-12-23__14:42:46 2.24 2.01 1.64 7.46% 25.00 normal
2018-12-23__14:42:51 2.22 2.01 1.64 4.98% 25.00 normal
2018-12-23__14:42:57 2.20 2.01 1.64 19.90% 25.00 normal
2018-12-23__14:43:02 2.19 2.01 1.65 5.00% 25.00 normal
2018-12-23__14:43:08 2.17 2.01 1.65 9.36% 25.00 normal
2018-12-23__14:43:13 2.16 2.01 1.65 3.52% 25.00 normal
2018-12-23__14:43:19 2.22 2.03 1.66 4.02% 25.00 normal
2018-12-23__14:43:24 2.29 2.04 1.66 4.95% 25.00 normal
2018-12-23__14:43:30 2.32 2.06 1.67 9.00% 25.00 normal
2018-12-23__14:43:35 2.29 2.06 1.68 3.00% 25.00 normal
2018-12-23__14:43:41 2.27 2.06 1.68 6.00% 25.00 normal
2018-12-23__14:43:47 2.25 2.06 1.68 2.49% 25.00 normal
2018-12-23__14:43:52 2.23 2.05 1.68 5.05% 25.00 normal
2018-12-23__14:43:58 2.21 2.05 1.68 5.50% 25.00 normal
2018-12-23__14:44:03 2.19 2.05 1.69 7.00% 25.00 normal
2018-12-23__14:44:09 2.17 2.05 1.69 4.93% 25.00 normal
2018-12-23__14:44:14 2.16 2.05 1.69 8.59% 25.00 normal
2018-12-23__14:44:20 2.14 2.05 1.69 5.53% 25.00 normal
2018-12-23__14:44:25 2.04 2.03 1.69 4.52% 25.00 normal
2018-12-23__14:44:31 2.04 2.03 1.69 3.96% 25.00 normal
2018-12-23__14:44:36 2.04 2.03 1.69 7.35% 25.00 normal
2018-12-23__14:44:42 2.03 2.03 1.70 8.42% 25.00 normal
2018-12-23__14:44:47 2.11 2.05 1.70 7.84% 25.00 normal
2018-12-23__14:44:53 2.10 2.04 1.70 8.91% 25.00 normal
2018-12-23__14:44:58 2.09 2.04 1.71 6.97% 25.00 normal
2018-12-23__14:45:04 2.25 2.08 1.72 8.91% 25.00 normal
2018-12-23__14:45:09 2.23 2.07 1.72 3.52% 25.00 normal
2018-12-23__14:45:15 2.19 2.07 1.73 4.00% 25.00 normal
2018-12-23__14:45:20 2.17 2.07 1.73 3.50% 25.00 normal
2018-12-23__14:45:26 2.16 2.07 1.73 10.34% 25.00 normal
2018-12-23__14:45:31 2.15 2.07 1.73 2.49% 25.00 normal
2018-12-23__14:45:37 2.14 2.07 1.73 6.90% 25.00 normal
2018-12-23__14:45:43 2.12 2.06 1.73 2.50% 25.00 normal
2018-12-23__14:45:48 2.11 2.06 1.73 6.47% 25.00 normal
2018-12-23__14:45:54 2.10 2.06 1.74 7.88% 25.00 normal
2018-12-23__14:45:59 2.10 2.06 1.74 6.00% 25.00 normal
2018-12-23__14:46:05 2.09 2.06 1.74 2.99% 25.00 normal
2018-12-23__14:46:10 2.07 2.06 1.74 5.56% 25.00 normal
2018-12-23__14:46:16 2.07 2.06 1.74 6.00% 25.00 normal
2018-12-23__14:46:21 1.98 2.04 1.74 5.91% 25.00 normal
2018-12-23__14:46:27 1.98 2.04 1.74 4.90% 25.00 normal
2018-12-23__14:46:32 1.90 2.02 1.74 6.00% 25.00 normal
2018-12-23__14:46:38 1.91 2.02 1.74 7.92% 25.00 normal
2018-12-23__14:46:43 1.76 1.99 1.73 3.52% 25.00 normal
2018-12-23__14:46:49 1.78 1.99 1.73 5.42% 25.00 normal
2018-12-23__14:46:54 1.64 1.95 1.72 5.05% 25.00 normal
2018-12-23__14:47:00 1.53 1.92 1.71 9.36% 25.00 normal
2018-12-23__14:47:05 1.57 1.92 1.71 3.98% 25.00 normal
2018-12-23__14:47:11 1.44 1.89 1.70 7.32% 25.00 normal
2018-12-23__14:47:16 1.49 1.89 1.71 3.50% 25.00 normal
2018-12-23__14:47:22 1.37 1.86 1.70 9.50% 25.00 normal
2018-12-23__14:47:27 1.42 1.86 1.70 4.88% 25.00 normal
2018-12-23__14:47:33 1.31 1.83 1.69 8.91% 25.00 normal
2018-12-23__14:47:39 1.28 1.82 1.69 4.46% 25.00 normal
2018-12-23__14:47:44 1.18 1.79 1.68 5.61% 25.00 normal
2018-12-23__14:47:50 1.16 1.77 1.67 5.50% 25.00 normal
2018-12-23__14:47:55 1.06 1.73 1.66 9.74% 25.00 normal
2018-12-23__14:48:01 0.98 1.70 1.65 2.99% 25.00 normal
2018-12-23__14:48:06 0.90 1.67 1.64 10.89% 25.00 normal
2018-12-23__14:48:12 0.83 1.65 1.63 6.53% 25.00 normal
2018-12-23__14:48:17 0.76 1.62 1.62 7.92% 25.00 normal
2018-12-23__14:48:23 0.70 1.59 1.61 3.02% 25.00 normal
2018-12-23__14:48:28 0.72 1.58 1.61 5.97% 25.00 normal
2018-12-23__14:48:34 0.67 1.56 1.60 7.92% 25.00 normal
2018-12-23__14:48:39 0.61 1.53 1.59 6.34% 25.00 normal
2018-12-23__14:48:45 0.52 1.48 1.58 5.88% 25.00 normal
2018-12-23__14:48:50 0.48 1.45 1.57 5.91% 25.00 normal
2018-12-23__14:48:56 0.44 1.43 1.56 19.70% 25.00 normal
2018-12-23__14:49:01 0.40 1.41 1.55 5.97% 25.00 normal
