2018-12-23__14:14:25 0 disk 216234M 182288M 10.60%
2018-12-23__14:14:58 1 / 100281M 84218M 12%
2018-12-23__14:14:58 1 /boot 976M 791M 13%
2018-12-23__14:14:58 1 /boot/efi 1022M 1016M 1%
2018-12-23__14:14:58 1 /home 113955M 96263M 11%
2018-12-23__14:14:58 0 disk 216234M 182288M 10.60%
2018-12-23__14:15:58 1 / 100281M 84218M 12%
2018-12-23__14:15:58 1 /boot 976M 791M 13%
2018-12-23__14:15:58 1 /boot/efi 1022M 1016M 1%
2018-12-23__14:15:58 1 /home 113955M 96263M 11%
2018-12-23__14:15:58 0 disk 216234M 182288M 10.60%
2018-12-23__14:16:58 1 / 100281M 84218M 12%
2018-12-23__14:16:58 1 /boot 976M 791M 13%
2018-12-23__14:16:58 1 /boot/efi 1022M 1016M 1%
2018-12-23__14:16:58 1 /home 113955M 96251M 11%
2018-12-23__14:16:58 0 disk 216234M 182276M 10.60%
2018-12-23__14:17:58 1 / 100281M 84218M 12%
2018-12-23__14:17:58 1 /boot 976M 791M 13%
2018-12-23__14:17:58 1 /boot/efi 1022M 1016M 1%
2018-12-23__14:17:58 1 /home 113955M 96222M 12%
2018-12-23__14:17:58 0 disk 216234M 182247M 10.62%
2018-12-23__14:18:58 1 / 100281M 84218M 12%
2018-12-23__14:18:58 1 /boot 976M 791M 13%
2018-12-23__14:18:58 1 /boot/efi 1022M 1016M 1%
2018-12-23__14:18:58 1 /home 113955M 96213M 12%
2018-12-23__14:18:58 0 disk 216234M 182238M 10.62%
2018-12-23__14:19:58 1 / 100281M 84218M 12%
2018-12-23__14:19:58 1 /boot 976M 791M 13%
2018-12-23__14:19:58 1 /boot/efi 1022M 1016M 1%
2018-12-23__14:19:58 1 /home 113955M 96213M 12%
2018-12-23__14:19:58 0 disk 216234M 182238M 10.62%
2018-12-23__14:20:58 1 / 100281M 84218M 12%
2018-12-23__14:20:58 1 /boot 976M 791M 13%
2018-12-23__14:20:58 1 /boot/efi 1022M 1016M 1%
2018-12-23__14:20:58 1 /home 113955M 96213M 12%
2018-12-23__14:20:58 0 disk 216234M 182238M 10.62%
2018-12-23__14:21:58 1 / 100281M 84218M 12%
2018-12-23__14:21:58 1 /boot 976M 791M 13%
2018-12-23__14:21:58 1 /boot/efi 1022M 1016M 1%
2018-12-23__14:21:58 1 /home 113955M 96213M 12%
2018-12-23__14:21:58 0 disk 216234M 182238M 10.62%
2018-12-23__14:22:58 1 / 100281M 84218M 12%
2018-12-23__14:22:58 1 /boot 976M 791M 13%
2018-12-23__14:22:58 1 /boot/efi 1022M 1016M 1%
2018-12-23__14:22:58 1 /home 113955M 96213M 12%
2018-12-23__14:22:58 0 disk 216234M 182238M 10.62%
2018-12-23__14:23:58 1 / 100281M 84218M 12%
2018-12-23__14:23:58 1 /boot 976M 791M 13%
2018-12-23__14:23:58 1 /boot/efi 1022M 1016M 1%
2018-12-23__14:23:58 1 /home 113955M 96214M 12%
2018-12-23__14:23:58 0 disk 216234M 182239M 10.62%
2018-12-23__14:24:58 1 / 100281M 84218M 12%
2018-12-23__14:24:58 1 /boot 976M 791M 13%
2018-12-23__14:24:58 1 /boot/efi 1022M 1016M 1%
2018-12-23__14:24:58 1 /home 113955M 96214M 12%
2018-12-23__14:24:58 0 disk 216234M 182239M 10.62%
2018-12-23__14:25:58 1 / 100281M 84218M 12%
2018-12-23__14:25:58 1 /boot 976M 791M 13%
2018-12-23__14:25:58 1 /boot/efi 1022M 1016M 1%
2018-12-23__14:25:58 1 /home 113955M 96213M 12%
2018-12-23__14:25:58 0 disk 216234M 182238M 10.62%
2018-12-23__14:26:58 1 / 100281M 84218M 12%
2018-12-23__14:26:58 1 /boot 976M 791M 13%
2018-12-23__14:26:58 1 /boot/efi 1022M 1016M 1%
2018-12-23__14:26:58 1 /home 113955M 96213M 12%
2018-12-23__14:26:58 0 disk 216234M 182238M 10.62%
2018-12-23__14:27:58 1 / 100281M 84218M 12%
2018-12-23__14:27:58 1 /boot 976M 791M 13%
2018-12-23__14:27:58 1 /boot/efi 1022M 1016M 1%
2018-12-23__14:27:58 1 /home 113955M 96213M 12%
2018-12-23__14:27:58 0 disk 216234M 182238M 10.62%
2018-12-23__14:28:58 1 / 100281M 84218M 12%
2018-12-23__14:28:58 1 /boot 976M 791M 13%
2018-12-23__14:28:58 1 /boot/efi 1022M 1016M 1%
2018-12-23__14:28:58 1 /home 113955M 96213M 12%
2018-12-23__14:28:58 0 disk 216234M 182238M 10.62%
2018-12-23__14:29:58 1 / 100281M 84218M 12%
2018-12-23__14:29:58 1 /boot 976M 791M 13%
2018-12-23__14:29:58 1 /boot/efi 1022M 1016M 1%
2018-12-23__14:29:58 1 /home 113955M 96213M 12%
2018-12-23__14:29:58 0 disk 216234M 182238M 10.62%
2018-12-23__14:30:58 1 / 100281M 84218M 12%
2018-12-23__14:30:58 1 /boot 976M 791M 13%
2018-12-23__14:30:58 1 /boot/efi 1022M 1016M 1%
2018-12-23__14:30:58 1 /home 113955M 96213M 12%
2018-12-23__14:30:58 0 disk 216234M 182238M 10.62%
2018-12-23__14:31:58 1 / 100281M 84218M 12%
2018-12-23__14:31:58 1 /boot 976M 791M 13%
2018-12-23__14:31:58 1 /boot/efi 1022M 1016M 1%
2018-12-23__14:31:58 1 /home 113955M 96213M 12%
2018-12-23__14:31:58 0 disk 216234M 182238M 10.62%
2018-12-23__14:32:58 1 / 100281M 84218M 12%
2018-12-23__14:32:58 1 /boot 976M 791M 13%
2018-12-23__14:32:58 1 /boot/efi 1022M 1016M 1%
2018-12-23__14:32:58 1 /home 113955M 96213M 12%
2018-12-23__14:32:58 0 disk 216234M 182238M 10.62%
2018-12-23__14:33:58 1 / 100281M 84218M 12%
2018-12-23__14:33:58 1 /boot 976M 791M 13%
2018-12-23__14:33:58 1 /boot/efi 1022M 1016M 1%
2018-12-23__14:33:58 1 /home 113955M 96213M 12%
2018-12-23__14:33:58 0 disk 216234M 182238M 10.62%
2018-12-23__14:34:58 1 / 100281M 84218M 12%
2018-12-23__14:34:58 1 /boot 976M 791M 13%
2018-12-23__14:34:58 1 /boot/efi 1022M 1016M 1%
2018-12-23__14:34:58 1 /home 113955M 96213M 12%
2018-12-23__14:34:58 0 disk 216234M 182238M 10.62%
2018-12-23__14:35:58 1 / 100281M 84218M 12%
2018-12-23__14:35:58 1 /boot 976M 791M 13%
2018-12-23__14:35:58 1 /boot/efi 1022M 1016M 1%
2018-12-23__14:35:58 1 /home 113955M 96213M 12%
2018-12-23__14:35:58 0 disk 216234M 182238M 10.62%
2018-12-23__14:36:58 1 / 100281M 84218M 12%
2018-12-23__14:36:58 1 /boot 976M 791M 13%
2018-12-23__14:36:58 1 /boot/efi 1022M 1016M 1%
2018-12-23__14:36:58 1 /home 113955M 96212M 12%
2018-12-23__14:36:58 0 disk 216234M 182237M 10.62%
2018-12-23__14:37:58 1 / 100281M 84218M 12%
2018-12-23__14:37:58 1 /boot 976M 791M 13%
2018-12-23__14:37:58 1 /boot/efi 1022M 1016M 1%
2018-12-23__14:37:58 1 /home 113955M 96213M 12%
2018-12-23__14:37:58 0 disk 216234M 182238M 10.62%
2018-12-23__14:38:58 1 / 100281M 84218M 12%
2018-12-23__14:38:58 1 /boot 976M 791M 13%
2018-12-23__14:38:58 1 /boot/efi 1022M 1016M 1%
2018-12-23__14:38:58 1 /home 113955M 96213M 12%
2018-12-23__14:38:58 0 disk 216234M 182238M 10.62%
2018-12-23__14:39:58 1 / 100281M 84218M 12%
2018-12-23__14:39:58 1 /boot 976M 791M 13%
2018-12-23__14:39:58 1 /boot/efi 1022M 1016M 1%
2018-12-23__14:39:58 1 /home 113955M 96213M 12%
2018-12-23__14:39:58 0 disk 216234M 182238M 10.62%
2018-12-23__14:40:58 1 / 100281M 84218M 12%
2018-12-23__14:40:58 1 /boot 976M 791M 13%
2018-12-23__14:40:58 1 /boot/efi 1022M 1016M 1%
2018-12-23__14:40:58 1 /home 113955M 96213M 12%
2018-12-23__14:40:58 0 disk 216234M 182238M 10.62%
2018-12-23__14:41:58 1 / 100281M 84218M 12%
2018-12-23__14:41:58 1 /boot 976M 791M 13%
2018-12-23__14:41:58 1 /boot/efi 1022M 1016M 1%
2018-12-23__14:41:58 1 /home 113955M 96213M 12%
2018-12-23__14:41:58 0 disk 216234M 182238M 10.62%
2018-12-23__14:42:58 1 / 100281M 84217M 12%
2018-12-23__14:42:58 1 /boot 976M 791M 13%
2018-12-23__14:42:58 1 /boot/efi 1022M 1016M 1%
2018-12-23__14:42:58 1 /home 113955M 96212M 12%
2018-12-23__14:42:58 0 disk 216234M 182236M 10.62%
2018-12-23__14:43:58 1 / 100281M 84217M 12%
2018-12-23__14:43:58 1 /boot 976M 791M 13%
2018-12-23__14:43:58 1 /boot/efi 1022M 1016M 1%
2018-12-23__14:43:58 1 /home 113955M 96212M 12%
2018-12-23__14:43:58 0 disk 216234M 182236M 10.62%
2018-12-23__14:44:58 1 / 100281M 84217M 12%
2018-12-23__14:44:58 1 /boot 976M 791M 13%
2018-12-23__14:44:58 1 /boot/efi 1022M 1016M 1%
2018-12-23__14:44:58 1 /home 113955M 96212M 12%
2018-12-23__14:44:58 0 disk 216234M 182236M 10.62%
2018-12-23__14:45:58 1 / 100281M 84217M 12%
2018-12-23__14:45:58 1 /boot 976M 791M 13%
2018-12-23__14:45:58 1 /boot/efi 1022M 1016M 1%
2018-12-23__14:45:58 1 /home 113955M 96212M 12%
2018-12-23__14:45:58 0 disk 216234M 182236M 10.62%
2018-12-23__14:46:58 1 / 100281M 84217M 12%
2018-12-23__14:46:58 1 /boot 976M 791M 13%
2018-12-23__14:46:58 1 /boot/efi 1022M 1016M 1%
2018-12-23__14:46:58 1 /home 113955M 96211M 12%
2018-12-23__14:46:58 0 disk 216234M 182235M 10.62%
2018-12-23__14:47:58 1 / 100281M 84217M 12%
2018-12-23__14:47:58 1 /boot 976M 791M 13%
2018-12-23__14:47:58 1 /boot/efi 1022M 1016M 1%
2018-12-23__14:47:58 1 /home 113955M 96211M 12%
2018-12-23__14:47:58 0 disk 216234M 182235M 10.62%
2018-12-23__14:48:58 1 / 100281M 84217M 12%
2018-12-23__14:48:58 1 /boot 976M 791M 13%
2018-12-23__14:48:58 1 /boot/efi 1022M 1016M 1%
2018-12-23__14:48:58 1 /home 113955M 96211M 12%
2018-12-23__14:48:58 0 disk 216234M 182235M 10.62%
