2018-12-23__15:59:33 1.17 0.87 0.68 50.24% 60.15 note
2018-12-23__15:59:39 1.08 0.85 0.67 24.29% 56.92 note
2018-12-23__15:59:44 1.23 0.89 0.69 6.10% 54.77 note
2018-12-23__15:59:50 1.13 0.87 0.68 52.68% 56.92 note
2018-12-23__15:59:56 1.03 0.86 0.68 11.94% 56.92 note
2018-12-23__16:00:01 0.95 0.85 0.68 10.23% 55.84 note
2018-12-23__16:00:07 1.11 0.88 0.69 7.21% 55.31 note
2018-12-23__16:00:12 1.02 0.87 0.69 58.65% 57.46 note
2018-12-23__16:00:18 1.18 0.90 0.70 18.18% 55.31 note
2018-12-23__16:00:24 1.17 0.91 0.70 14.29% 54.77 note
2018-12-23__16:00:29 1.07 0.89 0.70 14.67% 54.23 note
2018-12-23__16:00:35 0.99 0.88 0.69 57.49% 56.92 note
2018-12-23__16:00:41 1.20 0.93 0.71 10.43% 55.84 note
2018-12-23__16:00:46 1.11 0.91 0.71 11.79% 54.77 note
2018-12-23__16:00:52 1.02 0.90 0.70 35.89% 54.77 note
2018-12-23__16:00:57 0.94 0.88 0.70 47.78% 56.92 note
2018-12-23__16:01:03 0.94 0.88 0.70 11.17% 55.84 note
2018-12-23__16:01:09 0.87 0.87 0.70 22.22% 55.84 note
2018-12-23__16:01:14 0.80 0.85 0.70 17.22% 56.38 note
2018-12-23__16:01:20 0.73 0.84 0.69 49.29% 57.46 note
2018-12-23__16:01:25 0.77 0.85 0.69 10.68% 55.84 note
2018-12-23__16:01:31 0.71 0.83 0.69 14.98% 55.84 note
2018-12-23__16:01:37 0.81 0.85 0.70 46.92% 55.84 note
2018-12-23__16:01:42 0.75 0.84 0.69 42.79% 56.38 note
2018-12-23__16:01:48 0.68 0.82 0.69 8.21% 54.77 note
2018-12-23__16:01:54 0.63 0.81 0.69 30.00% 55.84 note
2018-12-23__16:01:59 0.66 0.81 0.69 39.72% 55.31 note
2018-12-23__16:02:05 0.69 0.82 0.69 44.08% 56.92 note
2018-12-23__16:02:10 1.03 0.89 0.71 22.86% 55.84 note
2018-12-23__16:02:16 1.11 0.91 0.72 15.96% 56.38 note
2018-12-23__16:02:22 1.02 0.89 0.72 19.82% 55.31 note
2018-12-23__16:02:27 0.94 0.88 0.71 47.62% 56.92 note
2018-12-23__16:02:33 0.87 0.86 0.71 45.93% 55.84 note
2018-12-23__16:02:39 1.04 0.90 0.72 34.31% 56.38 note
2018-12-23__16:02:44 0.95 0.88 0.72 16.83% 55.84 note
2018-12-23__16:02:50 0.88 0.87 0.72 35.07% 56.92 note
2018-12-23__16:02:55 0.89 0.87 0.72 24.02% 56.92 note
2018-12-23__16:03:01 1.05 0.91 0.73 28.85% 56.38 note
2018-12-23__16:03:07 0.97 0.89 0.73 7.98% 55.84 note
2018-12-23__16:03:12 0.89 0.88 0.72 42.16% 56.92 note
2018-12-23__16:03:18 1.22 0.95 0.75 7.35% 56.38 note
2018-12-23__16:03:23 1.28 0.96 0.75 11.43% 56.38 note
2018-12-23__16:03:29 1.50 1.01 0.77 7.66% 55.31 note
2018-12-23__16:03:35 1.38 1.00 0.77 40.19% 56.38 note
2018-12-23__16:03:40 1.35 1.00 0.77 20.48% 56.38 note
2018-12-23__16:03:46 1.30 1.00 0.77 15.79% 55.84 note
2018-12-23__16:03:52 1.20 0.98 0.77 9.91% 54.23 note
2018-12-23__16:03:57 1.10 0.96 0.76 45.02% 56.92 note
2018-12-23__16:04:03 1.73 1.10 0.81 17.14% 55.84 note
2018-12-23__16:04:08 1.59 1.08 0.80 12.32% 55.31 note
2018-12-23__16:04:14 1.79 1.13 0.82 28.91% 54.77 note
2018-12-23__16:04:20 1.64 1.11 0.81 39.34% 56.38 note
2018-12-23__16:04:25 1.75 1.14 0.83 30.10% 56.92 note
2018-12-23__16:04:31 1.56 1.12 0.82 12.39% 54.77 note
2018-12-23__16:04:37 1.43 1.10 0.82 40.95% 56.38 note
2018-12-23__16:04:42 1.32 1.08 0.81 55.77% 56.92 note
2018-12-23__16:04:48 1.21 1.06 0.81 20.95% 56.92 note
2018-12-23__16:04:53 1.11 1.05 0.80 8.06% 54.77 note
2018-12-23__16:04:59 1.10 1.04 0.81 7.58% 55.84 note
2018-12-23__16:05:05 1.02 1.03 0.80 53.81% 56.92 note
2018-12-23__16:05:10 1.01 1.03 0.80 5.71% 56.38 note
2018-12-23__16:05:16 1.01 1.03 0.80 5.63% 54.77 note
2018-12-23__16:05:21 1.53 1.14 0.84 5.16% 54.77 note
2018-12-23__16:05:27 1.40 1.12 0.84 44.12% 56.38 note
2018-12-23__16:05:33 1.29 1.10 0.83 2.39% 55.84 note
2018-12-23__16:05:38 1.19 1.08 0.83 8.49% 54.77 note
2018-12-23__16:05:44 1.33 1.12 0.84 1.95% 55.31 note
2018-12-23__16:05:49 1.23 1.10 0.84 31.90% 56.92 note
2018-12-23__16:05:55 1.29 1.11 0.84 7.94% 55.84 note
2018-12-23__16:06:01 1.59 1.18 0.87 17.48% 55.84 note
2018-12-23__16:06:06 1.58 1.19 0.87 19.90% 55.84 note
2018-12-23__16:06:12 1.45 1.17 0.87 36.36% 56.38 note
2018-12-23__16:06:18 1.34 1.15 0.86 24.15% 55.84 note
2018-12-23__16:06:23 1.31 1.15 0.86 6.42% 54.77 note
2018-12-23__16:06:29 1.21 1.13 0.86 6.57% 54.77 note
2018-12-23__16:06:34 1.11 1.11 0.85 43.00% 56.38 note
2018-12-23__16:06:40 1.10 1.11 0.85 6.16% 54.77 note
2018-12-23__16:06:46 1.01 1.09 0.85 7.83% 54.77 note
2018-12-23__16:06:51 0.94 1.07 0.85 20.09% 55.31 note
2018-12-23__16:06:57 1.10 1.10 0.86 35.55% 56.38 note
2018-12-23__16:07:03 1.01 1.08 0.85 24.64% 56.92 note
2018-12-23__16:07:08 1.09 1.10 0.86 2.38% 55.31 note
2018-12-23__16:07:14 1.00 1.08 0.85 10.19% 54.77 note
2018-12-23__16:07:19 0.92 1.06 0.85 68.35% 55.84 note
2018-12-23__16:07:25 1.33 1.14 0.88 23.44% 55.84 note
2018-12-23__16:07:31 1.22 1.12 0.87 1.42% 54.23 note
2018-12-23__16:07:36 1.12 1.10 0.87 8.57% 54.77 note
2018-12-23__16:07:42 1.11 1.10 0.87 20.10% 54.77 note
2018-12-23__16:07:48 1.10 1.10 0.87 4.63% 55.31 note
2018-12-23__16:07:53 1.01 1.08 0.87 11.59% 55.84 note
2018-12-23__16:07:59 0.93 1.06 0.86 33.50% 55.84 note
2018-12-23__16:08:04 0.93 1.06 0.86 40.38% 55.84 note
2018-12-23__16:08:10 0.94 1.06 0.86 18.75% 56.38 note
2018-12-23__16:08:16 0.86 1.04 0.86 13.04% 55.84 note
2018-12-23__16:08:21 0.81 1.02 0.85 34.76% 56.38 note
2018-12-23__16:08:27 0.75 1.01 0.85 32.86% 55.84 note
2018-12-23__16:08:32 0.69 0.99 0.84 7.73% 56.38 note
2018-12-23__16:08:38 0.63 0.97 0.84 16.10% 56.38 note
2018-12-23__16:08:44 0.58 0.96 0.83 27.23% 55.84 note
2018-12-23__16:08:49 0.53 0.94 0.83 20.10% 55.31 note
2018-12-23__16:08:55 0.65 0.96 0.84 58.25% 56.38 note
