2018-12-20__11:36:18 0.17 0.09 0.09 3.74% 47.24 normal
2018-12-20__11:36:24 0.15 0.09 0.09 3.76% 47.77 normal
2018-12-20__11:36:29 0.14 0.09 0.09 4.19% 47.24 normal
2018-12-20__11:36:35 0.12 0.09 0.09 10.90% 47.77 normal
2018-12-20__11:36:41 0.11 0.08 0.09 2.37% 47.77 normal
2018-12-20__11:36:46 0.18 0.10 0.09 8.65% 47.24 normal
2018-12-20__11:36:52 0.17 0.10 0.09 26.44% 47.77 normal
2018-12-20__11:36:58 0.16 0.10 0.09 5.56% 47.77 normal
2018-12-20__11:37:03 0.14 0.09 0.09 3.26% 47.77 normal
2018-12-20__11:37:09 0.12 0.09 0.09 2.35% 47.77 normal
2018-12-20__11:37:15 0.11 0.09 0.09 25.36% 47.24 normal
2018-12-20__11:37:20 0.18 0.10 0.09 3.79% 48.31 normal
2018-12-20__11:37:26 0.17 0.10 0.09 4.17% 47.77 normal
2018-12-20__11:37:31 0.15 0.10 0.09 3.70% 47.24 normal
2018-12-20__11:37:37 0.14 0.10 0.09 2.35% 47.77 normal
2018-12-20__11:37:43 0.13 0.10 0.09 4.21% 47.77 normal
2018-12-20__11:37:48 0.12 0.09 0.09 4.69% 47.77 normal
2018-12-20__11:37:54 0.17 0.11 0.09 4.59% 47.24 normal
2018-12-20__11:38:08 0.23 0.12 0.10 7.04% 48.31 normal
2018-12-20__11:38:13 0.21 0.12 0.10 3.27% 47.77 normal
2018-12-20__11:38:19 0.18 0.11 0.10 0.96% 47.77 normal
2018-12-20__11:38:25 0.16 0.11 0.09 9.09% 48.31 normal
2018-12-20__11:38:30 0.15 0.11 0.09 28.50% 47.77 normal
2018-12-20__11:38:36 0.14 0.11 0.09 2.35% 47.77 normal
2018-12-20__11:38:41 0.13 0.11 0.09 1.90% 47.77 normal
2018-12-20__11:38:47 0.12 0.10 0.09 6.16% 47.77 normal
2018-12-20__11:38:53 0.11 0.10 0.09 8.92% 47.77 normal
2018-12-20__11:38:58 0.10 0.10 0.09 1.90% 48.31 normal
2018-12-20__11:39:04 0.08 0.10 0.09 9.13% 47.77 normal
2018-12-20__11:39:10 0.08 0.09 0.09 4.33% 47.77 normal
2018-12-20__11:39:15 0.07 0.09 0.09 8.53% 48.31 normal
2018-12-20__11:39:21 0.06 0.09 0.09 2.84% 48.31 normal
2018-12-20__11:39:26 0.06 0.09 0.09 7.48% 47.77 normal
2018-12-20__11:39:32 0.05 0.09 0.09 2.36% 47.77 normal
2018-12-20__11:39:38 0.21 0.12 0.10 8.06% 47.77 normal
2018-12-20__11:39:43 0.19 0.12 0.10 2.84% 47.77 normal
2018-12-20__11:39:49 0.16 0.11 0.09 2.80% 47.24 normal
2018-12-20__11:39:55 0.15 0.11 0.09 3.88% 48.31 normal
2018-12-20__11:40:00 0.14 0.11 0.09 11.27% 47.77 normal
2018-12-20__11:40:06 0.13 0.11 0.09 3.70% 48.31 normal
2018-12-20__11:49:14 0.10 0.06 0.07 15.67% 47.77 normal
2018-12-20__11:49:20 0.10 0.05 0.07 2.83% 47.77 normal
2018-12-20__11:49:25 0.08 0.05 0.07 5.12% 47.77 normal
2018-12-20__11:49:31 0.07 0.05 0.07 0.95% 47.77 normal
2018-12-20__11:49:37 0.07 0.05 0.06 4.17% 47.24 normal
2018-12-20__11:49:42 0.06 0.05 0.06 1.89% 47.77 normal
2018-12-20__11:49:48 0.06 0.05 0.06 6.16% 47.24 normal
2018-12-20__11:49:54 0.05 0.05 0.06 2.83% 47.77 normal
2018-12-20__11:49:59 0.05 0.05 0.06 11.93% 47.77 normal
2018-12-20__11:50:05 0.04 0.05 0.06 5.34% 48.85 normal
2018-12-20__11:50:10 0.04 0.04 0.06 4.65% 48.31 normal
2018-12-20__11:50:16 0.03 0.04 0.06 4.61% 47.77 normal
2018-12-20__11:50:22 0.03 0.04 0.06 2.36% 47.77 normal
2018-12-20__11:50:27 0.03 0.04 0.06 4.19% 47.77 normal
2018-12-20__11:50:33 0.03 0.04 0.06 1.89% 47.77 normal
2018-12-20__11:50:39 0.02 0.04 0.06 18.18% 48.31 normal
2018-12-20__11:50:45 0.02 0.04 0.06 6.54% 47.24 normal
2018-12-20__11:50:50 0.02 0.04 0.06 2.36% 47.77 normal
2018-12-20__11:50:56 0.31 0.10 0.08 2.80% 48.31 normal
2018-12-20__11:51:01 0.29 0.10 0.08 2.36% 47.77 normal
2018-12-20__11:51:07 0.26 0.10 0.08 5.96% 47.77 normal
2018-12-20__11:51:13 0.40 0.13 0.09 3.27% 47.77 normal
2018-12-20__11:51:18 0.37 0.13 0.09 3.26% 47.24 normal
2018-12-20__11:51:24 0.58 0.17 0.10 3.72% 47.77 normal
2018-12-20__11:51:30 0.53 0.17 0.10 3.27% 47.77 normal
2018-12-20__11:51:35 0.49 0.17 0.10 7.73% 47.77 normal
2018-12-20__11:51:41 0.41 0.16 0.10 3.27% 47.77 normal
2018-12-20__11:51:47 0.38 0.16 0.10 3.29% 47.77 normal
2018-12-20__11:51:52 0.35 0.16 0.10 3.27% 47.77 normal
2018-12-20__11:51:58 0.32 0.15 0.10 4.15% 47.77 normal
2018-12-20__11:52:03 0.30 0.15 0.10 2.84% 47.77 normal
2018-12-20__11:52:09 0.35 0.16 0.10 0.96% 47.77 normal
2018-12-20__11:52:15 0.32 0.16 0.10 12.11% 47.77 normal
2018-12-20__11:52:20 0.38 0.18 0.11 6.07% 47.24 normal
2018-12-20__11:52:26 0.47 0.20 0.12 4.65% 48.31 normal
2018-12-20__11:52:32 0.44 0.20 0.11 3.72% 47.77 normal
2018-12-20__11:52:37 0.48 0.21 0.12 42.45% 47.77 normal
2018-12-20__11:52:43 0.44 0.21 0.12 4.19% 48.31 normal
2018-12-20__11:52:49 0.41 0.21 0.12 3.74% 47.77 normal
2018-12-20__11:52:54 0.37 0.20 0.12 4.21% 48.31 normal
2018-12-20__11:53:00 0.42 0.22 0.12 2.82% 48.31 normal
2018-12-20__11:53:05 0.39 0.21 0.12 5.07% 48.31 normal
2018-12-20__11:53:11 0.33 0.20 0.12 5.61% 48.31 normal
2018-12-20__11:53:17 0.30 0.20 0.12 2.35% 48.31 normal
2018-12-20__11:53:22 0.28 0.20 0.12 3.29% 47.77 normal
2018-12-20__11:53:28 0.26 0.19 0.12 1.89% 47.77 normal
2018-12-20__11:53:34 0.24 0.19 0.11 4.65% 48.31 normal
2018-12-20__11:53:39 0.22 0.19 0.11 30.88% 48.31 normal
2018-12-20__11:53:45 0.28 0.20 0.12 5.63% 47.77 normal
2018-12-20__11:53:51 0.26 0.20 0.12 2.83% 47.77 normal
2018-12-20__11:53:56 0.22 0.19 0.12 6.13% 47.77 normal
2018-12-20__11:54:02 0.20 0.19 0.11 1.90% 47.24 normal
2018-12-20__11:54:07 0.18 0.18 0.11 4.63% 47.77 normal
2018-12-20__11:54:13 0.17 0.18 0.11 1.88% 47.24 normal
2018-12-20__11:54:19 0.15 0.18 0.11 3.76% 47.77 normal
2018-12-20__11:54:24 0.14 0.17 0.11 2.86% 47.77 normal
2018-12-20__11:54:30 0.13 0.17 0.11 11.85% 48.31 normal
2018-12-20__11:54:36 0.12 0.17 0.11 1.44% 47.77 normal
2018-12-20__11:54:41 0.10 0.16 0.11 5.12% 47.77 normal
2018-12-20__11:54:47 0.09 0.16 0.11 3.37% 47.77 normal
2018-12-20__11:54:53 0.08 0.16 0.10 4.63% 47.77 normal
2018-12-20__11:54:58 0.08 0.15 0.10 3.30% 47.77 normal
2018-12-20__11:55:04 0.07 0.15 0.10 1.90% 47.77 normal
2018-12-20__11:55:09 0.07 0.15 0.10 2.37% 48.31 normal
2018-12-20__11:55:15 0.06 0.14 0.10 10.33% 48.31 normal
2018-12-20__11:55:21 0.06 0.14 0.10 2.80% 47.77 normal
2018-12-20__11:55:26 0.05 0.14 0.10 4.19% 47.77 normal
2018-12-20__11:55:32 0.04 0.13 0.10 6.98% 47.77 normal
2018-12-20__11:55:38 0.04 0.13 0.10 0.48% 47.77 normal
2018-12-20__11:55:43 0.04 0.13 0.09 1.42% 47.77 normal
2018-12-20__11:55:49 0.03 0.13 0.09 5.09% 47.77 normal
2018-12-20__11:55:54 0.03 0.12 0.09 4.19% 47.24 normal
2018-12-20__11:56:00 0.19 0.16 0.10 3.29% 47.77 normal
2018-12-20__11:56:06 0.17 0.15 0.10 4.63% 47.77 normal
2018-12-20__11:56:11 0.15 0.15 0.10 1.90% 47.24 normal
2018-12-20__11:56:17 0.13 0.14 0.10 4.19% 47.24 normal
2018-12-20__11:56:23 0.12 0.14 0.10 11.06% 48.31 normal
2018-12-20__11:56:28 0.11 0.14 0.10 7.55% 47.77 normal
2018-12-20__11:56:34 0.10 0.14 0.10 1.90% 47.24 normal
2018-12-20__11:56:40 0.10 0.13 0.10 7.04% 47.77 normal
2018-12-20__11:56:45 0.09 0.13 0.09 10.10% 47.77 normal
2018-12-20__11:57:26 0.17 0.14 0.10 23.71% 48.31 normal
2018-12-20__11:57:31 0.14 0.14 0.10 2.82% 48.31 normal
2018-12-20__11:57:37 0.13 0.14 0.10 2.83% 47.77 normal
2018-12-20__11:57:43 0.12 0.14 0.09 3.27% 47.77 normal
2018-12-20__11:57:48 0.11 0.13 0.09 4.21% 47.77 normal
2018-12-20__11:57:54 0.10 0.13 0.09 3.26% 47.77 normal
2018-12-20__11:57:59 0.09 0.13 0.09 1.90% 47.24 normal
2018-12-20__11:58:05 0.08 0.13 0.09 7.55% 48.31 normal
2018-12-20__11:58:11 0.08 0.12 0.09 4.81% 48.31 normal
2018-12-20__11:58:16 0.07 0.12 0.09 7.08% 48.31 normal
2018-12-20__11:58:22 0.06 0.12 0.09 4.72% 48.31 normal
2018-12-20__11:58:28 0.06 0.11 0.09 6.13% 47.77 normal
2018-12-20__11:58:34 0.05 0.11 0.09 2.82% 47.77 normal
2018-12-20__11:58:39 0.05 0.11 0.09 5.58% 48.31 normal
2018-12-20__11:58:45 0.04 0.11 0.09 7.14% 48.31 normal
2018-12-20__11:58:50 0.04 0.11 0.09 2.36% 48.31 normal
2018-12-20__11:58:56 0.04 0.10 0.09 7.58% 48.31 normal
2018-12-20__11:59:02 0.27 0.15 0.10 2.37% 47.77 normal
2018-12-20__11:59:07 0.33 0.16 0.11 3.30% 48.31 normal
2018-12-20__11:59:13 0.38 0.18 0.11 6.07% 48.31 normal
2018-12-20__11:59:19 0.35 0.18 0.11 7.51% 47.77 normal
2018-12-20__11:59:24 0.32 0.17 0.11 6.16% 48.31 normal
2018-12-20__11:59:30 0.38 0.19 0.11 39.81% 48.31 normal
2018-12-20__11:59:36 0.43 0.20 0.12 7.87% 48.31 normal
2018-12-20__11:59:41 0.36 0.19 0.12 6.07% 48.31 normal
2018-12-20__11:59:47 0.33 0.19 0.12 10.36% 48.31 normal
2018-12-20__11:59:53 0.31 0.19 0.11 4.81% 48.31 normal
2018-12-20__11:59:58 0.28 0.18 0.11 3.26% 48.31 normal
2018-12-20__12:00:04 0.34 0.20 0.12 2.36% 48.31 normal
2018-12-20__12:00:10 0.39 0.21 0.12 4.21% 47.77 normal
2018-12-20__12:00:15 0.36 0.21 0.12 11.27% 47.77 normal
2018-12-20__12:00:21 0.33 0.20 0.12 10.85% 47.77 normal
2018-12-20__12:00:26 0.28 0.20 0.12 14.09% 48.31 normal
2018-12-20__12:00:32 0.26 0.19 0.12 7.04% 48.31 normal
2018-12-20__12:00:38 0.24 0.19 0.12 5.05% 48.31 normal
2018-12-20__12:00:43 0.22 0.19 0.12 5.12% 48.31 normal
2018-12-20__12:00:49 0.20 0.18 0.12 1.90% 48.31 normal
2018-12-20__12:00:55 0.18 0.18 0.11 2.36% 48.31 normal
2018-12-20__12:01:00 0.17 0.18 0.11 7.44% 48.31 normal
2018-12-20__12:01:06 0.15 0.17 0.11 2.83% 48.31 normal
2018-12-20__12:01:12 0.14 0.17 0.11 7.91% 48.31 normal
2018-12-20__12:01:17 0.28 0.20 0.12 3.26% 48.31 normal
2018-12-20__12:01:23 0.26 0.19 0.12 7.94% 48.31 normal
2018-12-20__12:01:28 0.24 0.19 0.12 2.80% 47.77 normal
2018-12-20__12:01:34 0.22 0.19 0.12 1.90% 48.31 normal
2018-12-20__12:01:40 0.20 0.18 0.12 1.43% 48.31 normal
2018-12-20__12:01:45 0.18 0.18 0.12 7.01% 47.77 normal
2018-12-20__12:01:51 0.17 0.18 0.12 22.22% 48.31 normal
2018-12-20__12:01:57 0.14 0.17 0.11 5.53% 47.77 normal
2018-12-20__12:02:02 0.13 0.17 0.11 7.83% 48.31 normal
2018-12-20__12:02:08 0.36 0.21 0.13 4.21% 48.31 normal
2018-12-20__12:02:14 0.33 0.21 0.13 3.74% 48.31 normal
2018-12-20__12:02:19 0.30 0.21 0.13 4.23% 48.31 normal
2018-12-20__12:02:25 0.28 0.20 0.12 4.21% 48.31 normal
2018-12-20__12:02:30 0.26 0.20 0.12 7.44% 48.31 normal
2018-12-20__12:02:36 0.24 0.20 0.12 1.88% 48.31 normal
2018-12-20__12:02:42 0.20 0.19 0.12 7.01% 48.85 normal
2018-12-20__12:02:47 0.18 0.19 0.12 6.54% 48.31 normal
2018-12-20__12:02:53 0.17 0.18 0.12 3.72% 48.31 normal
2018-12-20__12:02:59 0.15 0.18 0.12 6.60% 48.31 normal
2018-12-20__12:03:04 0.14 0.18 0.12 5.71% 48.31 normal
2018-12-20__12:03:10 0.37 0.22 0.13 4.17% 48.31 normal
2018-12-20__12:03:16 0.34 0.22 0.13 7.48% 48.31 normal
2018-12-20__12:03:21 0.39 0.23 0.14 2.82% 48.31 normal
2018-12-20__12:03:27 0.60 0.28 0.15 3.27% 48.31 normal
2018-12-20__12:03:32 0.66 0.30 0.16 2.80% 47.77 normal
2018-12-20__12:03:38 0.61 0.30 0.16 9.91% 47.24 normal
2018-12-20__12:03:44 0.56 0.29 0.16 13.02% 48.31 normal
2018-12-20__12:03:49 0.51 0.29 0.16 10.53% 48.31 normal
2018-12-20__12:03:55 0.63 0.32 0.17 11.32% 47.77 normal
2018-12-20__12:04:01 0.58 0.31 0.17 10.33% 48.31 normal
2018-12-20__12:04:06 0.53 0.30 0.17 6.19% 48.31 normal
2018-12-20__12:04:12 0.49 0.30 0.17 1.42% 47.77 normal
2018-12-20__12:04:17 0.49 0.31 0.17 8.33% 48.31 normal
2018-12-20__12:04:23 0.45 0.30 0.17 10.09% 48.31 normal
2018-12-20__12:04:29 0.57 0.33 0.18 3.72% 48.31 normal
2018-12-20__12:04:34 0.53 0.32 0.18 1.90% 47.77 normal
2018-12-20__12:04:40 0.48 0.32 0.18 8.76% 48.31 normal
2018-12-20__12:04:46 0.45 0.31 0.18 0.97% 47.77 normal
2018-12-20__12:04:51 0.41 0.31 0.18 3.74% 47.77 normal
2018-12-20__12:04:57 0.38 0.30 0.17 2.37% 48.31 normal
2018-12-20__12:05:02 0.32 0.29 0.17 6.98% 48.31 normal
2018-12-20__12:05:08 0.37 0.30 0.18 3.76% 47.77 normal
2018-12-20__12:05:14 0.34 0.30 0.18 7.87% 48.31 normal
2018-12-20__12:05:19 0.31 0.29 0.18 5.07% 48.31 normal
2018-12-20__12:05:25 0.29 0.29 0.17 11.68% 47.77 normal
2018-12-20__12:05:31 0.43 0.32 0.18 7.41% 48.31 normal
2018-12-20__12:05:36 0.39 0.31 0.18 0.96% 48.31 normal
2018-12-20__12:05:42 0.44 0.32 0.19 2.84% 47.77 normal
2018-12-20__12:05:48 0.37 0.31 0.18 6.16% 48.31 normal
2018-12-20__12:05:53 0.34 0.31 0.18 5.21% 48.31 normal
2018-12-20__12:05:59 0.31 0.30 0.18 4.81% 48.31 normal
2018-12-20__12:06:04 0.29 0.30 0.18 8.80% 48.31 normal
2018-12-20__12:06:10 0.35 0.31 0.19 3.26% 47.77 normal
2018-12-20__12:06:16 0.32 0.30 0.18 4.17% 48.31 normal
2018-12-20__12:06:21 0.29 0.30 0.18 6.16% 48.31 normal
2018-12-20__12:06:27 0.27 0.29 0.18 5.24% 48.31 normal
2018-12-20__12:06:33 0.23 0.28 0.18 1.42% 48.31 normal
2018-12-20__12:06:38 0.21 0.28 0.18 2.83% 48.31 normal
2018-12-20__12:06:44 0.19 0.27 0.18 4.63% 48.31 normal
2018-12-20__12:06:50 0.18 0.27 0.18 9.86% 48.31 normal
2018-12-20__12:06:55 0.16 0.26 0.18 6.19% 48.31 normal
2018-12-20__12:07:01 0.15 0.26 0.17 7.48% 48.31 normal
2018-12-20__12:07:06 0.14 0.25 0.17 5.99% 48.31 normal
2018-12-20__12:07:12 0.12 0.25 0.17 3.29% 48.31 normal
2018-12-20__12:07:18 0.11 0.24 0.17 7.55% 48.31 normal
2018-12-20__12:07:23 0.10 0.24 0.17 7.08% 48.31 normal
2018-12-20__12:07:29 0.09 0.23 0.17 3.74% 48.31 normal
2018-12-20__12:07:35 0.08 0.23 0.17 7.01% 48.31 normal
2018-12-20__12:07:40 0.07 0.22 0.17 3.27% 48.31 normal
2018-12-20__12:07:46 0.07 0.22 0.17 6.64% 48.31 normal
2018-12-20__12:07:52 0.06 0.22 0.16 1.90% 48.31 normal
2018-12-20__12:07:57 0.06 0.21 0.16 10.53% 49.39 normal
2018-12-20__12:08:03 0.05 0.20 0.16 0.48% 48.31 normal
2018-12-20__12:08:08 0.04 0.20 0.16 4.33% 48.31 normal
2018-12-20__12:08:14 0.04 0.20 0.16 3.27% 47.24 normal
2018-12-20__12:08:20 0.04 0.19 0.16 7.48% 48.31 normal
2018-12-20__12:08:25 0.03 0.19 0.16 9.35% 48.31 normal
2018-12-20__12:08:31 0.19 0.22 0.17 6.98% 48.31 normal
2018-12-20__12:08:37 0.18 0.22 0.17 23.79% 48.31 normal
2018-12-20__12:08:42 0.16 0.21 0.17 5.09% 48.31 normal
2018-12-20__12:08:48 0.22 0.22 0.17 6.57% 48.31 normal
2018-12-20__12:08:53 0.20 0.22 0.17 6.16% 48.31 normal
2018-12-20__12:08:59 0.18 0.21 0.17 1.89% 48.31 normal
2018-12-20__12:09:05 0.17 0.21 0.17 3.74% 48.31 normal
2018-12-20__12:09:10 0.15 0.21 0.17 9.43% 48.31 normal
2018-12-20__12:09:16 0.14 0.20 0.16 4.21% 47.77 normal
2018-12-20__12:09:22 0.13 0.20 0.16 3.27% 48.31 normal
2018-12-20__12:09:27 0.12 0.20 0.16 19.43% 49.39 normal
2018-12-20__12:09:33 0.25 0.22 0.17 3.27% 48.31 normal
2018-12-20__12:09:38 0.39 0.25 0.18 2.83% 48.31 normal
2018-12-20__12:09:44 0.36 0.25 0.18 4.76% 48.31 normal
2018-12-20__12:09:50 0.33 0.24 0.18 7.01% 48.31 normal
2018-12-20__12:09:55 0.30 0.24 0.18 6.07% 48.31 normal
2018-12-20__12:10:01 0.28 0.23 0.18 7.69% 48.31 normal
2018-12-20__12:10:07 0.26 0.23 0.18 6.10% 48.31 normal
2018-12-20__12:10:12 0.23 0.23 0.18 1.43% 48.31 normal
2018-12-20__12:10:18 0.20 0.22 0.17 9.13% 48.85 normal
2018-12-20__12:10:24 0.18 0.21 0.17 4.21% 48.31 normal
2018-12-20__12:10:29 0.41 0.26 0.19 7.41% 48.31 normal
2018-12-20__12:10:35 0.38 0.26 0.19 8.02% 48.31 normal
2018-12-20__12:10:40 0.35 0.25 0.19 1.90% 48.31 normal
2018-12-20__12:10:46 0.32 0.25 0.18 3.37% 48.31 normal
2018-12-20__12:10:52 0.29 0.24 0.18 7.87% 48.31 normal
2018-12-20__12:10:57 0.27 0.24 0.18 2.38% 48.31 normal
2018-12-20__12:11:03 0.23 0.23 0.18 1.43% 48.31 normal
2018-12-20__12:11:09 0.21 0.23 0.18 3.26% 48.31 normal
2018-12-20__12:11:14 0.19 0.22 0.18 5.05% 48.31 normal
2018-12-20__12:11:20 0.18 0.22 0.18 1.42% 48.31 normal
2018-12-20__12:11:26 0.16 0.21 0.18 6.13% 48.31 normal
2018-12-20__12:11:31 0.39 0.26 0.19 7.51% 47.77 normal
2018-12-20__12:11:37 0.36 0.26 0.19 7.41% 48.31 normal
2018-12-20__12:11:42 0.33 0.25 0.19 7.44% 48.31 normal
2018-12-20__12:11:48 0.43 0.28 0.20 7.08% 48.31 normal
2018-12-20__12:11:54 0.39 0.27 0.20 2.35% 48.31 normal
2018-12-20__12:11:59 0.36 0.27 0.19 5.26% 48.31 normal
2018-12-20__12:12:05 0.33 0.26 0.19 9.77% 48.31 normal
2018-12-20__12:12:11 0.38 0.27 0.20 6.64% 47.77 normal
2018-12-20__12:12:16 0.35 0.27 0.20 6.60% 48.31 normal
2018-12-20__12:12:22 0.32 0.27 0.19 4.31% 47.77 normal
2018-12-20__12:12:28 0.30 0.26 0.19 11.68% 49.39 normal
2018-12-20__12:12:33 0.47 0.30 0.21 3.85% 48.31 normal
2018-12-20__12:12:39 0.44 0.30 0.20 1.44% 48.31 normal
2018-12-20__12:12:44 0.48 0.31 0.21 4.17% 48.31 normal
2018-12-20__12:12:50 0.44 0.30 0.21 6.16% 48.31 normal
2018-12-20__12:12:56 0.41 0.30 0.21 3.26% 48.31 normal
2018-12-20__12:13:01 0.37 0.29 0.20 3.76% 48.31 normal
2018-12-20__12:13:07 0.34 0.29 0.20 3.30% 48.85 normal
2018-12-20__12:13:13 0.32 0.28 0.20 8.53% 48.31 normal
2018-12-20__12:13:18 0.27 0.27 0.20 2.37% 48.31 normal
2018-12-20__12:13:24 0.25 0.27 0.20 1.89% 48.31 normal
2018-12-20__12:13:29 0.31 0.28 0.20 6.60% 49.39 normal
2018-12-20__12:13:35 0.28 0.27 0.20 7.55% 48.31 normal
2018-12-20__12:13:41 0.26 0.27 0.20 12.15% 47.77 normal
2018-12-20__12:13:46 0.24 0.26 0.20 6.57% 48.31 normal
2018-12-20__12:13:52 0.38 0.29 0.21 7.44% 48.31 normal
2018-12-20__12:13:58 0.59 0.34 0.22 4.78% 48.31 normal
2018-12-20__12:14:03 0.57 0.34 0.22 1.91% 48.31 normal
2018-12-20__12:14:09 0.53 0.34 0.22 4.25% 48.31 normal
2018-12-20__12:14:14 0.72 0.38 0.24 3.74% 48.31 normal
2018-12-20__12:14:20 0.75 0.39 0.24 27.44% 48.31 normal
2018-12-20__12:14:28 0.69 0.39 0.24 16.67% 48.85 normal
2018-12-20__12:14:33 0.65 0.39 0.24 6.98% 48.31 normal
2018-12-20__12:14:39 0.60 0.38 0.24 5.07% 48.85 normal
2018-12-20__12:14:45 0.55 0.38 0.24 5.26% 48.31 normal
2018-12-20__12:14:50 0.51 0.37 0.24 4.19% 48.31 normal
2018-12-20__12:14:56 0.47 0.36 0.24 1.90% 48.31 normal
2018-12-20__12:15:02 0.43 0.36 0.24 3.72% 48.31 normal
2018-12-20__12:15:07 0.40 0.35 0.24 5.24% 48.85 normal
2018-12-20__12:15:13 0.36 0.34 0.23 3.29% 48.31 normal
2018-12-20__12:15:19 0.31 0.33 0.23 5.66% 48.31 normal
2018-12-20__12:15:24 0.28 0.33 0.23 1.90% 48.31 normal
2018-12-20__12:15:30 0.34 0.34 0.23 4.27% 48.85 normal
2018-12-20__12:15:35 0.31 0.33 0.23 6.25% 48.85 normal
2018-12-20__12:15:41 0.29 0.33 0.23 6.19% 48.85 normal
2018-12-20__12:15:47 0.26 0.32 0.23 7.04% 47.77 normal
2018-12-20__12:15:52 0.24 0.32 0.23 5.74% 48.31 normal
2018-12-20__12:15:58 0.22 0.31 0.23 3.72% 48.31 normal
2018-12-20__12:16:04 0.19 0.30 0.22 7.04% 48.31 normal
2018-12-20__12:16:09 0.17 0.29 0.22 31.07% 48.85 normal
2018-12-20__12:16:15 0.16 0.29 0.22 7.08% 48.85 normal
2018-12-20__12:16:20 0.15 0.28 0.22 1.43% 48.31 normal
2018-12-20__12:16:26 0.29 0.31 0.23 5.63% 48.31 normal
2018-12-20__12:16:32 0.27 0.31 0.23 7.04% 48.31 normal
2018-12-20__12:16:37 0.25 0.30 0.23 6.51% 49.39 normal
2018-12-20__12:16:43 0.23 0.30 0.22 6.60% 48.31 normal
2018-12-20__12:16:49 0.19 0.29 0.22 3.74% 48.31 normal
2018-12-20__12:16:54 0.18 0.28 0.22 7.01% 48.31 normal
2018-12-20__12:17:00 0.16 0.28 0.22 6.22% 48.31 normal
2018-12-20__12:17:05 0.15 0.27 0.22 3.76% 49.39 normal
2018-12-20__12:17:11 0.14 0.27 0.22 4.15% 48.31 normal
2018-12-20__12:17:17 0.13 0.26 0.21 1.89% 48.85 normal
2018-12-20__12:17:22 0.12 0.26 0.21 8.84% 48.31 normal
2018-12-20__12:17:28 0.11 0.25 0.21 19.44% 48.31 normal
2018-12-20__12:17:34 0.09 0.24 0.21 1.45% 48.31 normal
2018-12-20__12:17:39 0.08 0.24 0.21 4.31% 48.31 normal
2018-12-20__12:17:45 0.08 0.24 0.21 8.13% 48.85 normal
2018-12-20__12:17:51 0.23 0.27 0.22 5.53% 48.31 normal
2018-12-20__12:17:56 0.21 0.26 0.21 3.29% 48.31 normal
2018-12-20__12:18:02 0.35 0.29 0.22 7.91% 48.31 normal
2018-12-20__12:18:07 0.97 0.42 0.27 17.37% 48.85 normal
2018-12-20__12:18:13 0.97 0.43 0.27 2.37% 48.31 normal
2018-12-20__12:18:19 0.82 0.41 0.27 3.72% 48.85 normal
2018-12-20__12:18:24 0.75 0.41 0.27 1.44% 48.31 normal
2018-12-20__12:18:30 0.69 0.40 0.26 4.69% 48.31 normal
2018-12-20__12:18:36 0.64 0.39 0.26 4.15% 48.31 normal
2018-12-20__12:18:41 0.59 0.39 0.26 6.10% 48.31 normal
2018-12-20__12:18:47 0.54 0.38 0.26 3.72% 48.31 normal
2018-12-20__12:18:53 0.50 0.37 0.26 7.01% 48.31 normal
2018-12-20__12:18:58 0.46 0.37 0.26 3.29% 48.31 normal
2018-12-20__12:19:04 0.39 0.35 0.25 5.71% 48.31 normal
2018-12-20__12:19:09 0.35 0.35 0.25 2.84% 48.31 normal
2018-12-20__12:19:15 0.33 0.34 0.25 9.43% 48.31 normal
2018-12-20__12:19:21 0.30 0.33 0.25 20.19% 48.85 normal
2018-12-20__12:19:26 0.35 0.35 0.25 5.09% 48.31 normal
2018-12-20__12:19:32 0.33 0.34 0.25 7.41% 48.31 normal
2018-12-20__12:19:38 0.30 0.33 0.25 4.21% 48.31 normal
2018-12-20__12:19:43 0.28 0.33 0.25 8.33% 48.31 normal
2018-12-20__12:19:49 0.23 0.32 0.25 5.66% 48.31 normal
2018-12-20__12:19:54 0.21 0.31 0.25 1.90% 48.31 normal
2018-12-20__12:20:00 0.20 0.31 0.24 0.96% 48.85 normal
2018-12-20__12:20:06 0.18 0.30 0.24 10.50% 49.39 normal
2018-12-20__12:20:11 0.17 0.30 0.24 1.90% 48.31 normal
2018-12-20__12:20:17 0.15 0.29 0.24 27.62% 49.39 normal
2018-12-20__12:20:23 0.14 0.29 0.24 9.22% 48.31 normal
2018-12-20__12:20:28 0.13 0.28 0.24 11.90% 48.85 normal
2018-12-20__12:20:34 0.12 0.28 0.24 6.16% 48.31 normal
2018-12-20__12:20:40 0.10 0.27 0.23 4.65% 48.31 normal
2018-12-20__12:20:45 0.09 0.26 0.23 8.02% 48.31 normal
2018-12-20__12:20:51 0.16 0.27 0.24 6.94% 49.39 normal
2018-12-20__12:20:56 0.15 0.27 0.23 3.72% 48.31 normal
2018-12-20__12:21:02 0.14 0.26 0.23 3.29% 48.31 normal
2018-12-20__12:21:08 0.13 0.26 0.23 3.27% 48.31 normal
2018-12-20__12:21:13 0.12 0.26 0.23 7.08% 48.31 normal
2018-12-20__12:21:19 0.11 0.25 0.23 7.91% 48.31 normal
2018-12-20__12:21:25 0.16 0.26 0.23 4.72% 47.77 normal
2018-12-20__12:21:30 0.15 0.25 0.23 5.07% 48.31 normal
2018-12-20__12:21:36 0.14 0.25 0.23 5.14% 48.31 normal
2018-12-20__12:21:41 0.13 0.25 0.23 3.38% 49.39 normal
2018-12-20__12:21:47 0.12 0.24 0.22 2.34% 48.31 normal
2018-12-20__12:21:53 0.11 0.24 0.22 8.26% 48.85 normal
2018-12-20__12:21:58 0.10 0.23 0.22 7.58% 48.31 normal
2018-12-20__12:22:04 0.09 0.23 0.22 7.51% 48.31 normal
2018-12-20__12:22:10 0.31 0.27 0.23 5.61% 48.31 normal
2018-12-20__12:22:15 0.29 0.27 0.23 13.43% 48.85 normal
2018-12-20__12:22:21 0.26 0.26 0.23 2.82% 48.31 normal
2018-12-20__12:22:27 0.24 0.26 0.23 6.54% 48.31 normal
2018-12-20__12:22:32 0.22 0.25 0.23 3.29% 48.31 normal
2018-12-20__12:22:38 0.20 0.25 0.23 1.90% 48.85 normal
2018-12-20__12:22:43 0.19 0.24 0.23 3.74% 47.77 normal
2018-12-20__12:22:49 0.17 0.24 0.22 3.30% 47.77 normal
2018-12-20__12:22:55 0.22 0.25 0.23 5.50% 48.85 normal
2018-12-20__12:23:00 0.20 0.24 0.23 7.04% 48.31 normal
2018-12-20__12:23:06 0.18 0.24 0.22 7.08% 48.85 normal
2018-12-20__12:23:12 0.17 0.23 0.22 5.24% 48.31 normal
2018-12-20__12:23:17 0.16 0.23 0.22 4.81% 48.31 normal
2018-12-20__12:23:23 0.14 0.23 0.22 3.72% 48.31 normal
2018-12-20__12:23:29 0.13 0.22 0.22 12.38% 48.31 normal
2018-12-20__12:23:34 0.20 0.24 0.22 7.01% 47.77 normal
2018-12-20__12:23:40 0.32 0.26 0.23 6.98% 48.85 normal
2018-12-20__12:23:45 0.29 0.26 0.23 11.74% 48.31 normal
2018-12-20__12:23:51 0.27 0.25 0.23 6.79% 48.31 normal
2018-12-20__12:23:57 0.25 0.25 0.23 6.13% 48.31 normal
2018-12-20__12:24:02 0.23 0.24 0.23 5.63% 48.31 normal
2018-12-20__12:24:08 0.21 0.24 0.22 3.27% 48.85 normal
2018-12-20__12:24:14 0.27 0.25 0.23 6.10% 48.31 normal
2018-12-20__12:24:19 0.25 0.25 0.23 10.14% 48.85 normal
2018-12-20__12:24:25 0.51 0.30 0.25 6.05% 48.31 normal
2018-12-20__12:24:31 0.47 0.30 0.24 5.58% 48.31 normal
2018-12-20__12:24:36 0.43 0.29 0.24 3.83% 48.85 normal
2018-12-20__12:24:42 0.39 0.29 0.24 2.82% 48.31 normal
2018-12-20__12:24:47 0.36 0.28 0.24 6.98% 48.31 normal
2018-12-20__12:24:53 0.33 0.28 0.24 4.17% 48.85 normal
2018-12-20__12:24:59 0.31 0.27 0.24 2.35% 48.31 normal
2018-12-20__12:25:04 0.28 0.27 0.24 5.21% 48.31 normal
2018-12-20__12:25:10 0.24 0.26 0.23 3.29% 48.31 normal
2018-12-20__12:25:16 0.22 0.26 0.23 5.63% 48.31 normal
2018-12-20__12:25:21 0.20 0.25 0.23 12.79% 48.85 normal
2018-12-20__12:25:27 0.18 0.25 0.23 24.53% 48.85 normal
2018-12-20__12:25:32 0.17 0.24 0.23 2.82% 48.31 normal
2018-12-20__12:25:38 0.16 0.24 0.23 5.02% 48.31 normal
2018-12-20__12:25:44 0.14 0.23 0.22 2.37% 48.85 normal
2018-12-20__12:25:49 0.13 0.23 0.22 5.24% 48.31 normal
2018-12-20__12:25:55 0.18 0.24 0.23 12.62% 48.31 normal
2018-12-20__12:26:01 0.17 0.23 0.22 2.80% 48.31 normal
2018-12-20__12:26:06 0.16 0.23 0.22 0.96% 48.85 normal
2018-12-20__12:26:12 0.14 0.23 0.22 7.51% 48.31 normal
2018-12-20__12:26:18 0.21 0.24 0.23 5.48% 47.77 normal
2018-12-20__12:26:23 0.28 0.25 0.23 7.87% 48.31 normal
2018-12-20__12:26:35 0.23 0.24 0.23 5.69% 48.31 normal
2018-12-20__12:26:40 0.43 0.29 0.24 26.42% 48.85 normal
2018-12-20__12:26:46 0.40 0.28 0.24 10.96% 49.39 normal
2018-12-20__12:26:51 0.36 0.28 0.24 3.72% 48.31 normal
2018-12-20__12:26:57 0.33 0.27 0.24 6.54% 48.31 normal
2018-12-20__12:27:03 0.47 0.30 0.25 1.89% 48.31 normal
2018-12-20__12:27:08 0.43 0.29 0.25 9.22% 48.31 normal
2018-12-20__12:27:14 0.40 0.29 0.24 5.24% 48.31 normal
2018-12-20__12:27:20 0.36 0.28 0.24 6.88% 48.31 normal
2018-12-20__12:27:25 0.75 0.37 0.27 11.68% 48.31 normal
2018-12-20__12:27:31 0.69 0.37 0.27 4.17% 48.85 normal
2018-12-20__12:27:37 0.63 0.36 0.27 2.82% 48.31 normal
2018-12-20__12:27:42 0.58 0.35 0.27 5.24% 48.31 normal
2018-12-20__12:27:48 0.54 0.35 0.27 4.17% 48.31 normal
2018-12-20__12:27:53 0.49 0.34 0.26 4.19% 49.39 normal
2018-12-20__12:27:59 0.45 0.34 0.26 9.35% 48.31 normal
2018-12-20__12:28:05 0.42 0.33 0.26 9.00% 48.31 normal
2018-12-20__12:28:10 0.43 0.34 0.26 1.90% 48.31 normal
2018-12-20__12:28:16 0.39 0.33 0.26 3.74% 48.31 normal
2018-12-20__12:28:22 0.36 0.32 0.26 3.72% 48.31 normal
2018-12-20__12:28:27 0.33 0.32 0.26 3.74% 48.31 normal
2018-12-20__12:28:33 0.30 0.31 0.26 3.74% 48.31 normal
2018-12-20__12:28:39 0.28 0.31 0.26 4.72% 48.31 normal
2018-12-20__12:28:44 0.26 0.30 0.26 8.53% 47.77 normal
2018-12-20__12:28:50 0.24 0.30 0.25 3.70% 48.85 normal
2018-12-20__12:28:55 0.42 0.34 0.27 5.07% 48.31 normal
2018-12-20__12:29:01 0.39 0.33 0.27 13.33% 48.85 normal
2018-12-20__12:29:07 0.36 0.32 0.26 7.48% 48.31 normal
2018-12-20__12:29:12 0.41 0.33 0.27 3.72% 48.31 normal
2018-12-20__12:29:18 0.37 0.33 0.27 2.37% 48.31 normal
2018-12-20__12:29:24 0.34 0.32 0.27 3.30% 48.31 normal
2018-12-20__12:29:29 0.32 0.32 0.26 29.33% 49.39 normal
2018-12-20__12:29:35 0.53 0.36 0.28 7.28% 48.31 normal
2018-12-20__12:29:41 0.68 0.40 0.29 1.90% 48.31 normal
2018-12-20__12:29:46 0.62 0.39 0.29 4.19% 49.39 normal
2018-12-20__12:29:52 0.57 0.39 0.29 5.66% 48.31 normal
2018-12-20__12:29:57 0.53 0.38 0.29 1.89% 48.31 normal
2018-12-20__12:30:03 0.48 0.37 0.29 3.26% 48.31 normal
2018-12-20__12:30:09 0.45 0.37 0.28 7.01% 48.31 normal
2018-12-20__12:30:14 0.41 0.36 0.28 3.72% 48.31 normal
2018-12-20__12:30:20 0.38 0.35 0.28 10.60% 48.85 normal
2018-12-20__12:30:26 0.61 0.41 0.30 0.48% 48.31 normal
2018-12-20__12:30:31 0.72 0.43 0.31 5.50% 48.85 normal
2018-12-20__12:30:37 0.67 0.43 0.30 2.80% 48.85 normal
2018-12-20__12:30:42 0.61 0.42 0.30 5.71% 48.31 normal
2018-12-20__12:30:48 0.56 0.41 0.30 1.89% 48.85 normal
2018-12-20__12:30:54 0.52 0.41 0.30 6.16% 48.31 normal
2018-12-20__12:30:59 0.48 0.40 0.30 8.37% 48.31 normal
2018-12-20__12:31:05 0.44 0.39 0.29 10.48% 49.39 normal
2018-12-20__12:31:11 0.44 0.39 0.30 3.74% 48.31 normal
2018-12-20__12:31:16 0.41 0.39 0.29 22.37% 49.39 normal
2018-12-20__12:31:22 0.38 0.38 0.29 12.44% 48.85 normal
2018-12-20__12:31:28 0.35 0.37 0.29 5.09% 48.31 normal
2018-12-20__12:31:33 0.48 0.40 0.30 5.26% 48.31 normal
2018-12-20__12:31:39 0.44 0.40 0.30 4.81% 48.31 normal
2018-12-20__12:31:44 0.40 0.39 0.30 6.64% 48.31 normal
2018-12-20__12:31:50 0.37 0.38 0.29 3.72% 48.31 normal
2018-12-20__12:31:56 0.31 0.37 0.29 4.69% 48.31 normal
2018-12-20__12:32:01 0.29 0.36 0.29 6.54% 48.31 normal
2018-12-20__12:32:07 0.27 0.36 0.29 5.05% 48.31 normal
2018-12-20__12:32:13 0.24 0.35 0.28 6.57% 48.31 normal
2018-12-20__12:32:18 0.22 0.34 0.28 4.31% 48.31 normal
2018-12-20__12:32:24 0.21 0.34 0.28 3.26% 48.31 normal
2018-12-20__12:32:29 0.19 0.33 0.28 3.74% 48.31 normal
2018-12-20__12:32:35 0.25 0.34 0.28 9.62% 49.39 normal
2018-12-20__12:32:41 0.21 0.33 0.28 6.10% 49.39 normal
2018-12-20__12:32:46 0.20 0.33 0.28 5.74% 48.31 normal
2018-12-20__12:32:52 0.18 0.32 0.27 4.63% 48.85 normal
2018-12-20__12:32:58 0.25 0.33 0.28 3.27% 48.31 normal
2018-12-20__12:33:03 0.23 0.33 0.28 2.86% 48.85 normal
2018-12-20__12:33:09 0.21 0.32 0.27 7.48% 48.31 normal
2018-12-20__12:33:15 0.19 0.31 0.27 3.24% 48.31 normal
2018-12-20__12:33:20 0.18 0.31 0.27 4.19% 48.31 normal
2018-12-20__12:33:26 0.15 0.30 0.27 7.51% 48.85 normal
2018-12-20__12:33:31 0.22 0.31 0.27 6.70% 48.31 normal
2018-12-20__12:33:37 0.20 0.31 0.27 3.27% 48.31 normal
2018-12-20__12:33:43 0.18 0.30 0.27 0.95% 48.31 normal
2018-12-20__12:33:48 0.17 0.29 0.27 7.94% 48.31 normal
2018-12-20__12:33:54 0.15 0.29 0.27 3.26% 48.31 normal
2018-12-20__12:34:00 0.22 0.30 0.27 4.17% 48.31 normal
2018-12-20__12:34:05 0.20 0.30 0.27 14.08% 48.85 normal
2018-12-20__12:34:11 0.17 0.29 0.27 5.21% 48.31 normal
2018-12-20__12:34:17 0.32 0.31 0.28 6.51% 48.31 normal
2018-12-20__12:34:22 0.29 0.31 0.27 3.74% 48.31 normal
2018-12-20__12:34:28 0.35 0.32 0.28 0.95% 48.31 normal
2018-12-20__12:34:33 0.40 0.33 0.28 4.65% 48.31 normal
2018-12-20__12:34:39 0.37 0.33 0.28 6.10% 48.85 normal
2018-12-20__12:34:45 0.50 0.35 0.29 2.39% 48.31 normal
2018-12-20__12:34:50 0.46 0.35 0.29 3.27% 48.85 normal
2018-12-20__12:34:56 0.39 0.34 0.28 1.44% 48.85 normal
2018-12-20__12:35:02 0.36 0.33 0.28 2.37% 48.31 normal
2018-12-20__12:35:07 0.33 0.32 0.28 10.23% 48.31 normal
2018-12-20__12:35:13 0.30 0.32 0.28 1.90% 48.31 normal
2018-12-20__12:35:18 0.28 0.31 0.28 5.63% 48.85 normal
2018-12-20__12:35:24 0.26 0.31 0.27 8.33% 48.31 normal
2018-12-20__12:35:30 0.23 0.30 0.27 6.54% 48.31 normal
2018-12-20__12:35:35 0.38 0.33 0.28 6.60% 49.39 normal
2018-12-20__12:35:41 0.32 0.32 0.28 5.69% 48.31 normal
2018-12-20__12:35:47 0.29 0.31 0.28 5.58% 49.39 normal
2018-12-20__12:35:52 0.27 0.31 0.27 5.14% 47.77 normal
2018-12-20__12:35:58 0.25 0.30 0.27 1.89% 48.31 normal
2018-12-20__12:36:03 0.23 0.30 0.27 6.64% 49.39 normal
2018-12-20__12:36:09 0.21 0.29 0.27 3.29% 48.85 normal
2018-12-20__12:36:15 0.19 0.29 0.27 6.60% 48.31 normal
2018-12-20__12:36:20 0.18 0.28 0.27 3.29% 48.85 normal
2018-12-20__12:36:26 0.15 0.27 0.26 7.94% 48.31 normal
2018-12-20__12:36:32 0.30 0.30 0.27 4.65% 48.85 normal
2018-12-20__12:36:37 0.27 0.30 0.27 0.97% 48.31 normal
2018-12-20__12:36:43 0.25 0.29 0.27 9.26% 48.85 normal
2018-12-20__12:36:49 0.23 0.29 0.27 9.26% 48.31 normal
2018-12-20__12:36:54 0.21 0.28 0.27 1.90% 48.31 normal
2018-12-20__12:37:00 0.19 0.28 0.27 5.69% 48.31 normal
2018-12-20__12:37:05 0.18 0.27 0.26 2.36% 48.31 normal
2018-12-20__12:37:11 0.15 0.26 0.26 7.48% 48.85 normal
2018-12-20__12:37:17 0.22 0.27 0.27 4.19% 48.31 normal
2018-12-20__12:37:22 0.20 0.27 0.26 2.36% 48.31 normal
2018-12-20__12:37:28 0.18 0.26 0.26 6.64% 48.85 normal
2018-12-20__12:37:34 0.25 0.28 0.27 6.05% 48.85 normal
2018-12-20__12:37:39 0.23 0.27 0.27 0.96% 48.31 normal
2018-12-20__12:37:45 0.21 0.27 0.26 9.30% 48.85 normal
2018-12-20__12:37:51 0.19 0.26 0.26 2.83% 48.31 normal
2018-12-20__12:37:56 0.16 0.25 0.26 3.27% 48.31 normal
2018-12-20__12:38:02 0.15 0.25 0.26 2.38% 48.31 normal
2018-12-20__12:38:07 0.14 0.25 0.26 1.89% 48.31 normal
2018-12-20__12:38:13 0.13 0.24 0.25 6.98% 48.31 normal
2018-12-20__12:38:19 0.12 0.24 0.25 7.04% 48.31 normal
2018-12-20__12:38:24 0.11 0.23 0.25 5.09% 48.85 normal
2018-12-20__12:38:30 0.10 0.23 0.25 4.17% 48.85 normal
2018-12-20__12:38:36 0.17 0.24 0.25 2.35% 48.85 normal
2018-12-20__12:38:41 0.14 0.23 0.25 6.60% 48.85 normal
2018-12-20__12:38:47 0.13 0.23 0.25 2.82% 48.31 normal
2018-12-20__12:38:53 0.36 0.27 0.27 7.55% 48.31 normal
2018-12-20__12:38:58 0.33 0.27 0.26 18.98% 49.39 normal
2018-12-20__12:39:04 0.39 0.28 0.27 4.27% 48.31 normal
2018-12-20__12:39:09 0.36 0.28 0.27 20.83% 48.85 normal
2018-12-20__12:39:15 0.65 0.34 0.29 8.80% 48.31 normal
2018-12-20__12:39:21 0.60 0.33 0.29 8.76% 48.31 normal
2018-12-20__12:39:26 0.65 0.35 0.29 6.91% 48.31 normal
2018-12-20__12:39:32 0.76 0.38 0.30 4.74% 48.31 normal
2018-12-20__12:39:38 0.70 0.38 0.30 4.19% 48.31 normal
2018-12-20__12:39:43 0.64 0.37 0.30 4.63% 48.85 normal
2018-12-20__12:39:49 0.59 0.36 0.30 7.01% 48.85 normal
2018-12-20__12:39:54 0.54 0.36 0.29 7.48% 48.31 normal
2018-12-20__12:40:00 0.50 0.35 0.29 5.69% 48.85 normal
2018-12-20__12:40:06 0.46 0.34 0.29 1.43% 49.39 normal
2018-12-20__12:40:11 0.39 0.33 0.29 5.29% 48.31 normal
2018-12-20__12:40:17 0.36 0.33 0.28 4.76% 48.31 normal
2018-12-20__12:40:23 0.33 0.32 0.28 1.42% 48.85 normal
2018-12-20__12:40:28 0.30 0.32 0.28 27.80% 49.39 normal
2018-12-20__12:40:34 0.44 0.34 0.29 5.71% 48.85 normal
2018-12-20__12:40:40 0.40 0.34 0.29 7.01% 48.85 normal
2018-12-20__12:40:45 0.37 0.33 0.29 7.55% 49.39 normal
2018-12-20__12:40:51 0.34 0.33 0.28 1.43% 48.31 normal
2018-12-20__12:40:56 0.29 0.32 0.28 4.78% 48.31 normal
2018-12-20__12:41:02 0.26 0.31 0.28 1.42% 48.31 normal
2018-12-20__12:41:08 0.24 0.30 0.28 4.19% 48.31 normal
2018-12-20__12:41:13 0.22 0.30 0.27 5.94% 48.31 normal
2018-12-20__12:41:19 0.20 0.29 0.27 6.67% 48.31 normal
2018-12-20__12:41:25 0.19 0.29 0.27 7.87% 48.31 normal
2018-12-20__12:41:30 0.17 0.28 0.27 3.76% 48.31 normal
2018-12-20__12:41:36 0.24 0.30 0.27 0.95% 48.31 normal
2018-12-20__12:41:41 0.20 0.29 0.27 7.01% 48.31 normal
2018-12-20__12:41:47 0.19 0.28 0.27 5.53% 48.31 normal
2018-12-20__12:41:53 0.17 0.28 0.27 3.74% 48.31 normal
2018-12-20__12:41:58 0.16 0.27 0.27 3.27% 48.85 normal
2018-12-20__12:42:04 0.14 0.27 0.26 9.26% 48.31 normal
2018-12-20__12:42:10 0.13 0.26 0.26 5.09% 48.31 normal
2018-12-20__12:42:15 0.12 0.26 0.26 8.06% 48.31 normal
2018-12-20__12:42:21 0.11 0.25 0.26 5.48% 48.31 normal
2018-12-20__12:42:27 0.09 0.24 0.26 6.13% 48.85 normal
2018-12-20__12:42:32 0.17 0.26 0.26 12.27% 49.39 normal
2018-12-20__12:42:38 0.15 0.25 0.26 8.80% 48.31 normal
2018-12-20__12:42:43 0.14 0.25 0.26 3.74% 48.85 normal
2018-12-20__12:42:49 0.13 0.24 0.26 6.13% 47.77 normal
2018-12-20__12:43:00 0.11 0.23 0.25 8.57% 48.85 normal
2018-12-20__12:43:06 0.26 0.26 0.26 5.07% 48.85 normal
2018-12-20__12:43:12 0.22 0.26 0.26 4.61% 48.31 normal
2018-12-20__12:43:17 0.20 0.25 0.26 2.83% 48.31 normal
2018-12-20__12:43:23 0.18 0.25 0.26 3.74% 48.31 normal
2018-12-20__12:43:29 0.17 0.24 0.26 1.43% 48.85 normal
2018-12-20__12:43:34 0.24 0.26 0.26 6.60% 48.31 normal
2018-12-20__12:43:40 0.22 0.25 0.26 1.90% 48.31 normal
2018-12-20__12:43:45 0.20 0.25 0.26 9.72% 48.85 normal
2018-12-20__12:43:51 0.18 0.24 0.26 4.23% 48.85 normal
2018-12-20__12:43:57 0.16 0.23 0.25 5.07% 48.85 normal
2018-12-20__12:44:02 0.30 0.26 0.26 7.08% 48.85 normal
2018-12-20__12:44:08 0.28 0.26 0.26 4.85% 48.31 normal
2018-12-20__12:44:14 0.26 0.25 0.26 3.29% 48.31 normal
2018-12-20__12:44:19 0.24 0.25 0.26 4.67% 48.85 normal
2018-12-20__12:44:25 0.22 0.25 0.26 7.11% 48.31 normal
2018-12-20__12:44:30 0.28 0.26 0.26 2.83% 49.39 normal
2018-12-20__12:44:36 0.34 0.27 0.27 6.51% 48.31 normal
2018-12-20__12:44:42 0.39 0.28 0.27 5.63% 48.31 normal
2018-12-20__12:44:47 0.33 0.27 0.27 5.19% 48.85 normal
2018-12-20__12:44:53 0.54 0.32 0.28 3.29% 48.31 normal
2018-12-20__12:44:59 0.50 0.31 0.28 3.27% 48.31 normal
2018-12-20__12:45:04 0.46 0.31 0.28 2.38% 48.31 normal
2018-12-20__12:45:10 0.42 0.30 0.28 3.74% 48.85 normal
2018-12-20__12:45:16 0.39 0.30 0.28 4.19% 48.85 normal
2018-12-20__12:45:21 0.36 0.29 0.27 8.41% 48.31 normal
2018-12-20__12:45:27 0.57 0.34 0.29 10.70% 48.31 normal
2018-12-20__12:45:32 0.64 0.36 0.30 18.22% 49.39 normal
2018-12-20__12:45:38 0.58 0.35 0.29 7.51% 48.31 normal
2018-12-20__12:45:44 0.54 0.35 0.29 9.63% 48.31 normal
2018-12-20__12:45:49 0.49 0.34 0.29 2.82% 48.31 normal
2018-12-20__12:45:55 0.45 0.34 0.29 9.22% 48.85 normal
2018-12-20__12:46:01 0.42 0.33 0.29 7.55% 48.85 normal
2018-12-20__12:46:06 0.38 0.32 0.28 2.36% 49.39 normal
2018-12-20__12:46:12 0.35 0.32 0.28 3.29% 49.39 normal
2018-12-20__12:46:17 0.30 0.31 0.28 10.28% 48.31 normal
2018-12-20__12:46:23 0.27 0.30 0.28 5.26% 48.85 normal
2018-12-20__12:46:29 0.25 0.30 0.27 5.71% 48.31 normal
2018-12-20__12:46:34 0.31 0.31 0.28 4.17% 49.39 normal
2018-12-20__12:46:40 0.29 0.30 0.28 5.58% 48.31 normal
2018-12-20__12:46:46 0.26 0.30 0.27 6.07% 48.85 normal
2018-12-20__12:46:51 0.24 0.29 0.27 5.74% 48.31 normal
2018-12-20__12:46:57 0.22 0.29 0.27 0.95% 48.31 normal
2018-12-20__12:47:03 0.19 0.28 0.27 9.95% 48.31 normal
2018-12-20__12:47:08 0.17 0.27 0.27 6.54% 49.39 normal
2018-12-20__12:47:14 0.24 0.28 0.27 3.74% 48.85 normal
2018-12-20__12:47:19 0.30 0.30 0.28 3.74% 48.31 normal
2018-12-20__12:47:25 0.28 0.29 0.27 9.57% 48.31 normal
2018-12-20__12:47:31 0.25 0.29 0.27 2.80% 48.31 normal
2018-12-20__12:47:36 0.31 0.30 0.28 2.35% 48.31 normal
2018-12-20__12:47:42 0.29 0.29 0.27 1.42% 48.31 normal
2018-12-20__12:47:48 0.24 0.28 0.27 20.75% 49.39 normal
2018-12-20__12:47:53 0.22 0.28 0.27 6.54% 48.31 normal
2018-12-20__12:47:59 0.20 0.27 0.27 2.80% 48.31 normal
2018-12-20__12:48:04 0.19 0.27 0.27 2.38% 48.31 normal
2018-12-20__12:48:10 0.17 0.26 0.26 1.90% 48.31 normal
2018-12-20__12:48:16 0.16 0.26 0.26 1.43% 48.31 normal
2018-12-20__12:48:21 0.15 0.26 0.26 6.13% 48.31 normal
2018-12-20__12:48:27 0.13 0.25 0.26 10.70% 48.31 normal
2018-12-20__12:48:33 0.27 0.28 0.27 13.30% 49.39 normal
2018-12-20__12:48:38 0.25 0.27 0.27 7.55% 48.31 normal
2018-12-20__12:48:44 0.23 0.27 0.27 7.48% 48.85 normal
2018-12-20__12:48:50 0.21 0.26 0.26 2.82% 48.85 normal
2018-12-20__12:48:55 0.19 0.26 0.26 20.10% 49.39 normal
2018-12-20__12:49:01 0.17 0.25 0.26 3.27% 48.31 normal
2018-12-20__12:49:06 0.16 0.25 0.26 2.80% 48.85 normal
2018-12-20__12:49:12 0.23 0.26 0.26 2.83% 48.31 normal
2018-12-20__12:49:18 0.19 0.25 0.26 7.91% 48.85 normal
2018-12-20__12:49:23 0.18 0.25 0.26 2.83% 48.31 normal
2018-12-20__12:49:29 0.16 0.24 0.26 6.07% 49.39 normal
2018-12-20__12:49:35 0.31 0.27 0.27 7.04% 48.31 normal
2018-12-20__12:49:40 0.29 0.27 0.27 7.83% 48.85 normal
2018-12-20__12:49:46 0.26 0.26 0.27 2.37% 48.31 normal
2018-12-20__12:49:51 0.32 0.28 0.27 3.72% 48.31 normal
2018-12-20__12:49:57 0.30 0.27 0.27 7.48% 48.31 normal
2018-12-20__12:50:03 0.33 0.28 0.27 7.01% 48.31 normal
2018-12-20__12:50:08 0.30 0.27 0.27 4.17% 48.31 normal
2018-12-20__12:50:14 0.28 0.27 0.27 5.24% 49.39 normal
2018-12-20__12:50:20 0.26 0.26 0.27 8.10% 48.85 normal
2018-12-20__12:50:25 0.24 0.26 0.27 9.95% 49.39 normal
2018-12-20__12:50:31 0.22 0.25 0.26 2.82% 49.39 normal
2018-12-20__12:50:36 0.28 0.27 0.27 27.36% 49.39 normal
2018-12-20__12:50:42 0.26 0.26 0.27 5.24% 49.39 normal
2018-12-20__12:50:48 0.22 0.25 0.26 2.36% 48.31 normal
2018-12-20__12:50:53 0.20 0.25 0.26 1.90% 48.31 normal
2018-12-20__12:50:59 0.18 0.25 0.26 8.49% 48.85 normal
2018-12-20__12:51:05 0.17 0.24 0.26 7.73% 48.31 normal
2018-12-20__12:51:10 0.23 0.25 0.26 1.90% 48.31 normal
2018-12-20__12:51:16 0.30 0.27 0.27 2.84% 48.31 normal
2018-12-20__12:51:22 0.27 0.26 0.27 5.26% 48.85 normal
2018-12-20__12:51:27 0.41 0.29 0.28 9.91% 48.85 normal
2018-12-20__12:51:33 0.51 0.31 0.28 2.84% 48.31 normal
2018-12-20__12:51:38 0.47 0.31 0.28 3.76% 48.85 normal
2018-12-20__12:51:44 0.43 0.30 0.28 5.71% 48.85 normal
2018-12-20__12:51:50 0.48 0.32 0.28 3.24% 48.85 normal
2018-12-20__12:51:55 0.44 0.31 0.28 6.07% 48.85 normal
2018-12-20__12:52:01 0.40 0.30 0.28 5.69% 49.39 normal
2018-12-20__12:52:07 0.37 0.30 0.28 6.22% 48.85 normal
2018-12-20__12:52:12 0.34 0.29 0.28 6.54% 48.31 normal
2018-12-20__12:52:18 0.37 0.30 0.28 2.83% 48.31 normal
2018-12-20__12:52:24 0.34 0.30 0.28 4.17% 48.31 normal
2018-12-20__12:52:29 0.31 0.29 0.27 5.69% 49.39 normal
2018-12-20__12:52:35 0.45 0.32 0.28 5.48% 48.85 normal
2018-12-20__12:52:40 0.41 0.31 0.28 8.10% 48.85 normal
2018-12-20__12:52:46 0.38 0.31 0.28 4.63% 48.31 normal
2018-12-20__12:52:52 0.35 0.30 0.28 6.64% 48.31 normal
2018-12-20__12:52:57 0.32 0.30 0.28 5.07% 48.31 normal
2018-12-20__12:53:03 0.27 0.29 0.27 6.33% 48.85 normal
2018-12-20__12:53:09 0.25 0.28 0.27 2.80% 48.31 normal
2018-12-20__12:53:14 0.23 0.28 0.27 3.30% 48.85 normal
2018-12-20__12:53:20 0.21 0.27 0.27 4.21% 48.85 normal
2018-12-20__12:53:26 0.19 0.27 0.27 7.08% 48.31 normal
2018-12-20__12:53:31 0.18 0.26 0.26 9.39% 48.31 normal
2018-12-20__12:53:37 0.32 0.29 0.27 3.26% 48.31 normal
2018-12-20__12:53:42 0.30 0.29 0.27 2.84% 49.39 normal
2018-12-20__12:53:48 0.25 0.28 0.27 3.26% 48.31 normal
2018-12-20__12:53:54 0.23 0.27 0.27 4.17% 48.31 normal
2018-12-20__12:53:59 0.21 0.27 0.27 9.17% 48.31 normal
2018-12-20__12:54:05 0.19 0.26 0.27 8.92% 49.39 normal
2018-12-20__12:54:11 0.18 0.26 0.26 -0.48% 48.31 normal
2018-12-20__12:54:16 0.16 0.25 0.26 12.50% 48.85 normal
2018-12-20__12:54:22 0.15 0.25 0.26 7.48% 48.85 normal
2018-12-20__12:54:27 0.14 0.25 0.26 7.01% 49.39 normal
2018-12-20__12:54:33 0.28 0.27 0.27 3.90% 49.39 normal
2018-12-20__12:54:39 0.26 0.27 0.27 15.71% 48.85 normal
2018-12-20__12:54:44 0.23 0.26 0.26 4.21% 48.31 normal
2018-12-20__12:54:50 0.22 0.26 0.26 8.84% 48.31 normal
2018-12-20__12:54:56 0.20 0.25 0.26 3.27% 48.31 normal
2018-12-20__12:55:01 0.18 0.25 0.26 7.58% 48.85 normal
2018-12-20__12:55:07 0.17 0.24 0.26 1.90% 48.31 normal
2018-12-20__12:55:12 0.15 0.24 0.26 0.95% 48.85 normal
2018-12-20__12:55:18 0.14 0.23 0.26 7.01% 48.31 normal
2018-12-20__12:55:24 0.12 0.23 0.25 7.48% 48.31 normal
2018-12-20__12:55:29 0.11 0.22 0.25 3.74% 48.31 normal
2018-12-20__12:55:35 0.66 0.34 0.29 15.96% 49.39 normal
2018-12-20__12:55:41 0.61 0.33 0.29 2.38% 48.85 normal
2018-12-20__12:55:46 0.56 0.32 0.28 3.27% 48.85 normal
2018-12-20__12:55:52 0.51 0.32 0.28 6.60% 48.85 normal
2018-12-20__12:55:57 0.47 0.31 0.28 7.98% 49.39 normal
2018-12-20__12:56:03 0.43 0.31 0.28 10.45% 48.85 normal
2018-12-20__12:56:09 0.44 0.31 0.28 2.36% 49.39 normal
2018-12-20__12:56:14 0.41 0.31 0.28 4.65% 48.85 normal
2018-12-20__12:56:20 0.37 0.30 0.28 5.71% 48.31 normal
2018-12-20__12:56:26 0.34 0.30 0.27 8.10% 48.31 normal
2018-12-20__12:56:31 0.31 0.29 0.27 7.04% 48.31 normal
2018-12-20__12:56:37 0.37 0.30 0.28 40.47% 48.31 normal
2018-12-20__12:56:43 0.34 0.30 0.27 22.33% 48.85 normal
2018-12-20__12:56:48 0.36 0.31 0.28 3.27% 48.31 normal
2018-12-20__12:56:54 0.33 0.30 0.27 1.90% 48.85 normal
2018-12-20__12:57:00 0.31 0.29 0.27 4.61% 48.85 normal
2018-12-20__12:57:05 0.28 0.29 0.27 8.25% 48.31 normal
2018-12-20__12:57:11 0.26 0.28 0.27 2.84% 48.85 normal
2018-12-20__12:57:16 0.24 0.28 0.27 1.90% 48.85 normal
2018-12-20__12:57:22 0.22 0.27 0.27 8.26% 48.31 normal
2018-12-20__12:57:28 0.20 0.27 0.27 7.87% 48.31 normal
2018-12-20__12:57:33 0.18 0.26 0.26 3.70% 48.31 normal
2018-12-20__12:57:39 0.23 0.27 0.27 6.57% 48.31 normal
2018-12-20__12:57:45 0.21 0.27 0.27 4.63% 49.39 normal
2018-12-20__12:57:50 0.19 0.26 0.26 3.74% 48.31 normal
2018-12-20__12:57:56 0.18 0.26 0.26 2.37% 48.31 normal
2018-12-20__12:58:01 0.16 0.25 0.26 5.71% 49.39 normal
2018-12-20__12:58:07 0.15 0.25 0.26 7.48% 48.31 normal
2018-12-20__12:58:13 0.14 0.25 0.26 9.95% 48.31 normal
2018-12-20__12:58:18 0.37 0.29 0.27 5.24% 48.31 normal
2018-12-20__12:58:24 0.31 0.28 0.27 11.31% 48.31 normal
2018-12-20__12:58:30 0.29 0.28 0.27 16.67% 49.39 normal
2018-12-20__12:58:35 0.42 0.31 0.28 6.25% 48.85 normal
2018-12-20__12:58:41 0.39 0.30 0.28 8.72% 48.31 normal
2018-12-20__12:58:47 0.60 0.34 0.29 7.04% 48.85 normal
2018-12-20__12:58:52 0.55 0.34 0.29 10.48% 49.39 normal
2018-12-20__12:58:58 0.51 0.33 0.29 5.71% 49.39 normal
2018-12-20__12:59:03 0.47 0.33 0.28 9.48% 49.39 normal
2018-12-20__12:59:09 0.47 0.33 0.29 5.53% 48.31 normal
2018-12-20__12:59:15 0.43 0.33 0.28 8.37% 48.31 normal
2018-12-20__12:59:20 0.39 0.32 0.28 4.67% 49.39 normal
2018-12-20__12:59:26 0.36 0.32 0.28 3.74% 48.31 normal
2018-12-20__12:59:32 0.33 0.31 0.28 3.27% 48.31 normal
2018-12-20__12:59:37 0.63 0.37 0.30 3.74% 48.31 normal
2018-12-20__12:59:43 0.58 0.37 0.30 4.69% 48.31 normal
2018-12-20__12:59:48 0.69 0.39 0.31 10.33% 49.39 normal
2018-12-20__12:59:54 0.58 0.38 0.30 2.82% 48.31 normal
2018-12-20__13:00:00 0.54 0.37 0.30 2.35% 48.31 normal
2018-12-20__13:00:05 0.49 0.37 0.30 6.73% 49.39 normal
2018-12-20__13:00:11 0.45 0.36 0.30 4.81% 48.85 normal
2018-12-20__13:00:17 0.42 0.35 0.29 2.36% 48.85 normal
2018-12-20__13:00:22 0.46 0.36 0.30 6.57% 48.31 normal
2018-12-20__13:00:28 0.43 0.36 0.30 26.32% 49.39 normal
2018-12-20__13:00:34 0.39 0.35 0.29 11.01% 48.85 normal
2018-12-20__13:00:39 0.85 0.45 0.33 7.18% 49.39 normal
2018-12-20__13:00:45 0.79 0.45 0.33 7.80% 48.31 normal
2018-12-20__13:00:50 0.72 0.44 0.33 1.90% 48.85 normal
2018-12-20__13:00:56 0.66 0.43 0.32 4.19% 48.31 normal
2018-12-20__13:01:02 0.61 0.42 0.32 7.48% 48.31 normal
2018-12-20__13:01:07 0.56 0.42 0.32 7.91% 48.85 normal
2018-12-20__13:01:13 0.52 0.41 0.32 1.43% 49.39 normal
2018-12-20__13:01:19 0.47 0.40 0.32 7.51% 48.85 normal
2018-12-20__13:01:24 0.40 0.39 0.31 9.43% 48.31 normal
2018-12-20__13:01:30 0.37 0.38 0.31 7.51% 48.85 normal
2018-12-20__13:01:35 0.50 0.41 0.32 4.15% 48.85 normal
2018-12-20__13:01:41 0.46 0.40 0.32 26.89% 48.85 normal
2018-12-20__13:01:47 0.58 0.43 0.33 6.60% 48.31 normal
2018-12-20__13:01:52 0.54 0.42 0.32 9.63% 48.31 normal
2018-12-20__13:01:58 0.49 0.41 0.32 8.80% 48.31 normal
2018-12-20__13:02:04 0.45 0.41 0.32 4.17% 48.85 normal
2018-12-20__13:02:09 0.38 0.39 0.32 6.91% 48.85 normal
2018-12-20__13:02:15 0.35 0.39 0.31 12.15% 48.85 normal
2018-12-20__13:02:21 0.32 0.38 0.31 2.35% 48.31 normal
2018-12-20__13:02:26 0.30 0.37 0.31 1.90% 48.85 normal
2018-12-20__13:02:32 0.27 0.37 0.31 1.90% 48.31 normal
2018-12-20__13:02:37 0.41 0.39 0.32 7.01% 48.85 normal
2018-12-20__13:02:43 0.38 0.39 0.32 4.17% 48.31 normal
2018-12-20__13:02:49 0.35 0.38 0.31 2.38% 48.31 normal
2018-12-20__13:02:54 0.29 0.37 0.31 7.80% 48.31 normal
2018-12-20__13:03:00 0.27 0.36 0.31 7.44% 49.39 normal
2018-12-20__13:03:06 0.25 0.36 0.31 19.81% 48.31 normal
2018-12-20__13:03:11 0.23 0.35 0.30 7.55% 49.39 normal
2018-12-20__13:03:17 0.21 0.34 0.30 3.79% 48.31 normal
2018-12-20__13:03:23 0.19 0.34 0.30 6.51% 48.85 normal
2018-12-20__13:03:28 0.18 0.33 0.30 2.37% 48.31 normal
2018-12-20__13:03:34 0.16 0.33 0.30 10.29% 48.85 normal
2018-12-20__13:03:39 0.21 0.33 0.30 4.17% 49.39 normal
2018-12-20__13:03:45 0.19 0.33 0.30 12.86% 49.39 normal
2018-12-20__13:03:51 0.18 0.32 0.29 4.19% 48.31 normal
2018-12-20__13:03:56 0.32 0.35 0.30 6.98% 49.39 normal
2018-12-20__13:04:02 0.38 0.36 0.31 4.61% 49.39 normal
2018-12-20__13:04:08 0.35 0.35 0.31 1.90% 48.85 normal
2018-12-20__13:04:13 0.32 0.35 0.30 8.02% 48.85 normal
2018-12-20__13:04:19 0.29 0.34 0.30 3.30% 48.31 normal
2018-12-20__13:04:24 0.25 0.33 0.30 4.61% 48.31 normal
2018-12-20__13:04:30 0.23 0.32 0.30 8.33% 48.31 normal
2018-12-20__13:04:36 0.29 0.33 0.30 17.29% 49.39 normal
2018-12-20__13:04:41 0.75 0.43 0.33 2.36% 48.85 normal
2018-12-20__13:04:47 0.69 0.42 0.33 5.74% 49.39 normal
2018-12-20__13:04:53 0.63 0.41 0.33 7.01% 48.31 normal
2018-12-20__13:04:58 0.58 0.41 0.32 1.90% 49.39 normal
2018-12-20__13:05:04 0.62 0.42 0.33 9.22% 48.31 normal
2018-12-20__13:05:10 0.52 0.40 0.32 4.21% 48.31 normal
2018-12-20__13:05:15 0.48 0.40 0.32 11.74% 48.85 normal
2018-12-20__13:05:21 0.44 0.39 0.32 9.52% 49.39 normal
2018-12-20__13:05:26 0.40 0.38 0.32 3.72% 49.39 normal
2018-12-20__13:05:32 0.37 0.38 0.32 2.83% 48.31 normal
2018-12-20__13:05:38 0.42 0.39 0.32 3.27% 48.85 normal
2018-12-20__13:05:43 0.39 0.38 0.32 3.76% 49.39 normal
2018-12-20__13:05:49 0.36 0.37 0.32 7.55% 49.39 normal
2018-12-20__13:05:55 0.45 0.39 0.32 2.84% 48.31 normal
2018-12-20__13:06:00 0.41 0.39 0.32 4.19% 48.85 normal
2018-12-20__13:06:06 0.38 0.38 0.32 6.16% 48.31 normal
2018-12-20__13:06:11 0.35 0.37 0.32 13.55% 48.31 normal
2018-12-20__13:06:17 0.32 0.37 0.32 2.80% 48.31 normal
2018-12-20__13:06:23 0.29 0.36 0.31 3.76% 48.31 normal
2018-12-20__13:06:28 0.27 0.35 0.31 15.57% 48.31 normal
2018-12-20__13:06:34 0.25 0.35 0.31 12.74% 48.85 normal
2018-12-20__13:06:40 0.28 0.35 0.31 2.84% 48.85 normal
2018-12-20__13:06:45 0.42 0.38 0.32 12.15% 48.85 normal
2018-12-20__13:06:51 0.39 0.37 0.32 4.63% 48.31 normal
2018-12-20__13:06:57 0.36 0.37 0.32 15.61% 48.85 normal
2018-12-20__13:07:02 0.33 0.36 0.32 4.81% 48.31 normal
2018-12-20__13:07:08 0.30 0.36 0.31 3.27% 48.85 normal
2018-12-20__13:07:13 0.28 0.35 0.31 7.08% 48.31 normal
2018-12-20__13:07:19 0.25 0.34 0.31 3.27% 48.31 normal
2018-12-20__13:07:25 0.22 0.33 0.31 6.67% 48.85 normal
2018-12-20__13:07:30 0.20 0.33 0.30 6.91% 48.85 normal
2018-12-20__13:07:36 0.26 0.34 0.31 13.88% 49.39 normal
2018-12-20__13:07:42 0.24 0.33 0.31 4.21% 48.85 normal
2018-12-20__13:07:47 0.22 0.33 0.30 7.44% 48.31 normal
2018-12-20__13:07:53 0.20 0.32 0.30 3.27% 48.85 normal
2018-12-20__13:07:59 0.19 0.31 0.30 1.43% 48.31 normal
2018-12-20__13:08:04 0.17 0.31 0.30 6.57% 48.31 normal
2018-12-20__13:08:10 0.22 0.31 0.30 3.72% 49.39 normal
2018-12-20__13:08:15 0.20 0.31 0.30 8.88% 48.85 normal
2018-12-20__13:08:21 0.18 0.30 0.30 5.77% 48.31 normal
2018-12-20__13:08:27 0.17 0.30 0.29 4.65% 48.31 normal
2018-12-20__13:08:32 0.16 0.29 0.29 11.16% 49.39 normal
2018-12-20__13:08:38 0.22 0.31 0.30 4.19% 49.39 normal
2018-12-20__13:08:44 0.21 0.30 0.29 5.16% 48.85 normal
2018-12-20__13:08:49 0.19 0.29 0.29 1.43% 49.39 normal
2018-12-20__13:08:55 0.16 0.28 0.29 4.72% 48.85 normal
2018-12-20__13:09:01 0.15 0.28 0.29 7.51% 49.39 normal
2018-12-20__13:09:06 0.13 0.27 0.28 4.29% 49.39 normal
2018-12-20__13:09:12 0.12 0.27 0.28 9.22% 49.39 normal
2018-12-20__13:09:17 0.11 0.27 0.28 8.72% 48.31 normal
2018-12-20__13:09:23 0.10 0.26 0.28 3.74% 48.31 normal
2018-12-20__13:09:29 0.18 0.27 0.28 8.37% 48.85 normal
2018-12-20__13:09:34 0.16 0.27 0.28 14.15% 49.39 normal
2018-12-20__13:09:40 0.21 0.28 0.28 5.63% 48.85 normal
2018-12-20__13:09:46 0.19 0.27 0.28 5.09% 48.31 normal
2018-12-20__13:09:51 0.18 0.27 0.28 4.63% 48.31 normal
2018-12-20__13:09:57 0.16 0.26 0.28 4.17% 48.31 normal
2018-12-20__13:10:02 0.15 0.26 0.27 7.18% 48.85 normal
2018-12-20__13:10:08 0.14 0.25 0.27 7.04% 48.85 normal
2018-12-20__13:10:14 0.13 0.25 0.27 5.26% 49.39 normal
2018-12-20__13:10:19 0.12 0.24 0.27 6.16% 48.31 normal
2018-12-20__13:10:25 0.10 0.23 0.27 9.26% 48.31 normal
2018-12-20__13:10:31 0.09 0.23 0.27 4.81% 48.31 normal
2018-12-20__13:10:36 0.08 0.23 0.26 13.88% 48.85 normal
2018-12-20__13:10:42 0.08 0.22 0.26 1.43% 48.85 normal
2018-12-20__13:10:48 0.07 0.22 0.26 1.90% 48.31 normal
2018-12-20__13:10:53 0.06 0.21 0.26 5.24% 48.85 normal
2018-12-20__13:10:59 0.06 0.21 0.26 7.04% 48.31 normal
2018-12-20__13:11:04 0.05 0.21 0.26 3.72% 48.31 normal
2018-12-20__13:11:10 0.04 0.20 0.25 4.63% 49.39 normal
2018-12-20__13:11:16 0.04 0.20 0.25 4.63% 49.39 normal
2018-12-20__13:11:21 0.04 0.19 0.25 2.82% 48.31 normal
2018-12-20__13:11:27 0.03 0.19 0.25 2.83% 48.85 normal
2018-12-20__13:11:33 0.03 0.19 0.25 9.22% 49.39 normal
2018-12-20__13:11:38 0.03 0.18 0.25 5.19% 48.31 normal
2018-12-20__13:11:44 0.03 0.18 0.24 7.94% 49.39 normal
2018-12-20__13:11:50 0.02 0.18 0.24 6.80% 48.31 normal
2018-12-20__13:11:55 0.02 0.17 0.24 8.37% 49.39 normal
2018-12-20__13:12:01 0.02 0.17 0.24 5.05% 48.31 normal
2018-12-20__13:12:06 0.02 0.16 0.24 7.48% 48.31 normal
2018-12-20__13:12:12 0.01 0.16 0.24 2.84% 48.31 normal
2018-12-20__13:12:18 0.09 0.18 0.24 4.23% 49.39 normal
2018-12-20__13:12:23 0.09 0.17 0.24 5.56% 49.39 normal
2018-12-20__13:12:29 0.08 0.17 0.24 10.23% 48.85 normal
2018-12-20__13:12:35 0.07 0.17 0.24 14.81% 48.85 normal
2018-12-20__13:12:40 0.06 0.16 0.23 2.34% 49.39 normal
2018-12-20__13:12:46 0.06 0.16 0.23 1.90% 49.39 normal
2018-12-20__13:12:59 0.12 0.17 0.23 8.13% 49.39 normal
2018-12-20__13:13:05 0.19 0.18 0.24 13.02% 49.39 normal
2018-12-20__13:13:11 0.16 0.18 0.24 3.29% 49.39 normal
2018-12-20__13:13:16 0.15 0.17 0.23 2.36% 48.85 normal
2018-12-20__13:13:22 0.22 0.19 0.24 5.24% 48.85 normal
2018-12-20__13:13:27 0.20 0.18 0.24 6.10% 48.85 normal
2018-12-20__13:13:33 0.34 0.21 0.25 6.10% 48.85 normal
2018-12-20__13:13:39 0.32 0.21 0.25 2.36% 49.39 normal
2018-12-20__13:13:44 0.29 0.21 0.24 7.48% 48.31 normal
2018-12-20__13:13:50 0.27 0.20 0.24 13.08% 49.39 normal
2018-12-20__13:13:56 0.30 0.21 0.25 14.22% 49.39 normal
2018-12-20__13:14:01 0.28 0.21 0.24 2.37% 48.31 normal
2018-12-20__13:14:07 0.33 0.22 0.25 1.90% 48.31 normal
2018-12-20__13:14:13 0.31 0.22 0.25 4.19% 48.31 normal
2018-12-20__13:14:18 0.28 0.21 0.25 4.72% 48.31 normal
2018-12-20__13:14:24 0.26 0.21 0.24 6.05% 48.31 normal
2018-12-20__13:14:29 0.24 0.21 0.24 6.94% 49.39 normal
2018-12-20__13:14:35 0.22 0.20 0.24 18.60% 48.85 normal
2018-12-20__13:14:41 0.26 0.21 0.24 3.29% 48.85 normal
2018-12-20__13:14:46 0.24 0.21 0.24 5.29% 49.39 normal
2018-12-20__13:14:52 0.30 0.22 0.25 3.30% 49.39 normal
2018-12-20__13:14:58 0.27 0.22 0.25 2.82% 48.85 normal
2018-12-20__13:15:03 0.25 0.21 0.24 4.17% 49.39 normal
2018-12-20__13:15:09 0.23 0.21 0.24 9.26% 49.39 normal
2018-12-20__13:15:15 0.21 0.21 0.24 4.59% 48.85 normal
2018-12-20__13:15:20 0.20 0.20 0.24 7.87% 49.39 normal
2018-12-20__13:15:26 0.16 0.20 0.24 1.90% 49.39 normal
2018-12-20__13:15:31 0.15 0.19 0.24 5.12% 48.31 normal
2018-12-20__13:15:37 0.46 0.26 0.26 17.70% 49.39 normal
2018-12-20__13:15:43 0.50 0.27 0.26 3.29% 48.85 normal
2018-12-20__13:15:48 0.54 0.28 0.26 2.84% 48.31 normal
2018-12-20__13:15:54 0.50 0.28 0.26 6.54% 48.85 normal
2018-12-20__13:16:00 0.54 0.29 0.27 1.42% 48.85 normal
2018-12-20__13:16:05 0.50 0.28 0.27 7.11% 49.39 normal
2018-12-20__13:16:11 0.49 0.29 0.27 2.83% 49.39 normal
2018-12-20__13:16:17 0.45 0.28 0.27 7.98% 48.85 normal
2018-12-20__13:16:22 0.42 0.28 0.27 6.54% 48.31 normal
2018-12-20__13:16:28 0.46 0.29 0.27 4.63% 48.85 normal
2018-12-20__13:16:33 0.43 0.29 0.27 4.19% 48.31 normal
2018-12-20__13:16:39 0.47 0.30 0.27 4.63% 48.85 normal
2018-12-20__13:16:45 0.43 0.29 0.27 1.90% 48.31 normal
2018-12-20__13:16:50 0.40 0.29 0.27 1.89% 48.31 normal
2018-12-20__13:16:56 0.34 0.28 0.27 6.10% 48.85 normal
2018-12-20__13:17:02 0.31 0.27 0.27 13.68% 49.39 normal
2018-12-20__13:17:07 0.29 0.27 0.26 28.70% 49.39 normal
2018-12-20__13:17:13 0.26 0.26 0.26 8.29% 48.31 normal
2018-12-20__13:17:19 0.24 0.26 0.26 6.19% 49.39 normal
2018-12-20__13:17:24 0.22 0.26 0.26 0.48% 48.31 normal
2018-12-20__13:17:30 0.20 0.25 0.26 1.43% 48.85 normal
2018-12-20__13:17:35 0.19 0.25 0.26 19.07% 49.39 normal
2018-12-20__13:17:41 0.16 0.24 0.25 8.53% 49.39 normal
2018-12-20__13:17:47 0.14 0.23 0.25 2.38% 48.85 normal
2018-12-20__13:17:52 0.13 0.23 0.25 7.55% 48.31 normal
2018-12-20__13:17:58 0.12 0.23 0.25 2.84% 48.85 normal
2018-12-20__13:18:04 0.11 0.22 0.25 7.51% 48.85 normal
2018-12-20__13:18:09 0.10 0.22 0.25 4.21% 48.31 normal
2018-12-20__13:18:15 0.09 0.21 0.25 7.01% 49.39 normal
2018-12-20__13:18:21 0.09 0.21 0.24 2.84% 48.31 normal
2018-12-20__13:18:26 0.07 0.20 0.24 0.95% 48.31 normal
2018-12-20__13:18:32 0.15 0.22 0.25 5.66% 49.39 normal
2018-12-20__13:18:37 0.14 0.21 0.24 17.13% 49.39 normal
2018-12-20__13:18:43 0.12 0.21 0.24 7.01% 48.85 normal
2018-12-20__13:18:49 0.11 0.20 0.24 3.30% 48.85 normal
2018-12-20__13:18:54 0.10 0.20 0.24 8.33% 48.85 normal
2018-12-20__13:19:00 0.10 0.20 0.24 1.90% 48.85 normal
2018-12-20__13:19:06 0.09 0.19 0.24 1.90% 49.39 normal
2018-12-20__13:19:11 0.07 0.19 0.23 2.38% 48.85 normal
2018-12-20__13:19:17 0.07 0.18 0.23 7.41% 49.39 normal
2018-12-20__13:19:23 0.06 0.18 0.23 2.83% 48.85 normal
2018-12-20__13:19:28 0.06 0.18 0.23 3.81% 48.85 normal
2018-12-20__13:19:34 0.05 0.17 0.23 5.24% 49.39 normal
2018-12-20__13:19:39 0.05 0.17 0.23 8.26% 48.31 normal
2018-12-20__13:19:45 0.04 0.17 0.22 17.89% 48.31 normal
2018-12-20__13:19:51 0.20 0.20 0.23 1.90% 48.85 normal
2018-12-20__13:19:56 0.17 0.19 0.23 14.22% 48.85 normal
2018-12-20__13:20:02 0.32 0.22 0.24 8.02% 48.85 normal
2018-12-20__13:20:08 0.37 0.24 0.25 2.83% 49.39 normal
2018-12-20__13:20:13 0.34 0.23 0.24 2.37% 48.85 normal
2018-12-20__13:20:19 0.31 0.23 0.24 4.33% 48.85 normal
2018-12-20__13:20:25 0.29 0.22 0.24 4.63% 48.85 normal
2018-12-20__13:20:30 0.26 0.22 0.24 2.82% 49.39 normal
2018-12-20__13:20:36 0.24 0.22 0.24 17.70% 49.39 normal
2018-12-20__13:20:41 0.51 0.27 0.26 6.91% 49.39 normal
2018-12-20__13:20:47 0.47 0.27 0.26 11.27% 49.39 normal
2018-12-20__13:20:53 0.67 0.31 0.27 11.52% 48.31 normal
2018-12-20__13:20:58 0.62 0.31 0.27 6.85% 48.85 normal
2018-12-20__13:21:04 0.57 0.30 0.27 4.19% 49.39 normal
2018-12-20__13:21:10 0.52 0.30 0.27 4.17% 48.31 normal
2018-12-20__13:21:15 0.48 0.29 0.27 7.55% 49.39 normal
2018-12-20__13:21:21 0.60 0.32 0.28 3.27% 49.39 normal
2018-12-20__13:21:27 0.51 0.31 0.27 7.08% 49.39 normal
2018-12-20__13:21:32 0.47 0.31 0.27 3.33% 49.39 normal
2018-12-20__13:21:38 0.43 0.30 0.27 10.80% 48.31 normal
2018-12-20__13:21:43 0.40 0.30 0.27 2.36% 48.85 normal
2018-12-20__13:21:49 0.36 0.29 0.27 3.27% 48.85 normal
2018-12-20__13:21:55 0.34 0.29 0.26 2.84% 49.39 normal
2018-12-20__13:22:00 0.31 0.28 0.26 8.80% 48.31 normal
2018-12-20__13:22:06 0.28 0.28 0.26 6.13% 49.39 normal
2018-12-20__13:22:12 0.39 0.30 0.27 4.19% 49.39 normal
2018-12-20__13:22:17 0.36 0.29 0.27 3.70% 49.39 normal
2018-12-20__13:22:23 0.33 0.29 0.27 1.89% 48.85 normal
2018-12-20__13:22:28 0.31 0.28 0.27 7.14% 48.85 normal
2018-12-20__13:22:34 0.28 0.28 0.26 10.09% 49.39 normal
2018-12-20__13:22:40 0.26 0.27 0.26 7.04% 49.39 normal
2018-12-20__13:22:45 0.24 0.27 0.26 4.72% 48.31 normal
2018-12-20__13:22:51 0.30 0.28 0.27 2.37% 48.85 normal
2018-12-20__13:22:57 0.25 0.27 0.26 9.35% 49.39 normal
2018-12-20__13:23:02 0.31 0.28 0.27 5.07% 49.39 normal
2018-12-20__13:23:08 0.29 0.28 0.27 2.37% 48.85 normal
2018-12-20__13:23:14 0.26 0.27 0.26 9.30% 49.39 normal
2018-12-20__13:23:19 0.24 0.27 0.26 9.22% 48.85 normal
2018-12-20__13:23:25 0.22 0.26 0.26 8.49% 49.39 normal
2018-12-20__13:23:30 0.20 0.26 0.26 3.29% 48.85 normal
2018-12-20__13:23:36 0.19 0.26 0.26 11.90% 49.39 normal
2018-12-20__13:23:42 0.16 0.25 0.26 2.79% 48.85 normal
2018-12-20__13:23:47 0.15 0.24 0.25 3.27% 48.85 normal
2018-12-20__13:23:53 0.13 0.24 0.25 12.74% 48.85 normal
2018-12-20__13:23:59 0.12 0.23 0.25 1.42% 49.39 normal
2018-12-20__13:24:04 0.11 0.23 0.25 8.02% 49.39 normal
2018-12-20__13:24:10 0.10 0.23 0.25 1.42% 48.85 normal
2018-12-20__13:24:16 0.10 0.22 0.25 4.63% 49.39 normal
2018-12-20__13:24:21 0.09 0.22 0.25 6.54% 48.85 normal
2018-12-20__13:24:27 0.22 0.24 0.25 2.36% 48.85 normal
2018-12-20__13:24:32 0.20 0.24 0.25 6.05% 48.31 normal
2018-12-20__13:24:38 0.19 0.23 0.25 7.51% 48.31 normal
2018-12-20__13:24:44 0.17 0.23 0.25 2.83% 48.31 normal
2018-12-20__13:24:49 0.32 0.26 0.26 6.28% 49.39 normal
2018-12-20__13:24:55 0.29 0.26 0.26 11.68% 48.85 normal
2018-12-20__13:25:01 0.27 0.25 0.26 42.25% 49.39 normal
2018-12-20__13:25:06 0.25 0.25 0.25 2.83% 49.39 normal
2018-12-20__13:25:12 0.21 0.24 0.25 12.50% 49.39 normal
2018-12-20__13:25:18 0.19 0.23 0.25 5.71% 49.39 normal
2018-12-20__13:25:23 0.18 0.23 0.25 6.07% 48.31 normal
2018-12-20__13:25:29 0.32 0.26 0.26 2.35% 48.85 normal
2018-12-20__13:25:34 0.30 0.26 0.26 5.16% 48.31 normal
2018-12-20__13:25:40 0.35 0.27 0.26 3.76% 49.39 normal
2018-12-20__13:25:46 0.32 0.26 0.26 5.24% 48.85 normal
2018-12-20__13:25:51 0.30 0.26 0.26 7.98% 49.39 normal
2018-12-20__13:25:57 0.25 0.25 0.26 3.27% 49.39 normal
2018-12-20__13:26:03 0.23 0.25 0.25 2.80% 49.39 normal
2018-12-20__13:26:08 0.21 0.24 0.25 4.78% 48.85 normal
2018-12-20__13:26:14 0.20 0.24 0.25 1.43% 49.39 normal
2018-12-20__13:26:20 0.18 0.23 0.25 1.90% 48.85 normal
2018-12-20__13:26:25 0.16 0.23 0.25 10.00% 49.39 normal
2018-12-20__13:26:31 0.15 0.22 0.25 5.71% 48.31 normal
2018-12-20__13:26:36 0.14 0.22 0.25 17.84% 49.39 normal
2018-12-20__13:26:42 0.12 0.21 0.24 2.37% 49.39 normal
2018-12-20__13:26:48 0.11 0.21 0.24 14.42% 48.85 normal
2018-12-20__13:26:53 0.10 0.21 0.24 2.82% 48.85 normal
2018-12-20__13:26:59 0.09 0.20 0.24 4.21% 49.39 normal
2018-12-20__13:27:05 0.08 0.20 0.24 5.50% 49.39 normal
2018-12-20__13:27:10 0.08 0.20 0.23 9.91% 49.39 normal
2018-12-20__13:27:16 0.23 0.23 0.24 -0.49% 48.31 normal
2018-12-20__13:27:21 0.21 0.22 0.24 4.19% 48.31 normal
2018-12-20__13:27:27 0.18 0.21 0.24 7.44% 48.85 normal
2018-12-20__13:27:33 0.16 0.21 0.24 12.56% 49.39 normal
2018-12-20__13:27:38 0.15 0.21 0.24 7.58% 49.39 normal
2018-12-20__13:27:44 0.14 0.20 0.24 0.95% 48.31 normal
2018-12-20__13:27:50 0.13 0.20 0.23 2.84% 49.39 normal
2018-12-20__13:27:55 0.12 0.20 0.23 6.83% 48.85 normal
2018-12-20__13:28:01 0.11 0.19 0.23 7.41% 48.85 normal
2018-12-20__13:28:07 0.10 0.19 0.23 1.90% 48.85 normal
2018-12-20__13:28:12 0.08 0.18 0.23 2.82% 48.85 normal
2018-12-20__13:28:18 0.08 0.18 0.23 5.71% 49.39 normal
2018-12-20__13:28:23 0.07 0.17 0.22 4.19% 48.85 normal
2018-12-20__13:28:29 0.06 0.17 0.22 3.74% 48.85 normal
2018-12-20__13:28:35 0.06 0.17 0.22 3.76% 48.31 normal
2018-12-20__13:28:40 0.05 0.17 0.22 7.48% 48.85 normal
2018-12-20__13:28:46 0.05 0.16 0.22 7.44% 49.39 normal
2018-12-20__13:28:52 0.05 0.16 0.22 6.13% 49.39 normal
2018-12-20__13:28:57 0.28 0.20 0.23 5.74% 49.39 normal
2018-12-20__13:29:03 0.26 0.20 0.23 5.05% 48.31 normal
2018-12-20__13:29:08 0.24 0.20 0.23 4.72% 49.39 normal
2018-12-20__13:29:14 0.22 0.19 0.23 5.69% 49.39 normal
2018-12-20__13:29:20 0.20 0.19 0.22 1.89% 48.85 normal
2018-12-20__13:29:25 0.18 0.19 0.22 3.79% 48.85 normal
2018-12-20__13:29:31 0.17 0.18 0.22 15.81% 49.39 normal
2018-12-20__13:29:37 0.15 0.18 0.22 19.27% 49.39 normal
2018-12-20__13:29:42 0.13 0.17 0.22 8.68% 48.85 normal
2018-12-20__13:29:48 0.12 0.17 0.22 4.19% 49.39 normal
2018-12-20__13:29:54 0.11 0.17 0.21 7.48% 49.39 normal
2018-12-20__13:29:59 0.18 0.18 0.22 2.35% 49.39 normal
2018-12-20__13:30:05 0.17 0.18 0.22 5.66% 48.31 normal
2018-12-20__13:30:11 0.15 0.18 0.22 6.57% 49.39 normal
2018-12-20__13:30:16 0.14 0.17 0.21 12.98% 49.39 normal
2018-12-20__13:30:22 0.13 0.17 0.21 5.63% 48.85 normal
2018-12-20__13:30:27 0.35 0.21 0.23 11.90% 48.85 normal
2018-12-20__13:30:33 0.32 0.21 0.22 5.14% 48.85 normal
2018-12-20__13:30:39 0.46 0.24 0.23 3.77% 49.92 normal
2018-12-20__13:30:44 0.50 0.25 0.24 6.16% 49.39 normal
2018-12-20__13:30:50 0.46 0.25 0.24 2.35% 48.85 normal
2018-12-20__13:30:56 0.42 0.24 0.24 6.54% 49.39 normal
2018-12-20__13:31:01 0.39 0.24 0.23 1.42% 48.85 normal
2018-12-20__13:31:07 0.36 0.23 0.23 1.90% 48.85 normal
2018-12-20__13:31:12 0.30 0.23 0.23 7.24% 49.39 normal
2018-12-20__13:31:24 0.42 0.25 0.24 7.08% 48.85 normal
2018-12-20__13:31:30 0.38 0.25 0.24 7.11% 48.85 normal
2018-12-20__13:31:35 0.35 0.24 0.24 4.17% 48.31 normal
2018-12-20__13:31:41 0.40 0.26 0.24 5.63% 48.85 normal
2018-12-20__13:31:47 0.37 0.25 0.24 7.08% 49.39 normal
2018-12-20__13:31:52 0.42 0.27 0.24 7.04% 49.39 normal
2018-12-20__13:31:58 0.43 0.27 0.25 3.74% 49.39 normal
2018-12-20__13:32:04 0.40 0.27 0.24 4.65% 48.31 normal
2018-12-20__13:32:09 0.36 0.26 0.24 8.65% 49.39 normal
2018-12-20__13:32:15 0.33 0.26 0.24 13.64% 49.39 normal
2018-12-20__13:32:21 0.31 0.25 0.24 4.21% 49.39 normal
2018-12-20__13:32:26 0.28 0.25 0.24 3.29% 48.85 normal
2018-12-20__13:32:32 0.26 0.25 0.24 4.59% 49.39 normal
2018-12-20__13:32:37 0.40 0.27 0.25 26.19% 49.39 normal
2018-12-20__13:32:55 1.54 0.55 0.34 3.85% 49.39 normal
2018-12-20__13:33:01 1.41 0.54 0.34 4.19% 49.39 normal
2018-12-20__13:33:06 1.30 0.53 0.33 7.98% 48.85 normal
2018-12-20__13:33:12 1.44 0.57 0.35 4.21% 48.85 normal
2018-12-20__13:33:17 1.40 0.58 0.35 5.26% 49.39 normal
2018-12-20__13:33:23 1.19 0.56 0.35 3.76% 49.39 normal
2018-12-20__13:33:29 1.09 0.55 0.35 12.09% 49.39 normal
2018-12-20__13:33:34 1.00 0.54 0.35 4.21% 49.39 normal
2018-12-20__13:33:40 1.00 0.55 0.35 9.81% 49.39 normal
2018-12-20__13:33:46 0.92 0.54 0.35 4.33% 49.39 normal
2018-12-20__13:33:51 0.85 0.53 0.35 5.69% 48.85 normal
2018-12-20__13:33:57 0.78 0.52 0.34 27.01% 49.39 normal
2018-12-20__13:34:02 0.80 0.53 0.35 8.72% 49.39 normal
2018-12-20__13:34:08 0.67 0.51 0.34 2.34% 49.39 normal
2018-12-20__13:34:14 0.62 0.50 0.34 8.97% 49.39 normal
2018-12-20__13:34:19 0.57 0.49 0.34 2.34% 49.39 normal
2018-12-20__13:34:25 0.52 0.49 0.34 11.16% 49.39 normal
2018-12-20__13:34:31 0.48 0.48 0.34 4.63% 49.39 normal
2018-12-20__13:34:36 0.44 0.47 0.33 5.69% 49.39 normal
2018-12-20__13:34:42 0.57 0.49 0.34 1.90% 49.39 normal
2018-12-20__13:34:48 0.52 0.49 0.34 1.90% 49.39 normal
2018-12-20__13:34:53 0.44 0.47 0.34 2.83% 48.85 normal
2018-12-20__13:34:59 0.41 0.46 0.33 6.88% 49.39 normal
2018-12-20__13:35:04 0.37 0.45 0.33 3.74% 48.85 normal
2018-12-20__13:35:10 0.34 0.45 0.33 1.43% 48.85 normal
2018-12-20__13:35:16 0.31 0.44 0.33 5.66% 49.39 normal
2018-12-20__13:35:21 0.29 0.43 0.33 6.82% 49.39 normal
2018-12-20__13:35:27 0.27 0.42 0.33 3.74% 48.31 normal
2018-12-20__13:35:33 0.24 0.42 0.32 7.98% 48.85 normal
2018-12-20__13:35:38 0.37 0.44 0.33 3.30% 49.39 normal
2018-12-20__13:35:44 0.34 0.43 0.33 8.37% 49.39 normal
2018-12-20__13:35:49 0.31 0.42 0.33 4.17% 48.85 normal
2018-12-20__13:35:55 0.29 0.41 0.32 12.96% 49.39 normal
2018-12-20__13:36:01 0.26 0.41 0.32 14.42% 49.39 normal
2018-12-20__13:36:06 0.24 0.40 0.32 14.49% 49.39 normal
2018-12-20__13:36:12 0.22 0.39 0.32 2.36% 49.39 normal
2018-12-20__13:36:18 0.20 0.39 0.32 8.92% 49.39 normal
2018-12-20__13:36:23 0.17 0.37 0.31 6.98% 48.85 normal
2018-12-20__13:36:29 0.16 0.37 0.31 8.26% 48.85 normal
2018-12-20__13:36:35 0.14 0.36 0.31 3.74% 49.39 normal
2018-12-20__13:36:40 0.21 0.37 0.31 6.19% 49.39 normal
2018-12-20__13:36:46 0.20 0.36 0.31 7.55% 48.85 normal
2018-12-20__13:36:51 0.18 0.36 0.31 11.16% 48.31 normal
2018-12-20__13:36:57 0.17 0.35 0.31 4.19% 49.39 normal
2018-12-20__13:37:03 0.15 0.35 0.31 6.13% 49.39 normal
2018-12-20__13:37:08 0.13 0.33 0.30 3.70% 48.31 normal
2018-12-20__13:37:14 0.12 0.33 0.30 6.60% 49.39 normal
2018-12-20__13:37:20 0.35 0.37 0.31 3.27% 48.31 normal
2018-12-20__13:37:25 0.32 0.37 0.31 13.02% 48.31 normal
2018-12-20__13:37:31 0.29 0.36 0.31 7.87% 49.39 normal
2018-12-20__13:37:36 0.27 0.35 0.31 11.21% 48.85 normal
2018-12-20__13:37:42 0.41 0.38 0.32 1.89% 49.39 normal
2018-12-20__13:37:48 0.38 0.37 0.32 2.35% 49.39 normal
2018-12-20__13:37:53 0.32 0.36 0.31 5.74% 49.39 normal
2018-12-20__13:37:59 0.29 0.36 0.31 9.35% 48.85 normal
2018-12-20__13:38:05 0.27 0.35 0.31 11.63% 48.31 normal
2018-12-20__13:38:10 0.25 0.34 0.31 3.72% 48.31 normal
2018-12-20__13:38:16 0.23 0.34 0.30 9.72% 48.85 normal
2018-12-20__13:38:22 0.21 0.33 0.30 6.60% 49.39 normal
2018-12-20__13:38:27 0.19 0.33 0.30 6.10% 48.85 normal
2018-12-20__13:38:33 0.18 0.32 0.30 4.85% 48.85 normal
2018-12-20__13:38:38 0.31 0.34 0.31 10.45% 49.39 normal
2018-12-20__13:38:44 0.28 0.34 0.30 4.19% 49.39 normal
2018-12-20__13:38:56 0.24 0.33 0.30 2.43% 49.39 normal
2018-12-20__13:39:01 0.38 0.35 0.31 2.36% 49.39 normal
2018-12-20__13:39:07 0.35 0.35 0.31 4.33% 49.39 normal
2018-12-20__13:39:13 0.32 0.34 0.30 4.35% 48.31 normal
2018-12-20__13:39:18 0.27 0.33 0.30 3.70% 48.31 normal
2018-12-20__13:39:24 0.25 0.32 0.30 2.36% 48.85 normal
2018-12-20__13:39:30 0.23 0.32 0.30 7.98% 48.85 normal
2018-12-20__13:39:35 0.29 0.33 0.30 10.60% 49.39 normal
2018-12-20__13:39:41 0.43 0.36 0.31 2.80% 48.85 normal
2018-12-20__13:39:47 0.39 0.35 0.31 7.91% 48.31 normal
2018-12-20__13:39:52 0.36 0.35 0.31 3.72% 48.85 normal
2018-12-20__13:39:58 0.33 0.34 0.30 34.10% 48.85 normal
2018-12-20__13:40:03 0.28 0.33 0.30 3.74% 49.39 normal
2018-12-20__13:40:09 0.42 0.36 0.31 2.37% 48.31 normal
2018-12-20__13:40:15 0.39 0.35 0.31 8.26% 49.39 normal
2018-12-20__13:40:20 0.35 0.34 0.31 5.07% 48.31 normal
2018-12-20__13:40:26 0.33 0.34 0.30 3.79% 49.39 normal
2018-12-20__13:40:32 0.30 0.33 0.30 3.70% 49.39 normal
2018-12-20__13:40:37 0.27 0.33 0.30 9.63% 49.39 normal
2018-12-20__13:40:43 0.41 0.35 0.31 2.82% 48.85 normal
2018-12-20__13:40:48 0.62 0.40 0.32 8.29% 49.39 normal
2018-12-20__13:40:54 0.52 0.38 0.32 9.26% 48.31 normal
2018-12-20__13:41:00 0.48 0.38 0.32 4.61% 49.39 normal
2018-12-20__13:41:05 0.44 0.37 0.32 8.06% 48.85 normal
2018-12-20__13:41:11 0.41 0.36 0.31 3.27% 49.39 normal
2018-12-20__13:41:17 0.37 0.36 0.31 3.72% 48.85 normal
2018-12-20__13:41:22 0.34 0.35 0.31 7.91% 48.31 normal
2018-12-20__13:41:28 0.48 0.38 0.32 5.07% 48.31 normal
2018-12-20__13:41:34 0.76 0.44 0.34 7.91% 48.85 normal
2018-12-20__13:41:39 0.96 0.49 0.36 6.13% 49.39 normal
2018-12-20__13:41:45 0.89 0.48 0.36 6.02% 48.31 normal
2018-12-20__13:41:50 0.81 0.48 0.35 2.82% 48.31 normal
2018-12-20__13:41:56 0.75 0.47 0.35 21.33% 49.39 normal
2018-12-20__13:42:02 0.69 0.46 0.35 2.83% 48.31 normal
2018-12-20__13:42:07 0.63 0.45 0.35 14.62% 48.31 normal
2018-12-20__13:42:13 0.58 0.44 0.35 2.83% 48.31 normal
2018-12-20__13:42:19 0.70 0.47 0.35 8.68% 49.39 normal
2018-12-20__13:42:24 0.59 0.45 0.35 6.94% 48.85 normal
2018-12-20__13:42:30 0.54 0.45 0.35 8.11% 49.39 normal
2018-12-20__13:42:36 0.50 0.44 0.35 1.90% 49.39 normal
2018-12-20__13:42:41 0.54 0.45 0.35 7.94% 49.39 normal
2018-12-20__13:42:47 0.50 0.44 0.35 3.72% 48.31 normal
2018-12-20__13:42:52 0.45 0.43 0.35 4.33% 49.39 normal
2018-12-20__13:42:58 0.42 0.43 0.35 3.74% 48.31 normal
2018-12-20__13:43:04 0.55 0.45 0.35 1.89% 48.85 normal
2018-12-20__13:43:09 0.54 0.45 0.36 6.13% 48.85 normal
2018-12-20__13:43:15 0.49 0.45 0.35 9.05% 48.85 normal
2018-12-20__13:43:21 0.45 0.44 0.35 12.68% 49.39 normal
2018-12-20__13:43:26 0.42 0.43 0.35 5.61% 49.39 normal
2018-12-20__13:43:32 0.38 0.42 0.35 1.90% 48.31 normal
2018-12-20__13:43:38 0.35 0.42 0.35 8.41% 48.31 normal
2018-12-20__13:43:43 0.64 0.48 0.37 3.26% 48.31 normal
2018-12-20__13:43:49 0.59 0.47 0.36 6.16% 48.85 normal
2018-12-20__13:43:54 0.94 0.55 0.39 4.21% 48.85 normal
2018-12-20__13:44:00 0.87 0.54 0.39 5.14% 49.39 normal
2018-12-20__13:44:06 0.80 0.53 0.39 1.91% 48.31 normal
2018-12-20__13:44:11 0.73 0.52 0.38 10.00% 48.85 normal
2018-12-20__13:44:17 0.67 0.51 0.38 1.90% 48.85 normal
2018-12-20__13:44:23 0.62 0.50 0.38 3.74% 49.39 normal
2018-12-20__13:44:28 0.57 0.50 0.38 3.35% 49.39 normal
2018-12-20__13:44:34 0.52 0.49 0.37 7.04% 49.39 normal
2018-12-20__13:44:39 0.52 0.49 0.38 0.49% 49.39 normal
2018-12-20__13:44:45 0.48 0.48 0.37 12.33% 49.39 normal
2018-12-20__13:44:51 0.60 0.50 0.38 6.19% 49.39 normal
2018-12-20__13:44:56 0.56 0.50 0.38 2.38% 48.31 normal
2018-12-20__13:45:02 0.51 0.49 0.38 2.83% 49.39 normal
2018-12-20__13:45:08 0.47 0.48 0.37 2.82% 48.85 normal
2018-12-20__13:45:13 0.43 0.47 0.37 3.74% 48.31 normal
2018-12-20__13:45:19 0.40 0.46 0.37 6.57% 48.85 normal
2018-12-20__13:45:24 0.34 0.45 0.37 5.96% 48.85 normal
2018-12-20__13:45:30 0.47 0.47 0.37 2.37% 49.39 normal
2018-12-20__13:45:36 0.43 0.46 0.37 8.88% 49.39 normal
2018-12-20__13:45:41 0.64 0.51 0.39 6.13% 49.39 normal
2018-12-20__13:45:47 0.67 0.52 0.39 7.51% 49.39 normal
2018-12-20__13:45:53 0.61 0.51 0.39 6.48% 48.85 normal
2018-12-20__13:45:58 0.56 0.50 0.38 3.72% 48.85 normal
2018-12-20__13:46:04 0.52 0.49 0.38 5.07% 49.92 normal
2018-12-20__13:46:10 0.44 0.47 0.38 7.91% 48.85 normal
2018-12-20__13:46:15 0.40 0.46 0.37 13.43% 49.39 normal
2018-12-20__13:46:21 0.37 0.46 0.37 6.13% 49.39 normal
2018-12-20__13:46:26 0.34 0.45 0.37 8.37% 49.39 normal
2018-12-20__13:46:32 0.31 0.44 0.37 6.54% 48.85 normal
2018-12-20__13:46:38 0.29 0.43 0.36 4.17% 49.39 normal
2018-12-20__13:46:43 0.34 0.44 0.37 2.36% 49.39 normal
2018-12-20__13:46:49 0.32 0.44 0.37 6.60% 48.85 normal
2018-12-20__13:46:55 0.27 0.42 0.36 2.82% 48.85 normal
2018-12-20__13:47:00 0.25 0.41 0.36 7.55% 48.31 normal
2018-12-20__13:47:06 0.23 0.41 0.36 7.91% 48.31 normal
2018-12-20__13:47:12 0.21 0.40 0.36 4.61% 49.39 normal
2018-12-20__13:47:17 0.19 0.39 0.35 28.04% 48.85 normal
2018-12-20__13:47:23 0.34 0.42 0.36 9.22% 48.85 normal
2018-12-20__13:47:28 0.31 0.41 0.36 7.94% 48.85 normal
2018-12-20__13:47:34 0.28 0.40 0.36 6.16% 49.39 normal
2018-12-20__13:47:40 0.32 0.41 0.36 6.16% 49.39 normal
2018-12-20__13:47:45 0.29 0.40 0.36 5.69% 49.39 normal
2018-12-20__13:47:51 0.27 0.39 0.36 7.51% 48.31 normal
2018-12-20__13:47:57 0.25 0.39 0.35 6.13% 49.39 normal
2018-12-20__13:48:02 0.23 0.38 0.35 3.29% 49.39 normal
2018-12-20__13:48:08 0.21 0.37 0.35 7.58% 49.92 normal
2018-12-20__13:48:13 0.19 0.37 0.35 5.07% 49.39 normal
2018-12-20__13:48:19 0.18 0.36 0.35 9.52% 49.39 normal
2018-12-20__13:48:25 0.15 0.35 0.34 3.29% 49.39 normal
2018-12-20__13:48:30 0.14 0.34 0.34 5.58% 49.39 normal
2018-12-20__13:48:36 0.13 0.34 0.34 3.70% 48.85 normal
2018-12-20__13:48:42 0.20 0.35 0.34 2.83% 48.85 normal
2018-12-20__13:48:47 0.26 0.36 0.35 12.44% 48.85 normal
2018-12-20__13:48:53 0.24 0.35 0.35 5.07% 49.39 normal
2018-12-20__13:48:58 0.22 0.35 0.34 4.19% 48.85 normal
2018-12-20__13:49:04 0.20 0.34 0.34 3.72% 49.39 normal
2018-12-20__13:49:10 0.17 0.33 0.34 5.69% 48.85 normal
2018-12-20__13:49:15 0.24 0.34 0.34 6.16% 49.39 normal
2018-12-20__13:49:21 0.22 0.33 0.34 3.76% 48.31 normal
2018-12-20__13:49:27 0.20 0.33 0.34 8.92% 48.85 normal
2018-12-20__13:49:32 0.18 0.32 0.34 5.69% 48.85 normal
2018-12-20__13:49:38 0.17 0.32 0.33 2.36% 49.39 normal
2018-12-20__13:49:43 0.24 0.33 0.34 8.80% 49.39 normal
2018-12-20__13:49:49 0.22 0.32 0.34 1.45% 49.39 normal
2018-12-20__13:49:55 0.33 0.35 0.34 2.82% 49.39 normal
2018-12-20__13:50:00 0.30 0.34 0.34 36.36% 49.39 normal
2018-12-20__13:50:06 0.28 0.33 0.34 16.67% 49.39 normal
2018-12-20__13:50:12 0.26 0.33 0.34 7.01% 49.39 normal
2018-12-20__13:50:17 0.24 0.32 0.33 3.77% 48.85 normal
2018-12-20__13:50:23 0.22 0.32 0.33 4.81% 49.39 normal
2018-12-20__13:50:28 0.20 0.31 0.33 8.49% 48.85 normal
2018-12-20__13:50:34 0.42 0.36 0.35 9.77% 48.31 normal
2018-12-20__13:50:40 0.51 0.38 0.35 2.82% 49.39 normal
2018-12-20__13:50:45 0.47 0.37 0.35 9.35% 48.85 normal
2018-12-20__13:50:51 0.43 0.37 0.35 3.70% 49.39 normal
2018-12-20__13:50:57 0.40 0.36 0.35 7.94% 49.39 normal
2018-12-20__13:51:02 0.37 0.35 0.35 5.09% 48.31 normal
2018-12-20__13:51:08 0.34 0.35 0.34 11.96% 49.39 normal
2018-12-20__13:51:14 0.31 0.34 0.34 7.91% 48.31 normal
2018-12-20__13:51:19 0.28 0.33 0.34 4.17% 48.85 normal
2018-12-20__13:51:25 0.24 0.32 0.34 3.77% 48.85 normal
2018-12-20__13:51:30 0.22 0.32 0.33 1.90% 48.31 normal
2018-12-20__13:51:36 0.20 0.31 0.33 4.63% 49.39 normal
2018-12-20__13:51:42 0.27 0.32 0.34 2.83% 49.39 normal
2018-12-20__13:51:47 0.25 0.32 0.33 7.51% 49.39 normal
2018-12-20__13:51:53 0.31 0.33 0.34 5.07% 48.85 normal
2018-12-20__13:51:59 0.28 0.32 0.34 5.88% 49.39 normal
2018-12-20__13:52:04 0.26 0.32 0.33 5.29% 48.31 normal
2018-12-20__13:52:10 0.22 0.31 0.33 4.19% 49.39 normal
2018-12-20__13:52:16 0.20 0.30 0.33 3.74% 48.85 normal
2018-12-20__13:52:21 0.18 0.30 0.33 2.38% 49.39 normal
2018-12-20__13:52:27 0.17 0.29 0.32 3.88% 49.39 normal
2018-12-20__13:52:32 0.16 0.29 0.32 1.89% 49.39 normal
2018-12-20__13:52:38 0.14 0.28 0.32 9.55% 49.39 normal
2018-12-20__13:52:44 0.21 0.29 0.32 4.29% 48.85 normal
2018-12-20__13:52:49 0.19 0.29 0.32 2.37% 48.31 normal
2018-12-20__13:52:55 0.16 0.28 0.32 10.85% 48.85 normal
2018-12-20__13:53:01 0.15 0.27 0.32 2.37% 49.39 normal
2018-12-20__13:53:06 0.14 0.27 0.31 3.30% 48.31 normal
2018-12-20__13:53:12 0.13 0.26 0.31 7.51% 49.39 normal
2018-12-20__13:53:18 0.12 0.26 0.31 14.76% 49.39 normal
2018-12-20__13:53:23 0.11 0.26 0.31 2.36% 49.39 normal
2018-12-20__13:53:29 0.10 0.25 0.31 6.42% 49.39 normal
2018-12-20__13:53:34 0.09 0.25 0.30 3.30% 49.39 normal
2018-12-20__13:53:40 0.08 0.24 0.30 7.58% 49.39 normal
2018-12-20__13:53:46 0.14 0.25 0.30 1.42% 49.39 normal
2018-12-20__13:53:51 0.13 0.25 0.30 8.45% 49.39 normal
2018-12-20__13:53:57 0.12 0.24 0.30 4.78% 48.31 normal
2018-12-20__13:54:03 0.19 0.25 0.30 1.90% 48.85 normal
2018-12-20__13:54:08 0.18 0.25 0.30 2.80% 49.39 normal
2018-12-20__13:54:14 0.16 0.25 0.30 6.10% 48.85 normal
2018-12-20__13:54:19 0.47 0.31 0.32 4.29% 49.39 normal
2018-12-20__13:54:25 0.43 0.30 0.32 12.74% 49.39 normal
2018-12-20__13:54:31 0.44 0.31 0.32 9.35% 48.85 normal
