2018-12-23__11:38:24 pi1 Raspbian_GNU/Linux 4.9.41-v7+ _up 0.56 0.12 0.04 42M 50% 927M 4% 52 normal normal note
2018-12-23__11:39:34 pi1 Raspbian_GNU/Linux 4.9.41-v7+ _up_1_minute 1.27 0.36 0.12 42M 50% 927M 5% 48 normal normal normal
2018-12-23__11:42:06 pi1 Raspbian_GNU/Linux 4.9.41-v7+ _up_1_minute 2.29 0.54 0.18 42M 50% 927M 3% 52 normal normal note
2018-12-23__11:43:16 pi1 Raspbian_GNU/Linux 4.9.41-v7+ _up_2_minutes 0.99 0.48 0.18 42M 50% 927M 6% 49 normal normal normal
2018-12-23__11:44:16 pi1 Raspbian_GNU/Linux 4.9.41-v7+ _up_3_minutes 0.44 0.42 0.18 42M 50% 927M 7% 48 normal normal normal
2018-12-23__11:45:17 pi1 Raspbian_GNU/Linux 4.9.41-v7+ _up_4_minutes 0.38 0.40 0.19 42M 50% 927M 8% 49 normal normal normal
2018-12-23__11:46:17 pi1 Raspbian_GNU/Linux 4.9.41-v7+ _up_5_minutes 0.47 0.42 0.20 42M 50% 927M 8% 48 normal normal normal
2018-12-23__11:47:17 pi1 Raspbian_GNU/Linux 4.9.41-v7+ _up_6_minutes 0.33 0.39 0.20 42M 50% 927M 8% 48 normal normal normal
2018-12-23__11:48:17 pi1 Raspbian_GNU/Linux 4.9.41-v7+ _up_7_minutes 0.35 0.40 0.22 42M 50% 927M 8% 47 normal normal normal
2018-12-23__11:49:17 pi1 Raspbian_GNU/Linux 4.9.41-v7+ _up_8_minutes 0.48 0.41 0.23 42M 50% 927M 9% 47 normal normal normal
2018-12-23__11:50:17 pi1 Raspbian_GNU/Linux 4.9.41-v7+ _up_9_minutes 0.21 0.34 0.22 42M 50% 927M 9% 47 normal normal normal
2018-12-23__11:51:17 pi1 Raspbian_GNU/Linux 4.9.41-v7+ _up_10_minutes 0.23 0.33 0.22 42M 50% 927M 9% 47 normal normal normal
2018-12-23__11:52:18 pi1 Raspbian_GNU/Linux 4.9.41-v7+ _up_11_minutes 0.19 0.30 0.21 42M 50% 927M 8% 47 normal normal normal
2018-12-23__11:53:18 pi1 Raspbian_GNU/Linux 4.9.41-v7+ _up_12_minutes 0.07 0.24 0.20 42M 50% 927M 9% 47 normal normal normal
2018-12-23__11:54:18 pi1 Raspbian_GNU/Linux 4.9.41-v7+ _up_13_minutes 0.14 0.22 0.19 42M 50% 927M 9% 47 normal normal normal
2018-12-23__11:55:18 pi1 Raspbian_GNU/Linux 4.9.41-v7+ _up_14_minutes 0.05 0.18 0.17 42M 50% 927M 9% 47 normal normal normal
2018-12-23__11:56:18 pi1 Raspbian_GNU/Linux 4.9.41-v7+ _up_15_minutes 0.18 0.19 0.18 42M 50% 927M 9% 47 normal normal normal
2018-12-23__11:57:18 pi1 Raspbian_GNU/Linux 4.9.41-v7+ _up_16_minutes 0.07 0.15 0.17 42M 50% 927M 9% 46 normal normal normal
2018-12-23__11:58:18 pi1 Raspbian_GNU/Linux 4.9.41-v7+ _up_17_minutes 0.51 0.26 0.21 42M 50% 927M 9% 47 normal normal normal
2018-12-23__11:59:19 pi1 Raspbian_GNU/Linux 4.9.41-v7+ _up_18_minutes 0.23 0.23 0.19 42M 50% 927M 9% 47 normal normal normal
2018-12-23__12:00:19 pi1 Raspbian_GNU/Linux 4.9.41-v7+ _up_19_minutes 0.13 0.20 0.18 42M 50% 927M 9% 47 normal normal normal
2018-12-23__12:01:19 pi1 Raspbian_GNU/Linux 4.9.41-v7+ _up_20_minutes 0.05 0.16 0.17 42M 50% 927M 9% 47 normal normal normal
2018-12-23__12:02:19 pi1 Raspbian_GNU/Linux 4.9.41-v7+ _up_21_minutes 0.14 0.17 0.18 42M 50% 927M 9% 46 normal normal normal
2018-12-23__12:03:19 pi1 Raspbian_GNU/Linux 4.9.41-v7+ _up_22_minutes 0.21 0.17 0.17 42M 50% 927M 9% 47 normal normal normal
2018-12-23__12:04:19 pi1 Raspbian_GNU/Linux 4.9.41-v7+ _up_23_minutes 0.18 0.17 0.17 42M 50% 927M 9% 47 normal normal normal
2018-12-23__12:05:19 pi1 Raspbian_GNU/Linux 4.9.41-v7+ _up_24_minutes 0.06 0.14 0.16 42M 50% 927M 9% 47 normal normal normal
2018-12-23__12:06:19 pi1 Raspbian_GNU/Linux 4.9.41-v7+ _up_25_minutes 0.17 0.15 0.17 42M 50% 927M 9% 47 normal normal normal
2018-12-23__12:07:20 pi1 Raspbian_GNU/Linux 4.9.41-v7+ _up_26_minutes 0.36 0.24 0.20 42M 50% 927M 9% 47 normal normal normal
2018-12-23__12:08:20 pi1 Raspbian_GNU/Linux 4.9.41-v7+ _up_27_minutes 0.13 0.19 0.18 42M 50% 927M 9% 47 normal normal normal
2018-12-23__12:09:20 pi1 Raspbian_GNU/Linux 4.9.41-v7+ _up_28_minutes 0.80 0.38 0.25 42M 50% 927M 9% 47 normal normal normal
2018-12-23__12:10:20 pi1 Raspbian_GNU/Linux 4.9.41-v7+ _up_29_minutes 0.64 0.42 0.27 42M 50% 927M 9% 47 normal normal normal
2018-12-23__12:11:20 pi1 Raspbian_GNU/Linux 4.9.41-v7+ _up_30_minutes 0.32 0.37 0.26 42M 50% 927M 9% 47 normal normal normal
2018-12-23__12:12:20 pi1 Raspbian_GNU/Linux 4.9.41-v7+ _up_31_minutes 0.25 0.35 0.26 42M 50% 927M 9% 47 normal normal normal
2018-12-23__12:13:20 pi1 Raspbian_GNU/Linux 4.9.41-v7+ _up_32_minutes 0.25 0.33 0.26 42M 50% 927M 9% 47 normal normal normal
2018-12-23__12:14:21 pi1 Raspbian_GNU/Linux 4.9.41-v7+ _up_33_minutes 0.09 0.27 0.24 42M 50% 927M 9% 47 normal normal normal
2018-12-23__12:15:21 pi1 Raspbian_GNU/Linux 4.9.41-v7+ _up_34_minutes 6.97 1.91 0.79 42M 50% 927M 9% 47 normal normal normal
2018-12-23__12:16:21 pi1 Raspbian_GNU/Linux 4.9.41-v7+ _up_35_minutes 2.82 1.62 0.76 42M 50% 927M 9% 47 normal normal normal
2018-12-23__12:17:21 pi1 Raspbian_GNU/Linux 4.9.41-v7+ _up_36_minutes 1.40 1.46 0.76 42M 50% 927M 9% 47 normal normal normal
2018-12-23__12:18:21 pi1 Raspbian_GNU/Linux 4.9.41-v7+ _up_37_minutes 0.84 1.28 0.74 42M 50% 927M 9% 48 normal normal normal
2018-12-23__12:19:21 pi1 Raspbian_GNU/Linux 4.9.41-v7+ _up_38_minutes 0.30 1.04 0.69 42M 50% 927M 9% 47 normal normal normal
2018-12-23__12:20:21 pi1 Raspbian_GNU/Linux 4.9.41-v7+ _up_39_minutes 0.11 0.85 0.64 42M 50% 927M 9% 47 normal normal normal
2018-12-23__12:21:22 pi1 Raspbian_GNU/Linux 4.9.41-v7+ _up_40_minutes 0.27 0.76 0.62 42M 50% 927M 9% 47 normal normal normal
2018-12-23__12:22:22 pi1 Raspbian_GNU/Linux 4.9.41-v7+ _up_41_minutes 0.16 0.63 0.59 42M 50% 927M 9% 47 normal normal normal
2018-12-23__12:23:22 pi1 Raspbian_GNU/Linux 4.9.41-v7+ _up_42_minutes 0.20 0.56 0.57 42M 50% 927M 9% 47 normal normal normal
2018-12-23__12:24:22 pi1 Raspbian_GNU/Linux 4.9.41-v7+ _up_43_minutes 0.14 0.47 0.53 42M 50% 927M 9% 47 normal normal normal
2018-12-23__12:25:22 pi1 Raspbian_GNU/Linux 4.9.41-v7+ _up_44_minutes 0.20 0.42 0.51 42M 50% 927M 9% 47 normal normal normal
2018-12-23__12:26:22 pi1 Raspbian_GNU/Linux 4.9.41-v7+ _up_45_minutes 0.07 0.34 0.47 42M 50% 927M 9% 47 normal normal normal
2018-12-23__12:27:22 pi1 Raspbian_GNU/Linux 4.9.41-v7+ _up_46_minutes 0.33 0.37 0.47 42M 50% 927M 9% 48 normal normal normal
2018-12-23__12:28:23 pi1 Raspbian_GNU/Linux 4.9.41-v7+ _up_47_minutes 0.12 0.30 0.44 42M 50% 927M 9% 47 normal normal normal
2018-12-23__12:29:23 pi1 Raspbian_GNU/Linux 4.9.41-v7+ _up_48_minutes 0.04 0.24 0.41 42M 50% 927M 9% 47 normal normal normal
2018-12-23__12:30:23 pi1 Raspbian_GNU/Linux 4.9.41-v7+ _up_49_minutes 0.11 0.24 0.40 42M 50% 927M 9% 47 normal normal normal
2018-12-23__12:31:23 pi1 Raspbian_GNU/Linux 4.9.41-v7+ _up_50_minutes 0.28 0.25 0.39 42M 50% 927M 9% 47 normal normal normal
2018-12-23__12:32:23 pi1 Raspbian_GNU/Linux 4.9.41-v7+ _up_51_minutes 0.25 0.25 0.38 42M 50% 927M 9% 47 normal normal normal
2018-12-23__12:33:23 pi1 Raspbian_GNU/Linux 4.9.41-v7+ _up_52_minutes 0.09 0.20 0.35 42M 50% 927M 9% 47 normal normal normal
2018-12-23__12:34:23 pi1 Raspbian_GNU/Linux 4.9.41-v7+ _up_53_minutes 0.07 0.18 0.34 42M 50% 927M 9% 47 normal normal normal
2018-12-23__12:35:24 pi1 Raspbian_GNU/Linux 4.9.41-v7+ _up_54_minutes 1.15 0.39 0.39 42M 50% 927M 9% 47 normal normal normal
2018-12-23__12:36:24 pi1 Raspbian_GNU/Linux 4.9.41-v7+ _up_55_minutes 0.55 0.36 0.38 42M 50% 927M 9% 48 normal normal normal
2018-12-23__12:37:24 pi1 Raspbian_GNU/Linux 4.9.41-v7+ _up_56_minutes 0.20 0.29 0.35 42M 50% 927M 9% 47 normal normal normal
2018-12-23__12:38:24 pi1 Raspbian_GNU/Linux 4.9.41-v7+ _up_57_minutes 0.82 0.45 0.40 42M 50% 927M 9% 47 normal normal normal
2018-12-23__12:39:24 pi1 Raspbian_GNU/Linux 4.9.41-v7+ _up_58_minutes 0.34 0.38 0.38 42M 50% 927M 9% 47 normal normal normal
2018-12-23__12:40:24 pi1 Raspbian_GNU/Linux 4.9.41-v7+ _up_59_minutes 0.12 0.31 0.35 42M 50% 927M 9% 47 normal normal normal
2018-12-23__12:41:24 pi1 Raspbian_GNU/Linux 4.9.41-v7+ _up_1_hour 0.36 0.33 0.36 42M 50% 927M 9% 47 normal normal normal
2018-12-23__12:42:25 pi1 Raspbian_GNU/Linux 4.9.41-v7+ _up_1_hour,_1_minute 0.18 0.28 0.34 42M 50% 927M 10% 47 normal normal normal
2018-12-23__12:43:25 pi1 Raspbian_GNU/Linux 4.9.41-v7+ _up_1_hour,_2_minutes 0.07 0.23 0.32 42M 50% 927M 10% 47 normal normal normal
2018-12-23__15:55:40 pi1 Raspbian_GNU/Linux 4.9.41-v7+ _up_1_hour,_14_minutes 1.08 0.75 0.56 42M 50% 927M 14% 53 normal normal note
2018-12-23__15:56:40 pi1 Raspbian_GNU/Linux 4.9.41-v7+ _up_1_hour,_15_minutes 0.93 0.84 0.61 42M 50% 927M 14% 51 normal normal note
2018-12-23__15:57:40 pi1 Raspbian_GNU/Linux 4.9.41-v7+ _up_1_hour,_16_minutes 0.66 0.77 0.60 42M 50% 927M 14% 51 normal normal note
2018-12-23__15:58:16 pi1 Raspbian_GNU/Linux 4.9.41-v7+ _up_1_hour,_17_minutes 1.01 0.83 0.62 42M 50% 927M 14% 55 normal normal note
2018-12-23__15:59:17 pi1 Raspbian_GNU/Linux 4.9.41-v7+ _up_1_hour,_18_minutes 1.71 1.02 0.70 42M 50% 927M 14% 52 normal normal note
2018-12-23__16:00:17 pi1 Raspbian_GNU/Linux 4.9.41-v7+ _up_1_hour,_19_minutes 0.81 0.89 0.67 42M 50% 927M 14% 52 normal normal note
2018-12-23__16:01:17 pi1 Raspbian_GNU/Linux 4.9.41-v7+ _up_1_hour,_20_minutes 1.02 0.94 0.70 42M 50% 927M 14% 53 normal normal note
2018-12-23__16:02:17 pi1 Raspbian_GNU/Linux 4.9.41-v7+ _up_1_hour,_21_minutes 0.95 0.92 0.71 42M 50% 927M 14% 52 normal normal note
2018-12-23__16:03:17 pi1 Raspbian_GNU/Linux 4.9.41-v7+ _up_1_hour,_22_minutes 0.77 0.89 0.72 42M 50% 927M 14% 52 normal normal note
2018-12-23__16:04:18 pi1 Raspbian_GNU/Linux 4.9.41-v7+ _up_1_hour,_23_minutes 0.91 0.88 0.73 42M 50% 927M 14% 53 normal normal note
2018-12-23__16:05:18 pi1 Raspbian_GNU/Linux 4.9.41-v7+ _up_1_hour,_24_minutes 0.61 0.81 0.71 42M 50% 927M 14% 52 normal normal note
2018-12-23__16:06:18 pi1 Raspbian_GNU/Linux 4.9.41-v7+ _up_1_hour,_25_minutes 1.02 0.90 0.75 42M 50% 927M 14% 52 normal normal note
2018-12-23__16:07:18 pi1 Raspbian_GNU/Linux 4.9.41-v7+ _up_1_hour,_26_minutes 0.82 0.87 0.75 42M 50% 927M 14% 52 normal normal note
2018-12-23__16:08:18 pi1 Raspbian_GNU/Linux 4.9.41-v7+ _up_1_hour,_27_minutes 0.59 0.82 0.74 42M 50% 927M 13% 51 normal normal note
2018-12-23__16:09:18 pi1 Raspbian_GNU/Linux 4.9.41-v7+ _up_1_hour,_28_minutes 0.49 0.76 0.72 42M 50% 927M 13% 51 normal normal note
2018-12-23__16:10:18 pi1 Raspbian_GNU/Linux 4.9.41-v7+ _up_1_hour,_29_minutes 0.52 0.71 0.71 42M 50% 927M 13% 51 normal normal note
2018-12-23__16:11:19 pi1 Raspbian_GNU/Linux 4.9.41-v7+ _up_1_hour,_30_minutes 0.34 0.62 0.68 42M 50% 927M 13% 50 normal normal normal
