2018-12-23__16:00:16 0.76 0.92 0.82 33.64% 59.61 note
2018-12-23__16:00:22 1.53 1.09 0.87 6.60% 56.92 note
2018-12-23__16:00:27 1.41 1.07 0.87 23.47% 56.38 note
2018-12-23__16:00:33 1.45 1.08 0.87 53.96% 59.07 note
2018-12-23__16:00:38 1.34 1.06 0.87 33.33% 56.92 note
2018-12-23__16:00:44 1.31 1.06 0.87 7.58% 55.31 note
2018-12-23__16:00:50 1.37 1.08 0.88 37.91% 56.38 note
2018-12-23__16:00:55 1.34 1.08 0.88 42.72% 58.53 note
2018-12-23__16:01:01 1.63 1.14 0.90 50.96% 56.92 note
2018-12-23__16:01:06 1.38 1.10 0.89 5.85% 56.92 note
2018-12-23__16:01:12 1.27 1.09 0.89 12.50% 55.84 note
2018-12-23__16:01:18 1.33 1.10 0.89 55.50% 57.46 note
2018-12-23__16:01:23 1.22 1.08 0.89 11.17% 56.92 note
2018-12-23__16:01:29 1.20 1.08 0.89 8.45% 55.84 note
2018-12-23__16:01:35 1.11 1.06 0.88 14.83% 55.84 note
2018-12-23__16:01:40 1.02 1.05 0.88 45.93% 56.92 note
2018-12-23__16:01:46 1.02 1.04 0.88 24.53% 55.84 note
2018-12-23__16:01:51 0.94 1.03 0.88 11.06% 56.92 note
2018-12-23__16:01:57 0.86 1.01 0.87 6.93% 55.31 note
2018-12-23__16:02:03 0.79 0.99 0.87 51.20% 56.92 note
2018-12-23__16:02:08 0.81 0.99 0.87 8.70% 58.00 note
2018-12-23__16:02:14 0.83 0.99 0.87 19.16% 56.38 note
2018-12-23__16:02:19 0.76 0.98 0.86 21.84% 56.38 note
2018-12-23__16:02:25 0.70 0.96 0.86 50.24% 56.92 note
2018-12-23__16:02:31 0.88 0.99 0.87 42.73% 56.38 note
2018-12-23__16:02:36 0.82 0.98 0.87 32.24% 56.92 note
2018-12-23__16:02:42 0.76 0.96 0.86 23.58% 55.84 note
2018-12-23__16:02:48 0.69 0.95 0.86 49.77% 56.92 note
2018-12-23__16:02:53 0.64 0.93 0.85 15.35% 57.46 note
2018-12-23__16:02:59 0.83 0.96 0.86 33.18% 56.92 note
2018-12-23__16:03:04 0.76 0.95 0.86 0.48% 55.84 note
2018-12-23__16:03:10 0.70 0.93 0.85 59.35% 58.00 note
2018-12-23__16:03:16 0.81 0.95 0.86 17.92% 57.46 note
2018-12-23__16:03:21 0.76 0.94 0.86 0.48% 56.38 note
2018-12-23__16:03:27 0.78 0.94 0.86 8.84% 55.84 note
2018-12-23__16:03:33 0.80 0.94 0.86 31.22% 58.00 note
2018-12-23__16:03:38 0.73 0.92 0.85 10.00% 56.92 note
2018-12-23__16:03:44 0.68 0.91 0.85 2.84% 54.77 note
2018-12-23__16:03:49 0.62 0.89 0.84 33.82% 55.84 note
2018-12-23__16:03:55 0.65 0.89 0.84 15.31% 56.38 note
2018-12-23__16:04:01 0.76 0.91 0.85 23.47% 57.46 note
2018-12-23__16:04:06 0.70 0.90 0.85 0.97% 56.92 note
2018-12-23__16:04:12 0.97 0.95 0.86 2.36% 56.38 note
2018-12-23__16:04:17 0.89 0.93 0.86 2.35% 55.84 note
2018-12-23__16:04:23 0.82 0.92 0.85 0.48% 55.84 note
2018-12-23__16:04:29 0.75 0.90 0.85 12.92% 54.77 note
2018-12-23__16:04:34 0.85 0.92 0.86 60.19% 56.92 note
2018-12-23__16:04:40 0.94 0.94 0.86 22.01% 55.84 note
2018-12-23__16:04:46 1.11 0.97 0.87 7.21% 55.84 note
2018-12-23__16:04:51 1.02 0.96 0.87 12.38% 55.84 note
2018-12-23__16:04:57 0.94 0.94 0.86 14.63% 55.84 note
2018-12-23__16:05:02 0.87 0.93 0.86 30.37% 55.84 note
2018-12-23__16:05:08 0.80 0.91 0.85 1.46% 55.84 note
2018-12-23__16:05:14 0.97 0.95 0.87 1.46% 55.84 note
2018-12-23__16:05:19 0.90 0.93 0.86 23.72% 55.84 note
2018-12-23__16:05:25 0.91 0.93 0.86 31.88% 55.84 note
2018-12-23__16:05:30 0.91 0.93 0.86 21.90% 54.77 note
2018-12-23__16:05:36 0.84 0.92 0.86 40.58% 56.38 note
2018-12-23__16:05:42 0.87 0.92 0.86 6.31% 54.77 note
2018-12-23__16:05:47 0.80 0.90 0.86 37.68% 55.31 note
2018-12-23__16:05:53 0.73 0.89 0.85 17.62% 55.31 note
2018-12-23__16:05:59 0.67 0.87 0.85 14.15% 55.84 note
2018-12-23__16:06:04 0.62 0.86 0.84 7.18% 54.23 note
2018-12-23__16:06:10 0.65 0.86 0.84 34.29% 55.31 note
2018-12-23__16:06:15 0.68 0.86 0.84 23.90% 55.31 note
2018-12-23__16:06:21 0.62 0.85 0.84 13.95% 55.31 note
2018-12-23__16:06:27 0.61 0.84 0.83 11.98% 54.77 note
2018-12-23__16:06:32 0.56 0.82 0.83 31.53% 54.77 note
2018-12-23__16:06:38 0.51 0.81 0.82 32.52% 56.38 note
2018-12-23__16:06:44 0.47 0.80 0.82 15.38% 55.31 note
2018-12-23__16:06:49 0.43 0.78 0.81 6.73% 53.69 note
2018-12-23__16:06:55 0.40 0.77 0.81 39.00% 55.84 note
2018-12-23__16:07:00 0.77 0.84 0.83 21.36% 55.84 note
2018-12-23__16:07:06 0.71 0.83 0.83 13.59% 54.77 note
2018-12-23__16:07:12 0.65 0.81 0.82 2.37% 54.23 note
2018-12-23__16:07:17 0.63 0.80 0.82 35.89% 55.84 note
2018-12-23__16:07:23 0.58 0.79 0.81 12.04% 54.77 note
2018-12-23__16:07:28 0.53 0.77 0.81 25.94% 54.77 note
2018-12-23__16:07:34 0.57 0.78 0.81 21.96% 54.23 note
2018-12-23__16:07:40 0.52 0.77 0.81 63.51% 56.92 note
2018-12-23__16:07:45 0.56 0.77 0.81 1.90% 55.84 note
2018-12-23__16:07:51 0.52 0.76 0.80 12.14% 53.69 note
2018-12-23__16:07:57 0.56 0.76 0.81 54.85% 56.38 note
2018-12-23__16:08:02 0.93 0.83 0.83 45.15% 56.92 note
2018-12-23__16:08:08 0.85 0.82 0.83 24.42% 55.84 note
2018-12-23__16:08:13 0.94 0.84 0.83 11.22% 54.77 note
2018-12-23__16:08:19 1.11 0.88 0.84 3.83% 54.77 note
2018-12-23__16:08:25 1.02 0.86 0.84 32.85% 56.38 note
2018-12-23__16:08:30 1.02 0.86 0.84 0.00% 54.23 note
2018-12-23__16:08:36 0.94 0.85 0.83 6.51% 53.69 note
2018-12-23__16:08:41 0.86 0.84 0.83 44.08% 54.77 note
2018-12-23__16:08:47 1.11 0.89 0.85 35.38% 55.84 note
2018-12-23__16:08:53 1.02 0.88 0.84 21.13% 55.84 note
2018-12-23__16:08:58 1.10 0.89 0.85 23.15% 55.84 note
