2018-12-23__15:58:42 0.95 0.89 0.95 73.79% 48.85 normal
2018-12-23__15:58:48 0.87 0.87 0.95 81.08% 47.77 normal
2018-12-23__15:58:53 0.88 0.87 0.95 4.74% 46.16 normal
2018-12-23__15:58:59 0.81 0.86 0.94 8.84% 45.08 normal
2018-12-23__15:59:05 0.83 0.86 0.94 22.33% 45.08 normal
2018-12-23__15:59:10 0.85 0.87 0.94 22.64% 44.01 normal
2018-12-23__15:59:16 0.79 0.85 0.94 19.05% 46.16 normal
2018-12-23__15:59:21 0.72 0.84 0.93 32.06% 46.16 normal
2018-12-23__15:59:27 0.74 0.84 0.93 15.71% 47.24 normal
2018-12-23__15:59:33 0.68 0.83 0.93 55.61% 47.24 normal
2018-12-23__15:59:38 1.03 0.90 0.95 5.24% 46.70 normal
2018-12-23__15:59:44 1.27 0.95 0.97 6.16% 45.62 normal
2018-12-23__15:59:50 1.17 0.93 0.96 4.17% 45.08 normal
2018-12-23__15:59:55 1.15 0.93 0.96 9.13% 46.16 normal
2018-12-23__16:00:01 1.06 0.92 0.96 44.95% 47.24 normal
2018-12-23__16:00:06 0.97 0.90 0.95 6.28% 46.70 normal
2018-12-23__16:00:12 0.89 0.89 0.95 3.33% 46.16 normal
2018-12-23__16:00:18 0.82 0.87 0.94 35.68% 45.62 normal
2018-12-23__16:00:23 0.91 0.89 0.95 33.03% 46.16 normal
2018-12-23__16:00:29 1.00 0.91 0.95 5.29% 47.24 normal
2018-12-23__16:00:35 0.92 0.89 0.95 5.71% 46.16 normal
2018-12-23__16:00:40 1.01 0.91 0.95 6.16% 45.08 normal
2018-12-23__16:00:46 1.25 0.97 0.97 46.45% 47.24 normal
2018-12-23__16:00:51 1.23 0.97 0.97 5.29% 45.08 normal
2018-12-23__16:00:57 1.13 0.95 0.96 11.90% 45.62 normal
2018-12-23__16:01:03 1.12 0.95 0.97 58.57% 46.16 normal
2018-12-23__16:01:08 1.11 0.95 0.97 36.36% 46.70 normal
2018-12-23__16:01:14 1.10 0.95 0.97 19.72% 46.16 normal
2018-12-23__16:01:20 1.42 1.02 0.99 11.11% 45.62 normal
2018-12-23__16:01:25 1.38 1.02 0.99 28.17% 46.70 normal
2018-12-23__16:01:31 1.17 0.99 0.98 55.12% 47.77 normal
2018-12-23__16:01:36 1.08 0.97 0.97 31.71% 47.24 normal
2018-12-23__16:01:42 1.07 0.97 0.97 26.42% 46.16 normal
2018-12-23__16:01:48 1.06 0.97 0.97 18.36% 47.24 normal
2018-12-23__16:01:53 0.98 0.95 0.97 10.95% 45.08 normal
2018-12-23__16:01:59 1.06 0.97 0.97 8.13% 47.24 normal
2018-12-23__16:02:04 1.14 0.99 0.98 30.91% 46.16 normal
2018-12-23__16:02:10 1.20 1.01 0.99 3.27% 45.08 normal
2018-12-23__16:02:16 1.02 0.97 0.97 8.70% 45.08 normal
2018-12-23__16:02:21 1.10 0.99 0.98 39.05% 48.31 normal
2018-12-23__16:02:27 1.01 0.97 0.98 13.04% 45.08 normal
2018-12-23__16:02:32 1.01 0.97 0.98 20.20% 46.70 normal
2018-12-23__16:02:38 0.93 0.96 0.97 16.51% 45.08 normal
2018-12-23__16:02:44 0.85 0.94 0.97 47.57% 48.31 normal
2018-12-23__16:02:49 1.03 0.98 0.98 8.49% 47.24 normal
2018-12-23__16:02:55 0.94 0.96 0.97 6.67% 46.16 normal
2018-12-23__16:03:01 0.95 0.96 0.97 8.84% 45.08 normal
2018-12-23__16:03:06 0.88 0.94 0.97 63.64% 47.24 normal
2018-12-23__16:03:12 0.81 0.93 0.96 7.18% 45.62 normal
2018-12-23__16:03:17 0.75 0.91 0.96 5.80% 46.16 normal
2018-12-23__16:03:23 0.77 0.91 0.96 9.91% 45.08 normal
2018-12-23__16:03:29 0.70 0.90 0.95 58.06% 45.62 normal
2018-12-23__16:03:34 1.13 0.98 0.98 33.65% 46.16 normal
2018-12-23__16:03:40 1.12 0.98 0.98 16.83% 46.16 normal
2018-12-23__16:03:46 0.95 0.95 0.97 14.15% 45.08 normal
2018-12-23__16:03:51 0.87 0.94 0.96 16.42% 46.16 normal
2018-12-23__16:03:57 0.96 0.95 0.97 10.00% 47.77 normal
2018-12-23__16:04:03 0.88 0.94 0.96 14.49% 47.24 normal
2018-12-23__16:04:08 0.81 0.92 0.96 31.34% 46.16 normal
2018-12-23__16:04:14 0.75 0.91 0.95 14.29% 45.08 normal
2018-12-23__16:04:19 1.01 0.96 0.97 45.00% 47.24 normal
2018-12-23__16:04:25 1.01 0.96 0.97 24.17% 46.16 normal
2018-12-23__16:04:31 1.09 0.98 0.98 31.92% 45.62 normal
2018-12-23__16:04:36 0.92 0.94 0.96 21.76% 46.16 normal
2018-12-23__16:04:42 1.01 0.96 0.97 59.09% 46.16 normal
2018-12-23__16:04:48 0.93 0.95 0.97 10.28% 45.62 normal
2018-12-23__16:04:53 0.85 0.93 0.96 5.56% 45.08 normal
2018-12-23__16:04:59 0.94 0.95 0.97 8.65% 45.08 normal
2018-12-23__16:05:05 0.87 0.93 0.96 47.83% 46.16 normal
2018-12-23__16:05:10 0.96 0.95 0.97 2.84% 46.70 normal
2018-12-23__16:05:16 0.96 0.95 0.97 21.33% 44.01 normal
2018-12-23__16:05:21 0.81 0.92 0.96 6.57% 44.01 normal
2018-12-23__16:05:27 0.75 0.90 0.95 38.43% 46.70 normal
2018-12-23__16:05:33 0.85 0.92 0.96 14.35% 45.62 normal
2018-12-23__16:05:38 0.78 0.91 0.95 1.94% 45.62 normal
2018-12-23__16:05:44 0.72 0.89 0.95 10.10% 44.01 normal
2018-12-23__16:05:50 0.66 0.88 0.94 62.44% 45.08 normal
2018-12-23__16:05:55 0.69 0.88 0.94 5.16% 45.08 normal
2018-12-23__16:06:01 0.71 0.88 0.94 5.69% 44.01 normal
2018-12-23__16:06:06 0.60 0.85 0.93 5.24% 44.01 normal
2018-12-23__16:06:12 0.96 0.92 0.95 18.27% 45.08 normal
2018-12-23__16:06:18 0.88 0.90 0.95 11.06% 45.08 normal
2018-12-23__16:06:23 0.81 0.89 0.94 7.44% 43.47 normal
2018-12-23__16:06:29 0.74 0.87 0.94 12.98% 45.08 normal
2018-12-23__16:06:35 0.76 0.88 0.94 42.36% 46.70 normal
2018-12-23__16:06:40 0.78 0.88 0.94 7.48% 45.62 normal
2018-12-23__16:06:46 0.72 0.86 0.93 10.53% 44.55 normal
2018-12-23__16:06:51 0.61 0.84 0.92 11.85% 45.62 normal
2018-12-23__16:06:57 0.56 0.82 0.92 18.66% 45.08 normal
2018-12-23__16:07:03 0.60 0.83 0.92 7.08% 45.62 normal
2018-12-23__16:07:08 0.55 0.81 0.91 4.78% 45.08 normal
2018-12-23__16:07:14 0.58 0.81 0.91 2.38% 44.01 normal
2018-12-23__16:07:19 0.86 0.87 0.93 0.48% 45.08 normal
2018-12-23__16:07:25 0.79 0.85 0.92 30.52% 47.24 normal
2018-12-23__16:07:31 0.73 0.84 0.92 19.72% 45.08 normal
2018-12-23__16:07:36 0.69 0.83 0.91 19.02% 45.62 normal
2018-12-23__16:07:42 0.64 0.81 0.91 11.16% 42.93 normal
2018-12-23__16:07:47 0.67 0.82 0.91 5.77% 46.70 normal
2018-12-23__16:07:53 0.69 0.82 0.91 8.96% 46.16 normal
2018-12-23__16:07:59 0.64 0.81 0.90 7.44% 45.08 normal
2018-12-23__16:08:04 0.59 0.79 0.90 12.38% 44.01 normal
2018-12-23__16:08:10 0.62 0.80 0.90 51.64% 47.77 normal
2018-12-23__16:08:16 0.57 0.78 0.89 7.80% 44.55 normal
2018-12-23__16:08:21 0.61 0.79 0.90 7.58% 44.01 normal
2018-12-23__16:08:27 0.51 0.76 0.89 11.79% 44.55 normal
