2018-12-20__11:38:16 0.00 0.01 0.00 3.30% 45.62 normal
2018-12-20__11:38:22 0.00 0.01 0.00 5.74% 45.62 normal
2018-12-20__11:38:28 0.00 0.01 0.00 1.92% 45.62 normal
2018-12-20__11:38:33 0.00 0.01 0.00 7.91% 45.62 normal
2018-12-20__11:38:39 0.00 0.01 0.00 27.01% 46.70 normal
2018-12-20__11:38:44 0.15 0.04 0.01 4.78% 46.16 normal
2018-12-20__11:38:50 0.14 0.04 0.01 5.74% 46.16 normal
2018-12-20__11:38:56 0.12 0.04 0.01 4.31% 45.62 normal
2018-12-20__11:39:01 0.11 0.04 0.01 3.40% 45.62 normal
2018-12-20__11:39:07 0.11 0.04 0.01 3.32% 46.16 normal
2018-12-20__11:39:13 0.10 0.04 0.01 5.26% 46.16 normal
2018-12-20__11:39:18 0.09 0.04 0.01 4.25% 46.70 normal
2018-12-20__11:39:24 0.08 0.04 0.01 3.74% 45.08 normal
2018-12-20__11:39:30 0.07 0.04 0.01 5.09% 46.16 normal
2018-12-20__11:39:35 0.06 0.03 0.01 5.63% 46.16 normal
2018-12-20__11:39:41 0.06 0.03 0.00 2.38% 45.62 normal
2018-12-20__11:39:46 0.05 0.03 0.00 5.24% 46.16 normal
2018-12-20__11:39:52 0.05 0.03 0.00 9.05% 46.16 normal
2018-12-20__11:39:58 0.04 0.03 0.00 1.43% 46.16 normal
2018-12-20__11:40:03 0.04 0.03 0.00 6.13% 46.16 normal
2018-12-20__11:40:09 0.04 0.03 0.00 1.89% 45.62 normal
2018-12-20__11:40:15 0.03 0.03 0.00 2.36% 45.62 normal
2018-12-20__11:40:20 0.03 0.03 0.00 6.60% 45.62 normal
2018-12-20__11:40:26 0.03 0.03 0.00 3.29% 45.62 normal
2018-12-20__11:40:31 0.02 0.03 0.00 3.29% 46.16 normal
2018-12-20__11:40:37 0.02 0.03 0.00 1.90% 45.08 normal
2018-12-20__11:40:43 0.02 0.03 0.00 3.27% 45.62 normal
2018-12-20__11:40:48 0.02 0.02 0.00 3.27% 45.62 normal
2018-12-20__11:40:54 0.02 0.02 0.00 9.39% 45.62 normal
2018-12-20__11:41:00 0.01 0.02 0.00 2.36% 45.62 normal
2018-12-20__11:41:05 0.01 0.02 0.00 3.76% 46.16 normal
2018-12-20__11:41:11 0.01 0.02 0.00 8.68% 45.08 normal
2018-12-20__11:41:16 0.01 0.02 0.00 2.35% 46.16 normal
2018-12-20__11:41:22 0.01 0.02 0.00 2.83% 45.08 normal
2018-12-20__11:41:28 0.01 0.02 0.00 3.29% 45.62 normal
2018-12-20__11:41:33 0.01 0.02 0.00 1.42% 46.16 normal
2018-12-20__11:41:39 0.01 0.02 0.00 14.90% 46.16 normal
2018-12-20__11:41:45 0.00 0.02 0.00 0.96% 45.08 normal
2018-12-20__11:41:50 0.00 0.02 0.00 2.83% 45.08 normal
2018-12-20__11:41:56 0.00 0.02 0.00 6.57% 46.16 normal
2018-12-20__11:42:02 0.00 0.02 0.00 7.87% 45.62 normal
2018-12-20__11:42:07 0.00 0.02 0.00 1.90% 45.62 normal
2018-12-20__11:42:13 0.00 0.02 0.00 2.36% 46.16 normal
2018-12-20__11:42:18 0.00 0.02 0.00 1.89% 46.16 normal
2018-12-20__11:42:24 0.00 0.02 0.00 1.43% 45.62 normal
2018-12-20__11:42:30 0.00 0.01 0.00 0.48% 45.62 normal
2018-12-20__11:42:35 0.00 0.01 0.00 3.26% 46.16 normal
2018-12-20__11:42:41 0.00 0.01 0.00 10.53% 46.16 normal
2018-12-20__11:42:47 0.00 0.01 0.00 10.33% 45.62 normal
2018-12-20__11:42:52 0.00 0.01 0.00 1.91% 46.16 normal
2018-12-20__11:42:58 0.00 0.01 0.00 2.37% 45.62 normal
2018-12-20__11:43:03 0.00 0.01 0.00 1.90% 45.62 normal
2018-12-20__11:43:09 0.00 0.01 0.00 3.27% 45.08 normal
2018-12-20__11:43:15 0.00 0.01 0.00 10.38% 45.62 normal
2018-12-20__11:43:20 0.00 0.01 0.00 4.21% 45.62 normal
2018-12-20__11:43:26 0.00 0.01 0.00 1.90% 46.16 normal
2018-12-20__11:43:32 0.00 0.01 0.00 6.57% 46.16 normal
2018-12-20__11:43:37 0.00 0.01 0.00 4.21% 45.08 normal
2018-12-20__11:43:43 0.00 0.01 0.00 4.67% 45.62 normal
2018-12-20__11:43:49 0.00 0.01 0.00 3.30% 45.62 normal
2018-12-20__11:43:54 0.00 0.01 0.00 4.19% 45.08 normal
2018-12-20__11:44:00 0.00 0.01 0.00 3.27% 45.62 normal
2018-12-20__11:44:05 0.00 0.01 0.00 3.29% 45.08 normal
2018-12-20__11:44:11 0.00 0.00 0.00 3.76% 45.08 normal
2018-12-20__11:44:17 0.00 0.00 0.00 1.89% 45.62 normal
2018-12-20__11:44:22 0.00 0.00 0.00 3.27% 46.16 normal
2018-12-20__11:44:28 0.00 0.00 0.00 0.48% 45.62 normal
2018-12-20__11:44:34 0.00 0.00 0.00 1.43% 45.62 normal
2018-12-20__11:44:39 0.00 0.00 0.00 5.02% 45.62 normal
2018-12-20__11:44:45 0.00 0.00 0.00 1.89% 45.62 normal
2018-12-20__11:44:51 0.00 0.00 0.00 3.30% 45.62 normal
2018-12-20__11:44:56 0.00 0.00 0.00 5.09% 45.62 normal
2018-12-20__11:45:02 0.00 0.00 0.00 1.90% 46.16 normal
2018-12-20__11:45:07 0.00 0.00 0.00 5.63% 45.62 normal
2018-12-20__11:45:13 0.00 0.00 0.00 0.95% 45.62 normal
2018-12-20__11:45:19 0.00 0.00 0.00 0.00% 45.62 normal
2018-12-20__11:45:24 0.00 0.00 0.00 3.27% 45.08 normal
2018-12-20__11:45:30 0.00 0.00 0.00 3.76% 45.62 normal
2018-12-20__11:45:36 0.00 0.00 0.00 0.00% 46.16 normal
2018-12-20__11:45:41 0.00 0.00 0.00 1.90% 46.16 normal
2018-12-20__11:45:47 0.00 0.00 0.00 1.89% 45.62 normal
2018-12-20__11:45:52 0.00 0.00 0.00 2.84% 45.62 normal
2018-12-20__11:45:58 0.00 0.00 0.00 2.83% 45.08 normal
2018-12-20__11:46:04 0.00 0.00 0.00 2.35% 45.08 normal
2018-12-20__11:46:09 0.00 0.00 0.00 1.43% 45.62 normal
2018-12-20__11:46:15 0.00 0.00 0.00 4.23% 45.08 normal
2018-12-20__11:46:21 0.00 0.00 0.00 1.88% 45.62 normal
2018-12-20__11:46:26 0.00 0.00 0.00 0.96% 45.62 normal
2018-12-20__11:46:32 0.00 0.00 0.00 1.43% 46.16 normal
2018-12-20__11:46:38 0.00 0.00 0.00 1.42% 45.62 normal
2018-12-20__11:46:43 0.00 0.00 0.00 5.63% 45.62 normal
2018-12-20__11:46:49 0.00 0.00 0.00 2.36% 46.16 normal
2018-12-20__11:46:54 0.00 0.00 0.00 1.44% 45.08 normal
2018-12-20__11:47:00 0.00 0.00 0.00 0.96% 45.08 normal
2018-12-20__11:47:06 0.00 0.00 0.00 3.30% 45.62 normal
2018-12-20__11:47:11 0.00 0.00 0.00 3.76% 45.08 normal
2018-12-20__11:47:17 0.00 0.00 0.00 3.29% 45.62 normal
2018-12-20__11:47:23 0.00 0.00 0.00 2.36% 45.62 normal
2018-12-20__11:47:28 0.00 0.00 0.00 6.94% 45.08 normal
2018-12-20__11:47:34 0.00 0.00 0.00 2.79% 45.08 normal
2018-12-20__11:47:39 0.08 0.02 0.01 3.24% 45.08 normal
2018-12-20__11:47:45 0.07 0.02 0.00 1.43% 45.08 normal
2018-12-20__11:47:51 0.06 0.02 0.00 2.36% 45.08 normal
2018-12-20__11:47:56 0.06 0.01 0.00 2.83% 45.62 normal
2018-12-20__11:48:02 0.05 0.01 0.00 3.29% 46.16 normal
2018-12-20__11:48:08 0.05 0.01 0.00 3.77% 45.62 normal
2018-12-20__11:48:13 0.04 0.01 0.00 3.27% 45.62 normal
2018-12-20__11:48:19 0.04 0.01 0.00 6.54% 45.62 normal
2018-12-20__11:48:25 0.04 0.01 0.00 3.76% 45.62 normal
2018-12-20__11:48:30 0.03 0.01 0.00 10.70% 46.16 normal
2018-12-20__11:48:36 0.03 0.01 0.00 3.27% 45.62 normal
2018-12-20__11:48:41 0.02 0.01 0.00 2.80% 46.16 normal
2018-12-20__11:48:47 0.02 0.01 0.00 2.37% 45.62 normal
2018-12-20__11:48:53 0.02 0.01 0.00 0.48% 46.16 normal
2018-12-20__11:48:58 0.02 0.01 0.00 1.88% 46.16 normal
2018-12-20__11:49:04 0.02 0.01 0.00 6.13% 45.08 normal
2018-12-20__11:49:10 0.02 0.01 0.00 4.19% 45.62 normal
2018-12-20__11:49:15 0.01 0.01 0.00 4.63% 46.16 normal
2018-12-20__11:49:21 0.01 0.01 0.00 4.65% 45.62 normal
2018-12-20__11:49:26 0.01 0.01 0.00 1.42% 45.08 normal
2018-12-20__11:49:32 0.01 0.01 0.00 1.90% 45.62 normal
2018-12-20__11:49:38 0.01 0.00 0.00 3.72% 45.08 normal
2018-12-20__11:49:43 0.01 0.00 0.00 2.38% 45.62 normal
2018-12-20__11:49:49 0.01 0.00 0.00 5.71% 46.16 normal
2018-12-20__11:49:55 0.17 0.04 0.01 3.37% 45.62 normal
2018-12-20__11:50:00 0.31 0.07 0.02 6.16% 46.16 normal
2018-12-20__11:50:06 0.26 0.07 0.02 3.83% 46.70 normal
2018-12-20__11:50:11 0.24 0.07 0.02 1.90% 45.62 normal
2018-12-20__11:50:17 0.22 0.06 0.02 3.27% 45.62 normal
2018-12-20__11:50:23 0.20 0.06 0.02 2.83% 45.08 normal
2018-12-20__11:50:28 0.19 0.06 0.02 3.72% 45.62 normal
2018-12-20__11:50:34 0.17 0.06 0.02 2.38% 45.62 normal
2018-12-20__11:50:40 0.16 0.06 0.02 4.78% 45.62 normal
2018-12-20__11:50:45 0.15 0.06 0.02 0.00% 45.62 normal
2018-12-20__11:50:51 0.27 0.09 0.03 7.27% 46.70 normal
2018-12-20__11:50:57 0.25 0.09 0.03 2.83% 45.08 normal
2018-12-20__11:51:02 0.23 0.08 0.03 1.43% 46.16 normal
2018-12-20__11:51:08 0.21 0.08 0.03 1.91% 45.62 normal
2018-12-20__11:51:13 0.19 0.08 0.03 1.44% 45.62 normal
2018-12-20__11:51:19 0.18 0.08 0.02 1.90% 45.62 normal
2018-12-20__11:51:25 0.24 0.10 0.03 2.82% 46.16 normal
2018-12-20__11:51:30 0.30 0.11 0.04 5.16% 46.16 normal
2018-12-20__11:51:36 0.48 0.16 0.05 2.36% 45.08 normal
2018-12-20__11:51:42 0.44 0.15 0.05 4.65% 46.16 normal
2018-12-20__11:51:47 0.40 0.15 0.05 3.76% 46.16 normal
2018-12-20__11:51:53 0.37 0.15 0.05 0.95% 45.62 normal
2018-12-20__11:51:59 0.34 0.14 0.05 4.21% 45.62 normal
2018-12-20__11:52:04 0.31 0.14 0.05 2.37% 45.62 normal
2018-12-20__11:52:10 0.29 0.14 0.05 3.27% 45.62 normal
2018-12-20__11:52:15 0.27 0.14 0.05 3.37% 45.08 normal
2018-12-20__11:52:21 0.22 0.13 0.05 2.82% 45.08 normal
2018-12-20__11:52:27 0.21 0.13 0.05 3.30% 45.62 normal
2018-12-20__11:52:32 0.19 0.13 0.05 0.48% 45.62 normal
2018-12-20__11:52:38 0.17 0.13 0.05 4.65% 45.62 normal
2018-12-20__11:52:44 0.16 0.12 0.04 0.48% 45.62 normal
2018-12-20__11:52:49 0.15 0.12 0.04 3.74% 45.62 normal
2018-12-20__11:52:55 0.13 0.12 0.04 1.91% 46.16 normal
2018-12-20__11:53:00 0.12 0.12 0.04 2.37% 45.62 normal
2018-12-20__11:53:06 0.10 0.11 0.04 4.69% 46.16 normal
2018-12-20__11:53:12 0.10 0.11 0.04 3.26% 45.62 normal
2018-12-20__11:53:17 0.09 0.11 0.04 2.84% 46.16 normal
2018-12-20__11:53:23 0.08 0.11 0.04 5.14% 45.62 normal
2018-12-20__11:53:29 0.07 0.10 0.04 2.36% 45.62 normal
2018-12-20__11:53:34 0.07 0.10 0.04 4.21% 45.08 normal
2018-12-20__11:53:40 0.06 0.10 0.04 1.90% 46.16 normal
2018-12-20__11:53:45 0.06 0.10 0.04 2.83% 45.62 normal
2018-12-20__11:53:51 0.05 0.09 0.04 5.74% 45.62 normal
2018-12-20__11:53:57 0.04 0.09 0.04 2.82% 46.16 normal
2018-12-20__11:54:02 0.04 0.09 0.04 4.67% 45.62 normal
2018-12-20__11:54:08 0.04 0.09 0.04 1.90% 46.16 normal
2018-12-20__11:54:14 0.03 0.09 0.04 2.37% 45.62 normal
2018-12-20__11:54:19 0.03 0.08 0.04 1.91% 45.62 normal
2018-12-20__11:54:25 0.03 0.08 0.04 4.65% 45.62 normal
2018-12-20__11:54:31 0.02 0.08 0.03 3.72% 45.62 normal
2018-12-20__11:54:36 0.02 0.08 0.03 3.29% 46.16 normal
2018-12-20__11:54:42 0.02 0.08 0.03 2.84% 46.16 normal
2018-12-20__11:54:47 0.02 0.08 0.03 2.83% 46.16 normal
2018-12-20__11:54:53 0.02 0.07 0.03 2.84% 46.70 normal
2018-12-20__11:54:59 0.01 0.07 0.03 3.29% 46.16 normal
2018-12-20__11:55:04 0.01 0.07 0.03 1.44% 45.62 normal
2018-12-20__11:55:10 0.01 0.07 0.03 5.09% 45.62 normal
2018-12-20__11:55:16 0.01 0.07 0.03 3.29% 45.08 normal
2018-12-20__11:55:21 0.01 0.07 0.03 2.37% 45.62 normal
2018-12-20__11:55:27 0.01 0.06 0.03 7.87% 46.16 normal
2018-12-20__11:55:32 0.01 0.06 0.03 3.74% 46.16 normal
2018-12-20__11:55:38 0.01 0.06 0.03 1.90% 45.62 normal
2018-12-20__11:55:44 0.00 0.06 0.03 4.19% 46.16 normal
2018-12-20__11:55:49 0.00 0.06 0.03 3.29% 45.62 normal
2018-12-20__11:55:55 0.00 0.06 0.03 3.74% 45.62 normal
2018-12-20__11:56:01 0.00 0.06 0.03 2.80% 46.16 normal
2018-12-20__11:56:06 0.00 0.05 0.02 8.06% 45.62 normal
2018-12-20__11:56:12 0.00 0.05 0.02 6.91% 45.62 normal
2018-12-20__11:56:18 0.00 0.05 0.02 1.43% 46.70 normal
2018-12-20__11:56:23 0.00 0.05 0.02 1.90% 46.70 normal
2018-12-20__11:56:29 0.00 0.05 0.02 3.72% 45.62 normal
2018-12-20__11:56:34 0.00 0.05 0.02 3.30% 45.62 normal
2018-12-20__11:56:40 0.00 0.05 0.02 7.14% 46.16 normal
2018-12-20__11:56:46 0.00 0.05 0.02 7.55% 46.16 normal
2018-12-20__11:57:29 0.00 0.04 0.02 12.96% 46.70 normal
2018-12-20__11:57:35 0.00 0.04 0.02 4.21% 45.08 normal
2018-12-20__11:57:41 0.00 0.04 0.02 1.90% 46.16 normal
2018-12-20__11:57:46 0.24 0.09 0.03 0.48% 46.16 normal
2018-12-20__11:57:52 0.20 0.08 0.03 1.90% 45.62 normal
2018-12-20__11:57:57 0.19 0.08 0.03 3.72% 45.62 normal
2018-12-20__11:58:03 0.17 0.08 0.03 3.29% 46.16 normal
2018-12-20__11:58:09 0.16 0.08 0.03 6.60% 46.16 normal
2018-12-20__11:58:14 0.14 0.08 0.03 4.74% 46.16 normal
2018-12-20__11:58:20 0.13 0.08 0.03 0.95% 46.16 normal
2018-12-20__11:58:26 0.12 0.07 0.03 6.16% 46.16 normal
2018-12-20__11:58:31 0.19 0.09 0.03 3.29% 46.16 normal
2018-12-20__11:58:37 0.24 0.10 0.04 3.30% 46.16 normal
2018-12-20__11:58:43 0.22 0.10 0.04 6.13% 46.16 normal
2018-12-20__11:58:48 0.20 0.10 0.04 4.23% 46.70 normal
2018-12-20__11:58:54 0.18 0.10 0.04 3.29% 46.16 normal
2018-12-20__11:58:59 0.17 0.10 0.04 4.74% 46.16 normal
2018-12-20__11:59:05 0.15 0.09 0.04 0.00% 46.16 normal
2018-12-20__11:59:11 0.14 0.09 0.04 5.61% 46.16 normal
2018-12-20__11:59:16 0.13 0.09 0.04 7.91% 46.16 normal
2018-12-20__11:59:22 0.18 0.10 0.04 2.37% 45.62 normal
2018-12-20__11:59:28 0.17 0.10 0.04 5.29% 45.62 normal
2018-12-20__11:59:33 0.16 0.10 0.04 3.27% 46.16 normal
2018-12-20__11:59:39 0.14 0.10 0.04 1.90% 45.62 normal
2018-12-20__11:59:44 0.13 0.10 0.04 4.19% 45.62 normal
2018-12-20__11:59:50 0.12 0.09 0.04 4.33% 46.70 normal
2018-12-20__11:59:56 0.11 0.09 0.04 3.77% 47.24 normal
2018-12-20__12:00:01 0.10 0.09 0.04 0.97% 47.24 normal
2018-12-20__12:00:07 0.08 0.09 0.04 4.78% 46.16 normal
2018-12-20__12:00:13 0.08 0.08 0.04 3.26% 45.62 normal
2018-12-20__12:00:18 0.07 0.08 0.03 3.74% 45.62 normal
2018-12-20__12:00:24 0.07 0.08 0.03 7.04% 46.16 normal
2018-12-20__12:00:29 0.06 0.08 0.03 24.27% 46.70 normal
2018-12-20__12:00:35 0.06 0.08 0.03 5.61% 46.16 normal
2018-12-20__12:00:41 0.05 0.08 0.03 5.24% 46.70 normal
2018-12-20__12:00:46 0.05 0.08 0.03 4.17% 45.62 normal
2018-12-20__12:00:52 0.04 0.07 0.03 6.85% 46.16 normal
2018-12-20__12:00:58 0.04 0.07 0.03 4.65% 46.16 normal
2018-12-20__12:01:03 0.19 0.10 0.04 7.48% 46.16 normal
2018-12-20__12:01:09 0.18 0.10 0.04 2.35% 46.16 normal
2018-12-20__12:01:14 0.16 0.10 0.04 4.67% 45.62 normal
2018-12-20__12:01:20 0.15 0.10 0.04 6.19% 46.16 normal
2018-12-20__12:01:26 0.14 0.10 0.04 3.35% 46.16 normal
2018-12-20__12:01:31 0.13 0.09 0.04 6.05% 46.70 normal
2018-12-20__12:01:37 0.11 0.09 0.04 6.13% 47.24 normal
2018-12-20__12:01:43 0.10 0.09 0.04 4.65% 46.16 normal
2018-12-20__12:01:48 0.09 0.09 0.04 6.60% 46.16 normal
2018-12-20__12:01:54 0.08 0.08 0.04 7.94% 46.16 normal
2018-12-20__12:02:00 0.08 0.08 0.04 1.44% 47.24 normal
2018-12-20__12:02:05 0.15 0.10 0.04 2.35% 46.16 normal
2018-12-20__12:02:11 0.14 0.10 0.04 8.17% 46.16 normal
2018-12-20__12:02:16 0.13 0.10 0.04 1.90% 45.62 normal
2018-12-20__12:02:22 0.11 0.09 0.04 4.29% 46.16 normal
2018-12-20__12:02:28 0.10 0.09 0.04 1.45% 47.24 normal
2018-12-20__12:02:33 0.09 0.09 0.04 1.90% 46.16 normal
2018-12-20__12:02:39 0.08 0.09 0.04 1.43% 46.16 normal
2018-12-20__12:02:45 0.08 0.08 0.04 3.76% 47.24 normal
2018-12-20__12:02:50 0.07 0.08 0.04 3.70% 46.70 normal
2018-12-20__12:02:56 0.06 0.08 0.04 8.80% 46.16 normal
2018-12-20__12:03:01 0.06 0.08 0.04 10.70% 45.62 normal
2018-12-20__12:03:07 0.05 0.08 0.04 4.63% 46.16 normal
2018-12-20__12:03:13 0.04 0.08 0.03 7.51% 46.16 normal
2018-12-20__12:03:18 0.04 0.07 0.03 7.94% 46.16 normal
2018-12-20__12:03:24 0.04 0.07 0.03 3.29% 46.16 normal
2018-12-20__12:03:30 0.35 0.14 0.06 13.68% 46.70 normal
2018-12-20__12:03:35 0.33 0.14 0.05 2.40% 46.16 normal
2018-12-20__12:03:41 0.30 0.13 0.05 4.63% 46.16 normal
2018-12-20__12:03:47 0.27 0.13 0.05 6.57% 46.16 normal
2018-12-20__12:03:52 0.23 0.13 0.05 4.81% 46.16 normal
2018-12-20__12:03:58 0.21 0.12 0.05 2.82% 46.16 normal
2018-12-20__12:04:03 0.20 0.12 0.05 3.74% 46.16 normal
2018-12-20__12:04:09 0.18 0.12 0.05 10.96% 46.16 normal
2018-12-20__12:04:15 0.16 0.12 0.05 5.74% 46.16 normal
2018-12-20__12:04:20 0.15 0.11 0.05 2.38% 46.16 normal
2018-12-20__12:04:26 0.14 0.11 0.05 5.61% 46.16 normal
2018-12-20__12:04:32 0.13 0.11 0.05 2.38% 46.16 normal
2018-12-20__12:04:37 0.11 0.11 0.05 4.31% 46.70 normal
2018-12-20__12:04:43 0.10 0.10 0.05 1.90% 46.16 normal
2018-12-20__12:04:48 0.09 0.10 0.05 4.78% 46.70 normal
2018-12-20__12:04:54 0.08 0.10 0.05 7.76% 46.16 normal
2018-12-20__12:05:00 0.08 0.10 0.05 9.63% 46.16 normal
2018-12-20__12:05:05 0.15 0.11 0.05 6.70% 47.24 normal
2018-12-20__12:05:11 0.14 0.11 0.05 4.78% 46.16 normal
2018-12-20__12:05:17 0.13 0.11 0.05 7.51% 46.70 normal
2018-12-20__12:05:22 0.11 0.11 0.05 9.05% 46.16 normal
2018-12-20__12:05:28 0.10 0.10 0.05 3.29% 46.16 normal
2018-12-20__12:05:34 0.33 0.15 0.07 1.89% 46.16 normal
2018-12-20__12:05:39 0.30 0.15 0.06 4.83% 46.16 normal
2018-12-20__12:05:45 0.28 0.15 0.06 1.90% 46.16 normal
2018-12-20__12:05:50 0.26 0.14 0.06 6.16% 46.16 normal
2018-12-20__12:05:56 0.24 0.14 0.06 8.41% 46.16 normal
2018-12-20__12:06:02 0.22 0.14 0.06 3.72% 46.16 normal
2018-12-20__12:06:07 0.18 0.13 0.06 4.21% 46.16 normal
2018-12-20__12:06:13 0.17 0.13 0.06 5.61% 46.16 normal
2018-12-20__12:06:19 0.15 0.13 0.06 0.96% 46.16 normal
2018-12-20__12:06:24 0.14 0.13 0.06 4.63% 46.16 normal
2018-12-20__12:06:30 0.21 0.14 0.07 4.23% 46.16 normal
2018-12-20__12:06:35 0.19 0.14 0.07 4.31% 46.16 normal
2018-12-20__12:06:41 0.18 0.14 0.06 3.72% 46.16 normal
2018-12-20__12:06:47 0.16 0.13 0.06 1.42% 46.70 normal
2018-12-20__12:06:52 0.14 0.13 0.06 6.64% 46.16 normal
2018-12-20__12:06:58 0.13 0.13 0.06 6.16% 46.16 normal
2018-12-20__12:07:04 0.12 0.12 0.06 1.44% 46.16 normal
2018-12-20__12:07:09 0.11 0.12 0.06 4.21% 45.62 normal
2018-12-20__12:07:15 0.10 0.12 0.06 2.84% 46.16 normal
2018-12-20__12:07:21 0.09 0.12 0.06 3.27% 46.70 normal
2018-12-20__12:07:26 0.16 0.13 0.07 3.29% 45.62 normal
2018-12-20__12:07:32 0.15 0.13 0.07 4.81% 46.16 normal
2018-12-20__12:07:37 0.13 0.12 0.06 6.19% 46.16 normal
2018-12-20__12:07:43 0.12 0.12 0.06 8.57% 46.16 normal
2018-12-20__12:07:49 0.11 0.12 0.06 6.07% 47.24 normal
2018-12-20__12:07:54 0.10 0.12 0.06 7.08% 46.16 normal
2018-12-20__12:08:00 0.09 0.12 0.06 8.29% 46.70 normal
2018-12-20__12:08:06 0.08 0.11 0.06 3.77% 46.16 normal
2018-12-20__12:08:11 0.08 0.11 0.06 2.37% 45.62 normal
2018-12-20__12:08:17 0.07 0.11 0.06 7.91% 46.16 normal
2018-12-20__12:08:23 0.06 0.11 0.06 2.83% 45.62 normal
2018-12-20__12:08:28 0.05 0.10 0.06 2.80% 46.16 normal
2018-12-20__12:08:34 0.21 0.14 0.07 5.66% 46.16 normal
2018-12-20__12:08:39 0.19 0.13 0.07 3.29% 46.16 normal
2018-12-20__12:08:45 0.18 0.13 0.07 11.79% 46.70 normal
2018-12-20__12:08:51 0.16 0.13 0.07 1.43% 46.16 normal
2018-12-20__12:08:56 0.15 0.13 0.07 6.16% 46.16 normal
2018-12-20__12:09:02 0.14 0.12 0.07 1.42% 46.16 normal
2018-12-20__12:09:08 0.29 0.15 0.08 2.36% 46.16 normal
2018-12-20__12:09:13 0.24 0.15 0.08 5.53% 46.16 normal
2018-12-20__12:09:19 0.22 0.15 0.08 10.33% 46.16 normal
2018-12-20__12:09:24 0.20 0.14 0.08 1.90% 46.16 normal
2018-12-20__12:09:30 0.19 0.14 0.08 6.10% 46.70 normal
2018-12-20__12:09:36 0.17 0.14 0.08 3.30% 46.16 normal
2018-12-20__12:09:41 0.24 0.15 0.08 6.19% 46.16 normal
2018-12-20__12:09:47 0.22 0.15 0.08 7.04% 46.16 normal
2018-12-20__12:09:53 0.20 0.15 0.08 3.72% 46.16 normal
2018-12-20__12:09:58 0.55 0.22 0.11 6.64% 46.16 normal
2018-12-20__12:10:04 0.51 0.22 0.11 5.66% 46.16 normal
2018-12-20__12:10:09 0.47 0.22 0.10 3.37% 46.16 normal
2018-12-20__12:10:15 0.43 0.21 0.10 0.48% 46.16 normal
2018-12-20__12:10:21 0.39 0.21 0.10 10.85% 46.16 normal
2018-12-20__12:10:26 0.36 0.21 0.10 3.26% 46.16 normal
2018-12-20__12:10:32 0.33 0.20 0.10 6.57% 47.24 normal
2018-12-20__12:10:38 0.31 0.20 0.10 3.29% 46.16 normal
2018-12-20__12:10:43 0.26 0.19 0.10 3.37% 46.16 normal
2018-12-20__12:10:49 0.24 0.19 0.10 5.24% 46.16 normal
2018-12-20__12:10:55 0.22 0.18 0.10 5.69% 46.16 normal
2018-12-20__12:11:00 0.20 0.18 0.10 2.83% 46.16 normal
2018-12-20__12:11:06 0.18 0.18 0.09 3.74% 46.16 normal
2018-12-20__12:11:11 0.17 0.17 0.09 3.30% 46.16 normal
2018-12-20__12:11:17 0.16 0.17 0.09 7.55% 46.16 normal
2018-12-20__12:11:23 0.14 0.17 0.09 6.07% 47.24 normal
2018-12-20__12:11:28 0.12 0.16 0.09 3.76% 46.16 normal
2018-12-20__12:11:34 0.11 0.16 0.09 7.91% 46.70 normal
2018-12-20__12:11:40 0.10 0.16 0.09 7.51% 46.16 normal
2018-12-20__12:11:45 0.17 0.17 0.09 7.41% 45.62 normal
2018-12-20__12:11:51 0.16 0.17 0.09 5.71% 46.16 normal
2018-12-20__12:11:56 0.15 0.17 0.09 5.21% 46.16 normal
2018-12-20__12:12:02 0.13 0.16 0.09 0.48% 46.16 normal
2018-12-20__12:12:08 0.12 0.16 0.09 4.21% 46.70 normal
2018-12-20__12:12:13 0.10 0.15 0.09 4.19% 46.16 normal
2018-12-20__12:12:19 0.34 0.20 0.11 1.90% 46.16 normal
2018-12-20__12:12:25 0.31 0.20 0.10 1.90% 46.16 normal
2018-12-20__12:12:30 0.28 0.19 0.10 4.76% 46.16 normal
2018-12-20__12:12:36 0.26 0.19 0.10 7.04% 46.70 normal
2018-12-20__12:12:41 0.24 0.19 0.10 13.46% 47.24 normal
2018-12-20__12:12:47 0.22 0.18 0.10 1.45% 46.70 normal
2018-12-20__12:12:53 0.36 0.21 0.11 0.95% 46.16 normal
2018-12-20__12:12:58 0.31 0.21 0.11 3.27% 46.16 normal
2018-12-20__12:13:04 0.28 0.20 0.11 3.27% 46.16 normal
2018-12-20__12:13:10 0.26 0.20 0.11 3.74% 46.16 normal
2018-12-20__12:13:15 0.24 0.20 0.11 4.81% 46.16 normal
2018-12-20__12:13:21 0.22 0.19 0.10 7.62% 46.16 normal
2018-12-20__12:13:26 0.28 0.21 0.11 1.90% 46.16 normal
2018-12-20__12:13:32 0.26 0.20 0.11 0.00% 46.16 normal
2018-12-20__12:13:38 0.24 0.20 0.11 2.83% 46.16 normal
2018-12-20__12:13:43 0.20 0.19 0.11 3.74% 46.70 normal
2018-12-20__12:13:49 0.18 0.19 0.10 1.43% 46.16 normal
2018-12-20__12:13:55 0.17 0.18 0.10 2.36% 46.16 normal
2018-12-20__12:14:00 0.16 0.18 0.10 6.64% 46.16 normal
2018-12-20__12:14:06 0.14 0.18 0.10 8.70% 46.16 normal
2018-12-20__12:14:12 0.13 0.17 0.10 1.44% 46.16 normal
2018-12-20__12:14:17 0.12 0.17 0.10 2.38% 46.16 normal
2018-12-20__12:14:23 0.11 0.17 0.10 1.90% 46.16 normal
2018-12-20__12:14:28 0.09 0.16 0.10 4.35% 46.16 normal
2018-12-20__12:14:34 0.09 0.16 0.10 7.87% 46.70 normal
2018-12-20__12:14:40 0.08 0.16 0.10 4.19% 46.16 normal
2018-12-20__12:14:45 0.07 0.15 0.09 4.21% 46.16 normal
2018-12-20__12:14:51 0.07 0.15 0.09 7.94% 46.70 normal
2018-12-20__12:14:57 0.06 0.15 0.09 9.39% 46.70 normal
2018-12-20__12:15:02 0.06 0.15 0.09 0.00% 47.24 normal
2018-12-20__12:15:08 0.05 0.14 0.09 1.90% 46.70 normal
2018-12-20__12:15:13 0.04 0.14 0.09 5.69% 46.16 normal
2018-12-20__12:15:19 0.04 0.14 0.09 7.48% 46.70 normal
2018-12-20__12:15:25 0.04 0.13 0.09 2.36% 45.62 normal
2018-12-20__12:15:30 0.03 0.13 0.09 4.63% 46.16 normal
2018-12-20__12:15:36 0.03 0.13 0.09 6.16% 46.16 normal
2018-12-20__12:15:42 0.03 0.13 0.09 5.21% 47.24 normal
2018-12-20__12:15:47 0.02 0.12 0.09 5.14% 46.70 normal
2018-12-20__12:15:53 0.02 0.12 0.09 0.00% 46.16 normal
2018-12-20__12:15:58 0.02 0.12 0.08 3.72% 46.16 normal
2018-12-20__12:16:04 0.02 0.11 0.08 3.29% 46.70 normal
2018-12-20__12:16:10 0.02 0.11 0.08 4.69% 46.16 normal
2018-12-20__12:16:15 0.01 0.11 0.08 7.04% 46.16 normal
2018-12-20__12:16:21 0.01 0.11 0.08 6.94% 46.16 normal
2018-12-20__12:16:27 0.01 0.11 0.08 1.43% 46.16 normal
2018-12-20__12:16:32 0.01 0.10 0.08 7.21% 47.24 normal
2018-12-20__12:16:38 0.01 0.10 0.08 2.80% 46.16 normal
2018-12-20__12:16:43 0.01 0.10 0.08 6.19% 46.16 normal
2018-12-20__12:16:49 0.01 0.10 0.08 5.74% 47.24 normal
2018-12-20__12:16:55 0.01 0.09 0.08 6.19% 47.24 normal
2018-12-20__12:17:00 0.09 0.11 0.08 1.43% 46.70 normal
2018-12-20__12:17:06 0.08 0.11 0.08 6.16% 46.16 normal
2018-12-20__12:17:12 0.07 0.11 0.08 6.22% 46.16 normal
2018-12-20__12:17:17 0.07 0.10 0.08 12.50% 46.16 normal
2018-12-20__12:17:23 0.06 0.10 0.08 3.74% 46.16 normal
2018-12-20__12:17:28 0.06 0.10 0.08 6.67% 46.16 normal
2018-12-20__12:17:34 0.12 0.11 0.09 5.71% 47.24 normal
2018-12-20__12:17:40 0.11 0.11 0.09 6.60% 46.16 normal
2018-12-20__12:17:45 0.10 0.11 0.09 1.90% 46.16 normal
2018-12-20__12:17:51 0.09 0.11 0.09 3.76% 46.16 normal
2018-12-20__12:17:57 0.09 0.11 0.09 4.19% 46.16 normal
2018-12-20__12:18:02 0.08 0.10 0.08 6.64% 46.16 normal
2018-12-20__12:18:08 0.07 0.10 0.08 9.91% 46.16 normal
2018-12-20__12:18:14 0.07 0.10 0.08 3.83% 46.16 normal
2018-12-20__12:18:19 0.13 0.11 0.09 2.86% 47.24 normal
2018-12-20__12:18:25 0.12 0.11 0.09 6.16% 46.16 normal
2018-12-20__12:18:30 0.11 0.11 0.09 0.96% 47.24 normal
2018-12-20__12:18:36 0.10 0.11 0.09 2.39% 46.16 normal
2018-12-20__12:18:42 0.25 0.14 0.10 5.26% 46.16 normal
2018-12-20__12:18:47 0.23 0.14 0.10 9.13% 46.16 normal
2018-12-20__12:18:53 0.21 0.13 0.10 10.28% 46.16 normal
2018-12-20__12:18:59 0.20 0.13 0.10 4.21% 46.16 normal
2018-12-20__12:19:04 0.16 0.13 0.09 5.19% 46.16 normal
2018-12-20__12:19:10 0.15 0.12 0.09 0.95% 46.16 normal
2018-12-20__12:19:15 0.14 0.12 0.09 3.77% 46.16 normal
2018-12-20__12:19:21 0.13 0.12 0.09 5.71% 46.16 normal
2018-12-20__12:19:27 0.12 0.12 0.09 2.37% 46.16 normal
2018-12-20__12:19:32 0.11 0.11 0.09 0.97% 47.24 normal
2018-12-20__12:19:38 0.10 0.11 0.09 2.38% 46.16 normal
2018-12-20__12:19:44 0.17 0.13 0.09 10.28% 46.70 normal
2018-12-20__12:19:49 0.14 0.12 0.09 1.90% 46.16 normal
2018-12-20__12:19:55 0.29 0.15 0.10 1.89% 46.16 normal
2018-12-20__12:20:00 0.35 0.17 0.11 8.37% 46.70 normal
2018-12-20__12:20:06 0.32 0.17 0.11 7.04% 46.16 normal
2018-12-20__12:20:12 0.30 0.16 0.11 1.42% 46.16 normal
2018-12-20__12:20:17 0.27 0.16 0.10 12.80% 46.16 normal
2018-12-20__12:20:23 0.25 0.16 0.10 1.90% 46.70 normal
2018-12-20__12:20:29 0.23 0.15 0.10 6.57% 45.62 normal
2018-12-20__12:20:34 0.19 0.15 0.10 2.82% 46.70 normal
2018-12-20__12:20:40 0.18 0.14 0.10 5.31% 46.16 normal
2018-12-20__12:20:45 0.16 0.14 0.10 1.43% 45.62 normal
2018-12-20__12:20:51 0.15 0.14 0.10 0.48% 46.16 normal
2018-12-20__12:20:57 0.14 0.14 0.10 3.29% 46.16 normal
2018-12-20__12:21:02 0.13 0.14 0.10 3.88% 46.16 normal
2018-12-20__12:21:08 0.12 0.13 0.09 3.38% 47.24 normal
2018-12-20__12:21:14 0.11 0.13 0.09 1.43% 46.70 normal
2018-12-20__12:21:19 0.09 0.13 0.09 3.33% 46.16 normal
2018-12-20__12:21:25 0.08 0.12 0.09 7.80% 46.70 normal
2018-12-20__12:21:31 0.08 0.12 0.09 1.90% 46.16 normal
2018-12-20__12:21:36 0.07 0.12 0.09 2.35% 46.16 normal
2018-12-20__12:21:42 0.06 0.12 0.09 7.08% 46.16 normal
2018-12-20__12:21:47 0.06 0.11 0.09 5.21% 46.16 normal
2018-12-20__12:21:53 0.05 0.11 0.09 3.40% 46.16 normal
2018-12-20__12:21:59 0.05 0.11 0.09 1.88% 46.16 normal
2018-12-20__12:22:04 0.20 0.14 0.10 4.29% 46.70 normal
2018-12-20__12:22:10 0.18 0.14 0.10 7.94% 46.70 normal
2018-12-20__12:22:16 0.17 0.13 0.10 7.01% 46.16 normal
2018-12-20__12:22:21 0.16 0.13 0.10 1.89% 46.16 normal
2018-12-20__12:22:27 0.14 0.13 0.09 5.24% 46.16 normal
2018-12-20__12:22:32 0.13 0.13 0.09 15.38% 47.24 normal
2018-12-20__12:22:38 0.12 0.12 0.09 0.49% 47.24 normal
2018-12-20__12:22:44 0.11 0.12 0.09 3.29% 46.70 normal
2018-12-20__12:22:49 0.09 0.12 0.09 6.60% 46.16 normal
2018-12-20__12:22:55 0.09 0.12 0.09 4.74% 47.24 normal
2018-12-20__12:23:01 0.16 0.13 0.09 1.90% 46.16 normal
2018-12-20__12:23:06 0.15 0.13 0.09 6.13% 46.16 normal
2018-12-20__12:23:12 0.13 0.13 0.09 5.66% 46.16 normal
2018-12-20__12:23:17 0.20 0.14 0.10 2.37% 46.16 normal
2018-12-20__12:23:23 0.19 0.14 0.10 1.42% 46.16 normal
2018-12-20__12:23:29 0.17 0.14 0.10 0.48% 46.16 normal
2018-12-20__12:23:34 0.14 0.13 0.09 1.43% 46.16 normal
2018-12-20__12:23:40 0.13 0.13 0.09 8.57% 46.16 normal
2018-12-20__12:23:46 0.12 0.13 0.09 7.18% 46.16 normal
2018-12-20__12:23:51 0.11 0.12 0.09 1.90% 46.16 normal
2018-12-20__12:23:57 0.10 0.12 0.09 6.13% 46.16 normal
2018-12-20__12:24:03 0.09 0.12 0.09 7.51% 46.16 normal
2018-12-20__12:24:08 0.09 0.12 0.09 3.29% 46.16 normal
2018-12-20__12:24:14 0.08 0.11 0.09 2.83% 46.16 normal
2018-12-20__12:24:19 0.07 0.11 0.09 7.55% 47.24 normal
2018-12-20__12:24:25 0.06 0.11 0.09 2.38% 46.16 normal
2018-12-20__12:24:31 0.06 0.11 0.09 3.76% 47.24 normal
2018-12-20__12:24:36 0.05 0.10 0.09 3.27% 47.24 normal
2018-12-20__12:24:42 0.05 0.10 0.09 4.74% 46.16 normal
2018-12-20__12:24:48 0.04 0.10 0.09 1.43% 46.16 normal
2018-12-20__12:24:53 0.20 0.13 0.10 2.37% 46.16 normal
2018-12-20__12:24:59 0.18 0.13 0.10 4.78% 47.24 normal
2018-12-20__12:25:04 0.25 0.14 0.10 9.30% 46.70 normal
2018-12-20__12:25:10 0.21 0.14 0.10 3.26% 46.16 normal
2018-12-20__12:25:16 0.19 0.14 0.10 5.69% 46.16 normal
2018-12-20__12:25:21 0.18 0.13 0.10 6.64% 46.16 normal
2018-12-20__12:25:27 0.16 0.13 0.10 6.05% 47.24 normal
2018-12-20__12:25:33 0.15 0.13 0.09 27.75% 47.24 normal
2018-12-20__12:25:38 0.14 0.13 0.09 7.04% 47.24 normal
2018-12-20__12:25:44 0.13 0.12 0.09 3.69% 46.70 normal
2018-12-20__12:25:49 0.12 0.12 0.09 6.22% 47.24 normal
2018-12-20__12:25:55 0.17 0.13 0.10 3.27% 46.16 normal
2018-12-20__12:26:01 0.16 0.13 0.09 5.74% 46.16 normal
2018-12-20__12:26:06 0.14 0.13 0.09 7.62% 46.70 normal
2018-12-20__12:26:12 0.13 0.13 0.09 2.35% 46.70 normal
2018-12-20__12:26:18 0.12 0.12 0.09 2.38% 46.16 normal
2018-12-20__12:26:23 0.11 0.12 0.09 3.24% 46.16 normal
2018-12-20__12:26:29 0.10 0.12 0.09 7.01% 46.70 normal
2018-12-20__12:26:35 0.09 0.12 0.09 2.84% 47.24 normal
2018-12-20__12:26:40 0.08 0.11 0.09 1.90% 46.16 normal
2018-12-20__12:26:46 0.07 0.11 0.09 8.84% 46.70 normal
2018-12-20__12:26:51 0.07 0.11 0.09 5.19% 47.24 normal
2018-12-20__12:26:57 0.06 0.11 0.09 3.72% 46.70 normal
2018-12-20__12:27:03 0.06 0.11 0.09 4.78% 46.16 normal
2018-12-20__12:27:08 0.05 0.10 0.09 1.90% 46.16 normal
2018-12-20__12:27:14 0.13 0.12 0.09 3.27% 46.16 normal
2018-12-20__12:27:20 0.12 0.12 0.09 7.08% 46.16 normal
2018-12-20__12:27:25 0.10 0.11 0.09 1.44% 46.16 normal
2018-12-20__12:27:31 0.09 0.11 0.09 1.93% 47.24 normal
2018-12-20__12:27:36 0.08 0.11 0.09 1.89% 46.70 normal
2018-12-20__12:27:42 0.08 0.11 0.09 9.13% 46.70 normal
2018-12-20__12:27:48 0.07 0.10 0.09 3.38% 46.16 normal
2018-12-20__12:27:53 0.06 0.10 0.09 10.70% 47.24 normal
2018-12-20__12:27:59 0.06 0.10 0.09 4.69% 47.24 normal
2018-12-20__12:28:05 0.05 0.10 0.09 7.11% 46.70 normal
2018-12-20__12:28:10 0.04 0.09 0.08 1.44% 46.16 normal
2018-12-20__12:28:16 0.04 0.09 0.08 0.48% 46.70 normal
2018-12-20__12:28:22 0.04 0.09 0.08 6.10% 46.16 normal
2018-12-20__12:28:27 0.03 0.09 0.08 4.72% 47.24 normal
2018-12-20__12:28:33 0.03 0.09 0.08 15.91% 47.24 normal
2018-12-20__12:28:38 0.03 0.09 0.08 0.47% 46.70 normal
2018-12-20__12:28:44 0.03 0.08 0.08 4.17% 46.70 normal
2018-12-20__12:28:50 0.02 0.08 0.08 7.01% 46.70 normal
2018-12-20__12:28:55 0.02 0.08 0.08 2.36% 46.70 normal
2018-12-20__12:29:01 0.02 0.08 0.08 7.51% 46.16 normal
2018-12-20__12:29:07 0.02 0.08 0.08 4.78% 46.70 normal
2018-12-20__12:29:12 0.01 0.08 0.08 3.85% 47.24 normal
2018-12-20__12:29:18 0.01 0.07 0.08 0.48% 46.16 normal
2018-12-20__12:29:23 0.01 0.07 0.08 1.91% 46.16 normal
2018-12-20__12:29:29 0.01 0.07 0.08 0.96% 46.16 normal
2018-12-20__12:29:35 0.01 0.07 0.08 4.37% 46.70 normal
2018-12-20__12:29:40 0.01 0.07 0.08 1.91% 47.77 normal
2018-12-20__12:29:46 0.01 0.06 0.08 4.63% 46.70 normal
2018-12-20__12:29:52 0.01 0.06 0.08 0.48% 46.70 normal
2018-12-20__12:29:57 0.01 0.06 0.07 5.74% 46.70 normal
2018-12-20__12:30:03 0.00 0.06 0.07 4.29% 46.16 normal
2018-12-20__12:30:08 0.00 0.06 0.07 2.35% 46.16 normal
2018-12-20__12:30:14 0.00 0.06 0.07 12.26% 47.24 normal
2018-12-20__12:30:20 0.00 0.06 0.07 1.89% 46.70 normal
2018-12-20__12:30:25 0.00 0.05 0.07 7.01% 46.16 normal
2018-12-20__12:30:31 0.00 0.05 0.07 3.74% 46.70 normal
2018-12-20__12:30:37 0.00 0.05 0.07 0.48% 46.16 normal
2018-12-20__12:30:42 0.00 0.05 0.07 5.26% 46.70 normal
2018-12-20__12:30:48 0.00 0.05 0.07 6.54% 46.16 normal
2018-12-20__12:30:54 0.00 0.05 0.07 2.36% 46.16 normal
2018-12-20__12:30:59 0.00 0.05 0.07 6.19% 46.16 normal
2018-12-20__12:31:05 0.00 0.05 0.07 1.43% 46.16 normal
2018-12-20__12:31:10 0.16 0.08 0.08 5.07% 46.70 normal
2018-12-20__12:31:16 0.15 0.08 0.08 8.80% 46.16 normal
2018-12-20__12:31:22 0.13 0.08 0.08 1.42% 46.16 normal
2018-12-20__12:31:27 0.12 0.08 0.08 3.27% 46.16 normal
2018-12-20__12:31:33 0.11 0.07 0.08 6.54% 46.70 normal
2018-12-20__12:31:39 0.10 0.07 0.08 6.07% 46.16 normal
2018-12-20__12:31:44 0.10 0.07 0.08 6.19% 46.70 normal
2018-12-20__12:31:50 0.09 0.07 0.08 7.01% 46.16 normal
2018-12-20__12:31:55 0.15 0.08 0.08 4.63% 46.16 normal
2018-12-20__12:32:01 0.14 0.08 0.08 7.11% 47.24 normal
2018-12-20__12:32:07 0.13 0.08 0.08 0.96% 46.70 normal
2018-12-20__12:32:12 0.12 0.08 0.08 3.76% 47.24 normal
2018-12-20__12:32:18 0.11 0.08 0.08 7.51% 46.16 normal
2018-12-20__12:32:24 0.10 0.08 0.08 9.63% 46.16 normal
2018-12-20__12:32:29 0.09 0.07 0.08 7.44% 46.16 normal
2018-12-20__12:32:35 0.08 0.07 0.08 1.43% 46.70 normal
2018-12-20__12:32:40 0.07 0.07 0.08 2.82% 46.16 normal
2018-12-20__12:32:46 0.06 0.07 0.08 1.90% 46.16 normal
2018-12-20__12:32:52 0.06 0.07 0.07 5.24% 46.16 normal
2018-12-20__12:32:57 0.05 0.07 0.07 3.27% 46.16 normal
2018-12-20__12:33:03 0.05 0.06 0.07 2.83% 46.16 normal
2018-12-20__12:33:09 0.05 0.06 0.07 5.69% 46.16 normal
2018-12-20__12:33:14 0.20 0.10 0.08 3.83% 46.16 normal
2018-12-20__12:33:20 0.27 0.11 0.09 5.66% 46.16 normal
2018-12-20__12:33:26 0.22 0.11 0.09 10.38% 46.70 normal
2018-12-20__12:33:31 0.21 0.10 0.09 5.69% 46.16 normal
2018-12-20__12:33:37 0.19 0.10 0.09 4.17% 46.16 normal
2018-12-20__12:33:42 0.17 0.10 0.09 4.63% 46.16 normal
2018-12-20__12:33:48 0.24 0.12 0.09 2.83% 46.16 normal
2018-12-20__12:33:54 0.22 0.11 0.09 7.87% 46.16 normal
2018-12-20__12:33:59 0.20 0.11 0.09 10.75% 46.16 normal
2018-12-20__12:34:05 0.19 0.11 0.09 2.80% 46.16 normal
2018-12-20__12:34:11 0.16 0.11 0.09 7.98% 46.16 normal
2018-12-20__12:34:16 0.14 0.10 0.09 6.67% 46.16 normal
2018-12-20__12:34:22 0.13 0.10 0.09 2.37% 46.16 normal
2018-12-20__12:34:28 0.12 0.10 0.09 1.44% 46.16 normal
2018-12-20__12:34:33 0.11 0.10 0.09 0.48% 46.16 normal
2018-12-20__12:34:39 0.10 0.10 0.09 3.29% 46.16 normal
2018-12-20__12:34:44 0.09 0.09 0.09 6.16% 47.24 normal
2018-12-20__12:34:50 0.09 0.09 0.09 1.47% 47.24 normal
2018-12-20__12:34:56 0.32 0.14 0.10 2.34% 46.16 normal
2018-12-20__12:35:01 0.67 0.22 0.13 6.19% 46.70 normal
2018-12-20__12:35:07 0.62 0.22 0.13 2.80% 46.16 normal
2018-12-20__12:35:12 0.57 0.21 0.12 1.90% 46.16 normal
2018-12-20__12:35:18 0.52 0.21 0.12 0.95% 46.70 normal
2018-12-20__12:35:24 0.48 0.20 0.12 6.10% 47.24 normal
2018-12-20__12:35:29 0.44 0.20 0.12 7.98% 47.24 normal
2018-12-20__12:35:35 0.41 0.20 0.12 4.76% 47.24 normal
2018-12-20__12:35:41 0.37 0.19 0.12 1.42% 46.16 normal
2018-12-20__12:35:46 0.76 0.29 0.15 1.89% 47.24 normal
2018-12-20__12:35:52 0.70 0.28 0.15 5.09% 47.24 normal
2018-12-20__12:35:58 0.64 0.28 0.15 2.35% 46.70 normal
2018-12-20__12:36:03 0.59 0.27 0.15 1.91% 45.62 normal
2018-12-20__12:36:09 0.54 0.27 0.15 3.74% 46.70 normal
2018-12-20__12:36:14 0.58 0.28 0.15 2.83% 46.70 normal
2018-12-20__12:36:20 0.53 0.27 0.15 4.31% 46.70 normal
2018-12-20__12:36:26 0.49 0.27 0.15 5.21% 47.77 normal
2018-12-20__12:36:31 0.49 0.28 0.15 1.88% 46.16 normal
2018-12-20__12:36:37 0.45 0.27 0.15 3.27% 47.24 normal
2018-12-20__12:36:43 0.41 0.27 0.15 5.14% 47.24 normal
2018-12-20__12:36:48 0.38 0.26 0.15 7.98% 46.16 normal
2018-12-20__12:36:54 0.35 0.26 0.15 5.29% 47.24 normal
2018-12-20__12:36:59 0.32 0.25 0.15 5.61% 47.24 normal
2018-12-20__12:37:05 0.29 0.25 0.15 7.11% 46.70 normal
2018-12-20__12:37:11 0.27 0.24 0.15 5.69% 46.70 normal
2018-12-20__12:37:16 0.23 0.23 0.14 2.35% 46.16 normal
2018-12-20__12:37:22 0.21 0.23 0.14 7.66% 46.16 normal
2018-12-20__12:37:28 0.19 0.23 0.14 4.83% 47.24 normal
2018-12-20__12:37:33 0.18 0.22 0.14 5.74% 47.24 normal
2018-12-20__12:37:39 0.24 0.24 0.15 4.31% 46.16 normal
2018-12-20__12:37:45 0.22 0.23 0.15 2.36% 46.16 normal
2018-12-20__12:37:50 0.21 0.23 0.14 10.90% 47.24 normal
2018-12-20__12:37:56 0.19 0.22 0.14 1.90% 46.16 normal
2018-12-20__12:38:01 0.16 0.22 0.14 4.61% 47.24 normal
2018-12-20__12:38:07 0.15 0.21 0.14 3.29% 46.16 normal
2018-12-20__12:38:13 0.13 0.21 0.14 5.24% 46.16 normal
2018-12-20__12:38:18 0.12 0.20 0.14 3.27% 46.70 normal
2018-12-20__12:38:24 0.11 0.20 0.14 8.37% 46.16 normal
2018-12-20__12:38:30 0.10 0.20 0.14 8.33% 46.16 normal
2018-12-20__12:38:35 0.10 0.19 0.14 5.77% 47.24 normal
2018-12-20__12:38:41 0.09 0.19 0.14 8.45% 46.16 normal
2018-12-20__12:38:46 0.07 0.18 0.13 6.07% 46.16 normal
2018-12-20__12:38:52 0.07 0.18 0.13 8.33% 46.16 normal
2018-12-20__12:38:58 0.06 0.18 0.13 5.14% 46.70 normal
2018-12-20__12:39:03 0.06 0.17 0.13 2.84% 46.16 normal
2018-12-20__12:39:09 0.05 0.17 0.13 3.72% 46.70 normal
2018-12-20__12:39:15 0.05 0.17 0.13 6.70% 46.16 normal
2018-12-20__12:39:20 0.04 0.16 0.13 2.36% 46.16 normal
2018-12-20__12:39:26 0.04 0.16 0.13 7.48% 46.16 normal
2018-12-20__12:39:32 0.03 0.16 0.12 3.72% 46.70 normal
2018-12-20__12:39:37 0.03 0.15 0.12 3.33% 47.77 normal
2018-12-20__12:39:43 0.03 0.15 0.12 4.65% 46.70 normal
2018-12-20__12:39:48 0.02 0.15 0.12 4.81% 46.70 normal
2018-12-20__12:39:54 0.02 0.14 0.12 1.90% 46.70 normal
2018-12-20__12:40:00 0.02 0.14 0.12 2.80% 46.16 normal
2018-12-20__12:40:05 0.02 0.14 0.12 4.29% 46.70 normal
2018-12-20__12:40:11 0.02 0.14 0.12 8.33% 46.16 normal
2018-12-20__12:40:17 0.01 0.13 0.12 2.36% 46.70 normal
2018-12-20__12:40:22 0.01 0.13 0.11 6.60% 46.16 normal
2018-12-20__12:40:28 0.01 0.13 0.11 2.82% 46.16 normal
2018-12-20__12:40:34 0.01 0.12 0.11 1.42% 46.70 normal
2018-12-20__12:40:39 0.09 0.14 0.12 0.00% 46.16 normal
2018-12-20__12:40:45 0.08 0.14 0.12 1.90% 46.16 normal
2018-12-20__12:40:50 0.08 0.13 0.12 3.79% 46.16 normal
2018-12-20__12:40:56 0.07 0.13 0.11 5.74% 47.24 normal
2018-12-20__12:41:02 0.06 0.13 0.11 0.00% 47.24 normal
2018-12-20__12:41:07 0.05 0.12 0.11 8.92% 46.16 normal
2018-12-20__12:41:13 0.05 0.12 0.11 4.27% 46.16 normal
2018-12-20__12:41:19 0.04 0.12 0.11 2.35% 46.16 normal
2018-12-20__12:41:24 0.12 0.13 0.11 10.50% 47.24 normal
2018-12-20__12:41:30 0.11 0.13 0.11 2.35% 46.70 normal
2018-12-20__12:41:36 0.10 0.13 0.11 0.96% 47.24 normal
2018-12-20__12:41:41 0.09 0.13 0.11 4.29% 47.24 normal
2018-12-20__12:41:47 0.08 0.12 0.11 2.84% 47.24 normal
2018-12-20__12:41:52 0.07 0.12 0.11 3.26% 46.70 normal
2018-12-20__12:41:58 0.07 0.12 0.11 9.95% 47.24 normal
2018-12-20__12:42:04 0.06 0.12 0.11 4.23% 47.24 normal
2018-12-20__12:42:09 0.06 0.11 0.11 2.80% 46.16 normal
2018-12-20__12:42:15 0.05 0.11 0.10 7.04% 46.70 normal
2018-12-20__12:42:21 0.05 0.11 0.10 6.94% 46.16 normal
2018-12-20__12:42:26 0.04 0.11 0.10 2.37% 46.70 normal
2018-12-20__12:42:32 0.04 0.10 0.10 5.61% 47.24 normal
2018-12-20__12:42:37 0.03 0.10 0.10 0.48% 47.24 normal
2018-12-20__12:42:43 0.03 0.10 0.10 9.52% 46.16 normal
2018-12-20__12:42:49 0.03 0.10 0.10 6.64% 47.24 normal
2018-12-20__12:42:54 0.02 0.10 0.10 2.38% 47.24 normal
2018-12-20__12:43:00 0.02 0.09 0.10 6.98% 46.16 normal
2018-12-20__12:43:06 0.02 0.09 0.10 3.81% 46.70 normal
2018-12-20__12:43:11 0.02 0.09 0.09 5.14% 47.24 normal
2018-12-20__12:43:17 0.02 0.09 0.09 7.98% 46.16 normal
2018-12-20__12:43:23 0.01 0.08 0.09 1.91% 47.24 normal
2018-12-20__12:43:28 0.01 0.08 0.09 2.35% 46.16 normal
2018-12-20__12:43:34 0.01 0.08 0.09 5.71% 47.24 normal
2018-12-20__12:43:39 0.01 0.08 0.09 2.83% 45.62 normal
2018-12-20__12:43:45 0.01 0.08 0.09 6.67% 46.16 normal
2018-12-20__12:43:51 0.01 0.08 0.09 5.74% 46.16 normal
2018-12-20__12:43:56 0.01 0.08 0.09 2.83% 46.70 normal
2018-12-20__12:44:02 0.01 0.07 0.09 4.81% 46.16 normal
2018-12-20__12:44:08 0.00 0.07 0.09 9.72% 46.16 normal
2018-12-20__12:44:13 0.00 0.07 0.09 7.55% 46.16 normal
2018-12-20__12:44:19 0.00 0.07 0.09 9.30% 47.24 normal
2018-12-20__12:44:24 0.00 0.07 0.08 1.90% 46.70 normal
2018-12-20__12:44:30 0.00 0.07 0.08 3.72% 46.16 normal
2018-12-20__12:44:36 0.00 0.06 0.08 2.42% 47.24 normal
2018-12-20__12:44:41 0.00 0.06 0.08 4.19% 47.24 normal
2018-12-20__12:44:47 0.00 0.06 0.08 4.19% 46.16 normal
2018-12-20__12:44:53 0.00 0.06 0.08 1.90% 47.24 normal
2018-12-20__12:44:58 0.00 0.06 0.08 7.11% 47.24 normal
2018-12-20__12:45:04 0.00 0.06 0.08 3.72% 47.24 normal
2018-12-20__12:45:09 0.00 0.06 0.08 5.69% 46.16 normal
2018-12-20__12:45:15 0.00 0.05 0.08 8.29% 46.16 normal
2018-12-20__12:45:21 0.00 0.05 0.08 2.37% 46.16 normal
2018-12-20__12:45:26 0.00 0.05 0.08 11.43% 47.24 normal
2018-12-20__12:45:32 0.00 0.05 0.08 7.91% 46.16 normal
2018-12-20__12:45:38 0.00 0.05 0.08 3.72% 47.24 normal
2018-12-20__12:45:43 0.00 0.05 0.08 1.44% 46.70 normal
2018-12-20__12:45:49 0.00 0.05 0.08 4.67% 46.16 normal
2018-12-20__12:45:54 0.00 0.05 0.08 10.33% 47.24 normal
2018-12-20__12:46:00 0.00 0.05 0.08 7.48% 46.70 normal
2018-12-20__12:46:06 0.00 0.04 0.08 7.08% 47.24 normal
2018-12-20__12:46:11 0.00 0.04 0.07 3.27% 46.70 normal
2018-12-20__12:46:17 0.08 0.06 0.08 4.17% 47.24 normal
2018-12-20__12:46:28 0.06 0.06 0.08 6.64% 46.70 normal
2018-12-20__12:46:34 0.06 0.06 0.08 0.48% 47.24 normal
2018-12-20__12:46:40 0.05 0.05 0.08 7.08% 47.24 normal
2018-12-20__12:46:45 0.13 0.07 0.08 5.56% 47.77 normal
2018-12-20__12:46:51 0.12 0.07 0.08 4.33% 47.24 normal
2018-12-20__12:46:56 0.11 0.07 0.08 3.27% 46.70 normal
2018-12-20__12:47:02 0.10 0.07 0.08 2.84% 46.16 normal
2018-12-20__12:47:08 0.30 0.11 0.10 1.90% 46.70 normal
2018-12-20__12:47:13 0.28 0.11 0.10 5.21% 47.24 normal
2018-12-20__12:47:19 0.26 0.11 0.09 2.84% 46.70 normal
2018-12-20__12:47:25 0.24 0.11 0.09 2.36% 46.16 normal
2018-12-20__12:47:30 0.22 0.11 0.09 6.13% 46.70 normal
2018-12-20__12:47:36 0.20 0.10 0.09 1.44% 47.24 normal
2018-12-20__12:47:41 0.18 0.10 0.09 6.67% 46.70 normal
2018-12-20__12:47:47 0.17 0.10 0.09 2.39% 47.24 normal
2018-12-20__12:47:53 0.14 0.10 0.09 2.35% 47.24 normal
2018-12-20__12:47:58 0.13 0.09 0.09 1.43% 46.16 normal
2018-12-20__12:48:04 0.12 0.09 0.09 6.67% 46.70 normal
2018-12-20__12:48:10 0.11 0.09 0.09 2.35% 46.70 normal
2018-12-20__12:48:15 0.10 0.09 0.09 0.00% 46.16 normal
2018-12-20__12:48:21 0.09 0.09 0.09 6.54% 45.62 normal
2018-12-20__12:48:26 0.08 0.08 0.09 8.49% 47.24 normal
2018-12-20__12:48:32 0.08 0.08 0.09 5.69% 46.16 normal
2018-12-20__12:48:38 0.14 0.10 0.09 3.27% 47.24 normal
2018-12-20__12:48:43 0.13 0.10 0.09 3.30% 47.24 normal
2018-12-20__12:48:49 0.12 0.09 0.09 5.69% 47.24 normal
2018-12-20__12:48:55 0.11 0.09 0.09 1.90% 46.16 normal
2018-12-20__12:49:00 0.10 0.09 0.09 4.19% 46.70 normal
2018-12-20__12:49:06 0.09 0.09 0.09 10.10% 47.24 normal
2018-12-20__12:49:11 0.16 0.10 0.09 8.45% 46.16 normal
2018-12-20__12:49:17 0.15 0.10 0.09 2.87% 47.24 normal
2018-12-20__12:49:23 0.13 0.10 0.09 2.38% 46.16 normal
2018-12-20__12:49:28 0.12 0.10 0.09 2.37% 47.24 normal
2018-12-20__12:49:34 0.11 0.09 0.09 4.21% 46.16 normal
2018-12-20__12:49:40 0.10 0.09 0.09 7.94% 46.16 normal
2018-12-20__12:49:45 0.09 0.09 0.09 7.51% 47.24 normal
2018-12-20__12:49:51 0.08 0.09 0.09 4.67% 46.70 normal
2018-12-20__12:49:56 0.08 0.09 0.09 5.61% 46.16 normal
2018-12-20__12:50:02 0.15 0.10 0.09 1.88% 47.24 normal
2018-12-20__12:50:08 0.13 0.10 0.09 7.91% 46.16 normal
2018-12-20__12:50:13 0.12 0.10 0.09 3.72% 46.70 normal
2018-12-20__12:50:19 0.11 0.09 0.09 2.36% 46.16 normal
2018-12-20__12:50:25 0.10 0.09 0.09 7.01% 46.70 normal
2018-12-20__12:50:30 0.17 0.11 0.09 7.51% 46.70 normal
2018-12-20__12:50:36 0.16 0.10 0.09 13.11% 47.77 normal
2018-12-20__12:50:41 0.14 0.10 0.09 5.71% 46.16 normal
2018-12-20__12:50:47 0.13 0.10 0.09 5.71% 46.16 normal
2018-12-20__12:50:53 0.11 0.10 0.09 9.57% 46.70 normal
2018-12-20__12:50:58 0.10 0.10 0.09 8.88% 47.24 normal
2018-12-20__12:51:04 0.09 0.09 0.09 2.37% 46.16 normal
2018-12-20__12:51:10 0.09 0.09 0.09 3.70% 46.70 normal
2018-12-20__12:51:15 0.08 0.09 0.09 4.65% 46.70 normal
2018-12-20__12:51:21 0.07 0.09 0.09 8.76% 46.70 normal
2018-12-20__12:51:27 0.07 0.09 0.09 3.27% 46.16 normal
2018-12-20__12:51:32 0.06 0.08 0.09 5.63% 47.24 normal
2018-12-20__12:51:38 0.05 0.08 0.09 1.91% 47.24 normal
2018-12-20__12:51:43 0.13 0.10 0.09 6.60% 46.70 normal
2018-12-20__12:51:49 0.12 0.10 0.09 1.90% 46.70 normal
2018-12-20__12:51:55 0.11 0.09 0.09 3.30% 46.70 normal
2018-12-20__12:52:00 0.10 0.09 0.09 2.82% 46.16 normal
2018-12-20__12:52:06 0.09 0.09 0.09 6.57% 46.70 normal
2018-12-20__12:52:12 0.08 0.09 0.09 3.32% 47.24 normal
2018-12-20__12:52:17 0.08 0.09 0.09 10.38% 47.24 normal
2018-12-20__12:52:23 0.06 0.08 0.09 2.34% 46.16 normal
2018-12-20__12:52:28 0.06 0.08 0.09 0.48% 46.70 normal
2018-12-20__12:52:34 0.05 0.08 0.09 6.13% 46.70 normal
2018-12-20__12:52:40 0.05 0.08 0.09 4.19% 47.24 normal
2018-12-20__12:52:45 0.04 0.08 0.08 6.57% 47.24 normal
2018-12-20__12:52:51 0.20 0.11 0.10 8.41% 46.70 normal
2018-12-20__12:52:57 0.18 0.11 0.09 6.16% 46.16 normal
2018-12-20__12:53:02 0.17 0.11 0.09 10.75% 46.70 normal
2018-12-20__12:53:08 0.16 0.10 0.09 6.07% 47.24 normal
2018-12-20__12:53:13 0.13 0.10 0.09 0.96% 46.16 normal
2018-12-20__12:53:19 0.12 0.10 0.09 1.91% 47.24 normal
2018-12-20__12:53:25 0.11 0.10 0.09 4.33% 47.24 normal
2018-12-20__12:53:30 0.10 0.09 0.09 6.98% 47.24 normal
2018-12-20__12:53:36 0.09 0.09 0.09 19.62% 47.24 normal
2018-12-20__12:53:42 0.33 0.14 0.10 5.56% 46.16 normal
2018-12-20__12:53:47 0.30 0.14 0.10 3.76% 46.70 normal
2018-12-20__12:53:53 0.28 0.14 0.10 9.52% 46.70 normal
2018-12-20__12:53:58 0.38 0.16 0.11 2.88% 47.24 normal
2018-12-20__12:54:04 0.35 0.16 0.11 1.44% 46.70 normal
2018-12-20__12:54:10 0.48 0.19 0.12 7.55% 46.70 normal
2018-12-20__12:54:15 0.60 0.22 0.13 8.45% 47.24 normal
2018-12-20__12:54:21 0.56 0.22 0.13 5.58% 47.24 normal
2018-12-20__12:54:27 0.51 0.21 0.13 6.16% 46.16 normal
2018-12-20__12:54:32 0.47 0.21 0.13 3.76% 47.24 normal
2018-12-20__12:54:38 0.43 0.21 0.13 3.77% 47.24 normal
2018-12-20__12:54:44 0.36 0.20 0.13 4.29% 47.24 normal
2018-12-20__12:54:49 0.58 0.25 0.14 2.37% 47.24 normal
2018-12-20__12:54:55 0.53 0.24 0.14 0.96% 47.24 normal
2018-12-20__12:55:00 0.49 0.24 0.14 7.91% 46.16 normal
2018-12-20__12:55:06 0.45 0.23 0.14 4.59% 47.24 normal
2018-12-20__12:55:12 0.41 0.23 0.14 2.83% 46.70 normal
2018-12-20__12:55:17 0.38 0.22 0.14 7.94% 46.16 normal
2018-12-20__12:55:23 0.35 0.22 0.14 8.96% 46.70 normal
2018-12-20__12:55:29 0.29 0.21 0.13 8.29% 46.70 normal
2018-12-20__12:55:34 0.27 0.21 0.13 7.83% 46.16 normal
2018-12-20__12:55:40 0.25 0.20 0.13 2.36% 47.24 normal
2018-12-20__12:55:45 0.23 0.20 0.13 6.05% 46.70 normal
2018-12-20__12:55:51 0.21 0.20 0.13 2.40% 47.24 normal
2018-12-20__12:55:57 0.19 0.19 0.13 1.90% 47.24 normal
2018-12-20__12:56:02 0.18 0.19 0.13 1.88% 46.16 normal
2018-12-20__12:56:08 0.16 0.19 0.13 7.34% 47.24 normal
2018-12-20__12:56:14 0.14 0.18 0.12 3.29% 46.16 normal
2018-12-20__12:56:19 0.13 0.18 0.12 1.44% 47.24 normal
2018-12-20__12:56:25 0.12 0.17 0.12 3.29% 47.24 normal
2018-12-20__12:56:30 0.11 0.17 0.12 5.77% 46.16 normal
2018-12-20__12:56:36 0.10 0.17 0.12 15.31% 47.24 normal
2018-12-20__12:56:42 0.09 0.17 0.12 2.82% 47.24 normal
2018-12-20__12:56:47 0.08 0.16 0.12 4.63% 46.70 normal
2018-12-20__12:56:53 0.08 0.16 0.12 1.44% 46.16 normal
2018-12-20__12:56:59 0.06 0.15 0.12 0.95% 46.16 normal
2018-12-20__12:57:04 0.06 0.15 0.12 6.16% 47.24 normal
2018-12-20__12:57:10 0.05 0.15 0.11 0.96% 46.16 normal
2018-12-20__12:57:16 0.05 0.14 0.11 6.64% 47.24 normal
2018-12-20__12:57:21 0.04 0.14 0.11 6.57% 46.16 normal
2018-12-20__12:57:27 0.04 0.14 0.11 0.95% 47.24 normal
2018-12-20__12:57:32 0.04 0.14 0.11 3.76% 46.70 normal
2018-12-20__12:57:38 0.03 0.14 0.11 7.51% 47.24 normal
2018-12-20__12:57:44 0.03 0.13 0.11 0.48% 47.24 normal
2018-12-20__12:57:49 0.03 0.13 0.11 2.36% 47.24 normal
2018-12-20__12:57:55 0.02 0.13 0.11 5.66% 47.24 normal
2018-12-20__12:58:01 0.02 0.12 0.10 2.34% 46.16 normal
2018-12-20__12:58:06 0.02 0.12 0.10 8.84% 46.16 normal
2018-12-20__12:58:12 0.02 0.12 0.10 5.66% 47.24 normal
2018-12-20__12:58:17 0.02 0.12 0.10 2.36% 46.16 normal
2018-12-20__12:58:23 0.01 0.11 0.10 3.77% 46.70 normal
2018-12-20__12:58:29 0.01 0.11 0.10 4.83% 46.70 normal
2018-12-20__12:58:34 0.09 0.12 0.10 4.78% 46.70 normal
2018-12-20__12:58:40 0.08 0.12 0.10 5.63% 47.24 normal
2018-12-20__12:58:46 0.08 0.12 0.10 6.16% 47.24 normal
2018-12-20__12:58:51 0.07 0.12 0.10 2.83% 46.70 normal
2018-12-20__12:58:57 0.06 0.12 0.10 3.27% 46.70 normal
2018-12-20__12:59:02 0.06 0.11 0.10 8.49% 47.24 normal
2018-12-20__12:59:08 0.05 0.11 0.10 3.32% 47.24 normal
2018-12-20__12:59:14 0.05 0.11 0.10 7.08% 46.16 normal
2018-12-20__12:59:19 0.04 0.11 0.09 2.39% 46.16 normal
2018-12-20__12:59:25 0.04 0.10 0.09 7.01% 46.16 normal
2018-12-20__12:59:31 0.03 0.10 0.09 2.83% 46.70 normal
2018-12-20__12:59:36 0.03 0.10 0.09 2.35% 47.24 normal
2018-12-20__12:59:42 0.03 0.10 0.09 2.79% 46.70 normal
2018-12-20__12:59:48 0.03 0.10 0.09 6.70% 46.70 normal
2018-12-20__12:59:53 0.02 0.09 0.09 1.43% 46.16 normal
2018-12-20__12:59:59 0.02 0.09 0.09 1.44% 46.16 normal
2018-12-20__13:00:04 0.02 0.09 0.09 0.49% 47.24 normal
2018-12-20__13:00:10 0.02 0.09 0.09 7.21% 47.24 normal
2018-12-20__13:00:16 0.02 0.08 0.09 5.21% 46.70 normal
2018-12-20__13:00:21 0.01 0.08 0.09 1.92% 47.77 normal
2018-12-20__13:00:27 0.01 0.08 0.09 3.72% 46.70 normal
2018-12-20__13:00:33 0.01 0.08 0.09 2.36% 47.24 normal
2018-12-20__13:00:38 0.01 0.08 0.09 8.80% 47.24 normal
2018-12-20__13:00:44 0.01 0.08 0.08 4.25% 47.24 normal
2018-12-20__13:00:49 0.01 0.07 0.08 3.74% 46.16 normal
2018-12-20__13:00:55 0.01 0.07 0.08 1.42% 46.16 normal
2018-12-20__13:01:01 0.01 0.07 0.08 5.24% 47.24 normal
2018-12-20__13:01:06 0.00 0.07 0.08 9.30% 47.24 normal
2018-12-20__13:01:12 0.00 0.07 0.08 7.55% 47.24 normal
2018-12-20__13:01:18 0.00 0.07 0.08 5.07% 46.16 normal
2018-12-20__13:01:23 0.00 0.07 0.08 3.30% 47.24 normal
2018-12-20__13:01:29 0.24 0.11 0.10 2.36% 46.16 normal
2018-12-20__13:01:34 0.21 0.11 0.10 3.72% 46.70 normal
2018-12-20__13:01:40 0.19 0.11 0.09 7.87% 47.24 normal
2018-12-20__13:01:46 0.17 0.11 0.09 6.16% 47.24 normal
2018-12-20__13:01:51 0.16 0.10 0.09 9.09% 47.24 normal
2018-12-20__13:01:57 0.15 0.10 0.09 5.24% 46.70 normal
2018-12-20__13:02:03 0.13 0.10 0.09 7.55% 46.16 normal
2018-12-20__13:02:08 0.12 0.10 0.09 6.48% 46.16 normal
2018-12-20__13:02:14 0.11 0.10 0.09 9.63% 47.24 normal
2018-12-20__13:02:20 0.17 0.11 0.09 7.48% 46.16 normal
2018-12-20__13:02:25 0.40 0.16 0.11 2.82% 47.24 normal
2018-12-20__13:02:31 0.36 0.16 0.11 3.29% 46.16 normal
2018-12-20__13:02:36 0.33 0.15 0.11 3.35% 46.16 normal
2018-12-20__13:02:42 0.31 0.15 0.11 4.81% 47.24 normal
2018-12-20__13:02:48 0.28 0.15 0.11 2.34% 46.70 normal
2018-12-20__13:02:53 0.26 0.14 0.10 0.98% 46.70 normal
2018-12-20__13:03:04 0.20 0.14 0.10 6.60% 47.24 normal
2018-12-20__13:03:10 0.18 0.13 0.10 3.74% 46.16 normal
2018-12-20__13:03:16 0.17 0.13 0.10 2.34% 46.16 normal
2018-12-20__13:03:21 0.16 0.13 0.10 3.30% 47.24 normal
2018-12-20__13:03:27 0.14 0.13 0.10 8.65% 46.70 normal
2018-12-20__13:03:33 0.13 0.12 0.10 1.44% 47.24 normal
2018-12-20__13:03:38 0.20 0.14 0.10 0.48% 46.16 normal
2018-12-20__13:03:44 0.18 0.14 0.10 7.55% 47.24 normal
2018-12-20__13:03:50 0.16 0.13 0.10 1.89% 46.70 normal
2018-12-20__13:03:55 0.14 0.13 0.10 8.80% 46.16 normal
2018-12-20__13:04:01 0.13 0.13 0.10 6.10% 46.16 normal
2018-12-20__13:04:06 0.12 0.12 0.10 4.63% 47.24 normal
2018-12-20__13:04:12 0.11 0.12 0.09 7.01% 47.24 normal
2018-12-20__13:04:18 0.10 0.12 0.09 4.63% 46.16 normal
2018-12-20__13:04:23 0.25 0.15 0.10 5.09% 47.24 normal
2018-12-20__13:04:29 0.23 0.15 0.10 7.11% 46.16 normal
2018-12-20__13:04:35 0.20 0.14 0.10 2.84% 46.16 normal
2018-12-20__13:04:40 0.18 0.14 0.10 6.60% 46.70 normal
2018-12-20__13:04:46 0.17 0.14 0.10 4.19% 47.24 normal
2018-12-20__13:04:51 0.15 0.14 0.10 2.36% 47.24 normal
2018-12-20__13:04:57 0.14 0.13 0.10 6.67% 47.24 normal
2018-12-20__13:05:03 0.13 0.13 0.10 3.83% 47.24 normal
2018-12-20__13:05:08 0.12 0.13 0.10 6.57% 47.24 normal
2018-12-20__13:05:14 0.11 0.13 0.09 1.43% 46.70 normal
2018-12-20__13:05:20 0.09 0.12 0.09 3.77% 47.24 normal
2018-12-20__13:05:25 0.08 0.12 0.09 2.82% 46.70 normal
2018-12-20__13:05:31 0.08 0.12 0.09 7.48% 46.70 normal
2018-12-20__13:05:36 0.07 0.11 0.09 7.98% 46.16 normal
2018-12-20__13:05:42 0.06 0.11 0.09 2.86% 47.24 normal
2018-12-20__13:05:48 0.06 0.11 0.09 6.57% 46.16 normal
2018-12-20__13:05:53 0.05 0.11 0.09 2.83% 46.70 normal
2018-12-20__13:05:59 0.05 0.11 0.09 5.77% 47.24 normal
2018-12-20__13:06:05 0.04 0.10 0.09 6.22% 46.16 normal
2018-12-20__13:06:10 0.04 0.10 0.09 1.90% 46.16 normal
2018-12-20__13:06:16 0.04 0.10 0.09 3.74% 47.24 normal
2018-12-20__13:06:22 0.03 0.10 0.09 7.08% 47.24 normal
2018-12-20__13:06:27 0.03 0.09 0.08 6.07% 47.24 normal
2018-12-20__13:06:33 0.11 0.11 0.09 2.83% 47.24 normal
2018-12-20__13:06:38 0.10 0.11 0.09 4.31% 47.24 normal
2018-12-20__13:06:44 0.09 0.11 0.09 9.30% 47.24 normal
2018-12-20__13:06:50 0.08 0.10 0.09 7.08% 47.24 normal
2018-12-20__13:06:55 0.07 0.10 0.09 11.48% 47.77 normal
2018-12-20__13:07:01 0.06 0.10 0.09 5.63% 47.24 normal
2018-12-20__13:07:07 0.06 0.10 0.09 1.42% 46.16 normal
2018-12-20__13:07:12 0.05 0.09 0.09 2.36% 47.24 normal
2018-12-20__13:07:18 0.05 0.09 0.09 2.83% 46.16 normal
2018-12-20__13:07:23 0.04 0.09 0.09 8.29% 47.24 normal
2018-12-20__13:07:29 0.04 0.09 0.08 5.16% 46.16 normal
2018-12-20__13:07:35 0.03 0.08 0.08 0.95% 46.16 normal
2018-12-20__13:07:40 0.03 0.08 0.08 0.96% 47.77 normal
2018-12-20__13:07:46 0.03 0.08 0.08 0.96% 46.70 normal
2018-12-20__13:07:52 0.03 0.08 0.08 4.21% 47.77 normal
2018-12-20__13:07:57 0.02 0.08 0.08 2.83% 46.70 normal
2018-12-20__13:08:03 0.02 0.08 0.08 1.90% 47.24 normal
2018-12-20__13:08:08 0.02 0.08 0.08 8.02% 47.24 normal
2018-12-20__13:08:14 0.02 0.07 0.08 6.54% 47.24 normal
2018-12-20__13:08:20 0.02 0.07 0.08 5.12% 46.70 normal
2018-12-20__13:08:25 0.01 0.07 0.08 3.76% 46.70 normal
2018-12-20__13:08:31 0.01 0.07 0.08 4.19% 46.16 normal
2018-12-20__13:08:37 0.01 0.07 0.08 2.87% 47.24 normal
2018-12-20__13:08:42 0.01 0.07 0.08 4.35% 47.24 normal
2018-12-20__13:08:48 0.01 0.06 0.08 3.26% 46.70 normal
2018-12-20__13:08:53 0.01 0.06 0.08 2.37% 46.16 normal
2018-12-20__13:08:59 0.01 0.06 0.08 9.39% 47.24 normal
2018-12-20__13:09:05 0.17 0.09 0.09 8.37% 46.70 normal
2018-12-20__13:09:10 0.21 0.11 0.09 2.84% 46.16 normal
2018-12-20__13:09:16 0.20 0.10 0.09 5.71% 46.70 normal
2018-12-20__13:09:22 0.18 0.10 0.09 7.62% 47.24 normal
2018-12-20__13:09:27 0.17 0.10 0.09 1.43% 46.16 normal
2018-12-20__13:09:33 0.15 0.10 0.09 -0.98% 47.24 normal
2018-12-20__13:09:38 0.14 0.10 0.09 0.98% 47.77 normal
2018-12-20__13:09:44 0.13 0.10 0.09 2.37% 46.70 normal
2018-12-20__13:09:50 0.12 0.09 0.09 10.70% 47.24 normal
2018-12-20__13:09:55 0.10 0.09 0.09 1.44% 47.77 normal
2018-12-20__13:10:01 0.09 0.09 0.09 4.29% 47.24 normal
2018-12-20__13:10:07 0.08 0.09 0.09 0.96% 47.24 normal
2018-12-20__13:10:12 0.08 0.08 0.08 5.69% 47.24 normal
2018-12-20__13:10:18 0.07 0.08 0.08 3.79% 47.24 normal
2018-12-20__13:10:23 0.06 0.08 0.08 3.27% 46.16 normal
2018-12-20__13:10:29 0.06 0.08 0.08 5.61% 46.16 normal
2018-12-20__13:10:35 0.05 0.08 0.08 1.89% 46.70 normal
2018-12-20__13:10:40 0.05 0.08 0.08 7.62% 47.77 normal
2018-12-20__13:10:46 0.04 0.07 0.08 2.82% 47.24 normal
2018-12-20__13:10:52 0.04 0.07 0.08 2.38% 47.24 normal
2018-12-20__13:10:57 0.04 0.07 0.08 3.29% 46.70 normal
2018-12-20__13:11:03 0.03 0.07 0.08 2.35% 47.24 normal
2018-12-20__13:11:08 0.03 0.07 0.08 8.76% 46.70 normal
2018-12-20__13:11:14 0.03 0.07 0.08 1.90% 46.70 normal
2018-12-20__13:11:20 0.02 0.07 0.08 5.24% 47.24 normal
2018-12-20__13:11:25 0.02 0.06 0.08 5.80% 47.77 normal
2018-12-20__13:11:31 0.02 0.06 0.08 4.17% 46.70 normal
2018-12-20__13:11:37 0.02 0.06 0.08 0.48% 47.24 normal
2018-12-20__13:11:42 0.10 0.08 0.08 2.37% 47.24 normal
2018-12-20__13:11:48 0.09 0.07 0.08 2.37% 46.70 normal
2018-12-20__13:11:53 0.08 0.07 0.08 6.19% 47.24 normal
2018-12-20__13:11:59 0.07 0.07 0.08 3.43% 46.16 normal
2018-12-20__13:12:10 0.06 0.07 0.08 6.64% 47.24 normal
2018-12-20__13:12:16 0.05 0.06 0.08 4.29% 47.24 normal
2018-12-20__13:12:22 0.05 0.06 0.08 0.96% 46.70 normal
2018-12-20__13:12:27 0.04 0.06 0.08 3.38% 46.16 normal
2018-12-20__13:12:33 0.04 0.06 0.08 3.30% 47.24 normal
2018-12-20__13:12:38 0.04 0.06 0.08 25.12% 47.77 normal
2018-12-20__13:12:44 0.03 0.06 0.08 4.21% 47.24 normal
2018-12-20__13:12:50 0.03 0.06 0.08 2.83% 46.16 normal
2018-12-20__13:12:55 0.02 0.05 0.07 9.00% 46.70 normal
2018-12-20__13:13:01 0.02 0.05 0.07 6.13% 47.24 normal
2018-12-20__13:13:07 0.02 0.05 0.07 0.96% 46.70 normal
2018-12-20__13:13:12 0.02 0.05 0.07 6.16% 47.24 normal
2018-12-20__13:13:18 0.02 0.05 0.07 2.82% 46.70 normal
2018-12-20__13:13:23 0.02 0.05 0.07 6.67% 46.16 normal
2018-12-20__13:13:29 0.01 0.05 0.07 6.91% 46.70 normal
2018-12-20__13:13:35 0.09 0.06 0.08 7.51% 46.70 normal
2018-12-20__13:13:40 0.08 0.06 0.08 1.90% 47.24 normal
2018-12-20__13:13:46 0.07 0.06 0.08 0.48% 46.70 normal
2018-12-20__13:13:52 0.07 0.06 0.08 4.61% 47.24 normal
2018-12-20__13:13:57 0.06 0.06 0.07 8.02% 46.16 normal
2018-12-20__13:14:03 0.06 0.06 0.07 1.46% 47.24 normal
2018-12-20__13:14:09 0.05 0.06 0.07 4.63% 47.24 normal
2018-12-20__13:14:14 0.05 0.05 0.07 4.65% 46.70 normal
2018-12-20__13:14:20 0.04 0.05 0.07 10.19% 47.24 normal
2018-12-20__13:14:25 0.04 0.05 0.07 9.26% 47.24 normal
2018-12-20__13:14:31 0.03 0.05 0.07 3.30% 47.24 normal
2018-12-20__13:14:37 0.03 0.05 0.07 10.75% 46.16 normal
2018-12-20__13:14:42 0.03 0.05 0.07 4.23% 47.24 normal
2018-12-20__13:14:48 0.02 0.05 0.07 2.36% 46.70 normal
2018-12-20__13:14:54 0.02 0.05 0.07 5.19% 47.24 normal
2018-12-20__13:14:59 0.02 0.05 0.07 2.84% 47.24 normal
2018-12-20__13:15:05 0.02 0.04 0.07 4.67% 46.70 normal
2018-12-20__13:15:10 0.10 0.06 0.07 0.95% 46.16 normal
2018-12-20__13:15:16 0.08 0.06 0.07 2.87% 47.77 normal
2018-12-20__13:15:22 0.08 0.06 0.07 1.90% 46.16 normal
2018-12-20__13:15:27 0.07 0.06 0.07 11.52% 46.70 normal
2018-12-20__13:15:33 0.06 0.06 0.07 3.81% 47.24 normal
2018-12-20__13:15:39 0.06 0.05 0.07 20.95% 47.24 normal
2018-12-20__13:15:44 0.05 0.05 0.07 0.95% 46.70 normal
2018-12-20__13:15:50 0.05 0.05 0.07 5.09% 46.16 normal
2018-12-20__13:15:55 0.04 0.05 0.07 7.04% 47.24 normal
2018-12-20__13:16:01 0.26 0.10 0.08 1.43% 47.24 normal
2018-12-20__13:16:07 0.24 0.10 0.08 2.80% 46.70 normal
2018-12-20__13:16:12 0.22 0.09 0.08 7.41% 47.24 normal
2018-12-20__13:16:18 0.20 0.09 0.08 7.08% 46.70 normal
2018-12-20__13:16:24 0.18 0.09 0.08 6.57% 46.70 normal
2018-12-20__13:16:29 0.17 0.09 0.08 0.96% 46.70 normal
2018-12-20__13:16:35 0.16 0.09 0.08 2.82% 46.70 normal
2018-12-20__13:16:41 0.14 0.09 0.08 0.96% 47.24 normal
2018-12-20__13:16:46 0.12 0.08 0.08 1.44% 47.24 normal
2018-12-20__13:16:52 0.11 0.08 0.08 0.00% 47.24 normal
2018-12-20__13:16:57 0.10 0.08 0.08 5.96% 47.77 normal
2018-12-20__13:17:03 0.09 0.08 0.08 4.76% 47.77 normal
2018-12-20__13:17:09 0.09 0.08 0.08 4.65% 46.16 normal
2018-12-20__13:17:14 0.08 0.08 0.08 3.30% 47.24 normal
2018-12-20__13:17:20 0.07 0.07 0.08 2.37% 46.70 normal
2018-12-20__13:17:26 0.07 0.07 0.08 5.26% 46.70 normal
2018-12-20__13:17:31 0.06 0.07 0.08 6.16% 46.70 normal
2018-12-20__13:17:37 0.05 0.07 0.08 3.81% 47.77 normal
2018-12-20__13:17:42 0.05 0.07 0.08 1.90% 47.24 normal
2018-12-20__13:17:48 0.04 0.06 0.07 6.51% 46.70 normal
2018-12-20__13:17:54 0.04 0.06 0.07 3.86% 46.70 normal
2018-12-20__13:17:59 0.04 0.06 0.07 2.83% 46.70 normal
2018-12-20__13:18:05 0.03 0.06 0.07 7.48% 46.70 normal
2018-12-20__13:18:11 0.03 0.06 0.07 3.27% 46.16 normal
2018-12-20__13:18:16 0.02 0.06 0.07 3.30% 46.70 normal
2018-12-20__13:18:22 0.02 0.06 0.07 2.82% 46.70 normal
2018-12-20__13:18:27 0.02 0.05 0.07 5.71% 46.70 normal
2018-12-20__13:18:33 0.02 0.05 0.07 4.19% 46.70 normal
2018-12-20__13:18:39 0.02 0.05 0.07 5.26% 47.77 normal
2018-12-20__13:18:44 0.02 0.05 0.07 6.07% 47.77 normal
2018-12-20__13:18:50 0.01 0.05 0.07 1.44% 47.24 normal
2018-12-20__13:18:56 0.01 0.05 0.07 6.13% 47.24 normal
2018-12-20__13:19:01 0.01 0.05 0.07 7.41% 47.24 normal
2018-12-20__13:19:07 0.01 0.05 0.07 2.37% 46.70 normal
2018-12-20__13:19:12 0.01 0.05 0.07 4.65% 47.24 normal
2018-12-20__13:19:18 0.01 0.04 0.07 6.64% 47.24 normal
2018-12-20__13:19:24 0.01 0.04 0.07 10.85% 47.24 normal
2018-12-20__13:19:29 0.01 0.04 0.06 3.77% 47.24 normal
2018-12-20__13:19:35 0.00 0.04 0.06 1.90% 46.70 normal
2018-12-20__13:19:41 0.00 0.04 0.06 2.35% 46.16 normal
2018-12-20__13:19:46 0.00 0.04 0.06 8.53% 47.24 normal
2018-12-20__13:19:52 0.00 0.04 0.06 7.11% 46.70 normal
2018-12-20__13:19:58 0.00 0.04 0.06 2.87% 47.24 normal
2018-12-20__13:20:03 0.00 0.04 0.06 8.33% 47.77 normal
2018-12-20__13:20:09 0.00 0.04 0.06 6.13% 47.24 normal
2018-12-20__13:20:14 0.00 0.03 0.06 7.37% 47.24 normal
2018-12-20__13:20:20 0.00 0.03 0.06 7.48% 46.16 normal
2018-12-20__13:20:26 0.00 0.03 0.06 5.14% 47.24 normal
2018-12-20__13:20:31 0.00 0.03 0.06 7.94% 47.24 normal
2018-12-20__13:20:37 0.00 0.03 0.06 2.35% 47.24 normal
2018-12-20__13:20:43 0.00 0.03 0.06 5.74% 47.24 normal
2018-12-20__13:20:48 0.00 0.03 0.06 5.69% 47.77 normal
2018-12-20__13:20:54 0.00 0.03 0.06 1.43% 46.16 normal
2018-12-20__13:20:59 0.00 0.03 0.06 7.62% 47.24 normal
2018-12-20__13:21:05 0.00 0.03 0.06 3.30% 47.24 normal
2018-12-20__13:21:11 0.00 0.03 0.06 4.19% 47.24 normal
2018-12-20__13:21:16 0.00 0.03 0.05 6.13% 47.24 normal
2018-12-20__13:21:22 0.00 0.02 0.05 8.84% 46.16 normal
2018-12-20__13:21:28 0.00 0.02 0.05 5.24% 46.16 normal
2018-12-20__13:21:33 0.00 0.02 0.05 1.43% 46.16 normal
2018-12-20__13:21:39 0.00 0.02 0.05 3.30% 46.16 normal
2018-12-20__13:21:44 0.00 0.02 0.05 8.88% 46.16 normal
2018-12-20__13:21:50 0.00 0.02 0.05 4.19% 46.70 normal
2018-12-20__13:21:56 0.00 0.02 0.05 8.76% 47.24 normal
2018-12-20__13:22:01 0.00 0.02 0.05 5.12% 47.24 normal
2018-12-20__13:22:07 0.00 0.02 0.05 5.77% 46.70 normal
2018-12-20__13:22:13 0.00 0.02 0.05 7.91% 46.70 normal
2018-12-20__13:22:18 0.00 0.02 0.05 1.90% 46.16 normal
2018-12-20__13:22:24 0.00 0.02 0.05 1.90% 47.24 normal
2018-12-20__13:22:30 0.00 0.02 0.05 5.80% 46.16 normal
2018-12-20__13:22:35 0.00 0.02 0.05 6.60% 46.16 normal
2018-12-20__13:22:41 0.00 0.02 0.05 1.90% 47.24 normal
2018-12-20__13:22:46 0.00 0.02 0.05 7.55% 47.77 normal
2018-12-20__13:22:52 0.00 0.02 0.04 9.95% 47.24 normal
2018-12-20__13:22:58 0.00 0.02 0.04 7.91% 47.24 normal
2018-12-20__13:23:03 0.00 0.02 0.04 1.42% 46.16 normal
2018-12-20__13:23:09 0.08 0.03 0.05 4.19% 46.70 normal
2018-12-20__13:23:15 0.15 0.05 0.05 0.97% 47.77 normal
2018-12-20__13:23:20 0.14 0.05 0.05 5.14% 46.16 normal
2018-12-20__13:23:26 0.13 0.05 0.05 4.27% 47.77 normal
2018-12-20__13:23:31 0.12 0.04 0.05 1.90% 47.24 normal
2018-12-20__13:23:37 0.10 0.04 0.05 3.27% 46.70 normal
2018-12-20__13:23:43 0.09 0.04 0.05 4.19% 47.24 normal
2018-12-20__13:23:48 0.16 0.06 0.06 7.94% 47.24 normal
2018-12-20__13:23:54 0.15 0.06 0.06 2.36% 47.24 normal
2018-12-20__13:24:00 0.14 0.06 0.06 0.00% 46.70 normal
2018-12-20__13:24:05 0.13 0.06 0.06 0.96% 46.70 normal
2018-12-20__13:24:11 0.12 0.05 0.06 8.57% 46.16 normal
2018-12-20__13:24:17 0.35 0.10 0.07 6.64% 46.70 normal
2018-12-20__13:24:22 0.37 0.12 0.08 5.77% 47.24 normal
2018-12-20__13:24:28 0.34 0.11 0.08 2.38% 46.16 normal
2018-12-20__13:24:33 0.32 0.11 0.08 6.07% 46.70 normal
2018-12-20__13:24:39 0.29 0.11 0.07 4.21% 47.24 normal
2018-12-20__13:24:45 0.27 0.11 0.07 5.74% 47.24 normal
2018-12-20__13:24:50 0.25 0.11 0.07 2.84% 47.24 normal
2018-12-20__13:24:56 0.23 0.10 0.07 12.15% 47.24 normal
2018-12-20__13:25:02 0.29 0.12 0.08 5.85% 47.77 normal
2018-12-20__13:25:07 0.24 0.12 0.08 3.86% 46.70 normal
2018-12-20__13:25:13 0.30 0.13 0.08 0.00% 47.77 normal
2018-12-20__13:25:18 0.28 0.13 0.08 3.30% 47.24 normal
2018-12-20__13:25:24 0.50 0.18 0.10 3.27% 47.24 normal
2018-12-20__13:25:30 0.54 0.19 0.10 6.22% 47.24 normal
2018-12-20__13:25:35 0.50 0.19 0.10 6.67% 47.24 normal
2018-12-20__13:25:41 0.46 0.18 0.10 1.89% 47.24 normal
2018-12-20__13:25:47 0.42 0.18 0.10 9.48% 47.24 normal
2018-12-20__13:25:52 0.35 0.17 0.10 7.62% 47.24 normal
2018-12-20__13:25:58 0.33 0.17 0.10 5.29% 47.24 normal
2018-12-20__13:26:03 0.30 0.17 0.10 2.36% 46.16 normal
2018-12-20__13:26:09 0.27 0.16 0.10 1.42% 47.24 normal
2018-12-20__13:26:15 0.25 0.16 0.09 7.48% 46.16 normal
2018-12-20__13:26:20 0.23 0.16 0.09 3.30% 47.24 normal
2018-12-20__13:26:26 0.21 0.16 0.09 4.81% 47.24 normal
2018-12-20__13:26:32 0.20 0.15 0.09 10.00% 46.70 normal
2018-12-20__13:26:37 0.24 0.16 0.10 4.31% 47.24 normal
2018-12-20__13:26:43 0.22 0.16 0.09 1.91% 47.24 normal
2018-12-20__13:26:49 0.20 0.16 0.09 2.38% 47.24 normal
2018-12-20__13:26:54 0.18 0.16 0.09 8.53% 47.24 normal
2018-12-20__13:27:00 0.17 0.15 0.09 4.61% 47.24 normal
2018-12-20__13:27:05 0.16 0.15 0.09 4.21% 47.24 normal
2018-12-20__13:27:11 0.14 0.15 0.09 2.39% 47.77 normal
2018-12-20__13:27:17 0.13 0.14 0.09 1.90% 47.24 normal
2018-12-20__13:27:22 0.11 0.14 0.09 5.16% 47.24 normal
2018-12-20__13:27:28 0.10 0.14 0.09 7.04% 46.16 normal
2018-12-20__13:27:34 0.09 0.13 0.09 3.26% 46.16 normal
2018-12-20__13:27:39 0.09 0.13 0.09 1.90% 47.24 normal
2018-12-20__13:27:45 0.08 0.13 0.09 1.91% 47.24 normal
2018-12-20__13:27:50 0.07 0.13 0.09 6.51% 46.70 normal
2018-12-20__13:27:56 0.07 0.12 0.09 1.43% 47.24 normal
2018-12-20__13:28:02 0.06 0.12 0.09 2.80% 46.16 normal
2018-12-20__13:28:07 0.05 0.12 0.08 5.61% 46.16 normal
2018-12-20__13:28:13 0.05 0.12 0.08 7.04% 47.24 normal
2018-12-20__13:28:19 0.20 0.15 0.09 7.34% 47.24 normal
2018-12-20__13:28:24 0.19 0.14 0.09 5.77% 46.70 normal
2018-12-20__13:28:30 0.17 0.14 0.09 2.82% 46.16 normal
2018-12-20__13:28:35 0.16 0.14 0.09 4.17% 46.70 normal
2018-12-20__13:28:41 0.14 0.14 0.09 3.83% 47.24 normal
2018-12-20__13:28:47 0.13 0.13 0.09 0.95% 47.24 normal
2018-12-20__13:28:52 0.11 0.13 0.09 7.51% 47.24 normal
2018-12-20__13:28:58 0.10 0.13 0.09 7.91% 47.24 normal
2018-12-20__13:29:04 0.09 0.12 0.09 8.02% 47.24 normal
2018-12-20__13:29:09 0.09 0.12 0.09 5.71% 47.24 normal
2018-12-20__13:29:15 0.08 0.12 0.09 6.67% 46.16 normal
2018-12-20__13:29:20 0.15 0.13 0.09 2.82% 47.24 normal
2018-12-20__13:29:26 0.14 0.13 0.09 0.96% 47.24 normal
2018-12-20__13:29:32 0.13 0.13 0.09 9.39% 47.24 normal
2018-12-20__13:29:37 0.11 0.12 0.09 4.81% 47.77 normal
2018-12-20__13:29:43 0.10 0.12 0.09 4.29% 47.24 normal
2018-12-20__13:29:49 0.09 0.12 0.09 6.73% 47.24 normal
2018-12-20__13:29:54 0.08 0.12 0.09 8.37% 47.24 normal
2018-12-20__13:30:00 0.08 0.12 0.09 4.17% 47.24 normal
2018-12-20__13:30:05 0.07 0.11 0.09 7.48% 47.24 normal
2018-12-20__13:30:11 0.06 0.11 0.09 2.39% 47.77 normal
2018-12-20__13:30:17 0.06 0.11 0.09 3.29% 46.70 normal
2018-12-20__13:30:22 0.05 0.11 0.09 3.69% 47.24 normal
2018-12-20__13:30:28 0.05 0.10 0.08 11.11% 47.24 normal
2018-12-20__13:30:34 0.04 0.10 0.08 1.96% 47.24 normal
2018-12-20__13:30:39 0.04 0.10 0.08 3.29% 46.70 normal
2018-12-20__13:30:45 0.04 0.10 0.08 7.94% 47.24 normal
2018-12-20__13:30:50 0.03 0.10 0.08 4.19% 46.70 normal
2018-12-20__13:30:56 0.03 0.09 0.08 2.37% 46.16 normal
2018-12-20__13:31:02 0.03 0.09 0.08 3.72% 47.24 normal
2018-12-20__13:31:07 0.02 0.09 0.08 7.48% 46.16 normal
2018-12-20__13:31:13 0.31 0.15 0.10 7.48% 46.70 normal
2018-12-20__13:31:19 0.29 0.15 0.10 7.44% 46.70 normal
2018-12-20__13:31:24 0.27 0.15 0.10 7.51% 46.70 normal
2018-12-20__13:31:30 0.24 0.14 0.10 1.91% 47.24 normal
2018-12-20__13:31:35 0.22 0.14 0.10 9.30% 47.24 normal
2018-12-20__13:31:41 0.21 0.14 0.10 1.94% 47.77 normal
2018-12-20__13:31:47 0.19 0.14 0.10 2.83% 47.24 normal
2018-12-20__13:31:52 0.17 0.13 0.10 5.21% 47.24 normal
2018-12-20__13:31:58 0.15 0.13 0.09 3.74% 47.24 normal
2018-12-20__13:32:04 0.13 0.13 0.09 5.66% 47.24 normal
2018-12-20__13:32:09 0.12 0.12 0.09 6.51% 46.16 normal
2018-12-20__13:32:15 0.11 0.12 0.09 4.63% 47.24 normal
2018-12-20__13:32:20 0.18 0.14 0.10 6.64% 47.77 normal
2018-12-20__13:32:26 0.17 0.13 0.09 3.74% 47.24 normal
2018-12-20__13:32:32 0.16 0.13 0.09 1.90% 47.24 normal
2018-12-20__13:32:37 0.14 0.13 0.09 5.74% 47.24 normal
2018-12-20__13:32:43 0.12 0.12 0.09 2.36% 47.24 normal
2018-12-20__13:32:49 0.11 0.12 0.09 13.15% 47.77 normal
2018-12-20__13:32:54 0.10 0.12 0.09 5.63% 47.24 normal
2018-12-20__13:33:00 0.09 0.12 0.09 6.67% 47.77 normal
2018-12-20__13:33:06 0.09 0.11 0.09 2.37% 47.24 normal
2018-12-20__13:33:11 0.08 0.11 0.09 6.16% 47.24 normal
2018-12-20__13:33:17 0.07 0.11 0.09 5.29% 47.24 normal
2018-12-20__13:33:22 0.07 0.11 0.09 0.97% 47.77 normal
2018-12-20__13:33:28 0.30 0.16 0.10 2.82% 47.24 normal
2018-12-20__13:33:34 0.27 0.15 0.10 6.19% 47.24 normal
2018-12-20__13:33:39 0.25 0.15 0.10 6.91% 47.24 normal
2018-12-20__13:33:45 0.23 0.15 0.10 6.98% 47.24 normal
2018-12-20__13:33:51 0.37 0.18 0.11 2.37% 46.70 normal
2018-12-20__13:33:56 0.34 0.17 0.11 4.63% 46.16 normal
2018-12-20__13:34:02 0.31 0.17 0.11 3.27% 47.24 normal
2018-12-20__13:34:07 0.29 0.17 0.11 1.90% 47.24 normal
2018-12-20__13:34:13 0.24 0.16 0.11 4.85% 46.16 normal
2018-12-20__13:34:19 0.22 0.16 0.10 6.13% 47.24 normal
2018-12-20__13:34:24 0.21 0.16 0.10 2.35% 47.24 normal
2018-12-20__13:34:30 0.19 0.15 0.10 4.33% 47.24 normal
2018-12-20__13:34:36 0.17 0.15 0.10 7.11% 47.24 normal
2018-12-20__13:34:41 0.16 0.15 0.10 18.47% 47.77 normal
2018-12-20__13:34:47 0.15 0.14 0.10 2.35% 47.24 normal
2018-12-20__13:34:53 0.29 0.18 0.11 2.40% 47.77 normal
2018-12-20__13:34:58 0.25 0.17 0.11 2.82% 47.24 normal
2018-12-20__13:35:04 0.23 0.17 0.11 6.19% 47.24 normal
2018-12-20__13:35:09 0.21 0.16 0.11 7.11% 46.70 normal
2018-12-20__13:35:15 0.19 0.16 0.10 2.36% 46.70 normal
2018-12-20__13:35:21 0.18 0.16 0.10 5.19% 46.70 normal
2018-12-20__13:35:26 0.16 0.16 0.10 5.74% 47.24 normal
2018-12-20__13:35:32 0.15 0.15 0.10 6.22% 47.24 normal
2018-12-20__13:35:38 0.14 0.15 0.10 3.24% 47.24 normal
2018-12-20__13:35:43 0.12 0.14 0.10 0.95% 47.24 normal
2018-12-20__13:35:49 0.11 0.14 0.10 6.25% 47.24 normal
2018-12-20__13:35:54 0.10 0.14 0.10 6.60% 47.24 normal
2018-12-20__13:36:00 0.25 0.17 0.11 3.27% 46.70 normal
2018-12-20__13:36:06 0.23 0.17 0.11 7.48% 47.24 normal
2018-12-20__13:36:11 0.21 0.16 0.11 3.74% 47.24 normal
2018-12-20__13:36:17 0.19 0.16 0.10 1.90% 47.24 normal
2018-12-20__13:36:23 0.18 0.16 0.10 6.57% 47.24 normal
2018-12-20__13:36:28 0.15 0.15 0.10 2.38% 47.77 normal
2018-12-20__13:36:34 0.14 0.15 0.10 3.30% 47.77 normal
2018-12-20__13:36:39 0.13 0.15 0.10 1.90% 47.24 normal
2018-12-20__13:36:45 0.12 0.14 0.10 6.54% 47.24 normal
2018-12-20__13:36:51 0.11 0.14 0.10 0.96% 47.24 normal
2018-12-20__13:36:56 0.10 0.14 0.10 10.38% 46.70 normal
2018-12-20__13:37:02 0.09 0.14 0.10 6.54% 47.24 normal
2018-12-20__13:37:08 0.08 0.13 0.09 2.36% 47.24 normal
2018-12-20__13:37:13 0.07 0.13 0.09 2.37% 47.24 normal
2018-12-20__13:37:19 0.06 0.13 0.09 0.96% 47.24 normal
2018-12-20__13:37:25 0.06 0.12 0.09 4.61% 46.70 normal
2018-12-20__13:37:30 0.05 0.12 0.09 5.69% 47.24 normal
2018-12-20__13:37:36 0.05 0.12 0.09 2.36% 47.24 normal
2018-12-20__13:37:41 0.04 0.12 0.09 27.14% 47.24 normal
2018-12-20__13:37:47 0.04 0.12 0.09 0.97% 47.77 normal
2018-12-20__13:37:53 0.04 0.11 0.09 3.74% 47.24 normal
2018-12-20__13:37:58 0.03 0.11 0.09 6.10% 47.24 normal
2018-12-20__13:38:04 0.03 0.11 0.09 6.34% 47.77 normal
2018-12-20__13:38:09 0.03 0.11 0.09 0.96% 46.16 normal
2018-12-20__13:38:15 0.02 0.10 0.09 4.17% 47.24 normal
2018-12-20__13:38:21 0.02 0.10 0.09 5.14% 47.24 normal
2018-12-20__13:38:26 0.02 0.10 0.08 3.26% 46.70 normal
2018-12-20__13:38:32 0.02 0.10 0.08 3.85% 46.70 normal
2018-12-20__13:38:38 0.02 0.10 0.08 7.62% 47.24 normal
2018-12-20__13:38:43 0.10 0.11 0.09 6.67% 47.77 normal
2018-12-20__13:38:49 0.08 0.11 0.09 0.48% 47.77 normal
2018-12-20__13:38:55 0.07 0.10 0.09 5.24% 47.24 normal
2018-12-20__13:39:00 0.15 0.12 0.09 7.62% 47.24 normal
2018-12-20__13:39:06 0.14 0.12 0.09 3.77% 47.24 normal
2018-12-20__13:39:11 0.12 0.12 0.09 3.27% 47.24 normal
2018-12-20__13:39:17 0.11 0.11 0.09 10.80% 47.24 normal
2018-12-20__13:39:23 0.10 0.11 0.09 2.84% 47.24 normal
2018-12-20__13:39:28 0.10 0.11 0.09 1.90% 47.24 normal
2018-12-20__13:39:34 0.15 0.12 0.09 7.48% 47.24 normal
2018-12-20__13:39:40 0.14 0.12 0.09 3.76% 47.24 normal
2018-12-20__13:39:45 0.13 0.12 0.09 1.91% 47.24 normal
2018-12-20__13:39:51 0.12 0.12 0.09 2.37% 47.24 normal
2018-12-20__13:39:56 0.11 0.11 0.09 8.33% 46.70 normal
2018-12-20__13:40:02 0.10 0.11 0.09 1.90% 47.24 normal
2018-12-20__13:40:08 0.09 0.11 0.09 10.90% 47.24 normal
2018-12-20__13:40:13 0.08 0.11 0.09 1.90% 47.24 normal
2018-12-20__13:40:19 0.07 0.10 0.09 4.63% 46.70 normal
2018-12-20__13:40:25 0.07 0.10 0.09 9.43% 47.24 normal
2018-12-20__13:40:30 0.06 0.10 0.09 3.74% 47.24 normal
2018-12-20__13:40:36 0.06 0.10 0.09 2.34% 47.24 normal
2018-12-20__13:40:42 0.05 0.10 0.09 11.76% 47.24 normal
2018-12-20__13:40:47 0.05 0.09 0.09 1.90% 47.24 normal
2018-12-20__13:40:53 0.12 0.11 0.09 15.81% 46.70 normal
2018-12-20__13:40:58 0.11 0.11 0.09 7.83% 47.24 normal
2018-12-20__13:41:04 0.09 0.10 0.09 4.21% 47.24 normal
2018-12-20__13:41:10 0.09 0.10 0.09 3.76% 47.24 normal
2018-12-20__13:41:15 0.08 0.10 0.09 2.82% 46.16 normal
2018-12-20__13:41:21 0.07 0.10 0.09 6.67% 47.24 normal
2018-12-20__13:41:27 0.07 0.10 0.09 0.95% 46.70 normal
2018-12-20__13:41:32 0.06 0.09 0.09 2.79% 47.24 normal
2018-12-20__13:41:38 0.06 0.09 0.09 1.93% 47.77 normal
2018-12-20__13:41:43 0.05 0.09 0.09 5.05% 48.31 normal
2018-12-20__13:41:49 0.12 0.10 0.09 7.48% 47.24 normal
2018-12-20__13:41:55 0.19 0.12 0.10 3.74% 47.24 normal
2018-12-20__13:42:00 0.25 0.13 0.10 2.36% 47.24 normal
2018-12-20__13:42:06 0.23 0.13 0.10 7.91% 47.24 normal
2018-12-20__13:42:12 0.21 0.13 0.10 7.55% 47.24 normal
2018-12-20__13:42:17 0.20 0.12 0.10 5.69% 47.24 normal
2018-12-20__13:42:23 0.18 0.12 0.10 2.82% 46.70 normal
2018-12-20__13:42:29 0.17 0.12 0.10 3.83% 47.24 normal
2018-12-20__13:42:34 0.14 0.12 0.09 0.96% 47.24 normal
2018-12-20__13:42:40 0.13 0.11 0.09 2.82% 47.24 normal
2018-12-20__13:42:45 0.20 0.13 0.10 0.00% 47.77 normal
2018-12-20__13:42:51 0.18 0.13 0.10 4.37% 47.77 normal
2018-12-20__13:42:57 0.17 0.12 0.10 1.89% 47.24 normal
2018-12-20__13:43:02 0.15 0.12 0.09 11.27% 47.24 normal
2018-12-20__13:43:08 0.14 0.12 0.09 7.41% 47.24 normal
2018-12-20__13:43:13 0.13 0.12 0.09 6.64% 47.24 normal
2018-12-20__13:43:19 0.11 0.11 0.09 7.83% 47.24 normal
2018-12-20__13:43:25 0.10 0.11 0.09 5.21% 47.24 normal
2018-12-20__13:43:30 0.09 0.11 0.09 1.43% 47.24 normal
2018-12-20__13:43:36 0.08 0.11 0.09 2.33% 46.70 normal
2018-12-20__13:43:42 0.08 0.10 0.09 1.90% 47.24 normal
2018-12-20__13:43:47 0.07 0.10 0.09 3.83% 47.24 normal
2018-12-20__13:43:53 0.06 0.10 0.09 0.96% 46.70 normal
2018-12-20__13:43:58 0.06 0.10 0.09 7.87% 47.24 normal
2018-12-20__13:44:04 0.05 0.09 0.09 5.58% 47.24 normal
2018-12-20__13:44:10 0.05 0.09 0.09 8.37% 47.24 normal
2018-12-20__13:44:15 0.04 0.09 0.09 3.27% 46.70 normal
2018-12-20__13:44:21 0.04 0.09 0.08 5.69% 47.24 normal
2018-12-20__13:44:27 0.04 0.09 0.08 2.84% 47.24 normal
2018-12-20__13:44:32 0.03 0.09 0.08 8.92% 47.77 normal
2018-12-20__13:44:38 0.03 0.08 0.08 3.77% 48.31 normal
2018-12-20__13:44:44 0.03 0.08 0.08 3.77% 47.77 normal
2018-12-20__13:44:49 0.02 0.08 0.08 3.32% 47.77 normal
2018-12-20__13:44:55 0.02 0.08 0.08 4.19% 47.24 normal
2018-12-20__13:45:00 0.02 0.08 0.08 2.37% 46.70 normal
2018-12-20__13:45:06 0.02 0.08 0.08 4.37% 47.77 normal
2018-12-20__13:45:12 0.02 0.07 0.08 3.27% 46.70 normal
2018-12-20__13:45:17 0.17 0.11 0.09 1.90% 47.24 normal
2018-12-20__13:45:23 0.16 0.10 0.09 0.96% 47.77 normal
2018-12-20__13:45:29 0.15 0.10 0.09 0.95% 47.24 normal
2018-12-20__13:45:34 0.12 0.10 0.09 2.82% 47.24 normal
2018-12-20__13:45:40 0.11 0.10 0.09 5.66% 47.77 normal
2018-12-20__13:45:45 0.10 0.09 0.09 10.28% 47.24 normal
2018-12-20__13:45:51 0.10 0.09 0.09 2.37% 47.24 normal
2018-12-20__13:45:57 0.17 0.11 0.09 2.37% 47.24 normal
2018-12-20__13:46:02 0.15 0.11 0.09 8.88% 47.24 normal
2018-12-20__13:46:08 0.14 0.10 0.09 2.33% 46.70 normal
2018-12-20__13:46:14 0.13 0.10 0.09 2.84% 46.16 normal
