2018-12-20__11:36:54  pts/0 10665 00:00:00 sh
2018-12-20__11:36:54  pts/0 10666 00:00:00 Malicious_ps_in
2018-12-20__11:36:54  pts/0 10667 00:00:00 ps
2018-12-20__11:36:54  pts/0 10668 00:00:00 Malicious_ps_in
2018-12-20__11:36:54  pts/0 10669 00:00:00 Malicious_ps_in
2018-12-20__11:36:54  pts/0 10670 00:00:00 ps
2018-12-20__11:36:54  pts/0 10671 00:00:00 awk
2018-12-20__11:37:29  TTY PID TIME CMD
2018-12-20__11:37:29  pts/0 9996 00:00:00 Server
2018-12-20__11:37:29  pts/0 10915 00:00:00 sh
2018-12-20__11:37:29  pts/0 10916 00:00:00 Malicious_ps_in
2018-12-20__11:37:29  pts/0 10917 00:00:00 ps
2018-12-20__11:37:29  pts/0 10918 00:00:00 Malicious_ps_in
2018-12-20__11:37:29  pts/0 10919 00:00:00 Malicious_ps_in
2018-12-20__11:37:29  pts/0 10920 00:00:00 ps
2018-12-20__11:37:29  pts/0 10921 00:00:00 awk
2018-12-20__11:38:04  TTY PID TIME CMD
2018-12-20__11:38:04  pts/0 9996 00:00:00 Server
2018-12-20__11:38:04  pts/0 11229 00:00:00 sh
2018-12-20__11:38:04  pts/0 11230 00:00:00 Malicious_ps_in
2018-12-20__11:38:04  pts/0 11231 00:00:00 ps
2018-12-20__11:38:04  pts/0 11232 00:00:00 Malicious_ps_in
2018-12-20__11:38:04  pts/0 11233 00:00:00 Malicious_ps_in
2018-12-20__11:38:04  pts/0 11234 00:00:00 ps
2018-12-20__11:38:04  pts/0 11235 00:00:00 awk
2018-12-20__11:38:39  TTY PID TIME CMD
2018-12-20__11:38:39  pts/0 9996 00:00:00 Server
2018-12-20__11:38:39  pts/0 11720 00:00:00 sh
2018-12-20__11:38:39  pts/0 11721 00:00:00 Malicious_ps_in
2018-12-20__11:38:39  pts/0 11722 00:00:00 ps
2018-12-20__11:38:39  pts/0 11723 00:00:00 Malicious_ps_in
2018-12-20__11:38:39  pts/0 11724 00:00:00 Malicious_ps_in
2018-12-20__11:38:39  pts/0 11725 00:00:00 ps
2018-12-20__11:38:39  pts/0 11726 00:00:00 awk
2018-12-20__11:39:14  TTY PID TIME CMD
2018-12-20__11:39:14  pts/0 9996 00:00:00 Server
2018-12-20__11:39:14  pts/0 12285 00:00:00 sh
2018-12-20__11:39:14  pts/0 12286 00:00:00 Malicious_ps_in
2018-12-20__11:39:14  pts/0 12287 00:00:00 ps
2018-12-20__11:39:14  pts/0 12288 00:00:00 Malicious_ps_in
2018-12-20__11:39:14  pts/0 12289 00:00:00 Malicious_ps_in
2018-12-20__11:39:14  pts/0 12290 00:00:00 ps
2018-12-20__11:39:14  pts/0 12291 00:00:00 awk
2018-12-20__11:39:49  TTY PID TIME CMD
2018-12-20__11:39:49  pts/0 9996 00:00:00 Server
2018-12-20__11:39:49  pts/0 12870 00:00:00 sh
2018-12-20__11:39:49  pts/0 12871 00:00:00 Malicious_ps_in
2018-12-20__11:39:49  pts/0 12872 00:00:00 ps
2018-12-20__11:39:49  pts/0 12873 00:00:00 Malicious_ps_in
2018-12-20__11:39:49  pts/0 12874 00:00:00 Malicious_ps_in
2018-12-20__11:39:49  pts/0 12875 00:00:00 ps
2018-12-20__11:39:49  pts/0 12876 00:00:00 awk
2018-12-20__11:40:24  TTY PID TIME CMD
2018-12-20__11:40:24  pts/0 9996 00:00:00 Server
2018-12-20__11:40:24  pts/0 13310 00:00:00 sh
2018-12-20__11:40:24  pts/0 13311 00:00:00 Malicious_ps_in
2018-12-20__11:40:24  pts/0 13312 00:00:00 ps
2018-12-20__11:40:24  pts/0 13313 00:00:00 Malicious_ps_in
2018-12-20__11:40:24  pts/0 13314 00:00:00 Malicious_ps_in
2018-12-20__11:40:24  pts/0 13315 00:00:00 ps
2018-12-20__11:40:24  pts/0 13316 00:00:00 awk
2018-12-20__11:41:00  TTY PID TIME CMD
2018-12-20__11:41:00  pts/0 9996 00:00:00 Server
2018-12-20__11:41:00  pts/0 13624 00:00:00 sh
2018-12-20__11:41:00  pts/0 13625 00:00:00 CPU_info.sh
2018-12-20__11:41:00  pts/0 13642 00:00:00 sleep
2018-12-20__11:41:00  pts/0 13643 00:00:00 sh
2018-12-20__11:41:00  pts/0 13644 00:00:00 Malicious_ps_in
2018-12-20__11:41:00  pts/0 13645 00:00:00 ps
2018-12-20__11:41:00  pts/0 13646 00:00:00 Malicious_ps_in
2018-12-20__11:41:00  pts/0 13647 00:00:00 Malicious_ps_in
2018-12-20__11:41:00  pts/0 13648 00:00:00 ps
2018-12-20__11:41:00  pts/0 13649 00:00:00 awk
2018-12-20__11:41:35  TTY PID TIME CMD
2018-12-20__11:41:35  pts/0 9996 00:00:00 Server
2018-12-20__11:41:35  pts/0 13905 00:00:00 sh
2018-12-20__11:41:35  pts/0 13906 00:00:00 Malicious_ps_in
2018-12-20__11:41:35  pts/0 13907 00:00:00 ps
2018-12-20__11:41:35  pts/0 13908 00:00:00 Malicious_ps_in
2018-12-20__11:41:35  pts/0 13909 00:00:00 Malicious_ps_in
2018-12-20__11:41:35  pts/0 13910 00:00:00 ps
2018-12-20__11:41:35  pts/0 13911 00:00:00 awk
2018-12-20__11:42:10  TTY PID TIME CMD
2018-12-20__11:42:10  pts/0 9996 00:00:00 Server
2018-12-20__11:42:10  pts/0 14269 00:00:00 sh
2018-12-20__11:42:10  pts/0 14270 00:00:00 Malicious_ps_in
2018-12-20__11:42:10  pts/0 14271 00:00:00 ps
2018-12-20__11:42:10  pts/0 14272 00:00:00 Malicious_ps_in
2018-12-20__11:42:10  pts/0 14273 00:00:00 Malicious_ps_in
2018-12-20__11:42:10  pts/0 14274 00:00:00 ps
2018-12-20__11:42:10  pts/0 14275 00:00:00 awk
2018-12-20__11:42:45  TTY PID TIME CMD
2018-12-20__11:42:45  pts/0 9996 00:00:00 Server
2018-12-20__11:42:45  pts/0 14815 00:00:00 Sys_info.sh
2018-12-20__11:42:45  pts/0 14839 00:00:00 sh
2018-12-20__11:42:45  pts/0 14843 00:00:00 Malicious_ps_in
2018-12-20__11:42:45  pts/0 14847 00:00:00 ps
2018-12-20__11:42:45  pts/0 14848 00:00:00 Malicious_ps_in
2018-12-20__11:42:45  pts/0 14849 00:00:00 Malicious_ps_in
2018-12-20__11:42:45  pts/0 14850 00:00:00 ps
2018-12-20__11:43:20  TTY PID TIME CMD
2018-12-20__11:43:20  pts/0 9996 00:00:00 Server
2018-12-20__11:43:20  pts/0 15201 00:00:00 sh
2018-12-20__11:43:20  pts/0 15202 00:00:00 CPU_info.sh
2018-12-20__11:43:20  pts/0 15219 00:00:00 sleep
2018-12-20__11:43:20  pts/0 15220 00:00:00 sh
2018-12-20__11:43:20  pts/0 15221 00:00:00 Malicious_ps_in
2018-12-20__11:43:20  pts/0 15222 00:00:00 ps
2018-12-20__11:43:20  pts/0 15223 00:00:00 Malicious_ps_in
2018-12-20__11:43:20  pts/0 15224 00:00:00 Malicious_ps_in
2018-12-20__11:43:20  pts/0 15225 00:00:00 ps
2018-12-20__11:43:20  pts/0 15226 00:00:00 awk
2018-12-20__11:43:55  TTY PID TIME CMD
2018-12-20__11:43:55  pts/0 9996 00:00:00 Server
2018-12-20__11:43:55  pts/0 15556 00:00:00 sh
2018-12-20__11:43:55  pts/0 15557 00:00:00 Malicious_ps_in
2018-12-20__11:43:55  pts/0 15558 00:00:00 ps
2018-12-20__11:43:55  pts/0 15559 00:00:00 Malicious_ps_in
2018-12-20__11:43:55  pts/0 15560 00:00:00 Malicious_ps_in
2018-12-20__11:43:55  pts/0 15561 00:00:00 ps
2018-12-20__11:43:55  pts/0 15562 00:00:00 awk
2018-12-20__11:44:30  TTY PID TIME CMD
2018-12-20__11:44:30  pts/0 9996 00:00:00 Server
2018-12-20__11:44:30  pts/0 15804 00:00:00 sh
2018-12-20__11:44:30  pts/0 15805 00:00:00 Malicious_ps_in
2018-12-20__11:44:30  pts/0 15806 00:00:00 ps
2018-12-20__11:44:30  pts/0 15807 00:00:00 Malicious_ps_in
2018-12-20__11:44:30  pts/0 15808 00:00:00 Malicious_ps_in
2018-12-20__11:44:30  pts/0 15809 00:00:00 ps
2018-12-20__11:44:30  pts/0 15810 00:00:00 awk
2018-12-20__11:45:05  TTY PID TIME CMD
2018-12-20__11:45:05  pts/0 9996 00:00:00 Server
2018-12-20__11:45:05  pts/0 16120 00:00:00 sh
2018-12-20__11:45:05  pts/0 16121 00:00:00 Malicious_ps_in
2018-12-20__11:45:05  pts/0 16122 00:00:00 ps
2018-12-20__11:45:05  pts/0 16123 00:00:00 Malicious_ps_in
2018-12-20__11:45:05  pts/0 16124 00:00:00 Malicious_ps_in
2018-12-20__11:45:05  pts/0 16125 00:00:00 ps
2018-12-20__11:45:05  pts/0 16126 00:00:00 awk
2018-12-20__11:45:40  TTY PID TIME CMD
2018-12-20__11:45:40  pts/0 9996 00:00:00 Server
2018-12-20__11:45:40  pts/0 16390 00:00:00 sh
2018-12-20__11:45:40  pts/0 16391 00:00:00 Malicious_ps_in
2018-12-20__11:45:40  pts/0 16392 00:00:00 ps
2018-12-20__11:45:40  pts/0 16393 00:00:00 Malicious_ps_in
2018-12-20__11:45:40  pts/0 16394 00:00:00 Malicious_ps_in
2018-12-20__11:45:40  pts/0 16395 00:00:00 ps
2018-12-20__11:45:40  pts/0 16396 00:00:00 awk
2018-12-20__11:46:15  TTY PID TIME CMD
2018-12-20__11:46:15  pts/0 9996 00:00:00 Server
2018-12-20__11:46:15  pts/0 16737 00:00:00 sh
2018-12-20__11:46:15  pts/0 16738 00:00:00 Malicious_ps_in
2018-12-20__11:46:15  pts/0 16739 00:00:00 ps
2018-12-20__11:46:15  pts/0 16740 00:00:00 Malicious_ps_in
2018-12-20__11:46:15  pts/0 16741 00:00:00 Malicious_ps_in
2018-12-20__11:46:15  pts/0 16742 00:00:00 ps
2018-12-20__11:46:15  pts/0 16743 00:00:00 awk
2018-12-20__11:46:50  TTY PID TIME CMD
2018-12-20__11:46:50  pts/0 9996 00:00:00 Server
2018-12-20__11:46:50  pts/0 17052 00:00:00 sh
2018-12-20__11:46:50  pts/0 17053 00:00:00 Malicious_ps_in
2018-12-20__11:46:50  pts/0 17054 00:00:00 ps
2018-12-20__11:46:50  pts/0 17055 00:00:00 Malicious_ps_in
2018-12-20__11:46:50  pts/0 17056 00:00:00 Malicious_ps_in
2018-12-20__11:46:50  pts/0 17057 00:00:00 ps
2018-12-20__11:46:50  pts/0 17058 00:00:00 awk
2018-12-20__11:47:25  TTY PID TIME CMD
2018-12-20__11:47:25  pts/0 9996 00:00:00 Server
2018-12-20__11:47:25  pts/0 17308 00:00:00 sh
2018-12-20__11:47:25  pts/0 17309 00:00:00 Malicious_ps_in
2018-12-20__11:47:25  pts/0 17310 00:00:00 ps
2018-12-20__11:47:25  pts/0 17311 00:00:00 Malicious_ps_in
2018-12-20__11:47:25  pts/0 17312 00:00:00 Malicious_ps_in
2018-12-20__11:47:25  pts/0 17313 00:00:00 ps
2018-12-20__11:47:25  pts/0 17314 00:00:00 awk
2018-12-20__11:48:01  TTY PID TIME CMD
2018-12-20__11:48:01  pts/0 9996 00:00:00 Server
2018-12-20__11:48:01  pts/0 17622 00:00:00 sh
2018-12-20__11:48:01  pts/0 17623 00:00:00 Malicious_ps_in
2018-12-20__11:48:01  pts/0 17624 00:00:00 ps
2018-12-20__11:48:01  pts/0 17625 00:00:00 Malicious_ps_in
2018-12-20__11:48:01  pts/0 17626 00:00:00 Malicious_ps_in
2018-12-20__11:48:01  pts/0 17627 00:00:00 ps
2018-12-20__11:48:01  pts/0 17628 00:00:00 awk
2018-12-20__11:48:36  TTY PID TIME CMD
2018-12-20__11:48:36  pts/0 9996 00:00:00 Server
2018-12-20__11:48:36  pts/0 17870 00:00:00 sh
2018-12-20__11:48:36  pts/0 17871 00:00:00 CPU_info.sh
2018-12-20__11:48:36  pts/0 17888 00:00:00 sleep
2018-12-20__11:48:36  pts/0 17889 00:00:00 sh
2018-12-20__11:48:36  pts/0 17890 00:00:00 Malicious_ps_in
2018-12-20__11:48:36  pts/0 17891 00:00:00 ps
2018-12-20__11:48:36  pts/0 17892 00:00:00 Malicious_ps_in
2018-12-20__11:48:36  pts/0 17893 00:00:00 Malicious_ps_in
2018-12-20__11:48:36  pts/0 17894 00:00:00 ps
2018-12-20__11:48:36  pts/0 17895 00:00:00 awk
2018-12-20__11:49:11  TTY PID TIME CMD
2018-12-20__11:49:11  pts/0 9996 00:00:00 Server
2018-12-20__11:49:11  pts/0 18217 00:00:00 sh
2018-12-20__11:49:11  pts/0 18218 00:00:00 Malicious_ps_in
2018-12-20__11:49:11  pts/0 18219 00:00:00 ps
2018-12-20__11:49:11  pts/0 18220 00:00:00 Malicious_ps_in
2018-12-20__11:49:11  pts/0 18221 00:00:00 Malicious_ps_in
2018-12-20__11:49:11  pts/0 18222 00:00:00 ps
2018-12-20__11:49:11  pts/0 18223 00:00:00 awk
2018-12-20__11:49:46  TTY PID TIME CMD
2018-12-20__11:49:46  pts/0 9996 00:00:00 Server
2018-12-20__11:49:46  pts/0 18532 00:00:00 sh
2018-12-20__11:49:46  pts/0 18533 00:00:00 Malicious_ps_in
2018-12-20__11:49:46  pts/0 18534 00:00:00 ps
2018-12-20__11:49:46  pts/0 18535 00:00:00 Malicious_ps_in
2018-12-20__11:49:46  pts/0 18536 00:00:00 Malicious_ps_in
2018-12-20__11:49:46  pts/0 18537 00:00:00 ps
2018-12-20__11:49:46  pts/0 18538 00:00:00 awk
2018-12-20__11:50:21  TTY PID TIME CMD
2018-12-20__11:50:21  pts/0 9996 00:00:00 Server
2018-12-20__11:50:21  pts/0 18974 00:00:00 sh
2018-12-20__11:50:21  pts/0 18975 00:00:00 Malicious_ps_in
2018-12-20__11:50:21  pts/0 18976 00:00:00 ps
2018-12-20__11:50:21  pts/0 18977 00:00:00 Malicious_ps_in
2018-12-20__11:50:21  pts/0 18978 00:00:00 Malicious_ps_in
2018-12-20__11:50:21  pts/0 18979 00:00:00 ps
2018-12-20__11:50:21  pts/0 18980 00:00:00 awk
2018-12-20__11:50:56  TTY PID TIME CMD
2018-12-20__11:50:56  pts/0 9996 00:00:00 Server
2018-12-20__11:50:56  pts/0 19288 00:00:00 sh
2018-12-20__11:50:56  pts/0 19289 00:00:00 CPU_info.sh
2018-12-20__11:50:56  pts/0 19290 00:00:00 sh
2018-12-20__11:50:56  pts/0 19292 00:00:00 Malicious_ps_in
2018-12-20__11:50:56  pts/0 19300 00:00:00 ps
2018-12-20__11:50:56  pts/0 19301 00:00:00 Malicious_ps_in
2018-12-20__11:50:56  pts/0 19302 00:00:00 Malicious_ps_in
2018-12-20__11:50:56  pts/0 19303 00:00:00 ps
2018-12-20__11:50:56  pts/0 19304 00:00:00 awk
2018-12-20__11:51:31  TTY PID TIME CMD
2018-12-20__11:51:31  pts/0 9996 00:00:01 Server
2018-12-20__11:51:31  pts/0 19577 00:00:00 sh
2018-12-20__11:51:31  pts/0 19578 00:00:00 Malicious_ps_in
2018-12-20__11:51:31  pts/0 19579 00:00:00 ps
2018-12-20__11:51:31  pts/0 19580 00:00:00 Malicious_ps_in
2018-12-20__11:51:31  pts/0 19581 00:00:00 Malicious_ps_in
2018-12-20__11:51:31  pts/0 19582 00:00:00 ps
2018-12-20__11:51:31  pts/0 19583 00:00:00 awk
2018-12-20__11:52:06  TTY PID TIME CMD
2018-12-20__11:52:06  pts/0 9996 00:00:01 Server
2018-12-20__11:52:06  pts/0 19892 00:00:00 sh
2018-12-20__11:52:06  pts/0 19893 00:00:00 Malicious_ps_in
2018-12-20__11:52:06  pts/0 19894 00:00:00 ps
2018-12-20__11:52:06  pts/0 19895 00:00:00 Malicious_ps_in
2018-12-20__11:52:06  pts/0 19896 00:00:00 Malicious_ps_in
2018-12-20__11:52:06  pts/0 19897 00:00:00 ps
2018-12-20__11:52:06  pts/0 19898 00:00:00 awk
2018-12-20__11:52:41  TTY PID TIME CMD
2018-12-20__11:52:41  pts/0 9996 00:00:01 Server
2018-12-20__11:52:41  pts/0 20140 00:00:00 sh
2018-12-20__11:52:41  pts/0 20141 00:00:00 Malicious_ps_in
2018-12-20__11:52:41  pts/0 20142 00:00:00 ps
2018-12-20__11:52:41  pts/0 20143 00:00:00 Malicious_ps_in
2018-12-20__11:52:41  pts/0 20144 00:00:00 Malicious_ps_in
2018-12-20__11:52:41  pts/0 20145 00:00:00 ps
2018-12-20__11:52:41  pts/0 20146 00:00:00 awk
2018-12-20__11:53:16  TTY PID TIME CMD
2018-12-20__11:53:16  pts/0 9996 00:00:01 Server
2018-12-20__11:53:16  pts/0 20454 00:00:00 sh
2018-12-20__11:53:16  pts/0 20455 00:00:00 Malicious_ps_in
2018-12-20__11:53:16  pts/0 20456 00:00:00 ps
2018-12-20__11:53:16  pts/0 20457 00:00:00 Malicious_ps_in
2018-12-20__11:53:16  pts/0 20458 00:00:00 Malicious_ps_in
2018-12-20__11:53:16  pts/0 20459 00:00:00 ps
2018-12-20__11:53:16  pts/0 20460 00:00:00 awk
2018-12-20__11:53:51  TTY PID TIME CMD
2018-12-20__11:53:51  pts/0 9996 00:00:01 Server
2018-12-20__11:53:51  pts/0 20797 00:00:00 sh
2018-12-20__11:53:51  pts/0 20802 00:00:00 Malicious_ps_in
2018-12-20__11:53:51  pts/0 20803 00:00:00 ps
2018-12-20__11:53:51  pts/0 20804 00:00:00 Malicious_ps_in
2018-12-20__11:53:51  pts/0 20805 00:00:00 Malicious_ps_in
2018-12-20__11:53:51  pts/0 20806 00:00:00 ps
2018-12-20__11:53:51  pts/0 20807 00:00:00 awk
2018-12-20__11:54:27  TTY PID TIME CMD
2018-12-20__11:54:27  pts/0 9996 00:00:01 Server
2018-12-20__11:54:27  pts/0 21043 00:00:00 sh
2018-12-20__11:54:27  pts/0 21044 00:00:00 Malicious_ps_in
2018-12-20__11:54:27  pts/0 21045 00:00:00 ps
2018-12-20__11:54:27  pts/0 21046 00:00:00 Malicious_ps_in
2018-12-20__11:54:27  pts/0 21047 00:00:00 Malicious_ps_in
2018-12-20__11:54:27  pts/0 21048 00:00:00 ps
2018-12-20__11:54:27  pts/0 21049 00:00:00 awk
2018-12-20__11:55:02  TTY PID TIME CMD
2018-12-20__11:55:02  pts/0 9996 00:00:01 Server
2018-12-20__11:55:02  pts/0 21358 00:00:00 sh
2018-12-20__11:55:02  pts/0 21359 00:00:00 Malicious_ps_in
2018-12-20__11:55:02  pts/0 21360 00:00:00 ps
2018-12-20__11:55:02  pts/0 21361 00:00:00 Malicious_ps_in
2018-12-20__11:55:02  pts/0 21362 00:00:00 Malicious_ps_in
2018-12-20__11:55:02  pts/0 21363 00:00:00 ps
2018-12-20__11:55:02  pts/0 21364 00:00:00 awk
2018-12-20__11:55:37  TTY PID TIME CMD
2018-12-20__11:55:37  pts/0 9996 00:00:01 Server
2018-12-20__11:55:37  pts/0 21628 00:00:00 sh
2018-12-20__11:55:37  pts/0 21629 00:00:00 Malicious_ps_in
2018-12-20__11:55:37  pts/0 21630 00:00:00 ps
2018-12-20__11:55:37  pts/0 21631 00:00:00 Malicious_ps_in
2018-12-20__11:55:37  pts/0 21632 00:00:00 Malicious_ps_in
2018-12-20__11:55:37  pts/0 21633 00:00:00 ps
2018-12-20__11:55:37  pts/0 21634 00:00:00 awk
2018-12-20__11:56:12  TTY PID TIME CMD
2018-12-20__11:56:12  pts/0 9996 00:00:01 Server
2018-12-20__11:56:12  pts/0 21942 00:00:00 sh
2018-12-20__11:56:12  pts/0 21943 00:00:00 CPU_info.sh
2018-12-20__11:56:12  pts/0 21961 00:00:00 sh
2018-12-20__11:56:12  pts/0 21962 00:00:00 Malicious_ps_in
2018-12-20__11:56:12  pts/0 21963 00:00:00 ps
2018-12-20__11:56:12  pts/0 21964 00:00:00 Malicious_ps_in
2018-12-20__11:56:12  pts/0 21965 00:00:00 Malicious_ps_in
2018-12-20__11:56:12  pts/0 21966 00:00:00 ps
2018-12-20__11:56:12  pts/0 21967 00:00:00 awk
2018-12-20__11:56:47  TTY PID TIME CMD
2018-12-20__11:56:47  pts/0 9996 00:00:01 Server
2018-12-20__11:56:47  pts/0 22397 00:00:00 sh
2018-12-20__11:56:47  pts/0 22398 00:00:00 Malicious_ps_in
2018-12-20__11:56:47  pts/0 22399 00:00:00 ps
2018-12-20__11:56:47  pts/0 22400 00:00:00 Malicious_ps_in
2018-12-20__11:56:47  pts/0 22401 00:00:00 Malicious_ps_in
2018-12-20__11:56:47  pts/0 22402 00:00:00 ps
2018-12-20__11:56:47  pts/0 22403 00:00:00 awk
2018-12-20__11:57:34  TTY PID TIME CMD
2018-12-20__11:57:34  pts/0 22500 00:00:00 Server
2018-12-20__11:57:34  pts/0 22507 00:00:00 sh
2018-12-20__11:57:34  pts/0 22510 00:00:00 CPU_info.sh
2018-12-20__11:57:34  pts/0 22512 00:00:00 sh
2018-12-20__11:57:34  pts/0 22513 00:00:00 sh
2018-12-20__11:57:34  pts/0 22515 00:00:00 Sys_info.sh
2018-12-20__11:57:34  pts/0 22518 00:00:00 User_info.sh
2018-12-20__11:57:34  pts/0 22520 00:00:00 Malicious_ps_in
2018-12-20__11:57:34  pts/0 22527 00:00:00 ps
2018-12-20__11:57:34  pts/0 22528 00:00:00 Malicious_ps_in
2018-12-20__11:57:34  pts/0 22534 00:00:00 Malicious_ps_in
2018-12-20__11:57:34  pts/0 22539 00:00:00 ps
2018-12-20__11:57:34  pts/0 22540 00:00:00 awk
2018-12-20__11:58:09  TTY PID TIME CMD
2018-12-20__11:58:09  pts/0 22500 00:00:00 Server
2018-12-20__11:58:09  pts/0 22855 00:00:00 sh
2018-12-20__11:58:09  pts/0 22856 00:00:00 Malicious_ps_in
2018-12-20__11:58:09  pts/0 22857 00:00:00 ps
2018-12-20__11:58:09  pts/0 22858 00:00:00 Malicious_ps_in
2018-12-20__11:58:09  pts/0 22859 00:00:00 Malicious_ps_in
2018-12-20__11:58:09  pts/0 22860 00:00:00 ps
2018-12-20__11:58:09  pts/0 22861 00:00:00 awk
2018-12-20__11:58:45  TTY PID TIME CMD
2018-12-20__11:58:45  pts/0 22500 00:00:00 Server
2018-12-20__11:58:45  pts/0 23420 00:00:00 sh
2018-12-20__11:58:45  pts/0 23421 00:00:00 Malicious_ps_in
2018-12-20__11:58:45  pts/0 23422 00:00:00 ps
2018-12-20__11:58:45  pts/0 23423 00:00:00 Malicious_ps_in
2018-12-20__11:58:45  pts/0 23424 00:00:00 Malicious_ps_in
2018-12-20__11:58:45  pts/0 23425 00:00:00 ps
2018-12-20__11:58:45  pts/0 23426 00:00:00 awk
2018-12-20__11:59:20  TTY PID TIME CMD
2018-12-20__11:59:20  pts/0 22500 00:00:00 Server
2018-12-20__11:59:20  pts/0 23959 00:00:00 sh
2018-12-20__11:59:20  pts/0 23960 00:00:00 Malicious_ps_in
2018-12-20__11:59:20  pts/0 23961 00:00:00 ps
2018-12-20__11:59:20  pts/0 23962 00:00:00 Malicious_ps_in
2018-12-20__11:59:20  pts/0 23963 00:00:00 Malicious_ps_in
2018-12-20__11:59:20  pts/0 23964 00:00:00 ps
2018-12-20__11:59:20  pts/0 23965 00:00:00 awk
2018-12-20__11:59:55  TTY PID TIME CMD
2018-12-20__11:59:55  pts/0 22500 00:00:00 Server
2018-12-20__11:59:55  pts/0 24514 00:00:00 sh
2018-12-20__11:59:55  pts/0 24515 00:00:00 Malicious_ps_in
2018-12-20__11:59:55  pts/0 24516 00:00:00 ps
2018-12-20__11:59:55  pts/0 24517 00:00:00 Malicious_ps_in
2018-12-20__11:59:55  pts/0 24518 00:00:00 Malicious_ps_in
2018-12-20__11:59:55  pts/0 24519 00:00:00 ps
2018-12-20__11:59:55  pts/0 24520 00:00:00 awk
2018-12-20__12:00:30  TTY PID TIME CMD
2018-12-20__12:00:30  pts/0 22500 00:00:00 Server
2018-12-20__12:00:30  pts/0 25089 00:00:00 sh
2018-12-20__12:00:30  pts/0 25090 00:00:00 Malicious_ps_in
2018-12-20__12:00:30  pts/0 25091 00:00:00 ps
2018-12-20__12:00:30  pts/0 25092 00:00:00 Malicious_ps_in
2018-12-20__12:00:30  pts/0 25093 00:00:00 Malicious_ps_in
2018-12-20__12:00:30  pts/0 25094 00:00:00 ps
2018-12-20__12:00:30  pts/0 25095 00:00:00 awk
2018-12-20__12:01:05  TTY PID TIME CMD
2018-12-20__12:01:05  pts/0 22500 00:00:00 Server
2018-12-20__12:01:05  pts/0 25673 00:00:00 sh
2018-12-20__12:01:05  pts/0 25674 00:00:00 Malicious_ps_in
2018-12-20__12:01:05  pts/0 25675 00:00:00 ps
2018-12-20__12:01:05  pts/0 25676 00:00:00 Malicious_ps_in
2018-12-20__12:01:05  pts/0 25677 00:00:00 Malicious_ps_in
2018-12-20__12:01:05  pts/0 25678 00:00:00 ps
2018-12-20__12:01:05  pts/0 25679 00:00:00 awk
2018-12-20__12:01:40  TTY PID TIME CMD
2018-12-20__12:01:40  pts/0 22500 00:00:00 Server
2018-12-20__12:01:40  pts/0 26227 00:00:00 sh
2018-12-20__12:01:40  pts/0 26228 00:00:00 Malicious_ps_in
2018-12-20__12:01:40  pts/0 26229 00:00:00 ps
2018-12-20__12:01:40  pts/0 26230 00:00:00 Malicious_ps_in
2018-12-20__12:01:40  pts/0 26231 00:00:00 Malicious_ps_in
2018-12-20__12:01:40  pts/0 26232 00:00:00 ps
2018-12-20__12:01:40  pts/0 26233 00:00:00 awk
2018-12-20__12:02:15  TTY PID TIME CMD
2018-12-20__12:02:15  pts/0 22500 00:00:00 Server
2018-12-20__12:02:15  pts/0 26735 00:00:00 sh
2018-12-20__12:02:15  pts/0 26736 00:00:00 Malicious_ps_in
2018-12-20__12:02:15  pts/0 26737 00:00:00 ps
2018-12-20__12:02:15  pts/0 26738 00:00:00 Malicious_ps_in
2018-12-20__12:02:15  pts/0 26739 00:00:00 Malicious_ps_in
2018-12-20__12:02:15  pts/0 26740 00:00:00 ps
2018-12-20__12:02:15  pts/0 26741 00:00:00 awk
2018-12-20__12:02:50  TTY PID TIME CMD
2018-12-20__12:02:50  pts/0 22500 00:00:00 Server
2018-12-20__12:02:50  pts/0 27346 00:00:00 sh
2018-12-20__12:02:50  pts/0 27349 00:00:00 Malicious_ps_in
2018-12-20__12:02:50  pts/0 27351 00:00:00 ps
2018-12-20__12:02:50  pts/0 27352 00:00:00 Malicious_ps_in
2018-12-20__12:02:50  pts/0 27354 00:00:00 Malicious_ps_in
2018-12-20__12:02:50  pts/0 27357 00:00:00 ps
2018-12-20__12:02:50  pts/0 27358 00:00:00 awk
2018-12-20__12:03:25  TTY PID TIME CMD
2018-12-20__12:03:25  pts/0 22500 00:00:00 Server
2018-12-20__12:03:25  pts/0 27888 00:00:00 sh
2018-12-20__12:03:25  pts/0 27889 00:00:00 Malicious_ps_in
2018-12-20__12:03:25  pts/0 27890 00:00:00 ps
2018-12-20__12:03:25  pts/0 27891 00:00:00 Malicious_ps_in
2018-12-20__12:03:25  pts/0 27892 00:00:00 Malicious_ps_in
2018-12-20__12:03:25  pts/0 27893 00:00:00 ps
2018-12-20__12:03:25  pts/0 27894 00:00:00 awk
2018-12-20__12:04:00  TTY PID TIME CMD
2018-12-20__12:04:00  pts/0 22500 00:00:00 Server
2018-12-20__12:04:00  pts/0 28464 00:00:00 sh
2018-12-20__12:04:00  pts/0 28465 00:00:00 Malicious_ps_in
2018-12-20__12:04:00  pts/0 28466 00:00:00 ps
2018-12-20__12:04:00  pts/0 28467 00:00:00 Malicious_ps_in
2018-12-20__12:04:00  pts/0 28468 00:00:00 Malicious_ps_in
2018-12-20__12:04:00  pts/0 28469 00:00:00 ps
2018-12-20__12:04:00  pts/0 28470 00:00:00 awk
2018-12-20__12:04:35  TTY PID TIME CMD
2018-12-20__12:04:35  pts/0 22500 00:00:00 Server
2018-12-20__12:04:35  pts/0 28973 00:00:00 Sys_info.sh
2018-12-20__12:04:35  pts/0 29007 00:00:00 sh
2018-12-20__12:04:35  pts/0 29008 00:00:00 Malicious_ps_in
2018-12-20__12:04:35  pts/0 29012 00:00:00 ps
2018-12-20__12:04:35  pts/0 29013 00:00:00 Malicious_ps_in
2018-12-20__12:04:35  pts/0 29014 00:00:00 Malicious_ps_in
2018-12-20__12:04:35  pts/0 29015 00:00:00 ps
2018-12-20__12:05:11  TTY PID TIME CMD
2018-12-20__12:05:11  pts/0 22500 00:00:00 Server
2018-12-20__12:05:11  pts/0 29529 00:00:00 sh
2018-12-20__12:05:11  pts/0 29530 00:00:00 CPU_info.sh
2018-12-20__12:05:11  pts/0 29547 00:00:00 sleep
2018-12-20__12:05:11  pts/0 29548 00:00:00 sh
2018-12-20__12:05:11  pts/0 29549 00:00:00 Malicious_ps_in
2018-12-20__12:05:11  pts/0 29550 00:00:00 ps
2018-12-20__12:05:11  pts/0 29551 00:00:00 Malicious_ps_in
2018-12-20__12:05:11  pts/0 29552 00:00:00 Malicious_ps_in
2018-12-20__12:05:11  pts/0 29553 00:00:00 ps
2018-12-20__12:05:11  pts/0 29554 00:00:00 awk
2018-12-20__12:05:46  TTY PID TIME CMD
2018-12-20__12:05:46  pts/0 22500 00:00:00 Server
2018-12-20__12:05:46  pts/0 30147 00:00:00 sh
2018-12-20__12:05:46  pts/0 30148 00:00:00 Malicious_ps_in
2018-12-20__12:05:46  pts/0 30149 00:00:00 ps
2018-12-20__12:05:46  pts/0 30150 00:00:00 Malicious_ps_in
2018-12-20__12:05:46  pts/0 30151 00:00:00 Malicious_ps_in
2018-12-20__12:05:46  pts/0 30152 00:00:00 ps
2018-12-20__12:05:46  pts/0 30153 00:00:00 awk
2018-12-20__12:06:21  TTY PID TIME CMD
2018-12-20__12:06:21  pts/0 22500 00:00:00 Server
2018-12-20__12:06:21  pts/0 30645 00:00:00 sh
2018-12-20__12:06:21  pts/0 30646 00:00:00 Malicious_ps_in
2018-12-20__12:06:21  pts/0 30647 00:00:00 ps
2018-12-20__12:06:21  pts/0 30648 00:00:00 Malicious_ps_in
2018-12-20__12:06:21  pts/0 30649 00:00:00 Malicious_ps_in
2018-12-20__12:06:21  pts/0 30650 00:00:00 ps
2018-12-20__12:06:21  pts/0 30651 00:00:00 awk
2018-12-20__12:06:56  TTY PID TIME CMD
2018-12-20__12:06:56  pts/0 22500 00:00:00 Server
2018-12-20__12:06:56  pts/0 31179 00:00:00 sh
2018-12-20__12:06:56  pts/0 31180 00:00:00 Malicious_ps_in
2018-12-20__12:06:56  pts/0 31181 00:00:00 ps
2018-12-20__12:06:56  pts/0 31182 00:00:00 Malicious_ps_in
2018-12-20__12:06:56  pts/0 31183 00:00:00 Malicious_ps_in
2018-12-20__12:06:56  pts/0 31184 00:00:00 ps
2018-12-20__12:06:56  pts/0 31185 00:00:00 awk
2018-12-20__12:07:31  TTY PID TIME CMD
2018-12-20__12:07:31  pts/0 22500 00:00:01 Server
2018-12-20__12:07:31  pts/0 31707 00:00:00 sh
2018-12-20__12:07:31  pts/0 31708 00:00:00 Malicious_ps_in
2018-12-20__12:07:31  pts/0 31709 00:00:00 ps
2018-12-20__12:07:31  pts/0 31710 00:00:00 Malicious_ps_in
2018-12-20__12:07:31  pts/0 31711 00:00:00 Malicious_ps_in
2018-12-20__12:07:31  pts/0 31712 00:00:00 ps
2018-12-20__12:07:31  pts/0 31713 00:00:00 awk
2018-12-20__12:08:06  TTY PID TIME CMD
2018-12-20__12:08:06  pts/0 22500 00:00:01 Server
2018-12-20__12:08:06  pts/0 32314 00:00:00 sh
2018-12-20__12:08:06  pts/0 32315 00:00:00 Malicious_ps_in
2018-12-20__12:08:06  pts/0 32316 00:00:00 ps
2018-12-20__12:08:06  pts/0 32317 00:00:00 Malicious_ps_in
2018-12-20__12:08:06  pts/0 32318 00:00:00 Malicious_ps_in
2018-12-20__12:08:06  pts/0 32319 00:00:00 ps
2018-12-20__12:08:06  pts/0 32320 00:00:00 awk
2018-12-20__12:08:41  TTY PID TIME CMD
2018-12-20__12:08:41  pts/0 443 00:00:00 sh
2018-12-20__12:08:41  pts/0 444 00:00:00 Malicious_ps_in
2018-12-20__12:08:41  pts/0 445 00:00:00 ps
2018-12-20__12:08:41  pts/0 446 00:00:00 Malicious_ps_in
2018-12-20__12:08:41  pts/0 447 00:00:00 Malicious_ps_in
2018-12-20__12:08:41  pts/0 448 00:00:00 ps
2018-12-20__12:08:41  pts/0 449 00:00:00 awk
2018-12-20__12:08:41  pts/0 22500 00:00:01 Server
2018-12-20__12:09:16  TTY PID TIME CMD
2018-12-20__12:09:16  pts/0 914 00:00:00 sh
2018-12-20__12:09:16  pts/0 915 00:00:00 Malicious_ps_in
2018-12-20__12:09:16  pts/0 916 00:00:00 ps
2018-12-20__12:09:16  pts/0 919 00:00:00 Malicious_ps_in
2018-12-20__12:09:16  pts/0 920 00:00:00 Malicious_ps_in
2018-12-20__12:09:16  pts/0 921 00:00:00 ps
2018-12-20__12:09:16  pts/0 922 00:00:00 awk
2018-12-20__12:09:16  pts/0 22500 00:00:01 Server
2018-12-20__12:09:51  TTY PID TIME CMD
2018-12-20__12:09:51  pts/0 1472 00:00:00 sh
2018-12-20__12:09:51  pts/0 1473 00:00:00 Malicious_ps_in
2018-12-20__12:09:51  pts/0 1474 00:00:00 ps
2018-12-20__12:09:51  pts/0 1475 00:00:00 Malicious_ps_in
2018-12-20__12:09:51  pts/0 1476 00:00:00 Malicious_ps_in
2018-12-20__12:09:51  pts/0 1477 00:00:00 ps
2018-12-20__12:09:51  pts/0 1478 00:00:00 awk
2018-12-20__12:09:51  pts/0 22500 00:00:01 Server
2018-12-20__12:10:26  TTY PID TIME CMD
2018-12-20__12:10:26  pts/0 1997 00:00:00 sh
2018-12-20__12:10:26  pts/0 1998 00:00:00 CPU_info.sh
2018-12-20__12:10:26  pts/0 2026 00:00:00 sh
2018-12-20__12:10:26  pts/0 2027 00:00:00 Malicious_ps_in
2018-12-20__12:10:26  pts/0 2028 00:00:00 ps
2018-12-20__12:10:26  pts/0 2029 00:00:00 Malicious_ps_in
2018-12-20__12:10:26  pts/0 2030 00:00:00 Malicious_ps_in
2018-12-20__12:10:26  pts/0 2031 00:00:00 ps
2018-12-20__12:10:26  pts/0 2032 00:00:00 awk
2018-12-20__12:10:26  pts/0 22500 00:00:01 Server
2018-12-20__12:11:01  TTY PID TIME CMD
2018-12-20__12:11:01  pts/0 2624 00:00:00 sh
2018-12-20__12:11:01  pts/0 2625 00:00:00 Malicious_ps_in
2018-12-20__12:11:01  pts/0 2626 00:00:00 ps
2018-12-20__12:11:01  pts/0 2627 00:00:00 Malicious_ps_in
2018-12-20__12:11:01  pts/0 2628 00:00:00 Malicious_ps_in
2018-12-20__12:11:01  pts/0 2629 00:00:00 ps
2018-12-20__12:11:01  pts/0 2630 00:00:00 awk
2018-12-20__12:11:01  pts/0 22500 00:00:01 Server
2018-12-20__12:11:36  TTY PID TIME CMD
2018-12-20__12:11:36  pts/0 3208 00:00:00 sh
2018-12-20__12:11:36  pts/0 3209 00:00:00 Malicious_ps_in
2018-12-20__12:11:36  pts/0 3210 00:00:00 ps
2018-12-20__12:11:36  pts/0 3211 00:00:00 Malicious_ps_in
2018-12-20__12:11:36  pts/0 3212 00:00:00 Malicious_ps_in
2018-12-20__12:11:36  pts/0 3213 00:00:00 ps
2018-12-20__12:11:36  pts/0 3214 00:00:00 awk
2018-12-20__12:11:36  pts/0 22500 00:00:01 Server
2018-12-20__12:12:12  TTY PID TIME CMD
2018-12-20__12:12:12  pts/0 3727 00:00:00 sh
2018-12-20__12:12:12  pts/0 3728 00:00:00 Malicious_ps_in
2018-12-20__12:12:12  pts/0 3729 00:00:00 ps
2018-12-20__12:12:12  pts/0 3730 00:00:00 Malicious_ps_in
2018-12-20__12:12:12  pts/0 3731 00:00:00 Malicious_ps_in
2018-12-20__12:12:12  pts/0 3732 00:00:00 ps
2018-12-20__12:12:12  pts/0 3733 00:00:00 awk
2018-12-20__12:12:12  pts/0 22500 00:00:01 Server
2018-12-20__12:12:47  TTY PID TIME CMD
2018-12-20__12:12:47  pts/0 4311 00:00:00 sh
2018-12-20__12:12:47  pts/0 4312 00:00:00 CPU_info.sh
2018-12-20__12:12:47  pts/0 4330 00:00:00 sleep
2018-12-20__12:12:47  pts/0 4331 00:00:00 sh
2018-12-20__12:12:47  pts/0 4332 00:00:00 Malicious_ps_in
2018-12-20__12:12:47  pts/0 4333 00:00:00 getLogHeadInfo.
2018-12-20__12:12:47  pts/0 4334 00:00:00 ps
2018-12-20__12:12:47  pts/0 4335 00:00:00 Malicious_ps_in
2018-12-20__12:12:47  pts/0 4336 00:00:00 Malicious_ps_in
2018-12-20__12:12:47  pts/0 4337 00:00:00 ps
2018-12-20__12:12:47  pts/0 4338 00:00:00 awk
2018-12-20__12:12:47  pts/0 22500 00:00:01 Server
2018-12-20__12:13:22  TTY PID TIME CMD
2018-12-20__12:13:22  pts/0 4874 00:00:00 sh
2018-12-20__12:13:22  pts/0 4875 00:00:00 Malicious_ps_in
2018-12-20__12:13:22  pts/0 4876 00:00:00 ps
2018-12-20__12:13:22  pts/0 4877 00:00:00 Malicious_ps_in
2018-12-20__12:13:22  pts/0 4879 00:00:00 Malicious_ps_in
2018-12-20__12:13:22  pts/0 4880 00:00:00 ps
2018-12-20__12:13:22  pts/0 4881 00:00:00 awk
2018-12-20__12:13:22  pts/0 22500 00:00:01 Server
2018-12-20__12:13:57  TTY PID TIME CMD
2018-12-20__12:13:57  pts/0 5451 00:00:00 sh
2018-12-20__12:13:57  pts/0 5452 00:00:00 Malicious_ps_in
2018-12-20__12:13:57  pts/0 5453 00:00:00 ps
2018-12-20__12:13:57  pts/0 5454 00:00:00 Malicious_ps_in
2018-12-20__12:13:57  pts/0 5455 00:00:00 Malicious_ps_in
2018-12-20__12:13:57  pts/0 5456 00:00:00 ps
2018-12-20__12:13:57  pts/0 5457 00:00:00 awk
2018-12-20__12:13:57  pts/0 22500 00:00:01 Server
2018-12-20__12:14:32  TTY PID TIME CMD
2018-12-20__12:14:32  pts/0 5979 00:00:00 sh
2018-12-20__12:14:32  pts/0 5980 00:00:00 Malicious_ps_in
2018-12-20__12:14:32  pts/0 5981 00:00:00 ps
2018-12-20__12:14:32  pts/0 5982 00:00:00 Malicious_ps_in
2018-12-20__12:14:32  pts/0 5983 00:00:00 Malicious_ps_in
2018-12-20__12:14:32  pts/0 5984 00:00:00 ps
2018-12-20__12:14:32  pts/0 5985 00:00:00 awk
2018-12-20__12:14:32  pts/0 22500 00:00:01 Server
2018-12-20__12:15:07  TTY PID TIME CMD
2018-12-20__12:15:07  pts/0 6564 00:00:00 sh
2018-12-20__12:15:07  pts/0 6568 00:00:00 Malicious_ps_in
2018-12-20__12:15:07  pts/0 6572 00:00:00 ps
2018-12-20__12:15:07  pts/0 6573 00:00:00 Malicious_ps_in
2018-12-20__12:15:07  pts/0 6574 00:00:00 Malicious_ps_in
2018-12-20__12:15:07  pts/0 6575 00:00:00 ps
2018-12-20__12:15:07  pts/0 6576 00:00:00 awk
2018-12-20__12:15:07  pts/0 22500 00:00:01 Server
2018-12-20__12:15:42  TTY PID TIME CMD
2018-12-20__12:15:42  pts/0 7201 00:00:00 sh
2018-12-20__12:15:42  pts/0 7202 00:00:00 Malicious_ps_in
2018-12-20__12:15:42  pts/0 7203 00:00:00 ps
2018-12-20__12:15:42  pts/0 7204 00:00:00 Malicious_ps_in
2018-12-20__12:15:42  pts/0 7205 00:00:00 Malicious_ps_in
2018-12-20__12:15:42  pts/0 7206 00:00:00 ps
2018-12-20__12:15:42  pts/0 7207 00:00:00 awk
2018-12-20__12:15:42  pts/0 22500 00:00:01 Server
2018-12-20__12:16:17  TTY PID TIME CMD
2018-12-20__12:16:17  pts/0 7700 00:00:00 sh
2018-12-20__12:16:17  pts/0 7701 00:00:00 Malicious_ps_in
2018-12-20__12:16:17  pts/0 7702 00:00:00 ps
2018-12-20__12:16:17  pts/0 7703 00:00:00 Malicious_ps_in
2018-12-20__12:16:17  pts/0 7704 00:00:00 Malicious_ps_in
2018-12-20__12:16:17  pts/0 7705 00:00:00 ps
2018-12-20__12:16:17  pts/0 7706 00:00:00 awk
2018-12-20__12:16:17  pts/0 22500 00:00:01 Server
2018-12-20__12:16:52  TTY PID TIME CMD
2018-12-20__12:16:52  pts/0 8234 00:00:00 sh
2018-12-20__12:16:52  pts/0 8235 00:00:00 Malicious_ps_in
2018-12-20__12:16:52  pts/0 8236 00:00:00 ps
2018-12-20__12:16:52  pts/0 8237 00:00:00 Malicious_ps_in
2018-12-20__12:16:52  pts/0 8238 00:00:00 Malicious_ps_in
2018-12-20__12:16:52  pts/0 8239 00:00:00 ps
2018-12-20__12:16:52  pts/0 8240 00:00:00 awk
2018-12-20__12:16:52  pts/0 22500 00:00:01 Server
2018-12-20__12:17:27  TTY PID TIME CMD
2018-12-20__12:17:27  pts/0 8770 00:00:00 sh
2018-12-20__12:17:27  pts/0 8771 00:00:00 Malicious_ps_in
2018-12-20__12:17:27  pts/0 8772 00:00:00 ps
2018-12-20__12:17:27  pts/0 8773 00:00:00 Malicious_ps_in
2018-12-20__12:17:27  pts/0 8774 00:00:00 Malicious_ps_in
2018-12-20__12:17:27  pts/0 8775 00:00:00 ps
2018-12-20__12:17:27  pts/0 8776 00:00:00 awk
2018-12-20__12:17:27  pts/0 22500 00:00:02 Server
2018-12-20__12:18:02  TTY PID TIME CMD
2018-12-20__12:18:02  pts/0 9398 00:00:00 sh
2018-12-20__12:18:02  pts/0 9399 00:00:00 Malicious_ps_in
2018-12-20__12:18:02  pts/0 9400 00:00:00 ps
2018-12-20__12:18:02  pts/0 9401 00:00:00 Malicious_ps_in
2018-12-20__12:18:02  pts/0 9402 00:00:00 Malicious_ps_in
2018-12-20__12:18:02  pts/0 9403 00:00:00 ps
2018-12-20__12:18:02  pts/0 9404 00:00:00 awk
2018-12-20__12:18:02  pts/0 22500 00:00:02 Server
2018-12-20__12:18:38  TTY PID TIME CMD
2018-12-20__12:18:38  pts/0 9982 00:00:00 sh
2018-12-20__12:18:38  pts/0 9983 00:00:00 Malicious_ps_in
2018-12-20__12:18:38  pts/0 9984 00:00:00 ps
2018-12-20__12:18:38  pts/0 9985 00:00:00 Malicious_ps_in
2018-12-20__12:18:38  pts/0 9986 00:00:00 Malicious_ps_in
2018-12-20__12:18:38  pts/0 9987 00:00:00 ps
2018-12-20__12:18:38  pts/0 9988 00:00:00 awk
2018-12-20__12:18:38  pts/0 22500 00:00:02 Server
2018-12-20__12:19:13  TTY PID TIME CMD
2018-12-20__12:19:13  pts/0 10450 00:00:00 sh
2018-12-20__12:19:13  pts/0 10451 00:00:00 Malicious_ps_in
2018-12-20__12:19:13  pts/0 10452 00:00:00 ps
2018-12-20__12:19:13  pts/0 10453 00:00:00 Malicious_ps_in
2018-12-20__12:19:13  pts/0 10454 00:00:00 Malicious_ps_in
2018-12-20__12:19:13  pts/0 10455 00:00:00 ps
2018-12-20__12:19:13  pts/0 10456 00:00:00 awk
2018-12-20__12:19:13  pts/0 22500 00:00:02 Server
2018-12-20__12:19:48  TTY PID TIME CMD
2018-12-20__12:19:48  pts/0 11005 00:00:00 sh
2018-12-20__12:19:48  pts/0 11006 00:00:00 Malicious_ps_in
2018-12-20__12:19:48  pts/0 11007 00:00:00 ps
2018-12-20__12:19:48  pts/0 11008 00:00:00 Malicious_ps_in
2018-12-20__12:19:48  pts/0 11009 00:00:00 Malicious_ps_in
2018-12-20__12:19:48  pts/0 11010 00:00:00 ps
2018-12-20__12:19:48  pts/0 11011 00:00:00 awk
2018-12-20__12:19:48  pts/0 22500 00:00:02 Server
2018-12-20__12:20:23  TTY PID TIME CMD
2018-12-20__12:20:23  pts/0 11547 00:00:00 sh
2018-12-20__12:20:23  pts/0 11548 00:00:00 CPU_info.sh
2018-12-20__12:20:23  pts/0 11565 00:00:00 sleep
2018-12-20__12:20:23  pts/0 11566 00:00:00 sh
2018-12-20__12:20:23  pts/0 11567 00:00:00 Malicious_ps_in
2018-12-20__12:20:23  pts/0 11568 00:00:00 ps
2018-12-20__12:20:23  pts/0 11569 00:00:00 Malicious_ps_in
2018-12-20__12:20:23  pts/0 11570 00:00:00 Malicious_ps_in
2018-12-20__12:20:23  pts/0 11571 00:00:00 ps
2018-12-20__12:20:23  pts/0 11572 00:00:00 awk
2018-12-20__12:20:23  pts/0 22500 00:00:02 Server
2018-12-20__12:20:58  TTY PID TIME CMD
2018-12-20__12:20:58  pts/0 12163 00:00:00 sh
2018-12-20__12:20:58  pts/0 12164 00:00:00 Malicious_ps_in
2018-12-20__12:20:58  pts/0 12165 00:00:00 ps
2018-12-20__12:20:58  pts/0 12166 00:00:00 Malicious_ps_in
2018-12-20__12:20:58  pts/0 12167 00:00:00 Malicious_ps_in
2018-12-20__12:20:58  pts/0 12168 00:00:00 ps
2018-12-20__12:20:58  pts/0 12169 00:00:00 awk
2018-12-20__12:20:58  pts/0 22500 00:00:02 Server
2018-12-20__12:21:33  TTY PID TIME CMD
2018-12-20__12:21:33  pts/0 12691 00:00:00 sh
2018-12-20__12:21:33  pts/0 12692 00:00:00 Malicious_ps_in
2018-12-20__12:21:33  pts/0 12693 00:00:00 ps
2018-12-20__12:21:33  pts/0 12694 00:00:00 Malicious_ps_in
2018-12-20__12:21:33  pts/0 12695 00:00:00 Malicious_ps_in
2018-12-20__12:21:33  pts/0 12696 00:00:00 ps
2018-12-20__12:21:33  pts/0 12697 00:00:00 awk
2018-12-20__12:21:33  pts/0 22500 00:00:02 Server
2018-12-20__12:22:08  TTY PID TIME CMD
2018-12-20__12:22:08  pts/0 13272 00:00:00 sh
2018-12-20__12:22:08  pts/0 13276 00:00:00 Malicious_ps_in
2018-12-20__12:22:08  pts/0 13277 00:00:00 ps
2018-12-20__12:22:08  pts/0 13278 00:00:00 Malicious_ps_in
2018-12-20__12:22:08  pts/0 13279 00:00:00 Malicious_ps_in
2018-12-20__12:22:08  pts/0 13280 00:00:00 ps
2018-12-20__12:22:08  pts/0 13281 00:00:00 awk
2018-12-20__12:22:08  pts/0 22500 00:00:02 Server
2018-12-20__12:22:43  TTY PID TIME CMD
2018-12-20__12:22:43  pts/0 13839 00:00:00 sh
2018-12-20__12:22:43  pts/0 13840 00:00:00 Malicious_ps_in
2018-12-20__12:22:43  pts/0 13841 00:00:00 ps
2018-12-20__12:22:43  pts/0 13842 00:00:00 Malicious_ps_in
2018-12-20__12:22:43  pts/0 13843 00:00:00 Malicious_ps_in
2018-12-20__12:22:43  pts/0 13844 00:00:00 ps
2018-12-20__12:22:43  pts/0 13845 00:00:00 awk
2018-12-20__12:22:43  pts/0 22500 00:00:02 Server
2018-12-20__12:23:18  TTY PID TIME CMD
2018-12-20__12:23:18  pts/0 14400 00:00:00 sh
2018-12-20__12:23:18  pts/0 14401 00:00:00 Malicious_ps_in
2018-12-20__12:23:18  pts/0 14402 00:00:00 ps
2018-12-20__12:23:18  pts/0 14403 00:00:00 Malicious_ps_in
2018-12-20__12:23:18  pts/0 14404 00:00:00 Malicious_ps_in
2018-12-20__12:23:18  pts/0 14405 00:00:00 ps
2018-12-20__12:23:18  pts/0 14406 00:00:00 awk
2018-12-20__12:23:18  pts/0 22500 00:00:02 Server
2018-12-20__12:23:53  TTY PID TIME CMD
2018-12-20__12:23:53  pts/0 14994 00:00:00 sh
2018-12-20__12:23:53  pts/0 14995 00:00:00 Malicious_ps_in
2018-12-20__12:23:53  pts/0 14996 00:00:00 ps
2018-12-20__12:23:53  pts/0 14997 00:00:00 Malicious_ps_in
2018-12-20__12:23:53  pts/0 14998 00:00:00 Malicious_ps_in
2018-12-20__12:23:53  pts/0 14999 00:00:00 ps
2018-12-20__12:23:53  pts/0 15000 00:00:00 awk
2018-12-20__12:23:53  pts/0 22500 00:00:02 Server
2018-12-20__12:24:28  TTY PID TIME CMD
2018-12-20__12:24:28  pts/0 15504 00:00:00 sh
2018-12-20__12:24:28  pts/0 15505 00:00:00 Malicious_ps_in
2018-12-20__12:24:28  pts/0 15506 00:00:00 ps
2018-12-20__12:24:28  pts/0 15507 00:00:00 Malicious_ps_in
2018-12-20__12:24:28  pts/0 15508 00:00:00 Malicious_ps_in
2018-12-20__12:24:28  pts/0 15509 00:00:00 ps
2018-12-20__12:24:28  pts/0 15510 00:00:00 awk
2018-12-20__12:24:28  pts/0 22500 00:00:02 Server
2018-12-20__12:25:03  TTY PID TIME CMD
2018-12-20__12:25:03  pts/0 16098 00:00:00 sh
2018-12-20__12:25:03  pts/0 16099 00:00:00 Malicious_ps_in
2018-12-20__12:25:03  pts/0 16100 00:00:00 ps
2018-12-20__12:25:03  pts/0 16101 00:00:00 Malicious_ps_in
2018-12-20__12:25:03  pts/0 16102 00:00:00 Malicious_ps_in
2018-12-20__12:25:03  pts/0 16103 00:00:00 ps
2018-12-20__12:25:03  pts/0 16104 00:00:00 awk
2018-12-20__12:25:03  pts/0 22500 00:00:02 Server
2018-12-20__12:25:39  TTY PID TIME CMD
2018-12-20__12:25:39  pts/0 16738 00:00:00 sh
2018-12-20__12:25:39  pts/0 16739 00:00:00 Malicious_ps_in
2018-12-20__12:25:39  pts/0 16740 00:00:00 ps
2018-12-20__12:25:39  pts/0 16741 00:00:00 Malicious_ps_in
2018-12-20__12:25:39  pts/0 16742 00:00:00 Malicious_ps_in
2018-12-20__12:25:39  pts/0 16743 00:00:00 ps
2018-12-20__12:25:39  pts/0 16744 00:00:00 awk
2018-12-20__12:25:39  pts/0 22500 00:00:02 Server
2018-12-20__12:26:14  TTY PID TIME CMD
2018-12-20__12:26:14  pts/0 17266 00:00:00 sh
2018-12-20__12:26:14  pts/0 17268 00:00:00 Malicious_ps_in
2018-12-20__12:26:14  pts/0 17269 00:00:00 ps
2018-12-20__12:26:14  pts/0 17270 00:00:00 Malicious_ps_in
2018-12-20__12:26:14  pts/0 17271 00:00:00 Malicious_ps_in
2018-12-20__12:26:14  pts/0 17272 00:00:00 ps
2018-12-20__12:26:14  pts/0 17273 00:00:00 awk
2018-12-20__12:26:14  pts/0 22500 00:00:02 Server
2018-12-20__12:26:49  TTY PID TIME CMD
2018-12-20__12:26:49  pts/0 17830 00:00:00 sh
2018-12-20__12:26:49  pts/0 17831 00:00:00 Malicious_ps_in
2018-12-20__12:26:49  pts/0 17832 00:00:00 ps
2018-12-20__12:26:49  pts/0 17833 00:00:00 Malicious_ps_in
2018-12-20__12:26:49  pts/0 17834 00:00:00 Malicious_ps_in
2018-12-20__12:26:49  pts/0 17835 00:00:00 ps
2018-12-20__12:26:49  pts/0 17836 00:00:00 awk
2018-12-20__12:26:49  pts/0 22500 00:00:03 Server
2018-12-20__12:27:24  TTY PID TIME CMD
2018-12-20__12:27:24  pts/0 18336 00:00:00 sh
2018-12-20__12:27:24  pts/0 18337 00:00:00 Malicious_ps_in
2018-12-20__12:27:24  pts/0 18338 00:00:00 ps
2018-12-20__12:27:24  pts/0 18339 00:00:00 Malicious_ps_in
2018-12-20__12:27:24  pts/0 18340 00:00:00 Malicious_ps_in
2018-12-20__12:27:24  pts/0 18341 00:00:00 ps
2018-12-20__12:27:24  pts/0 18342 00:00:00 awk
2018-12-20__12:27:24  pts/0 22500 00:00:03 Server
2018-12-20__12:27:59  TTY PID TIME CMD
2018-12-20__12:27:59  pts/0 18880 00:00:00 sh
2018-12-20__12:27:59  pts/0 18881 00:00:00 CPU_info.sh
2018-12-20__12:27:59  pts/0 18898 00:00:00 sleep
2018-12-20__12:27:59  pts/0 18899 00:00:00 sh
2018-12-20__12:27:59  pts/0 18900 00:00:00 Malicious_ps_in
2018-12-20__12:27:59  pts/0 18901 00:00:00 ps
2018-12-20__12:27:59  pts/0 18902 00:00:00 Malicious_ps_in
2018-12-20__12:27:59  pts/0 18903 00:00:00 Malicious_ps_in
2018-12-20__12:27:59  pts/0 18904 00:00:00 ps
2018-12-20__12:27:59  pts/0 18905 00:00:00 awk
2018-12-20__12:27:59  pts/0 22500 00:00:03 Server
2018-12-20__12:28:34  TTY PID TIME CMD
2018-12-20__12:28:34  pts/0 19441 00:00:00 sh
2018-12-20__12:28:34  pts/0 19442 00:00:00 Malicious_ps_in
2018-12-20__12:28:34  pts/0 19443 00:00:00 ps
2018-12-20__12:28:34  pts/0 19444 00:00:00 Malicious_ps_in
2018-12-20__12:28:34  pts/0 19445 00:00:00 Malicious_ps_in
2018-12-20__12:28:34  pts/0 19446 00:00:00 ps
2018-12-20__12:28:34  pts/0 19447 00:00:00 awk
2018-12-20__12:28:34  pts/0 22500 00:00:03 Server
2018-12-20__12:29:09  TTY PID TIME CMD
2018-12-20__12:29:09  pts/0 20015 00:00:00 sh
2018-12-20__12:29:09  pts/0 20016 00:00:00 Malicious_ps_in
2018-12-20__12:29:09  pts/0 20017 00:00:00 ps
2018-12-20__12:29:09  pts/0 20018 00:00:00 Malicious_ps_in
2018-12-20__12:29:09  pts/0 20019 00:00:00 Malicious_ps_in
2018-12-20__12:29:09  pts/0 20020 00:00:00 ps
2018-12-20__12:29:09  pts/0 20021 00:00:00 awk
2018-12-20__12:29:09  pts/0 22500 00:00:03 Server
2018-12-20__12:29:44  TTY PID TIME CMD
2018-12-20__12:29:44  pts/0 20590 00:00:00 sh
2018-12-20__12:29:44  pts/0 20591 00:00:00 Malicious_ps_in
2018-12-20__12:29:44  pts/0 20592 00:00:00 ps
2018-12-20__12:29:44  pts/0 20593 00:00:00 Malicious_ps_in
2018-12-20__12:29:44  pts/0 20594 00:00:00 Malicious_ps_in
2018-12-20__12:29:44  pts/0 20595 00:00:00 ps
2018-12-20__12:29:44  pts/0 20596 00:00:00 awk
2018-12-20__12:29:44  pts/0 22500 00:00:03 Server
2018-12-20__12:30:19  TTY PID TIME CMD
2018-12-20__12:30:19  pts/0 21092 00:00:00 sh
2018-12-20__12:30:19  pts/0 21093 00:00:00 CPU_info.sh
2018-12-20__12:30:19  pts/0 21110 00:00:00 sleep
2018-12-20__12:30:19  pts/0 21111 00:00:00 sh
2018-12-20__12:30:19  pts/0 21112 00:00:00 Malicious_ps_in
2018-12-20__12:30:19  pts/0 21113 00:00:00 ps
2018-12-20__12:30:19  pts/0 21114 00:00:00 Malicious_ps_in
2018-12-20__12:30:19  pts/0 21115 00:00:00 Malicious_ps_in
2018-12-20__12:30:19  pts/0 21116 00:00:00 ps
2018-12-20__12:30:19  pts/0 21117 00:00:00 awk
2018-12-20__12:30:19  pts/0 22500 00:00:03 Server
2018-12-20__12:30:54  TTY PID TIME CMD
2018-12-20__12:30:54  pts/0 21660 00:00:00 sh
2018-12-20__12:30:54  pts/0 21661 00:00:00 Malicious_ps_in
2018-12-20__12:30:54  pts/0 21662 00:00:00 ps
2018-12-20__12:30:54  pts/0 21663 00:00:00 Malicious_ps_in
2018-12-20__12:30:54  pts/0 21664 00:00:00 Malicious_ps_in
2018-12-20__12:30:54  pts/0 21665 00:00:00 ps
2018-12-20__12:30:54  pts/0 21666 00:00:00 awk
2018-12-20__12:30:54  pts/0 22500 00:00:03 Server
2018-12-20__12:31:29  TTY PID TIME CMD
2018-12-20__12:31:29  pts/0 22178 00:00:00 sh
2018-12-20__12:31:29  pts/0 22179 00:00:00 Malicious_ps_in
2018-12-20__12:31:29  pts/0 22180 00:00:00 ps
2018-12-20__12:31:29  pts/0 22181 00:00:00 Malicious_ps_in
2018-12-20__12:31:29  pts/0 22182 00:00:00 Malicious_ps_in
2018-12-20__12:31:29  pts/0 22183 00:00:00 ps
2018-12-20__12:31:29  pts/0 22184 00:00:00 awk
2018-12-20__12:31:29  pts/0 22500 00:00:03 Server
2018-12-20__12:32:05  TTY PID TIME CMD
2018-12-20__12:32:05  pts/0 22500 00:00:03 Server
2018-12-20__12:32:05  pts/0 22781 00:00:00 sh
2018-12-20__12:32:05  pts/0 22782 00:00:00 Malicious_ps_in
2018-12-20__12:32:05  pts/0 22783 00:00:00 ps
2018-12-20__12:32:05  pts/0 22784 00:00:00 Malicious_ps_in
2018-12-20__12:32:05  pts/0 22785 00:00:00 Malicious_ps_in
2018-12-20__12:32:05  pts/0 22786 00:00:00 ps
2018-12-20__12:32:05  pts/0 22787 00:00:00 awk
2018-12-20__12:32:40  TTY PID TIME CMD
2018-12-20__12:32:40  pts/0 22500 00:00:03 Server
2018-12-20__12:32:40  pts/0 23325 00:00:00 sh
2018-12-20__12:32:40  pts/0 23326 00:00:00 Malicious_ps_in
2018-12-20__12:32:40  pts/0 23327 00:00:00 ps
2018-12-20__12:32:40  pts/0 23328 00:00:00 Malicious_ps_in
2018-12-20__12:32:40  pts/0 23329 00:00:00 Malicious_ps_in
2018-12-20__12:32:40  pts/0 23330 00:00:00 ps
2018-12-20__12:32:40  pts/0 23331 00:00:00 awk
2018-12-20__12:33:15  TTY PID TIME CMD
2018-12-20__12:33:15  pts/0 22500 00:00:03 Server
2018-12-20__12:33:15  pts/0 23807 00:00:00 sh
2018-12-20__12:33:15  pts/0 23808 00:00:00 Malicious_ps_in
2018-12-20__12:33:15  pts/0 23809 00:00:00 ps
2018-12-20__12:33:15  pts/0 23810 00:00:00 Malicious_ps_in
2018-12-20__12:33:15  pts/0 23811 00:00:00 Malicious_ps_in
2018-12-20__12:33:15  pts/0 23812 00:00:00 ps
2018-12-20__12:33:15  pts/0 23813 00:00:00 awk
2018-12-20__12:33:50  TTY PID TIME CMD
2018-12-20__12:33:50  pts/0 22500 00:00:03 Server
2018-12-20__12:33:50  pts/0 24385 00:00:00 sh
2018-12-20__12:33:50  pts/0 24390 00:00:00 Malicious_ps_in
2018-12-20__12:33:50  pts/0 24391 00:00:00 ps
2018-12-20__12:33:50  pts/0 24392 00:00:00 Malicious_ps_in
2018-12-20__12:33:50  pts/0 24393 00:00:00 Malicious_ps_in
2018-12-20__12:33:50  pts/0 24394 00:00:00 ps
2018-12-20__12:33:50  pts/0 24395 00:00:00 awk
2018-12-20__12:34:25  TTY PID TIME CMD
2018-12-20__12:34:25  pts/0 22500 00:00:03 Server
2018-12-20__12:34:25  pts/0 24871 00:00:00 sh
2018-12-20__12:34:25  pts/0 24872 00:00:00 Malicious_ps_in
2018-12-20__12:34:25  pts/0 24873 00:00:00 ps
2018-12-20__12:34:25  pts/0 24874 00:00:00 Malicious_ps_in
2018-12-20__12:34:25  pts/0 24875 00:00:00 Malicious_ps_in
2018-12-20__12:34:25  pts/0 24876 00:00:00 ps
2018-12-20__12:34:25  pts/0 24877 00:00:00 awk
2018-12-20__12:35:00  TTY PID TIME CMD
2018-12-20__12:35:00  pts/0 22500 00:00:03 Server
2018-12-20__12:35:00  pts/0 25386 00:00:00 sh
2018-12-20__12:35:00  pts/0 25387 00:00:00 Malicious_ps_in
2018-12-20__12:35:00  pts/0 25388 00:00:00 ps
2018-12-20__12:35:00  pts/0 25389 00:00:00 Malicious_ps_in
2018-12-20__12:35:00  pts/0 25390 00:00:00 Malicious_ps_in
2018-12-20__12:35:00  pts/0 25391 00:00:00 ps
2018-12-20__12:35:00  pts/0 25392 00:00:00 awk
2018-12-20__12:35:35  TTY PID TIME CMD
2018-12-20__12:35:35  pts/0 22500 00:00:03 Server
2018-12-20__12:35:35  pts/0 25890 00:00:00 sh
2018-12-20__12:35:35  pts/0 25895 00:00:00 Malicious_ps_in
2018-12-20__12:35:35  pts/0 25896 00:00:00 ps
2018-12-20__12:35:35  pts/0 25897 00:00:00 Malicious_ps_in
2018-12-20__12:35:35  pts/0 25899 00:00:00 Malicious_ps_in
2018-12-20__12:35:35  pts/0 25902 00:00:00 ps
2018-12-20__12:35:35  pts/0 25903 00:00:00 awk
2018-12-20__12:36:10  TTY PID TIME CMD
2018-12-20__12:36:10  pts/0 22500 00:00:03 Server
2018-12-20__12:36:10  pts/0 26465 00:00:00 sh
2018-12-20__12:36:10  pts/0 26466 00:00:00 Malicious_ps_in
2018-12-20__12:36:10  pts/0 26468 00:00:00 ps
2018-12-20__12:36:10  pts/0 26469 00:00:00 Malicious_ps_in
2018-12-20__12:36:10  pts/0 26470 00:00:00 Malicious_ps_in
2018-12-20__12:36:10  pts/0 26473 00:00:00 ps
2018-12-20__12:36:10  pts/0 26475 00:00:00 awk
2018-12-20__12:36:45  TTY PID TIME CMD
2018-12-20__12:36:45  pts/0 22500 00:00:04 Server
2018-12-20__12:36:45  pts/0 27059 00:00:00 sh
2018-12-20__12:36:45  pts/0 27060 00:00:00 Malicious_ps_in
2018-12-20__12:36:45  pts/0 27061 00:00:00 ps
2018-12-20__12:36:45  pts/0 27062 00:00:00 Malicious_ps_in
2018-12-20__12:36:45  pts/0 27063 00:00:00 Malicious_ps_in
2018-12-20__12:36:45  pts/0 27064 00:00:00 ps
2018-12-20__12:36:45  pts/0 27065 00:00:00 awk
2018-12-20__12:37:20  TTY PID TIME CMD
2018-12-20__12:37:20  pts/0 22500 00:00:04 Server
2018-12-20__12:37:20  pts/0 27578 00:00:00 sh
2018-12-20__12:37:20  pts/0 27579 00:00:00 Malicious_ps_in
2018-12-20__12:37:20  pts/0 27580 00:00:00 ps
2018-12-20__12:37:20  pts/0 27581 00:00:00 Malicious_ps_in
2018-12-20__12:37:20  pts/0 27582 00:00:00 Malicious_ps_in
2018-12-20__12:37:20  pts/0 27583 00:00:00 ps
2018-12-20__12:37:20  pts/0 27584 00:00:00 awk
2018-12-20__12:37:55  TTY PID TIME CMD
2018-12-20__12:37:55  pts/0 22500 00:00:04 Server
2018-12-20__12:37:55  pts/0 28160 00:00:00 sh
2018-12-20__12:37:55  pts/0 28161 00:00:00 CPU_info.sh
2018-12-20__12:37:55  pts/0 28178 00:00:00 sleep
2018-12-20__12:37:55  pts/0 28179 00:00:00 sh
2018-12-20__12:37:55  pts/0 28180 00:00:00 Malicious_ps_in
2018-12-20__12:37:55  pts/0 28181 00:00:00 ps
2018-12-20__12:37:55  pts/0 28182 00:00:00 Malicious_ps_in
2018-12-20__12:37:55  pts/0 28183 00:00:00 Malicious_ps_in
2018-12-20__12:37:55  pts/0 28184 00:00:00 ps
2018-12-20__12:37:55  pts/0 28185 00:00:00 awk
2018-12-20__12:38:31  TTY PID TIME CMD
2018-12-20__12:38:31  pts/0 22500 00:00:04 Server
2018-12-20__12:38:31  pts/0 28721 00:00:00 sh
2018-12-20__12:38:31  pts/0 28722 00:00:00 Malicious_ps_in
2018-12-20__12:38:31  pts/0 28723 00:00:00 ps
2018-12-20__12:38:31  pts/0 28724 00:00:00 Malicious_ps_in
2018-12-20__12:38:31  pts/0 28725 00:00:00 Malicious_ps_in
2018-12-20__12:38:31  pts/0 28726 00:00:00 ps
2018-12-20__12:38:31  pts/0 28727 00:00:00 awk
2018-12-20__12:39:06  TTY PID TIME CMD
2018-12-20__12:39:06  pts/0 22500 00:00:04 Server
2018-12-20__12:39:06  pts/0 29295 00:00:00 sh
2018-12-20__12:39:06  pts/0 29296 00:00:00 Malicious_ps_in
2018-12-20__12:39:06  pts/0 29297 00:00:00 ps
2018-12-20__12:39:06  pts/0 29298 00:00:00 Malicious_ps_in
2018-12-20__12:39:06  pts/0 29299 00:00:00 Malicious_ps_in
2018-12-20__12:39:06  pts/0 29300 00:00:00 ps
2018-12-20__12:39:06  pts/0 29301 00:00:00 awk
2018-12-20__12:39:41  TTY PID TIME CMD
2018-12-20__12:39:41  pts/0 22500 00:00:04 Server
2018-12-20__12:39:41  pts/0 29870 00:00:00 sh
2018-12-20__12:39:41  pts/0 29871 00:00:00 Malicious_ps_in
2018-12-20__12:39:41  pts/0 29872 00:00:00 ps
2018-12-20__12:39:41  pts/0 29873 00:00:00 Malicious_ps_in
2018-12-20__12:39:41  pts/0 29874 00:00:00 Malicious_ps_in
2018-12-20__12:39:41  pts/0 29875 00:00:00 ps
2018-12-20__12:39:41  pts/0 29876 00:00:00 awk
2018-12-20__12:40:16  TTY PID TIME CMD
2018-12-20__12:40:16  pts/0 22500 00:00:04 Server
2018-12-20__12:40:16  pts/0 30413 00:00:00 sh
2018-12-20__12:40:16  pts/0 30414 00:00:00 Malicious_ps_in
2018-12-20__12:40:16  pts/0 30415 00:00:00 ps
2018-12-20__12:40:16  pts/0 30416 00:00:00 Malicious_ps_in
2018-12-20__12:40:16  pts/0 30417 00:00:00 Malicious_ps_in
2018-12-20__12:40:16  pts/0 30418 00:00:00 ps
2018-12-20__12:40:16  pts/0 30419 00:00:00 awk
2018-12-20__12:40:51  TTY PID TIME CMD
2018-12-20__12:40:51  pts/0 22500 00:00:04 Server
2018-12-20__12:40:51  pts/0 31051 00:00:00 sh
2018-12-20__12:40:51  pts/0 31052 00:00:00 Malicious_ps_in
2018-12-20__12:40:51  pts/0 31053 00:00:00 ps
2018-12-20__12:40:51  pts/0 31054 00:00:00 Malicious_ps_in
2018-12-20__12:40:51  pts/0 31055 00:00:00 Malicious_ps_in
2018-12-20__12:40:51  pts/0 31056 00:00:00 ps
2018-12-20__12:40:51  pts/0 31057 00:00:00 awk
2018-12-20__12:41:26  TTY PID TIME CMD
2018-12-20__12:41:26  pts/0 22500 00:00:04 Server
2018-12-20__12:41:26  pts/0 31539 00:00:00 sh
2018-12-20__12:41:26  pts/0 31540 00:00:00 Malicious_ps_in
2018-12-20__12:41:26  pts/0 31541 00:00:00 ps
2018-12-20__12:41:26  pts/0 31542 00:00:00 Malicious_ps_in
2018-12-20__12:41:26  pts/0 31543 00:00:00 Malicious_ps_in
2018-12-20__12:41:26  pts/0 31544 00:00:00 ps
2018-12-20__12:41:26  pts/0 31545 00:00:00 awk
2018-12-20__12:42:01  TTY PID TIME CMD
2018-12-20__12:42:01  pts/0 22500 00:00:04 Server
2018-12-20__12:42:01  pts/0 32151 00:00:00 sh
2018-12-20__12:42:01  pts/0 32152 00:00:00 Malicious_ps_in
2018-12-20__12:42:01  pts/0 32153 00:00:00 ps
2018-12-20__12:42:01  pts/0 32154 00:00:00 Malicious_ps_in
2018-12-20__12:42:01  pts/0 32155 00:00:00 Malicious_ps_in
2018-12-20__12:42:01  pts/0 32156 00:00:00 ps
2018-12-20__12:42:01  pts/0 32157 00:00:00 awk
2018-12-20__12:42:36  TTY PID TIME CMD
2018-12-20__12:42:36  pts/0 22500 00:00:04 Server
2018-12-20__12:42:36  pts/0 32685 00:00:00 sh
2018-12-20__12:42:36  pts/0 32686 00:00:00 Malicious_ps_in
2018-12-20__12:42:36  pts/0 32687 00:00:00 ps
2018-12-20__12:42:36  pts/0 32688 00:00:00 Malicious_ps_in
2018-12-20__12:42:36  pts/0 32689 00:00:00 Malicious_ps_in
2018-12-20__12:43:11  TTY PID TIME CMD
2018-12-20__12:43:11  pts/0 843 00:00:00 sh
2018-12-20__12:43:11  pts/0 844 00:00:00 CPU_info.sh
2018-12-20__12:43:11  pts/0 862 00:00:00 sh
2018-12-20__12:43:11  pts/0 864 00:00:00 Malicious_ps_in
2018-12-20__12:43:11  pts/0 868 00:00:00 ps
2018-12-20__12:43:11  pts/0 869 00:00:00 Malicious_ps_in
2018-12-20__12:43:11  pts/0 871 00:00:00 Malicious_ps_in
2018-12-20__12:43:11  pts/0 873 00:00:00 ps
2018-12-20__12:43:11  pts/0 875 00:00:00 awk
2018-12-20__12:43:11  pts/0 22500 00:00:04 Server
2018-12-20__12:43:46  TTY PID TIME CMD
2018-12-20__12:43:46  pts/0 1435 00:00:00 sh
2018-12-20__12:43:46  pts/0 1436 00:00:00 Malicious_ps_in
2018-12-20__12:43:46  pts/0 1437 00:00:00 ps
2018-12-20__12:43:46  pts/0 1438 00:00:00 Malicious_ps_in
2018-12-20__12:43:46  pts/0 1439 00:00:00 Malicious_ps_in
2018-12-20__12:43:46  pts/0 1440 00:00:00 ps
2018-12-20__12:43:46  pts/0 1441 00:00:00 awk
2018-12-20__12:43:46  pts/0 22500 00:00:04 Server
2018-12-20__12:44:21  TTY PID TIME CMD
2018-12-20__12:44:21  pts/0 1955 00:00:00 sh
2018-12-20__12:44:21  pts/0 1956 00:00:00 Malicious_ps_in
2018-12-20__12:44:21  pts/0 1957 00:00:00 ps
2018-12-20__12:44:21  pts/0 1958 00:00:00 Malicious_ps_in
2018-12-20__12:44:21  pts/0 1959 00:00:00 Malicious_ps_in
2018-12-20__12:44:21  pts/0 1960 00:00:00 ps
2018-12-20__12:44:21  pts/0 1961 00:00:00 awk
2018-12-20__12:44:21  pts/0 22500 00:00:04 Server
2018-12-20__12:44:57  TTY PID TIME CMD
2018-12-20__12:44:57  pts/0 2509 00:00:00 sh
2018-12-20__12:44:57  pts/0 2510 00:00:00 Malicious_ps_in
2018-12-20__12:44:57  pts/0 2511 00:00:00 ps
2018-12-20__12:44:57  pts/0 2512 00:00:00 Malicious_ps_in
2018-12-20__12:44:57  pts/0 2513 00:00:00 Malicious_ps_in
2018-12-20__12:44:57  pts/0 2514 00:00:00 ps
2018-12-20__12:44:57  pts/0 2515 00:00:00 awk
2018-12-20__12:44:57  pts/0 22500 00:00:04 Server
2018-12-20__12:45:32  TTY PID TIME CMD
2018-12-20__12:45:32  pts/0 3050 00:00:00 sh
2018-12-20__12:45:32  pts/0 3051 00:00:00 CPU_info.sh
2018-12-20__12:45:32  pts/0 3068 00:00:00 sleep
2018-12-20__12:45:32  pts/0 3069 00:00:00 sh
2018-12-20__12:45:32  pts/0 3070 00:00:00 Malicious_ps_in
2018-12-20__12:45:32  pts/0 3071 00:00:00 ps
2018-12-20__12:45:32  pts/0 3072 00:00:00 Malicious_ps_in
2018-12-20__12:45:32  pts/0 3073 00:00:00 Malicious_ps_in
2018-12-20__12:45:32  pts/0 3074 00:00:00 ps
2018-12-20__12:45:32  pts/0 3075 00:00:00 awk
2018-12-20__12:45:32  pts/0 22500 00:00:04 Server
2018-12-20__12:46:07  TTY PID TIME CMD
2018-12-20__12:46:07  pts/0 3679 00:00:00 sh
2018-12-20__12:46:07  pts/0 3680 00:00:00 Malicious_ps_in
2018-12-20__12:46:07  pts/0 3681 00:00:00 ps
2018-12-20__12:46:07  pts/0 3682 00:00:00 Malicious_ps_in
2018-12-20__12:46:07  pts/0 3683 00:00:00 Malicious_ps_in
2018-12-20__12:46:07  pts/0 3684 00:00:00 ps
2018-12-20__12:46:07  pts/0 3685 00:00:00 awk
2018-12-20__12:46:07  pts/0 3686 00:00:00 getLogHeadInfo.
2018-12-20__12:46:07  pts/0 22500 00:00:05 Server
2018-12-20__12:46:42  TTY PID TIME CMD
2018-12-20__12:46:42  pts/0 4253 00:00:00 sh
2018-12-20__12:46:42  pts/0 4254 00:00:00 Malicious_ps_in
2018-12-20__12:46:42  pts/0 4255 00:00:00 ps
2018-12-20__12:46:42  pts/0 4256 00:00:00 Malicious_ps_in
2018-12-20__12:46:42  pts/0 4257 00:00:00 Malicious_ps_in
2018-12-20__12:46:42  pts/0 4258 00:00:00 ps
2018-12-20__12:46:42  pts/0 4259 00:00:00 awk
2018-12-20__12:46:42  pts/0 22500 00:00:05 Server
2018-12-20__12:47:17  TTY PID TIME CMD
2018-12-20__12:47:17  pts/0 4712 00:00:00 sh
2018-12-20__12:47:17  pts/0 4713 00:00:00 Malicious_ps_in
2018-12-20__12:47:17  pts/0 4714 00:00:00 ps
2018-12-20__12:47:17  pts/0 4715 00:00:00 Malicious_ps_in
2018-12-20__12:47:17  pts/0 4716 00:00:00 Malicious_ps_in
2018-12-20__12:47:17  pts/0 4717 00:00:00 ps
2018-12-20__12:47:17  pts/0 4718 00:00:00 awk
2018-12-20__12:47:17  pts/0 22500 00:00:05 Server
2018-12-20__12:47:52  TTY PID TIME CMD
2018-12-20__12:47:52  pts/0 5298 00:00:00 sh
2018-12-20__12:47:52  pts/0 5299 00:00:00 Malicious_ps_in
2018-12-20__12:47:52  pts/0 5300 00:00:00 ps
2018-12-20__12:47:52  pts/0 5301 00:00:00 Malicious_ps_in
2018-12-20__12:47:52  pts/0 5302 00:00:00 Malicious_ps_in
2018-12-20__12:47:52  pts/0 5303 00:00:00 ps
2018-12-20__12:47:52  pts/0 5304 00:00:00 awk
2018-12-20__12:47:52  pts/0 22500 00:00:05 Server
2018-12-20__12:48:27  TTY PID TIME CMD
2018-12-20__12:48:27  pts/0 5869 00:00:00 sh
2018-12-20__12:48:27  pts/0 5870 00:00:00 Malicious_ps_in
2018-12-20__12:48:27  pts/0 5871 00:00:00 ps
2018-12-20__12:48:27  pts/0 5872 00:00:00 Malicious_ps_in
2018-12-20__12:48:27  pts/0 5873 00:00:00 Malicious_ps_in
2018-12-20__12:48:27  pts/0 5874 00:00:00 ps
2018-12-20__12:48:27  pts/0 5875 00:00:00 awk
2018-12-20__12:48:27  pts/0 22500 00:00:05 Server
2018-12-20__12:49:02  TTY PID TIME CMD
2018-12-20__12:49:02  pts/0 6454 00:00:00 sh
2018-12-20__12:49:02  pts/0 6455 00:00:00 Malicious_ps_in
2018-12-20__12:49:02  pts/0 6456 00:00:00 ps
2018-12-20__12:49:02  pts/0 6457 00:00:00 Malicious_ps_in
2018-12-20__12:49:02  pts/0 6458 00:00:00 Malicious_ps_in
2018-12-20__12:49:02  pts/0 6459 00:00:00 ps
2018-12-20__12:49:02  pts/0 6460 00:00:00 awk
2018-12-20__12:49:02  pts/0 22500 00:00:05 Server
2018-12-20__12:49:37  TTY PID TIME CMD
2018-12-20__12:49:37  pts/0 6986 00:00:00 sh
2018-12-20__12:49:37  pts/0 6987 00:00:00 Malicious_ps_in
2018-12-20__12:49:37  pts/0 6988 00:00:00 ps
2018-12-20__12:49:37  pts/0 6989 00:00:00 Malicious_ps_in
2018-12-20__12:49:37  pts/0 6990 00:00:00 Malicious_ps_in
2018-12-20__12:49:37  pts/0 6991 00:00:00 ps
2018-12-20__12:49:37  pts/0 6992 00:00:00 awk
2018-12-20__12:49:37  pts/0 22500 00:00:05 Server
2018-12-20__12:50:12  TTY PID TIME CMD
2018-12-20__12:50:12  pts/0 7595 00:00:00 sh
2018-12-20__12:50:12  pts/0 7596 00:00:00 Malicious_ps_in
2018-12-20__12:50:12  pts/0 7597 00:00:00 ps
2018-12-20__12:50:12  pts/0 7598 00:00:00 Malicious_ps_in
2018-12-20__12:50:12  pts/0 7599 00:00:00 Malicious_ps_in
2018-12-20__12:50:12  pts/0 7600 00:00:00 ps
2018-12-20__12:50:12  pts/0 7601 00:00:00 awk
2018-12-20__12:50:12  pts/0 22500 00:00:05 Server
2018-12-20__12:50:47  TTY PID TIME CMD
2018-12-20__12:50:47  pts/0 8192 00:00:00 sh
2018-12-20__12:50:47  pts/0 8193 00:00:00 Malicious_ps_in
2018-12-20__12:50:47  pts/0 8194 00:00:00 ps
2018-12-20__12:50:47  pts/0 8195 00:00:00 Malicious_ps_in
2018-12-20__12:50:47  pts/0 8196 00:00:00 Malicious_ps_in
2018-12-20__12:50:47  pts/0 8197 00:00:00 ps
2018-12-20__12:50:47  pts/0 8198 00:00:00 awk
2018-12-20__12:50:47  pts/0 22500 00:00:05 Server
2018-12-20__12:51:23  TTY PID TIME CMD
2018-12-20__12:51:23  pts/0 8656 00:00:00 sh
2018-12-20__12:51:23  pts/0 8657 00:00:00 Malicious_ps_in
2018-12-20__12:51:23  pts/0 8658 00:00:00 ps
2018-12-20__12:51:23  pts/0 8659 00:00:00 Malicious_ps_in
2018-12-20__12:51:23  pts/0 8660 00:00:00 Malicious_ps_in
2018-12-20__12:51:23  pts/0 8661 00:00:00 ps
2018-12-20__12:51:23  pts/0 8662 00:00:00 awk
2018-12-20__12:51:23  pts/0 22500 00:00:05 Server
2018-12-20__12:51:58  TTY PID TIME CMD
2018-12-20__12:51:58  pts/0 9260 00:00:00 sh
2018-12-20__12:51:58  pts/0 9261 00:00:00 Malicious_ps_in
2018-12-20__12:51:58  pts/0 9262 00:00:00 ps
2018-12-20__12:51:58  pts/0 9263 00:00:00 Malicious_ps_in
2018-12-20__12:51:58  pts/0 9264 00:00:00 Malicious_ps_in
2018-12-20__12:51:58  pts/0 9265 00:00:00 ps
2018-12-20__12:51:58  pts/0 9266 00:00:00 awk
2018-12-20__12:51:58  pts/0 22500 00:00:05 Server
2018-12-20__12:52:33  TTY PID TIME CMD
2018-12-20__12:52:33  pts/0 9778 00:00:00 sh
2018-12-20__12:52:33  pts/0 9779 00:00:00 Malicious_ps_in
2018-12-20__12:52:33  pts/0 9780 00:00:00 ps
2018-12-20__12:52:33  pts/0 9781 00:00:00 Malicious_ps_in
2018-12-20__12:52:33  pts/0 9782 00:00:00 Malicious_ps_in
2018-12-20__12:52:33  pts/0 9783 00:00:00 ps
2018-12-20__12:52:33  pts/0 9784 00:00:00 awk
2018-12-20__12:52:33  pts/0 22500 00:00:05 Server
2018-12-20__12:53:08  TTY PID TIME CMD
2018-12-20__12:53:08  pts/0 10356 00:00:00 sh
2018-12-20__12:53:08  pts/0 10357 00:00:00 CPU_info.sh
2018-12-20__12:53:08  pts/0 10374 00:00:00 sleep
2018-12-20__12:53:08  pts/0 10375 00:00:00 sh
2018-12-20__12:53:08  pts/0 10376 00:00:00 Malicious_ps_in
2018-12-20__12:53:08  pts/0 10377 00:00:00 ps
2018-12-20__12:53:08  pts/0 10378 00:00:00 Malicious_ps_in
2018-12-20__12:53:08  pts/0 10379 00:00:00 Malicious_ps_in
2018-12-20__12:53:08  pts/0 10380 00:00:00 ps
2018-12-20__12:53:08  pts/0 10381 00:00:00 awk
2018-12-20__12:53:08  pts/0 22500 00:00:05 Server
2018-12-20__12:53:43  TTY PID TIME CMD
2018-12-20__12:53:43  pts/0 10974 00:00:00 sh
2018-12-20__12:53:43  pts/0 10978 00:00:00 Malicious_ps_in
2018-12-20__12:53:43  pts/0 10982 00:00:00 ps
2018-12-20__12:53:43  pts/0 10983 00:00:00 Malicious_ps_in
2018-12-20__12:53:43  pts/0 10984 00:00:00 Malicious_ps_in
2018-12-20__12:53:43  pts/0 10987 00:00:00 ps
2018-12-20__12:53:43  pts/0 10989 00:00:00 awk
2018-12-20__12:53:43  pts/0 22500 00:00:05 Server
2018-12-20__12:54:18  TTY PID TIME CMD
2018-12-20__12:54:18  pts/0 11491 00:00:00 sh
2018-12-20__12:54:18  pts/0 11492 00:00:00 Malicious_ps_in
2018-12-20__12:54:18  pts/0 11493 00:00:00 ps
2018-12-20__12:54:18  pts/0 11494 00:00:00 Malicious_ps_in
2018-12-20__12:54:18  pts/0 11495 00:00:00 Malicious_ps_in
2018-12-20__12:54:18  pts/0 11496 00:00:00 ps
2018-12-20__12:54:18  pts/0 11497 00:00:00 awk
2018-12-20__12:54:18  pts/0 22500 00:00:05 Server
2018-12-20__12:54:53  TTY PID TIME CMD
2018-12-20__12:54:53  pts/0 12082 00:00:00 sh
2018-12-20__12:54:53  pts/0 12086 00:00:00 Malicious_ps_in
2018-12-20__12:54:53  pts/0 12087 00:00:00 ps
2018-12-20__12:54:53  pts/0 12088 00:00:00 Malicious_ps_in
2018-12-20__12:54:53  pts/0 12089 00:00:00 Malicious_ps_in
2018-12-20__12:54:53  pts/0 12090 00:00:00 ps
2018-12-20__12:54:53  pts/0 12091 00:00:00 awk
2018-12-20__12:54:53  pts/0 22500 00:00:05 Server
2018-12-20__12:55:28  TTY PID TIME CMD
2018-12-20__12:55:28  pts/0 12626 00:00:00 sh
2018-12-20__12:55:28  pts/0 12627 00:00:00 CPU_info.sh
2018-12-20__12:55:28  pts/0 12644 00:00:00 sleep
2018-12-20__12:55:28  pts/0 12645 00:00:00 sh
2018-12-20__12:55:28  pts/0 12646 00:00:00 Malicious_ps_in
2018-12-20__12:55:28  pts/0 12647 00:00:00 ps
2018-12-20__12:55:28  pts/0 12648 00:00:00 Malicious_ps_in
2018-12-20__12:55:28  pts/0 12649 00:00:00 Malicious_ps_in
2018-12-20__12:55:28  pts/0 12650 00:00:00 ps
2018-12-20__12:55:28  pts/0 12651 00:00:00 awk
2018-12-20__12:55:28  pts/0 22500 00:00:05 Server
2018-12-20__12:56:03  TTY PID TIME CMD
2018-12-20__12:56:03  pts/0 13224 00:00:00 sh
2018-12-20__12:56:03  pts/0 13225 00:00:00 Malicious_ps_in
2018-12-20__12:56:03  pts/0 13226 00:00:00 ps
2018-12-20__12:56:03  pts/0 13227 00:00:00 Malicious_ps_in
2018-12-20__12:56:03  pts/0 13228 00:00:00 Malicious_ps_in
2018-12-20__12:56:03  pts/0 13229 00:00:00 ps
2018-12-20__12:56:03  pts/0 13230 00:00:00 awk
2018-12-20__12:56:03  pts/0 22500 00:00:06 Server
2018-12-20__12:56:38  TTY PID TIME CMD
2018-12-20__12:56:38  pts/0 13728 00:00:00 sh
2018-12-20__12:56:38  pts/0 13729 00:00:00 Malicious_ps_in
2018-12-20__12:56:38  pts/0 13730 00:00:00 ps
2018-12-20__12:56:38  pts/0 13731 00:00:00 Malicious_ps_in
2018-12-20__12:56:38  pts/0 13732 00:00:00 Malicious_ps_in
2018-12-20__12:56:38  pts/0 13733 00:00:00 ps
2018-12-20__12:56:38  pts/0 13734 00:00:00 awk
2018-12-20__12:56:38  pts/0 22500 00:00:06 Server
2018-12-20__12:57:13  TTY PID TIME CMD
2018-12-20__12:57:13  pts/0 14254 00:00:00 sh
2018-12-20__12:57:13  pts/0 14255 00:00:00 Malicious_ps_in
2018-12-20__12:57:13  pts/0 14256 00:00:00 ps
2018-12-20__12:57:13  pts/0 14257 00:00:00 Malicious_ps_in
2018-12-20__12:57:13  pts/0 14258 00:00:00 Malicious_ps_in
2018-12-20__12:57:13  pts/0 14259 00:00:00 ps
2018-12-20__12:57:13  pts/0 14260 00:00:00 awk
2018-12-20__12:57:13  pts/0 22500 00:00:06 Server
2018-12-20__12:57:48  TTY PID TIME CMD
2018-12-20__12:57:48  pts/0 14808 00:00:00 sh
2018-12-20__12:57:48  pts/0 14809 00:00:00 Malicious_ps_in
2018-12-20__12:57:48  pts/0 14810 00:00:00 ps
2018-12-20__12:57:48  pts/0 14811 00:00:00 Malicious_ps_in
2018-12-20__12:57:48  pts/0 14812 00:00:00 Malicious_ps_in
2018-12-20__12:57:48  pts/0 14813 00:00:00 ps
2018-12-20__12:57:48  pts/0 14814 00:00:00 getLogHeadInfo.
2018-12-20__12:57:48  pts/0 14815 00:00:00 awk
2018-12-20__12:57:48  pts/0 22500 00:00:06 Server
2018-12-20__12:58:24  TTY PID TIME CMD
2018-12-20__12:58:24  pts/0 15379 00:00:00 sh
2018-12-20__12:58:24  pts/0 15380 00:00:00 Malicious_ps_in
2018-12-20__12:58:24  pts/0 15381 00:00:00 ps
2018-12-20__12:58:24  pts/0 15382 00:00:00 Malicious_ps_in
2018-12-20__12:58:24  pts/0 15383 00:00:00 Malicious_ps_in
2018-12-20__12:58:24  pts/0 15384 00:00:00 ps
2018-12-20__12:58:24  pts/0 15385 00:00:00 awk
2018-12-20__12:58:24  pts/0 22500 00:00:06 Server
2018-12-20__12:58:59  TTY PID TIME CMD
2018-12-20__12:58:59  pts/0 15963 00:00:00 sh
2018-12-20__12:58:59  pts/0 15964 00:00:00 Malicious_ps_in
2018-12-20__12:58:59  pts/0 15965 00:00:00 ps
2018-12-20__12:58:59  pts/0 15966 00:00:00 Malicious_ps_in
2018-12-20__12:58:59  pts/0 15967 00:00:00 Malicious_ps_in
2018-12-20__12:58:59  pts/0 15968 00:00:00 ps
2018-12-20__12:58:59  pts/0 15969 00:00:00 awk
2018-12-20__12:58:59  pts/0 22500 00:00:06 Server
2018-12-20__12:59:34  TTY PID TIME CMD
2018-12-20__12:59:34  pts/0 16432 00:00:00 sh
2018-12-20__12:59:34  pts/0 16433 00:00:00 Malicious_ps_in
2018-12-20__12:59:34  pts/0 16434 00:00:00 ps
2018-12-20__12:59:34  pts/0 16435 00:00:00 Malicious_ps_in
2018-12-20__12:59:34  pts/0 16436 00:00:00 Malicious_ps_in
2018-12-20__12:59:34  pts/0 16437 00:00:00 ps
2018-12-20__12:59:34  pts/0 16438 00:00:00 awk
2018-12-20__12:59:34  pts/0 22500 00:00:06 Server
2018-12-20__13:00:09  TTY PID TIME CMD
2018-12-20__13:00:09  pts/0 16940 00:00:00 sh
2018-12-20__13:00:09  pts/0 16941 00:00:00 Malicious_ps_in
2018-12-20__13:00:09  pts/0 16942 00:00:00 ps
2018-12-20__13:00:09  pts/0 16943 00:00:00 Malicious_ps_in
2018-12-20__13:00:09  pts/0 16944 00:00:00 Malicious_ps_in
2018-12-20__13:00:09  pts/0 16945 00:00:00 ps
2018-12-20__13:00:09  pts/0 16946 00:00:00 awk
2018-12-20__13:00:09  pts/0 22500 00:00:06 Server
2018-12-20__13:00:44  TTY PID TIME CMD
2018-12-20__13:00:44  pts/0 17517 00:00:00 sh
2018-12-20__13:00:44  pts/0 17518 00:00:00 Malicious_ps_in
2018-12-20__13:00:44  pts/0 17519 00:00:00 ps
2018-12-20__13:00:44  pts/0 17520 00:00:00 Malicious_ps_in
2018-12-20__13:00:44  pts/0 17521 00:00:00 Malicious_ps_in
2018-12-20__13:00:44  pts/0 17522 00:00:00 ps
2018-12-20__13:00:44  pts/0 17523 00:00:00 awk
2018-12-20__13:00:44  pts/0 22500 00:00:06 Server
2018-12-20__13:01:19  TTY PID TIME CMD
2018-12-20__13:01:19  pts/0 18036 00:00:00 sh
2018-12-20__13:01:19  pts/0 18037 00:00:00 Malicious_ps_in
2018-12-20__13:01:19  pts/0 18038 00:00:00 ps
2018-12-20__13:01:19  pts/0 18039 00:00:00 Malicious_ps_in
2018-12-20__13:01:19  pts/0 18040 00:00:00 Malicious_ps_in
2018-12-20__13:01:19  pts/0 18041 00:00:00 ps
2018-12-20__13:01:19  pts/0 18042 00:00:00 awk
2018-12-20__13:01:19  pts/0 22500 00:00:06 Server
2018-12-20__13:01:54  TTY PID TIME CMD
2018-12-20__13:01:54  pts/0 18631 00:00:00 sh
