2018-12-23__16:00:57 0.98 0.87 0.76 23.87% 59.07 note
2018-12-23__16:01:03 0.90 0.85 0.76 37.56% 55.84 note
2018-12-23__16:01:08 0.91 0.85 0.76 6.76% 56.38 note
2018-12-23__16:01:14 0.92 0.86 0.76 5.29% 56.38 note
2018-12-23__16:01:20 0.84 0.84 0.76 48.79% 55.84 note
2018-12-23__16:01:25 0.94 0.86 0.76 41.20% 58.00 note
2018-12-23__16:01:31 0.86 0.85 0.76 4.76% 55.84 note
2018-12-23__16:01:37 0.79 0.83 0.76 0.96% 56.92 note
2018-12-23__16:01:42 0.67 0.81 0.75 19.34% 55.31 note
2018-12-23__16:01:48 0.78 0.83 0.75 13.88% 58.00 note
2018-12-23__16:01:53 0.71 0.81 0.75 17.54% 56.38 note
2018-12-23__16:01:59 0.74 0.81 0.75 7.18% 56.92 note
2018-12-23__16:02:05 0.68 0.80 0.75 13.27% 55.84 note
2018-12-23__16:02:10 0.78 0.82 0.75 8.45% 54.77 note
2018-12-23__16:02:16 0.72 0.81 0.75 13.21% 55.84 note
2018-12-23__16:02:21 0.66 0.79 0.74 2.37% 55.84 note
2018-12-23__16:02:27 0.85 0.83 0.76 59.15% 56.38 note
2018-12-23__16:02:33 0.87 0.84 0.76 5.77% 55.84 note
2018-12-23__16:02:38 0.80 0.82 0.75 6.60% 55.84 note
2018-12-23__16:02:44 0.89 0.84 0.76 13.59% 58.00 note
2018-12-23__16:02:50 0.98 0.86 0.77 4.37% 56.92 note
2018-12-23__16:02:55 0.90 0.85 0.76 11.00% 56.38 note
2018-12-23__16:03:01 0.83 0.83 0.76 10.75% 56.38 note
2018-12-23__16:03:06 0.76 0.82 0.75 31.13% 58.00 note
2018-12-23__16:03:12 0.78 0.82 0.76 30.99% 56.92 note
2018-12-23__16:03:18 0.74 0.81 0.75 11.74% 56.92 note
2018-12-23__16:03:23 0.68 0.80 0.75 35.58% 56.38 note
2018-12-23__16:03:29 0.70 0.80 0.75 39.61% 58.00 note
2018-12-23__16:03:34 0.65 0.79 0.75 12.62% 56.92 note
2018-12-23__16:03:40 0.67 0.79 0.75 7.08% 54.77 note
2018-12-23__16:03:46 0.78 0.81 0.75 12.44% 55.84 note
2018-12-23__16:03:51 0.72 0.80 0.75 67.29% 57.46 note
2018-12-23__16:03:57 0.90 0.83 0.76 9.91% 56.92 note
2018-12-23__16:04:03 0.76 0.81 0.75 3.29% 54.77 note
2018-12-23__16:04:08 1.02 0.86 0.77 10.68% 54.77 note
2018-12-23__16:04:14 1.02 0.86 0.77 39.41% 56.38 note
2018-12-23__16:04:20 0.94 0.85 0.77 9.68% 54.77 note
2018-12-23__16:04:25 1.02 0.87 0.77 16.06% 53.69 note
2018-12-23__16:04:31 1.02 0.87 0.78 12.92% 53.69 note
2018-12-23__16:04:36 1.02 0.87 0.78 96.24% 58.00 note
2018-12-23__16:04:42 1.74 1.02 0.83 14.90% 55.84 note
2018-12-23__16:04:48 1.71 1.04 0.83 13.46% 55.84 note
2018-12-23__16:04:53 1.65 1.04 0.84 40.38% 56.38 note
2018-12-23__16:04:59 1.52 1.02 0.83 33.66% 58.00 note
2018-12-23__16:05:05 1.40 1.00 0.83 7.44% 56.38 note
2018-12-23__16:05:10 1.29 0.99 0.82 18.01% 55.84 note
2018-12-23__16:05:16 1.18 0.97 0.82 20.00% 55.31 note
2018-12-23__16:05:21 1.17 0.97 0.82 54.34% 56.92 note
2018-12-23__16:05:27 1.32 1.01 0.83 36.19% 57.46 note
2018-12-23__16:05:33 1.27 1.00 0.83 26.05% 58.00 note
2018-12-23__16:05:38 1.25 1.00 0.83 39.15% 56.92 note
2018-12-23__16:05:44 1.14 0.99 0.83 50.24% 58.00 note
2018-12-23__16:05:50 1.61 1.09 0.86 12.98% 55.84 note
2018-12-23__16:05:55 1.48 1.07 0.86 21.72% 56.92 note
2018-12-23__16:06:01 1.45 1.07 0.86 11.90% 54.77 note
2018-12-23__16:06:06 1.49 1.08 0.86 41.83% 56.92 note
2018-12-23__16:06:12 1.45 1.08 0.86 5.14% 55.84 note
2018-12-23__16:06:18 1.50 1.10 0.87 8.49% 55.31 note
2018-12-23__16:06:23 1.26 1.06 0.86 18.57% 54.77 note
2018-12-23__16:06:29 1.24 1.06 0.86 34.12% 56.38 note
2018-12-23__16:06:34 1.14 1.04 0.86 39.62% 55.31 note
2018-12-23__16:06:40 1.13 1.04 0.86 29.44% 54.77 note
2018-12-23__16:06:46 1.04 1.02 0.85 5.80% 53.69 note
2018-12-23__16:06:51 1.04 1.02 0.85 61.65% 56.92 note
2018-12-23__16:06:57 0.95 1.00 0.85 11.27% 55.84 note
2018-12-23__16:07:03 0.96 1.00 0.85 1.92% 54.23 note
2018-12-23__16:07:08 0.81 0.97 0.84 8.33% 53.69 note
2018-12-23__16:07:14 0.83 0.97 0.84 30.10% 56.38 note
2018-12-23__16:07:19 0.76 0.95 0.84 13.49% 54.23 note
2018-12-23__16:07:25 0.70 0.94 0.83 8.49% 54.77 note
2018-12-23__16:07:31 0.64 0.92 0.83 4.37% 54.23 note
2018-12-23__16:07:36 0.75 0.94 0.83 64.93% 58.00 note
2018-12-23__16:07:42 0.69 0.93 0.83 33.18% 55.84 note
2018-12-23__16:07:48 0.63 0.91 0.82 9.81% 53.69 note
2018-12-23__16:07:53 0.70 0.91 0.82 2.88% 54.77 note
2018-12-23__16:07:59 0.72 0.91 0.83 53.30% 56.38 note
2018-12-23__16:08:04 0.82 0.93 0.83 14.83% 55.31 note
2018-12-23__16:08:10 0.76 0.92 0.83 17.87% 54.77 note
2018-12-23__16:08:16 0.94 0.95 0.84 21.63% 54.77 note
2018-12-23__16:08:21 0.86 0.94 0.83 61.43% 55.84 note
2018-12-23__16:08:27 0.95 0.95 0.84 12.50% 55.84 note
2018-12-23__16:08:33 1.04 0.97 0.85 1.92% 54.23 note
2018-12-23__16:08:38 0.96 0.96 0.84 60.19% 56.38 note
2018-12-23__16:08:44 0.96 0.96 0.84 59.22% 56.92 note
2018-12-23__16:08:49 0.88 0.94 0.84 4.83% 54.23 note
2018-12-23__16:08:55 0.81 0.92 0.83 7.04% 54.23 note
2018-12-23__16:09:01 1.15 0.99 0.86 6.13% 55.31 note
2018-12-23__16:09:06 1.06 0.98 0.85 40.69% 56.38 note
2018-12-23__16:09:12 1.13 0.99 0.86 11.00% 55.84 note
