2018-12-20__11:48:11 pi9 Raspbian_GNU/Linux 4.9.41-v7+ _up_2_weeks,_5_days,_2_hours,_44_minutes 0.38 0.13 0.04 42M 50% 927M 7% 48 normal normal normal
2018-12-20__11:49:11 pi9 Raspbian_GNU/Linux 4.9.41-v7+ _up_2_weeks,_5_days,_2_hours,_45_minutes 0.14 0.10 0.03 42M 50% 927M 7% 49 normal normal normal
2018-12-20__11:56:17 pi9 Raspbian_GNU/Linux 4.9.41-v7+ _up_2_weeks,_5_days,_2_hours,_53_minutes 0.02 0.03 0.00 42M 50% 927M 7% 48 normal normal normal
2018-12-20__11:57:30 pi9 Raspbian_GNU/Linux 4.9.41-v7+ _up_2_weeks,_5_days,_2_hours,_54_minutes 0.12 0.06 0.01 42M 50% 927M 7% 49 normal normal normal
2018-12-20__11:58:30 pi9 Raspbian_GNU/Linux 4.9.41-v7+ _up_2_weeks,_5_days,_2_hours,_55_minutes 0.18 0.09 0.02 42M 50% 927M 7% 49 normal normal normal






2018-12-20__11:59:31 pi9 Raspbian_GNU/Linux 4.9.41-v7+ _up_2_weeks,_5_days,_2_hours,_56_minutes 0.44 0.21 0.07 42M 50% 927M 7% 49 normal normal normal







2018-12-20__12:00:31 pi9 Raspbian_GNU/Linux 4.9.41-v7+ _up_2_weeks,_5_days,_2_hours,_57_minutes 0.22 0.19 0.07 42M 50% 927M 7% 49 normal normal normal






2018-12-20__12:01:31 pi9 Raspbian_GNU/Linux 4.9.41-v7+ _up_2_weeks,_5_days,_2_hours,_58_minutes 0.14 0.18 0.08 42M 50% 927M 7% 49 normal normal normal







2018-12-20__12:02:31 pi9 Raspbian_GNU/Linux 4.9.41-v7+ _up_2_weeks,_5_days,_2_hours,_59_minutes 0.16 0.19 0.09 42M 50% 927M 7% 49 normal normal normal







2018-12-20__12:03:31 pi9 Raspbian_GNU/Linux 4.9.41-v7+ _up_2_weeks,_5_days,_3_hours 0.24 0.22 0.10 42M 50% 927M 7% 49 normal normal normal






2018-12-20__12:04:31 pi9 Raspbian_GNU/Linux 4.9.41-v7+ _up_2_weeks,_5_days,_3_hours,_1_minute 0.47 0.34 0.15 42M 50% 927M 7% 49 normal normal normal






2018-12-20__12:05:31 pi9 Raspbian_GNU/Linux 4.9.41-v7+ _up_2_weeks,_5_days,_3_hours,_2_minutes 0.31 0.32 0.16 42M 50% 927M 7% 49 normal normal normal







2018-12-20__12:06:32 pi9 Raspbian_GNU/Linux 4.9.41-v7+ _up_2_weeks,_5_days,_3_hours,_3_minutes 0.45 0.37 0.19 42M 50% 927M 7% 49 normal normal normal













2018-12-20__12:08:32 pi9 Raspbian_GNU/Linux 4.9.41-v7+ _up_2_weeks,_5_days,_3_hours,_5_minutes 1.12 0.53 0.26 42M 50% 927M 7% 49 normal normal normal







2018-12-20__12:09:32 pi9 Raspbian_GNU/Linux 4.9.41-v7+ _up_2_weeks,_5_days,_3_hours,_6_minutes 0.45 0.44 0.24 42M 50% 927M 7% 49 normal normal normal






2018-12-20__12:10:32 pi9 Raspbian_GNU/Linux 4.9.41-v7+ _up_2_weeks,_5_days,_3_hours,_7_minutes 0.42 0.47 0.27 42M 50% 927M 7% 49 normal normal normal







2018-12-20__12:11:32 pi9 Raspbian_GNU/Linux 4.9.41-v7+ _up_2_weeks,_5_days,_3_hours,_8_minutes 0.52 0.52 0.30 42M 50% 927M 7% 49 normal normal normal







2018-12-20__12:12:32 pi9 Raspbian_GNU/Linux 4.9.41-v7+ _up_2_weeks,_5_days,_3_hours,_9_minutes 0.63 0.61 0.35 42M 50% 927M 7% 49 normal normal normal




2018-12-20__12:13:32 pi9 Raspbian_GNU/Linux 4.9.41-v7+ _up_2_weeks,_5_days,_3_hours,_10_minutes 0.39 0.54 0.34 42M 50% 927M 7% 49 normal normal normal







2018-12-20__12:14:33 pi9 Raspbian_GNU/Linux 4.9.41-v7+ _up_2_weeks,_5_days,_3_hours,_11_minutes 0.57 0.55 0.36 42M 50% 927M 7% 49 normal normal normal







2018-12-20__12:15:33 pi9 Raspbian_GNU/Linux 4.9.41-v7+ _up_2_weeks,_5_days,_3_hours,_12_minutes 0.21 0.45 0.34 42M 50% 927M 7% 49 normal normal normal






2018-12-20__12:16:33 pi9 Raspbian_GNU/Linux 4.9.41-v7+ _up_2_weeks,_5_days,_3_hours,_13_minutes 0.11 0.38 0.32 42M 50% 927M 7% 50 normal normal normal






2018-12-20__12:17:33 pi9 Raspbian_GNU/Linux 4.9.41-v7+ _up_2_weeks,_5_days,_3_hours,_14_minutes 0.04 0.31 0.29 42M 50% 927M 7% 49 normal normal normal







2018-12-20__12:18:33 pi9 Raspbian_GNU/Linux 4.9.41-v7+ _up_2_weeks,_5_days,_3_hours,_15_minutes 0.05 0.26 0.28 42M 50% 927M 7% 49 normal normal normal







2018-12-20__12:19:33 pi9 Raspbian_GNU/Linux 4.9.41-v7+ _up_2_weeks,_5_days,_3_hours,_16_minutes 0.02 0.21 0.26 42M 50% 927M 7% 49 normal normal normal





2018-12-20__12:20:33 pi9 Raspbian_GNU/Linux 4.9.41-v7+ _up_2_weeks,_5_days,_3_hours,_17_minutes 0.07 0.19 0.25 42M 50% 927M 7% 49 normal normal normal






2018-12-20__12:21:33 pi9 Raspbian_GNU/Linux 4.9.41-v7+ _up_2_weeks,_5_days,_3_hours,_18_minutes 0.08 0.17 0.23 42M 50% 927M 7% 49 normal normal normal







2018-12-20__12:22:34 pi9 Raspbian_GNU/Linux 4.9.41-v7+ _up_2_weeks,_5_days,_3_hours,_19_minutes 0.03 0.13 0.22 42M 50% 927M 7% 49 normal normal normal






2018-12-20__12:23:34 pi9 Raspbian_GNU/Linux 4.9.41-v7+ _up_2_weeks,_5_days,_3_hours,_20_minutes 0.01 0.11 0.20 42M 50% 927M 7% 49 normal normal normal





2018-12-20__12:24:34 pi9 Raspbian_GNU/Linux 4.9.41-v7+ _up_2_weeks,_5_days,_3_hours,_21_minutes 0.00 0.08 0.18 42M 50% 927M 7% 50 normal normal normal







2018-12-20__12:25:34 pi9 Raspbian_GNU/Linux 4.9.41-v7+ _up_2_weeks,_5_days,_3_hours,_22_minutes 0.00 0.07 0.17 42M 50% 927M 7% 49 normal normal normal







2018-12-20__12:26:34 pi9 Raspbian_GNU/Linux 4.9.41-v7+ _up_2_weeks,_5_days,_3_hours,_23_minutes 0.28 0.14 0.19 42M 50% 927M 7% 49 normal normal normal






2018-12-20__12:27:34 pi9 Raspbian_GNU/Linux 4.9.41-v7+ _up_2_weeks,_5_days,_3_hours,_24_minutes 0.42 0.21 0.20 42M 50% 927M 7% 49 normal normal normal





2018-12-20__12:28:34 pi9 Raspbian_GNU/Linux 4.9.41-v7+ _up_2_weeks,_5_days,_3_hours,_25_minutes 0.32 0.21 0.20 42M 50% 927M 7% 50 normal normal normal






2018-12-20__12:29:34 pi9 Raspbian_GNU/Linux 4.9.41-v7+ _up_2_weeks,_5_days,_3_hours,_26_minutes 0.11 0.17 0.19 42M 50% 927M 7% 49 normal normal normal







2018-12-20__12:30:35 pi9 Raspbian_GNU/Linux 4.9.41-v7+ _up_2_weeks,_5_days,_3_hours,_27_minutes 0.19 0.17 0.18 42M 50% 927M 7% 49 normal normal normal






2018-12-20__12:31:35 pi9 Raspbian_GNU/Linux 4.9.41-v7+ _up_2_weeks,_5_days,_3_hours,_28_minutes 0.11 0.15 0.18 42M 50% 927M 7% 49 normal normal normal






2018-12-20__12:32:35 pi9 Raspbian_GNU/Linux 4.9.41-v7+ _up_2_weeks,_5_days,_3_hours,_29_minutes 0.04 0.12 0.16 42M 50% 927M 7% 50 normal normal normal







2018-12-20__12:33:35 pi9 Raspbian_GNU/Linux 4.9.41-v7+ _up_2_weeks,_5_days,_3_hours,_30_minutes 0.01 0.10 0.15 42M 50% 927M 7% 49 normal normal normal






2018-12-20__12:34:35 pi9 Raspbian_GNU/Linux 4.9.41-v7+ _up_2_weeks,_5_days,_3_hours,_31_minutes 0.00 0.08 0.14 42M 50% 927M 7% 49 normal normal normal






2018-12-20__12:35:35 pi9 Raspbian_GNU/Linux 4.9.41-v7+ _up_2_weeks,_5_days,_3_hours,_32_minutes 0.10 0.10 0.15 42M 50% 927M 7% 49 normal normal normal




2018-12-20__12:36:35 pi9 Raspbian_GNU/Linux 4.9.41-v7+ _up_2_weeks,_5_days,_3_hours,_33_minutes 0.17 0.11 0.15 42M 50% 927M 7% 49 normal normal normal




2018-12-20__12:37:35 pi9 Raspbian_GNU/Linux 4.9.41-v7+ _up_2_weeks,_5_days,_3_hours,_34_minutes 0.06 0.09 0.14 42M 50% 927M 7% 49 normal normal normal





2018-12-20__12:38:36 pi9 Raspbian_GNU/Linux 4.9.41-v7+ _up_2_weeks,_5_days,_3_hours,_35_minutes 0.10 0.09 0.13 42M 50% 927M 7% 49 normal normal normal





2018-12-20__12:39:36 pi9 Raspbian_GNU/Linux 4.9.41-v7+ _up_2_weeks,_5_days,_3_hours,_36_minutes 0.10 0.09 0.12 42M 50% 927M 7% 49 normal normal normal







2018-12-20__12:40:36 pi9 Raspbian_GNU/Linux 4.9.41-v7+ _up_2_weeks,_5_days,_3_hours,_37_minutes 0.03 0.07 0.11 42M 50% 927M 7% 49 normal normal normal







2018-12-20__12:41:36 pi9 Raspbian_GNU/Linux 4.9.41-v7+ _up_2_weeks,_5_days,_3_hours,_38_minutes 0.26 0.13 0.13 42M 50% 927M 7% 50 normal normal normal







2018-12-20__12:42:36 pi9 Raspbian_GNU/Linux 4.9.41-v7+ _up_2_weeks,_5_days,_3_hours,_39_minutes 0.09 0.10 0.12 42M 50% 927M 7% 49 normal normal normal






2018-12-20__12:43:36 pi9 Raspbian_GNU/Linux 4.9.41-v7+ _up_2_weeks,_5_days,_3_hours,_40_minutes 0.03 0.08 0.10 42M 50% 927M 7% 49 normal normal normal







2018-12-20__12:44:36 pi9 Raspbian_GNU/Linux 4.9.41-v7+ _up_2_weeks,_5_days,_3_hours,_41_minutes 0.01 0.06 0.09 42M 50% 927M 7% 49 normal normal normal







2018-12-20__12:45:36 pi9 Raspbian_GNU/Linux 4.9.41-v7+ _up_2_weeks,_5_days,_3_hours,_42_minutes 0.05 0.06 0.09 42M 50% 927M 7% 50 normal normal normal






2018-12-20__12:46:37 pi9 Raspbian_GNU/Linux 4.9.41-v7+ _up_2_weeks,_5_days,_3_hours,_43_minutes 0.22 0.10 0.10 42M 50% 927M 7% 49 normal normal normal







2018-12-20__12:47:37 pi9 Raspbian_GNU/Linux 4.9.41-v7+ _up_2_weeks,_5_days,_3_hours,_44_minutes 0.22 0.12 0.10 42M 50% 927M 7% 49 normal normal normal







2018-12-20__12:48:37 pi9 Raspbian_GNU/Linux 4.9.41-v7+ _up_2_weeks,_5_days,_3_hours,_45_minutes 0.08 0.10 0.09 42M 50% 927M 7% 50 normal normal normal






2018-12-20__12:49:37 pi9 Raspbian_GNU/Linux 4.9.41-v7+ _up_2_weeks,_5_days,_3_hours,_46_minutes 0.10 0.11 0.09 42M 50% 927M 7% 49 normal normal normal






2018-12-20__12:50:37 pi9 Raspbian_GNU/Linux 4.9.41-v7+ _up_2_weeks,_5_days,_3_hours,_47_minutes 0.08 0.10 0.09 42M 50% 927M 7% 49 normal normal normal







2018-12-20__12:51:37 pi9 Raspbian_GNU/Linux 4.9.41-v7+ _up_2_weeks,_5_days,_3_hours,_48_minutes 0.06 0.09 0.09 42M 50% 927M 7% 49 normal normal normal







2018-12-20__12:52:37 pi9 Raspbian_GNU/Linux 4.9.41-v7+ _up_2_weeks,_5_days,_3_hours,_49_minutes 0.02 0.07 0.08 42M 50% 927M 7% 49 normal normal normal






2018-12-20__12:53:37 pi9 Raspbian_GNU/Linux 4.9.41-v7+ _up_2_weeks,_5_days,_3_hours,_50_minutes 0.16 0.10 0.09 42M 50% 927M 7% 50 normal normal normal







2018-12-20__12:54:38 pi9 Raspbian_GNU/Linux 4.9.41-v7+ _up_2_weeks,_5_days,_3_hours,_51_minutes 0.23 0.13 0.10 42M 50% 927M 7% 49 normal normal normal





2018-12-20__12:55:38 pi9 Raspbian_GNU/Linux 4.9.41-v7+ _up_2_weeks,_5_days,_3_hours,_52_minutes 0.29 0.15 0.10 42M 50% 927M 7% 49 normal normal normal






2018-12-20__12:56:38 pi9 Raspbian_GNU/Linux 4.9.41-v7+ _up_2_weeks,_5_days,_3_hours,_53_minutes 0.10 0.12 0.09 42M 50% 927M 7% 50 normal normal normal






2018-12-20__12:57:38 pi9 Raspbian_GNU/Linux 4.9.41-v7+ _up_2_weeks,_5_days,_3_hours,_54_minutes 0.04 0.10 0.09 42M 50% 927M 7% 50 normal normal normal







2018-12-20__12:58:38 pi9 Raspbian_GNU/Linux 4.9.41-v7+ _up_2_weeks,_5_days,_3_hours,_55_minutes 0.24 0.14 0.10 42M 50% 927M 7% 50 normal normal normal







2018-12-20__12:59:38 pi9 Raspbian_GNU/Linux 4.9.41-v7+ _up_2_weeks,_5_days,_3_hours,_56_minutes 0.08 0.11 0.09 42M 50% 927M 7% 49 normal normal normal





2018-12-20__13:00:38 pi9 Raspbian_GNU/Linux 4.9.41-v7+ _up_2_weeks,_5_days,_3_hours,_57_minutes 0.03 0.09 0.08 42M 50% 927M 7% 50 normal normal normal







2018-12-20__13:01:38 pi9 Raspbian_GNU/Linux 4.9.41-v7+ _up_2_weeks,_5_days,_3_hours,_58_minutes 0.01 0.07 0.08 42M 50% 927M 7% 50 normal normal normal






2018-12-20__13:02:38 pi9 Raspbian_GNU/Linux 4.9.41-v7+ _up_2_weeks,_5_days,_3_hours,_59_minutes 0.08 0.07 0.08 42M 50% 927M 7% 49 normal normal normal






2018-12-20__13:03:39 pi9 Raspbian_GNU/Linux 4.9.41-v7+ _up_2_weeks,_5_days,_4_hours 0.39 0.16 0.11 42M 50% 927M 7% 50 normal normal normal







2018-12-20__13:04:39 pi9 Raspbian_GNU/Linux 4.9.41-v7+ _up_2_weeks,_5_days,_4_hours,_1_minute 0.33 0.19 0.12 42M 50% 927M 7% 50 normal normal normal






2018-12-20__13:05:39 pi9 Raspbian_GNU/Linux 4.9.41-v7+ _up_2_weeks,_5_days,_4_hours,_2_minutes 0.12 0.15 0.11 42M 50% 927M 7% 50 normal normal normal







2018-12-20__13:06:39 pi9 Raspbian_GNU/Linux 4.9.41-v7+ _up_2_weeks,_5_days,_4_hours,_3_minutes 0.23 0.17 0.11 42M 50% 927M 7% 50 normal normal normal







2018-12-20__13:07:39 pi9 Raspbian_GNU/Linux 4.9.41-v7+ _up_2_weeks,_5_days,_4_hours,_4_minutes 0.08 0.14 0.10 42M 50% 927M 7% 50 normal normal normal






2018-12-20__13:08:39 pi9 Raspbian_GNU/Linux 4.9.41-v7+ _up_2_weeks,_5_days,_4_hours,_5_minutes 0.03 0.11 0.09 42M 50% 927M 7% 49 normal normal normal







2018-12-20__13:09:39 pi9 Raspbian_GNU/Linux 4.9.41-v7+ _up_2_weeks,_5_days,_4_hours,_6_minutes 0.01 0.09 0.08 42M 50% 927M 7% 49 normal normal normal






2018-12-20__13:10:39 pi9 Raspbian_GNU/Linux 4.9.41-v7+ _up_2_weeks,_5_days,_4_hours,_7_minutes 0.06 0.08 0.08 42M 50% 927M 7% 49 normal normal normal







2018-12-20__13:11:40 pi9 Raspbian_GNU/Linux 4.9.41-v7+ _up_2_weeks,_5_days,_4_hours,_8_minutes 0.16 0.10 0.09 42M 50% 927M 7% 50 normal normal normal






2018-12-20__13:12:40 pi9 Raspbian_GNU/Linux 4.9.41-v7+ _up_2_weeks,_5_days,_4_hours,_9_minutes 0.11 0.09 0.09 42M 50% 927M 7% 50 normal normal normal







2018-12-20__13:13:40 pi9 Raspbian_GNU/Linux 4.9.41-v7+ _up_2_weeks,_5_days,_4_hours,_10_minutes 0.24 0.12 0.10 42M 50% 927M 7% 49 normal normal normal







2018-12-20__13:14:40 pi9 Raspbian_GNU/Linux 4.9.41-v7+ _up_2_weeks,_5_days,_4_hours,_11_minutes 0.24 0.14 0.10 42M 50% 927M 7% 49 normal normal normal







2018-12-20__13:15:40 pi9 Raspbian_GNU/Linux 4.9.41-v7+ _up_2_weeks,_5_days,_4_hours,_12_minutes 0.13 0.13 0.10 42M 50% 927M 7% 50 normal normal normal





2018-12-20__13:16:40 pi9 Raspbian_GNU/Linux 4.9.41-v7+ _up_2_weeks,_5_days,_4_hours,_13_minutes 0.20 0.15 0.10 42M 50% 927M 7% 50 normal normal normal







2018-12-20__13:17:40 pi9 Raspbian_GNU/Linux 4.9.41-v7+ _up_2_weeks,_5_days,_4_hours,_14_minutes 0.19 0.16 0.11 42M 50% 927M 7% 51 normal normal note







2018-12-20__13:18:40 pi9 Raspbian_GNU/Linux 4.9.41-v7+ _up_2_weeks,_5_days,_4_hours,_15_minutes 0.07 0.13 0.10 42M 50% 927M 7% 50 normal normal normal





2018-12-20__13:19:41 pi9 Raspbian_GNU/Linux 4.9.41-v7+ _up_2_weeks,_5_days,_4_hours,_16_minutes 0.48 0.22 0.12 42M 50% 927M 7% 49 normal normal normal





2018-12-20__13:20:41 pi9 Raspbian_GNU/Linux 4.9.41-v7+ _up_2_weeks,_5_days,_4_hours,_17_minutes 0.41 0.24 0.14 42M 50% 927M 7% 50 normal normal normal






2018-12-20__13:21:41 pi9 Raspbian_GNU/Linux 4.9.41-v7+ _up_2_weeks,_5_days,_4_hours,_18_minutes 0.32 0.25 0.15 42M 50% 927M 7% 50 normal normal normal







2018-12-20__13:22:41 pi9 Raspbian_GNU/Linux 4.9.41-v7+ _up_2_weeks,_5_days,_4_hours,_19_minutes 0.18 0.23 0.15 42M 50% 927M 7% 50 normal normal normal







2018-12-20__13:23:41 pi9 Raspbian_GNU/Linux 4.9.41-v7+ _up_2_weeks,_5_days,_4_hours,_20_minutes 0.27 0.25 0.16 42M 50% 927M 7% 50 normal normal normal





2018-12-20__13:24:41 pi9 Raspbian_GNU/Linux 4.9.41-v7+ _up_2_weeks,_5_days,_4_hours,_21_minutes 0.14 0.22 0.15 42M 50% 927M 7% 50 normal normal normal







2018-12-20__13:25:41 pi9 Raspbian_GNU/Linux 4.9.41-v7+ _up_2_weeks,_5_days,_4_hours,_22_minutes 0.05 0.17 0.14 42M 50% 927M 7% 49 normal normal normal





2018-12-20__13:26:41 pi9 Raspbian_GNU/Linux 4.9.41-v7+ _up_2_weeks,_5_days,_4_hours,_23_minutes 0.02 0.14 0.13 42M 50% 927M 7% 50 normal normal normal






2018-12-20__13:27:42 pi9 Raspbian_GNU/Linux 4.9.41-v7+ _up_2_weeks,_5_days,_4_hours,_24_minutes 0.00 0.11 0.12 42M 50% 927M 7% 49 normal normal normal







2018-12-20__13:28:42 pi9 Raspbian_GNU/Linux 4.9.41-v7+ _up_2_weeks,_5_days,_4_hours,_25_minutes 0.00 0.09 0.10 42M 50% 927M 7% 50 normal normal normal







2018-12-20__13:29:42 pi9 Raspbian_GNU/Linux 4.9.41-v7+ _up_2_weeks,_5_days,_4_hours,_26_minutes 0.25 0.13 0.11 42M 50% 927M 7% 50 normal normal normal






2018-12-20__13:30:42 pi9 Raspbian_GNU/Linux 4.9.41-v7+ _up_2_weeks,_5_days,_4_hours,_27_minutes 0.23 0.15 0.12 42M 50% 927M 7% 50 normal normal normal






2018-12-20__13:31:42 pi9 Raspbian_GNU/Linux 4.9.41-v7+ _up_2_weeks,_5_days,_4_hours,_28_minutes 0.20 0.17 0.12 42M 50% 927M 7% 50 normal normal normal







2018-12-20__13:32:42 pi9 Raspbian_GNU/Linux 4.9.41-v7+ _up_2_weeks,_5_days,_4_hours,_29_minutes 0.07 0.13 0.11 42M 50% 927M 7% 49 normal normal normal






2018-12-20__13:33:42 pi9 Raspbian_GNU/Linux 4.9.41-v7+ _up_2_weeks,_5_days,_4_hours,_30_minutes 0.02 0.11 0.10 42M 50% 927M 7% 50 normal normal normal







2018-12-20__13:34:42 pi9 Raspbian_GNU/Linux 4.9.41-v7+ _up_2_weeks,_5_days,_4_hours,_31_minutes 0.19 0.13 0.11 42M 50% 927M 7% 51 normal normal note




2018-12-20__13:35:42 pi9 Raspbian_GNU/Linux 4.9.41-v7+ _up_2_weeks,_5_days,_4_hours,_32_minutes 0.21 0.15 0.11 42M 50% 927M 7% 50 normal normal normal






2018-12-20__13:36:43 pi9 Raspbian_GNU/Linux 4.9.41-v7+ _up_2_weeks,_5_days,_4_hours,_33_minutes 0.14 0.14 0.11 42M 50% 927M 7% 50 normal normal normal







2018-12-20__13:37:43 pi9 Raspbian_GNU/Linux 4.9.41-v7+ _up_2_weeks,_5_days,_4_hours,_34_minutes 0.05 0.11 0.09 42M 50% 927M 7% 50 normal normal normal







2018-12-20__13:38:43 pi9 Raspbian_GNU/Linux 4.9.41-v7+ _up_2_weeks,_5_days,_4_hours,_35_minutes 0.10 0.10 0.09 42M 50% 927M 7% 50 normal normal normal






2018-12-20__13:39:43 pi9 Raspbian_GNU/Linux 4.9.41-v7+ _up_2_weeks,_5_days,_4_hours,_36_minutes 0.24 0.14 0.11 42M 50% 927M 7% 50 normal normal normal







2018-12-20__13:40:43 pi9 Raspbian_GNU/Linux 4.9.41-v7+ _up_2_weeks,_5_days,_4_hours,_37_minutes 0.29 0.19 0.12 42M 50% 927M 7% 49 normal normal normal






2018-12-20__13:41:43 pi9 Raspbian_GNU/Linux 4.9.41-v7+ _up_2_weeks,_5_days,_4_hours,_38_minutes 0.14 0.16 0.12 42M 50% 927M 7% 50 normal normal normal







2018-12-20__13:42:43 pi9 Raspbian_GNU/Linux 4.9.41-v7+ _up_2_weeks,_5_days,_4_hours,_39_minutes 0.05 0.13 0.10 42M 50% 927M 7% 49 normal normal normal







2018-12-20__13:43:43 pi9 Raspbian_GNU/Linux 4.9.41-v7+ _up_2_weeks,_5_days,_4_hours,_40_minutes 0.28 0.18 0.12 42M 50% 927M 7% 50 normal normal normal






2018-12-20__13:44:44 pi9 Raspbian_GNU/Linux 4.9.41-v7+ _up_2_weeks,_5_days,_4_hours,_41_minutes 0.16 0.16 0.11 42M 50% 927M 7% 50 normal normal normal







2018-12-20__13:45:44 pi9 Raspbian_GNU/Linux 4.9.41-v7+ _up_2_weeks,_5_days,_4_hours,_42_minutes 0.24 0.18 0.12 42M 50% 927M 7% 50 normal normal normal




2018-12-20__13:46:44 pi9 Raspbian_GNU/Linux 4.9.41-v7+ _up_2_weeks,_5_days,_4_hours,_43_minutes 0.09 0.14 0.11 42M 50% 927M 7% 50 normal normal normal






2018-12-20__13:47:44 pi9 Raspbian_GNU/Linux 4.9.41-v7+ _up_2_weeks,_5_days,_4_hours,_44_minutes 0.35 0.19 0.12 42M 50% 927M 7% 50 normal normal normal







2018-12-20__13:48:44 pi9 Raspbian_GNU/Linux 4.9.41-v7+ _up_2_weeks,_5_days,_4_hours,_45_minutes 0.23 0.19 0.12 42M 50% 927M 7% 50 normal normal normal







2018-12-20__13:49:44 pi9 Raspbian_GNU/Linux 4.9.41-v7+ _up_2_weeks,_5_days,_4_hours,_46_minutes 0.33 0.23 0.14 42M 50% 927M 7% 50 normal normal normal






2018-12-20__13:50:44 pi9 Raspbian_GNU/Linux 4.9.41-v7+ _up_2_weeks,_5_days,_4_hours,_47_minutes 0.29 0.23 0.14 42M 50% 927M 7% 50 normal normal normal







2018-12-20__13:51:44 pi9 Raspbian_GNU/Linux 4.9.41-v7+ _up_2_weeks,_5_days,_4_hours,_48_minutes 0.11 0.19 0.13 42M 50% 927M 7% 51 normal normal note







2018-12-20__13:52:45 pi9 Raspbian_GNU/Linux 4.9.41-v7+ _up_2_weeks,_5_days,_4_hours,_49_minutes 0.37 0.27 0.17 42M 50% 927M 7% 50 normal normal normal






2018-12-20__13:53:45 pi9 Raspbian_GNU/Linux 4.9.41-v7+ _up_2_weeks,_5_days,_4_hours,_50_minutes 0.27 0.25 0.17 42M 50% 927M 7% 50 normal normal normal






2018-12-20__13:54:45 pi9 Raspbian_GNU/Linux 4.9.41-v7+ _up_2_weeks,_5_days,_4_hours,_51_minutes 0.16 0.22 0.16 42M 50% 927M 7% 50 normal normal normal







2018-12-20__13:55:45 pi9 Raspbian_GNU/Linux 4.9.41-v7+ _up_2_weeks,_5_days,_4_hours,_52_minutes 0.16 0.20 0.16 42M 50% 927M 7% 50 normal normal normal






2018-12-20__13:56:45 pi9 Raspbian_GNU/Linux 4.9.41-v7+ _up_2_weeks,_5_days,_4_hours,_53_minutes 0.24 0.21 0.17 42M 50% 927M 7% 50 normal normal normal





2018-12-20__13:57:45 pi9 Raspbian_GNU/Linux 4.9.41-v7+ _up_2_weeks,_5_days,_4_hours,_54_minutes 0.09 0.17 0.15 42M 50% 927M 7% 50 normal normal normal







2018-12-20__13:58:45 pi9 Raspbian_GNU/Linux 4.9.41-v7+ _up_2_weeks,_5_days,_4_hours,_55_minutes 0.03 0.14 0.14 42M 50% 927M 7% 50 normal normal normal







2018-12-20__13:59:45 pi9 Raspbian_GNU/Linux 4.9.41-v7+ _up_2_weeks,_5_days,_4_hours,_56_minutes 0.01 0.11 0.13 42M 50% 927M 7% 50 normal normal normal






2018-12-20__14:00:46 pi9 Raspbian_GNU/Linux 4.9.41-v7+ _up_2_weeks,_5_days,_4_hours,_57_minutes 0.00 0.09 0.12 42M 50% 927M 7% 49 normal normal normal






2018-12-20__14:01:46 pi9 Raspbian_GNU/Linux 4.9.41-v7+ _up_2_weeks,_5_days,_4_hours,_58_minutes 0.06 0.08 0.11 42M 50% 927M 7% 49 normal normal normal







2018-12-20__14:02:46 pi9 Raspbian_GNU/Linux 4.9.41-v7+ _up_2_weeks,_5_days,_4_hours,_59_minutes 0.31 0.13 0.12 42M 50% 927M 7% 50 normal normal normal






2018-12-20__14:03:46 pi9 Raspbian_GNU/Linux 4.9.41-v7+ _up_2_weeks,_5_days,_5_hours 0.32 0.16 0.13 42M 50% 927M 7% 50 normal normal normal






2018-12-20__14:04:46 pi9 Raspbian_GNU/Linux 4.9.41-v7+ _up_2_weeks,_5_days,_5_hours,_1_minute 0.11 0.12 0.12 42M 50% 927M 7% 51 normal normal note







2018-12-20__14:05:46 pi9 Raspbian_GNU/Linux 4.9.41-v7+ _up_2_weeks,_5_days,_5_hours,_2_minutes 0.04 0.10 0.10 42M 50% 927M 7% 51 normal normal note







2018-12-20__14:06:46 pi9 Raspbian_GNU/Linux 4.9.41-v7+ _up_2_weeks,_5_days,_5_hours,_3_minutes 0.06 0.09 0.10 42M 50% 927M 7% 49 normal normal normal






2018-12-20__14:07:46 pi9 Raspbian_GNU/Linux 4.9.41-v7+ _up_2_weeks,_5_days,_5_hours,_4_minutes 0.02 0.07 0.09 42M 50% 927M 7% 50 normal normal normal







2018-12-20__14:08:46 pi9 Raspbian_GNU/Linux 4.9.41-v7+ _up_2_weeks,_5_days,_5_hours,_5_minutes 0.30 0.14 0.11 42M 50% 927M 7% 51 normal normal note







2018-12-20__14:09:47 pi9 Raspbian_GNU/Linux 4.9.41-v7+ _up_2_weeks,_5_days,_5_hours,_6_minutes 0.11 0.11 0.10 42M 50% 927M 7% 49 normal normal normal







2018-12-20__14:10:47 pi9 Raspbian_GNU/Linux 4.9.41-v7+ _up_2_weeks,_5_days,_5_hours,_7_minutes 0.04 0.09 0.09 42M 50% 927M 7% 50 normal normal normal







2018-12-20__14:11:47 pi9 Raspbian_GNU/Linux 4.9.41-v7+ _up_2_weeks,_5_days,_5_hours,_8_minutes 0.05 0.08 0.09 42M 50% 927M 7% 50 normal normal normal





2018-12-20__14:12:47 pi9 Raspbian_GNU/Linux 4.9.41-v7+ _up_2_weeks,_5_days,_5_hours,_9_minutes 0.29 0.16 0.11 42M 50% 927M 7% 50 normal normal normal






2018-12-20__14:13:47 pi9 Raspbian_GNU/Linux 4.9.41-v7+ _up_2_weeks,_5_days,_5_hours,_10_minutes 0.10 0.12 0.10 42M 50% 927M 7% 50 normal normal normal







2018-12-20__14:14:47 pi9 Raspbian_GNU/Linux 4.9.41-v7+ _up_2_weeks,_5_days,_5_hours,_11_minutes 0.08 0.11 0.09 42M 50% 927M 7% 50 normal normal normal






2018-12-20__14:15:47 pi9 Raspbian_GNU/Linux 4.9.41-v7+ _up_2_weeks,_5_days,_5_hours,_12_minutes 0.14 0.12 0.09 42M 50% 927M 7% 50 normal normal normal






2018-12-20__14:16:47 pi9 Raspbian_GNU/Linux 4.9.41-v7+ _up_2_weeks,_5_days,_5_hours,_13_minutes 0.05 0.10 0.09 42M 50% 927M 7% 50 normal normal normal







2018-12-20__14:17:48 pi9 Raspbian_GNU/Linux 4.9.41-v7+ _up_2_weeks,_5_days,_5_hours,_14_minutes 0.10 0.09 0.09 42M 50% 927M 7% 50 normal normal normal






2018-12-20__14:18:48 pi9 Raspbian_GNU/Linux 4.9.41-v7+ _up_2_weeks,_5_days,_5_hours,_15_minutes 0.03 0.08 0.08 42M 50% 927M 7% 50 normal normal normal






2018-12-20__14:19:48 pi9 Raspbian_GNU/Linux 4.9.41-v7+ _up_2_weeks,_5_days,_5_hours,_16_minutes 0.09 0.09 0.09 42M 50% 927M 7% 50 normal normal normal







2018-12-20__14:20:48 pi9 Raspbian_GNU/Linux 4.9.41-v7+ _up_2_weeks,_5_days,_5_hours,_17_minutes 0.03 0.07 0.08 42M 50% 927M 7% 49 normal normal normal







2018-12-20__14:21:48 pi9 Raspbian_GNU/Linux 4.9.41-v7+ _up_2_weeks,_5_days,_5_hours,_18_minutes 0.01 0.05 0.07 42M 50% 927M 7% 49 normal normal normal







2018-12-20__14:22:48 pi9 Raspbian_GNU/Linux 4.9.41-v7+ _up_2_weeks,_5_days,_5_hours,_19_minutes 0.08 0.06 0.07 42M 50% 927M 7% 51 normal normal note






2018-12-20__14:23:48 pi9 Raspbian_GNU/Linux 4.9.41-v7+ _up_2_weeks,_5_days,_5_hours,_20_minutes 0.07 0.06 0.07 42M 50% 927M 7% 50 normal normal normal







2018-12-20__14:24:48 pi9 Raspbian_GNU/Linux 4.9.41-v7+ _up_2_weeks,_5_days,_5_hours,_21_minutes 0.30 0.11 0.09 42M 50% 927M 7% 50 normal normal normal






2018-12-20__14:25:49 pi9 Raspbian_GNU/Linux 4.9.41-v7+ _up_2_weeks,_5_days,_5_hours,_22_minutes 0.37 0.17 0.11 42M 50% 927M 7% 50 normal normal normal







2018-12-20__14:26:49 pi9 Raspbian_GNU/Linux 4.9.41-v7+ _up_2_weeks,_5_days,_5_hours,_23_minutes 0.23 0.18 0.11 42M 50% 927M 7% 50 normal normal normal







2018-12-20__14:27:49 pi9 Raspbian_GNU/Linux 4.9.41-v7+ _up_2_weeks,_5_days,_5_hours,_24_minutes 0.19 0.17 0.11 42M 50% 927M 7% 50 normal normal normal





2018-12-20__14:28:49 pi9 Raspbian_GNU/Linux 4.9.41-v7+ _up_2_weeks,_5_days,_5_hours,_25_minutes 0.16 0.17 0.11 42M 50% 927M 7% 50 normal normal normal






2018-12-20__14:29:49 pi9 Raspbian_GNU/Linux 4.9.41-v7+ _up_2_weeks,_5_days,_5_hours,_26_minutes 0.06 0.14 0.10 42M 50% 927M 7% 50 normal normal normal






2018-12-20__14:30:49 pi9 Raspbian_GNU/Linux 4.9.41-v7+ _up_2_weeks,_5_days,_5_hours,_27_minutes 0.02 0.11 0.09 42M 50% 927M 7% 50 normal normal normal







2018-12-20__14:31:49 pi9 Raspbian_GNU/Linux 4.9.41-v7+ _up_2_weeks,_5_days,_5_hours,_28_minutes 0.11 0.12 0.09 42M 50% 927M 7% 50 normal normal normal







2018-12-20__14:32:49 pi9 Raspbian_GNU/Linux 4.9.41-v7+ _up_2_weeks,_5_days,_5_hours,_29_minutes 0.38 0.19 0.12 42M 50% 927M 7% 50 normal normal normal






2018-12-20__14:33:50 pi9 Raspbian_GNU/Linux 4.9.41-v7+ _up_2_weeks,_5_days,_5_hours,_30_minutes 0.14 0.15 0.10 42M 50% 927M 7% 50 normal normal normal







2018-12-20__14:34:50 pi9 Raspbian_GNU/Linux 4.9.41-v7+ _up_2_weeks,_5_days,_5_hours,_31_minutes 0.09 0.13 0.10 42M 50% 927M 7% 50 normal normal normal







2018-12-20__14:35:50 pi9 Raspbian_GNU/Linux 4.9.41-v7+ _up_2_weeks,_5_days,_5_hours,_32_minutes 0.09 0.12 0.09 42M 50% 927M 7% 49 normal normal normal







2018-12-20__14:36:50 pi9 Raspbian_GNU/Linux 4.9.41-v7+ _up_2_weeks,_5_days,_5_hours,_33_minutes 0.17 0.13 0.10 42M 50% 927M 7% 49 normal normal normal






2018-12-20__14:37:50 pi9 Raspbian_GNU/Linux 4.9.41-v7+ _up_2_weeks,_5_days,_5_hours,_34_minutes 0.06 0.10 0.09 42M 50% 927M 7% 51 normal normal note






2018-12-20__14:38:50 pi9 Raspbian_GNU/Linux 4.9.41-v7+ _up_2_weeks,_5_days,_5_hours,_35_minutes 0.09 0.11 0.09 42M 50% 927M 7% 51 normal normal note






2018-12-20__14:39:50 pi9 Raspbian_GNU/Linux 4.9.41-v7+ _up_2_weeks,_5_days,_5_hours,_36_minutes 0.16 0.12 0.09 42M 50% 927M 7% 50 normal normal normal






2018-12-20__14:40:50 pi9 Raspbian_GNU/Linux 4.9.41-v7+ _up_2_weeks,_5_days,_5_hours,_37_minutes 0.18 0.14 0.10 42M 50% 927M 7% 50 normal normal normal






2018-12-20__14:41:51 pi9 Raspbian_GNU/Linux 4.9.41-v7+ _up_2_weeks,_5_days,_5_hours,_38_minutes 0.41 0.23 0.13 42M 50% 927M 7% 50 normal normal normal







2018-12-20__14:42:51 pi9 Raspbian_GNU/Linux 4.9.41-v7+ _up_2_weeks,_5_days,_5_hours,_39_minutes 0.15 0.18 0.12 42M 50% 927M 7% 51 normal normal note






2018-12-20__14:43:51 pi9 Raspbian_GNU/Linux 4.9.41-v7+ _up_2_weeks,_5_days,_5_hours,_40_minutes 0.31 0.21 0.13 42M 50% 927M 7% 50 normal normal normal





2018-12-20__14:44:51 pi9 Raspbian_GNU/Linux 4.9.41-v7+ _up_2_weeks,_5_days,_5_hours,_41_minutes 0.11 0.17 0.12 42M 50% 927M 7% 50 normal normal normal







2018-12-20__14:45:51 pi9 Raspbian_GNU/Linux 4.9.41-v7+ _up_2_weeks,_5_days,_5_hours,_42_minutes 0.04 0.14 0.11 42M 50% 927M 7% 50 normal normal normal






2018-12-20__14:46:51 pi9 Raspbian_GNU/Linux 4.9.41-v7+ _up_2_weeks,_5_days,_5_hours,_43_minutes 0.01 0.11 0.10 42M 50% 927M 7% 50 normal normal normal






2018-12-20__14:47:51 pi9 Raspbian_GNU/Linux 4.9.41-v7+ _up_2_weeks,_5_days,_5_hours,_44_minutes 0.14 0.13 0.10 42M 50% 927M 7% 50 normal normal normal







2018-12-20__14:48:51 pi9 Raspbian_GNU/Linux 4.9.41-v7+ _up_2_weeks,_5_days,_5_hours,_45_minutes 0.09 0.12 0.10 42M 50% 927M 7% 50 normal normal normal






2018-12-20__14:49:52 pi9 Raspbian_GNU/Linux 4.9.41-v7+ _up_2_weeks,_5_days,_5_hours,_46_minutes 0.15 0.13 0.10 42M 50% 927M 7% 50 normal normal normal





2018-12-20__14:50:52 pi9 Raspbian_GNU/Linux 4.9.41-v7+ _up_2_weeks,_5_days,_5_hours,_47_minutes 0.18 0.13 0.10 42M 50% 927M 7% 50 normal normal normal







2018-12-20__14:51:52 pi9 Raspbian_GNU/Linux 4.9.41-v7+ _up_2_weeks,_5_days,_5_hours,_48_minutes 0.12 0.12 0.09 42M 50% 927M 7% 49 normal normal normal







2018-12-20__14:52:52 pi9 Raspbian_GNU/Linux 4.9.41-v7+ _up_2_weeks,_5_days,_5_hours,_49_minutes 0.04 0.10 0.08 42M 50% 927M 7% 49 normal normal normal






2018-12-20__14:53:52 pi9 Raspbian_GNU/Linux 4.9.41-v7+ _up_2_weeks,_5_days,_5_hours,_50_minutes 0.01 0.08 0.08 42M 50% 927M 7% 50 normal normal normal







2018-12-20__14:54:52 pi9 Raspbian_GNU/Linux 4.9.41-v7+ _up_2_weeks,_5_days,_5_hours,_51_minutes 0.14 0.09 0.08 42M 50% 927M 7% 50 normal normal normal







2018-12-20__14:55:52 pi9 Raspbian_GNU/Linux 4.9.41-v7+ _up_2_weeks,_5_days,_5_hours,_52_minutes 0.05 0.07 0.08 42M 50% 927M 7% 50 normal normal normal







2018-12-20__14:56:52 pi9 Raspbian_GNU/Linux 4.9.41-v7+ _up_2_weeks,_5_days,_5_hours,_53_minutes 0.30 0.15 0.10 42M 50% 927M 7% 50 normal normal normal






2018-12-20__14:57:53 pi9 Raspbian_GNU/Linux 4.9.41-v7+ _up_2_weeks,_5_days,_5_hours,_54_minutes 0.31 0.18 0.11 42M 50% 927M 7% 50 normal normal normal





2018-12-20__14:58:53 pi9 Raspbian_GNU/Linux 4.9.41-v7+ _up_2_weeks,_5_days,_5_hours,_55_minutes 0.11 0.14 0.10 42M 50% 927M 7% 49 normal normal normal






2018-12-20__14:59:53 pi9 Raspbian_GNU/Linux 4.9.41-v7+ _up_2_weeks,_5_days,_5_hours,_56_minutes 0.04 0.12 0.09 42M 50% 927M 7% 51 normal normal note







2018-12-20__15:00:53 pi9 Raspbian_GNU/Linux 4.9.41-v7+ _up_2_weeks,_5_days,_5_hours,_57_minutes 0.14 0.12 0.09 42M 50% 927M 7% 50 normal normal normal






2018-12-20__15:01:53 pi9 Raspbian_GNU/Linux 4.9.41-v7+ _up_2_weeks,_5_days,_5_hours,_58_minutes 0.13 0.13 0.09 42M 50% 927M 8% 50 normal normal normal







