2018-12-23__15:58:59 0.86 0.58 0.45 42.79% 44.01 normal
2018-12-23__15:59:05 0.88 0.59 0.46 7.55% 41.86 normal
2018-12-23__15:59:11 0.81 0.58 0.45 8.02% 40.78 normal
2018-12-23__15:59:16 0.74 0.57 0.45 9.52% 40.78 normal
2018-12-23__15:59:22 0.68 0.56 0.45 34.30% 41.86 normal
2018-12-23__15:59:28 0.95 0.62 0.47 22.33% 41.86 normal
2018-12-23__15:59:33 0.87 0.61 0.47 13.68% 41.86 normal
2018-12-23__15:59:39 0.80 0.60 0.47 9.39% 41.86 normal
2018-12-23__15:59:44 0.74 0.59 0.46 10.00% 41.86 normal
2018-12-23__15:59:50 0.76 0.60 0.47 26.17% 41.86 normal
2018-12-23__15:59:56 0.78 0.60 0.47 8.02% 42.39 normal
2018-12-23__16:00:01 0.96 0.64 0.48 46.95% 41.86 normal
2018-12-23__16:00:07 0.88 0.63 0.48 10.09% 41.32 normal
2018-12-23__16:00:13 0.75 0.61 0.47 17.92% 41.32 normal
2018-12-23__16:00:18 0.69 0.60 0.47 9.39% 41.32 normal
2018-12-23__16:00:24 0.63 0.59 0.47 10.75% 40.78 normal
2018-12-23__16:00:30 0.58 0.58 0.47 10.90% 40.78 normal
2018-12-23__16:00:35 0.53 0.57 0.46 16.13% 40.78 normal
2018-12-23__16:00:41 0.57 0.58 0.47 3.83% 40.78 normal
2018-12-23__16:00:47 0.60 0.59 0.47 28.64% 41.86 normal
2018-12-23__16:00:52 0.56 0.58 0.47 10.63% 40.78 normal
2018-12-23__16:00:58 0.70 0.61 0.48 5.16% 41.86 normal
2018-12-23__16:01:03 0.65 0.60 0.47 9.39% 41.86 normal
2018-12-23__16:01:09 0.60 0.59 0.47 8.84% 41.32 normal
2018-12-23__16:01:15 0.55 0.58 0.47 2.90% 41.32 normal
2018-12-23__16:01:20 0.58 0.59 0.47 18.78% 41.32 normal
2018-12-23__16:01:26 0.54 0.58 0.47 7.91% 41.32 normal
2018-12-23__16:01:32 0.57 0.58 0.47 10.70% 40.78 normal
2018-12-23__16:01:37 0.53 0.57 0.47 10.70% 41.32 normal
2018-12-23__16:01:43 0.45 0.55 0.46 25.58% 41.32 normal
2018-12-23__16:01:48 0.49 0.56 0.46 26.21% 41.86 normal
2018-12-23__16:01:54 0.45 0.55 0.46 23.44% 41.32 normal
2018-12-23__16:02:00 0.50 0.56 0.46 23.47% 42.39 normal
2018-12-23__16:02:05 0.54 0.57 0.47 18.93% 42.39 normal
2018-12-23__16:02:11 0.49 0.56 0.46 5.77% 41.32 normal
2018-12-23__16:02:16 0.45 0.55 0.46 16.36% 41.32 normal
2018-12-23__16:02:22 0.42 0.54 0.46 3.37% 41.86 normal
2018-12-23__16:02:28 0.35 0.52 0.45 4.31% 41.86 normal
2018-12-23__16:02:33 0.32 0.51 0.45 8.02% 40.78 normal
2018-12-23__16:02:39 0.30 0.50 0.45 3.41% 41.32 normal
2018-12-23__16:02:44 0.27 0.49 0.45 10.14% 40.78 normal
2018-12-23__16:02:50 0.25 0.49 0.44 47.91% 41.32 normal
2018-12-23__16:02:56 0.31 0.49 0.45 17.70% 41.32 normal
2018-12-23__16:03:01 0.29 0.49 0.44 16.59% 41.86 normal
2018-12-23__16:03:07 0.26 0.48 0.44 14.15% 41.86 normal
2018-12-23__16:03:13 0.22 0.46 0.44 12.98% 41.86 normal
2018-12-23__16:03:18 0.20 0.45 0.43 8.78% 41.86 normal
2018-12-23__16:03:24 0.27 0.46 0.44 34.31% 41.86 normal
2018-12-23__16:03:30 0.25 0.46 0.44 6.64% 40.78 normal
2018-12-23__16:03:35 0.23 0.45 0.43 14.88% 40.78 normal
2018-12-23__16:03:41 0.21 0.44 0.43 39.32% 41.32 normal
2018-12-23__16:03:46 0.27 0.45 0.43 34.29% 40.78 normal
2018-12-23__16:03:52 0.25 0.44 0.43 29.41% 41.86 normal
2018-12-23__16:03:58 0.23 0.43 0.43 10.10% 40.78 normal
2018-12-23__16:04:03 0.19 0.42 0.42 10.10% 40.78 normal
2018-12-23__16:04:09 0.26 0.43 0.43 4.83% 40.78 normal
2018-12-23__16:04:15 0.24 0.42 0.43 7.48% 40.78 normal
2018-12-23__16:04:20 0.22 0.41 0.42 8.74% 40.24 normal
2018-12-23__16:04:26 0.20 0.41 0.42 11.42% 40.78 normal
2018-12-23__16:04:31 0.27 0.42 0.42 4.76% 39.70 normal
2018-12-23__16:04:37 0.24 0.41 0.42 0.48% 39.70 normal
2018-12-23__16:04:43 0.22 0.40 0.42 7.94% 39.70 normal
2018-12-23__16:04:48 0.26 0.41 0.42 16.99% 39.70 normal
2018-12-23__16:04:54 0.24 0.40 0.42 3.86% 40.24 normal
2018-12-23__16:05:00 0.22 0.39 0.41 34.78% 40.78 normal
2018-12-23__16:05:05 0.20 0.39 0.41 6.54% 40.78 normal
2018-12-23__16:05:11 0.19 0.38 0.41 10.19% 39.70 normal
2018-12-23__16:05:16 0.25 0.39 0.41 7.44% 39.70 normal
2018-12-23__16:05:22 0.23 0.38 0.41 18.14% 40.78 normal
2018-12-23__16:05:28 0.29 0.39 0.41 19.72% 41.86 normal
2018-12-23__16:05:33 0.25 0.38 0.41 14.76% 40.78 normal
2018-12-23__16:05:39 0.23 0.37 0.41 7.94% 40.78 normal
2018-12-23__16:05:45 0.21 0.37 0.40 2.42% 39.70 normal
2018-12-23__16:05:50 0.19 0.36 0.40 16.27% 40.78 normal
2018-12-23__16:05:56 0.18 0.35 0.40 5.71% 40.78 normal
2018-12-23__16:06:01 0.16 0.35 0.40 16.35% 41.86 normal
2018-12-23__16:06:07 0.15 0.34 0.39 6.07% 40.78 normal
2018-12-23__16:06:13 0.14 0.34 0.39 7.04% 40.78 normal
2018-12-23__16:06:18 0.12 0.32 0.39 0.48% 40.24 normal
2018-12-23__16:06:24 0.19 0.34 0.39 2.83% 39.70 normal
2018-12-23__16:06:30 0.17 0.33 0.39 6.98% 39.70 normal
2018-12-23__16:06:35 0.16 0.32 0.39 4.74% 40.24 normal
2018-12-23__16:06:41 0.14 0.32 0.38 5.63% 40.78 normal
2018-12-23__16:06:46 0.13 0.31 0.38 15.53% 40.24 normal
2018-12-23__16:06:52 0.12 0.31 0.38 10.05% 40.78 normal
2018-12-23__16:06:58 0.11 0.30 0.38 5.71% 40.24 normal
2018-12-23__16:07:03 0.09 0.29 0.37 5.61% 40.78 normal
2018-12-23__16:07:09 0.09 0.29 0.37 10.80% 39.70 normal
2018-12-23__16:07:15 0.08 0.28 0.37 8.53% 39.70 normal
2018-12-23__16:07:20 0.15 0.29 0.37 4.76% 39.70 normal
2018-12-23__16:07:26 0.14 0.29 0.37 35.10% 40.24 normal
2018-12-23__16:07:31 0.21 0.30 0.37 4.83% 39.70 normal
2018-12-23__16:07:37 0.43 0.35 0.39 5.66% 39.70 normal
2018-12-23__16:07:43 0.40 0.34 0.38 16.11% 39.70 normal
2018-12-23__16:07:48 0.34 0.33 0.38 14.81% 40.78 normal
2018-12-23__16:07:54 0.31 0.32 0.38 8.84% 40.24 normal
2018-12-23__16:08:00 0.44 0.35 0.38 8.88% 40.78 normal
2018-12-23__16:08:05 0.49 0.36 0.39 7.48% 40.24 normal
2018-12-23__16:08:11 0.45 0.36 0.39 5.39% 40.78 normal
2018-12-23__16:08:16 0.73 0.42 0.40 8.45% 40.78 normal
2018-12-23__16:08:22 0.68 0.41 0.40 18.52% 40.78 normal
2018-12-23__16:08:28 0.62 0.40 0.40 15.57% 40.78 normal
2018-12-23__16:08:33 0.75 0.44 0.41 0.97% 40.78 normal
2018-12-23__16:08:39 0.69 0.43 0.41 3.30% 39.70 normal
