2018-12-20__11:39:04 0.13 0.08 0.02 7.41% 43.47 normal
2018-12-20__11:39:10 0.11 0.07 0.02 1.42% 42.93 normal
2018-12-20__11:39:15 0.10 0.07 0.02 5.16% 43.47 normal
2018-12-20__11:39:21 0.09 0.07 0.02 9.86% 43.47 normal
2018-12-20__11:39:27 0.08 0.07 0.02 4.63% 42.93 normal
2018-12-20__11:39:32 0.08 0.07 0.02 7.44% 42.93 normal
2018-12-20__11:39:38 0.07 0.07 0.02 3.26% 42.93 normal
2018-12-20__11:39:44 0.06 0.07 0.02 4.63% 42.93 normal
2018-12-20__11:39:49 0.06 0.06 0.02 7.91% 42.93 normal
2018-12-20__11:39:55 0.05 0.06 0.02 7.80% 42.93 normal
2018-12-20__11:40:01 0.05 0.06 0.02 23.44% 44.01 normal
2018-12-20__11:40:06 0.04 0.06 0.02 10.70% 42.93 normal
2018-12-20__11:49:22 0.01 0.04 0.00 11.16% 44.01 normal
2018-12-20__11:49:28 0.01 0.04 0.00 4.63% 42.93 normal
2018-12-20__11:49:33 0.01 0.04 0.00 3.74% 42.93 normal
2018-12-20__11:49:39 0.00 0.04 0.00 2.36% 42.93 normal
2018-12-20__11:49:45 0.00 0.04 0.00 2.35% 42.39 normal
2018-12-20__11:49:50 0.00 0.04 0.00 4.65% 43.47 normal
2018-12-20__11:49:56 0.00 0.04 0.00 4.17% 42.93 normal
2018-12-20__11:50:01 0.30 0.10 0.02 1.96% 44.01 normal
2018-12-20__11:50:07 0.27 0.10 0.02 4.72% 43.47 normal
2018-12-20__11:50:13 0.25 0.10 0.02 3.72% 42.93 normal
2018-12-20__11:50:18 0.23 0.09 0.02 5.96% 42.93 normal
2018-12-20__11:50:24 0.21 0.09 0.02 3.74% 42.93 normal
2018-12-20__11:50:30 0.28 0.11 0.02 4.61% 43.47 normal
2018-12-20__11:50:35 0.25 0.11 0.02 3.27% 42.93 normal
2018-12-20__11:50:41 0.23 0.10 0.02 2.36% 42.93 normal
2018-12-20__11:50:46 0.20 0.10 0.02 4.63% 42.93 normal
2018-12-20__11:50:52 0.18 0.10 0.02 4.33% 42.93 normal
2018-12-20__11:50:58 0.17 0.10 0.02 2.37% 42.93 normal
2018-12-20__11:51:03 0.15 0.09 0.02 2.36% 42.93 normal
2018-12-20__11:51:09 0.14 0.09 0.02 3.27% 42.93 normal
2018-12-20__11:51:15 0.13 0.09 0.02 4.19% 42.93 normal
2018-12-20__11:51:20 0.12 0.09 0.02 4.19% 43.47 normal
2018-12-20__11:51:26 0.11 0.09 0.02 2.82% 43.47 normal
2018-12-20__11:51:32 0.09 0.08 0.02 5.53% 42.93 normal
2018-12-20__11:51:37 0.08 0.08 0.02 3.74% 43.47 normal
2018-12-20__11:51:43 0.08 0.08 0.02 3.32% 43.47 normal
2018-12-20__11:51:48 0.07 0.08 0.02 2.82% 42.93 normal
2018-12-20__11:51:54 0.06 0.08 0.02 3.77% 43.47 normal
2018-12-20__11:52:00 0.06 0.08 0.02 2.82% 42.93 normal
2018-12-20__11:52:05 0.05 0.07 0.02 2.84% 43.47 normal
2018-12-20__11:52:11 0.05 0.07 0.01 5.50% 42.93 normal
2018-12-20__11:52:17 0.04 0.07 0.01 3.29% 42.93 normal
2018-12-20__11:52:22 0.04 0.07 0.01 22.54% 43.47 normal
2018-12-20__11:52:28 0.03 0.07 0.01 4.81% 43.47 normal
2018-12-20__11:52:33 0.03 0.07 0.01 2.37% 42.93 normal
2018-12-20__11:52:39 0.03 0.06 0.01 2.37% 42.93 normal
2018-12-20__11:52:45 0.03 0.06 0.01 2.82% 42.93 normal
2018-12-20__11:52:50 0.02 0.06 0.01 3.29% 42.93 normal
2018-12-20__11:52:56 0.02 0.06 0.01 4.19% 43.47 normal
2018-12-20__11:53:02 0.02 0.06 0.01 3.74% 42.93 normal
2018-12-20__11:53:07 0.02 0.06 0.01 3.29% 43.47 normal
2018-12-20__11:53:13 0.02 0.06 0.01 3.74% 42.93 normal
2018-12-20__11:53:18 0.01 0.05 0.01 4.29% 42.93 normal
2018-12-20__11:53:24 0.01 0.05 0.01 2.79% 43.47 normal
2018-12-20__11:53:30 0.01 0.05 0.01 4.61% 44.01 normal
2018-12-20__11:53:35 0.01 0.05 0.01 5.09% 42.93 normal
2018-12-20__11:53:41 0.01 0.05 0.01 4.59% 42.93 normal
2018-12-20__11:53:47 0.01 0.05 0.00 3.70% 43.47 normal
2018-12-20__11:53:52 0.01 0.05 0.00 2.82% 42.93 normal
2018-12-20__11:53:58 0.01 0.05 0.00 2.84% 42.93 normal
2018-12-20__11:54:04 0.00 0.05 0.00 7.04% 42.93 normal
2018-12-20__11:54:09 0.00 0.04 0.00 3.72% 42.93 normal
2018-12-20__11:54:15 0.00 0.04 0.00 4.63% 42.93 normal
2018-12-20__11:54:20 0.08 0.06 0.01 3.30% 42.93 normal
2018-12-20__11:54:26 0.08 0.06 0.01 2.36% 43.47 normal
2018-12-20__11:54:32 0.06 0.06 0.01 0.95% 42.93 normal
2018-12-20__11:54:37 0.06 0.06 0.01 4.63% 42.93 normal
2018-12-20__11:54:43 0.05 0.05 0.01 5.12% 42.93 normal
2018-12-20__11:54:49 0.05 0.05 0.00 4.19% 42.93 normal
2018-12-20__11:54:54 0.05 0.05 0.00 6.51% 42.93 normal
2018-12-20__11:55:00 0.04 0.05 0.00 2.37% 42.93 normal
2018-12-20__11:55:05 0.04 0.05 0.00 2.83% 43.47 normal
2018-12-20__11:55:11 0.04 0.05 0.00 3.29% 42.93 normal
2018-12-20__11:55:17 0.03 0.05 0.00 2.38% 43.47 normal
2018-12-20__11:55:22 0.03 0.05 0.00 18.01% 43.47 normal
2018-12-20__11:55:28 0.02 0.05 0.00 5.05% 42.93 normal
2018-12-20__11:55:34 0.02 0.04 0.00 5.50% 42.93 normal
2018-12-20__11:55:39 0.02 0.04 0.00 6.51% 42.93 normal
2018-12-20__11:55:45 0.02 0.04 0.00 4.61% 42.93 normal
2018-12-20__11:55:50 0.02 0.04 0.00 5.99% 43.47 normal
2018-12-20__11:55:56 0.02 0.04 0.00 3.30% 43.47 normal
2018-12-20__11:56:02 0.01 0.04 0.00 2.84% 43.47 normal
2018-12-20__11:56:07 0.01 0.04 0.00 3.76% 43.47 normal
2018-12-20__11:56:13 0.01 0.04 0.00 1.90% 43.47 normal
2018-12-20__11:56:19 0.01 0.04 0.00 1.44% 42.93 normal
2018-12-20__11:56:24 0.01 0.04 0.00 4.19% 42.93 normal
2018-12-20__11:56:30 0.01 0.03 0.00 2.88% 42.93 normal
2018-12-20__11:56:35 0.01 0.03 0.00 4.19% 44.01 normal
2018-12-20__11:56:41 0.01 0.03 0.00 9.13% 43.47 normal
2018-12-20__11:56:47 0.00 0.03 0.00 3.74% 43.47 normal
2018-12-20__11:56:52 0.00 0.03 0.00 3.27% 42.93 normal
2018-12-20__11:56:58 0.00 0.03 0.00 11.79% 42.93 normal
2018-12-20__11:57:04 0.00 0.03 0.00 4.21% 42.93 normal
2018-12-20__11:57:09 0.00 0.03 0.00 5.56% 43.47 normal
2018-12-20__11:57:15 0.00 0.03 0.00 7.04% 43.47 normal
2018-12-20__11:57:21 0.00 0.03 0.00 2.38% 43.47 normal
2018-12-20__11:57:26 0.00 0.03 0.00 1.89% 42.93 normal
2018-12-20__11:57:32 0.00 0.03 0.00 5.96% 42.93 normal
2018-12-20__11:57:37 0.00 0.02 0.00 4.15% 43.47 normal
2018-12-20__11:57:43 0.00 0.02 0.00 4.63% 43.47 normal
2018-12-20__11:57:49 0.00 0.02 0.00 3.27% 42.93 normal
2018-12-20__11:57:54 0.00 0.02 0.00 4.65% 42.93 normal
2018-12-20__11:58:00 0.00 0.02 0.00 4.63% 42.93 normal
2018-12-20__11:58:06 0.00 0.02 0.00 6.07% 43.47 normal
2018-12-20__11:58:11 0.00 0.02 0.00 2.80% 43.47 normal
2018-12-20__11:58:17 0.08 0.04 0.01 4.17% 43.47 normal
2018-12-20__11:58:22 0.07 0.04 0.00 7.41% 42.93 normal
2018-12-20__11:58:28 0.22 0.07 0.02 2.35% 42.93 normal
2018-12-20__11:58:34 0.20 0.07 0.01 5.24% 43.47 normal
2018-12-20__11:58:39 0.19 0.07 0.01 5.07% 42.93 normal
2018-12-20__11:58:45 0.17 0.06 0.01 4.19% 42.93 normal
2018-12-20__11:58:51 0.32 0.10 0.02 8.61% 43.47 normal
2018-12-20__11:58:56 0.29 0.10 0.02 9.13% 43.47 normal
2018-12-20__11:59:02 0.27 0.09 0.02 4.63% 42.93 normal
2018-12-20__11:59:08 0.30 0.11 0.03 3.30% 43.47 normal
2018-12-20__11:59:13 0.28 0.10 0.03 8.80% 42.93 normal
2018-12-20__11:59:19 0.25 0.10 0.03 4.23% 44.01 normal
2018-12-20__11:59:24 0.31 0.12 0.03 6.88% 42.93 normal
2018-12-20__11:59:30 0.29 0.12 0.03 3.67% 43.47 normal
2018-12-20__11:59:36 0.27 0.11 0.03 1.90% 42.93 normal
2018-12-20__11:59:41 0.24 0.11 0.03 7.48% 43.47 normal
2018-12-20__11:59:47 0.22 0.11 0.03 5.48% 42.93 normal
2018-12-20__11:59:53 0.41 0.15 0.05 2.36% 42.93 normal
2018-12-20__11:59:58 0.38 0.15 0.05 8.02% 42.93 normal
2018-12-20__12:00:04 0.35 0.15 0.05 6.16% 43.47 normal
2018-12-20__12:00:09 0.32 0.15 0.04 6.60% 43.47 normal
2018-12-20__12:00:15 0.29 0.14 0.04 1.89% 43.47 normal
2018-12-20__12:00:21 0.27 0.14 0.04 2.36% 42.93 normal
2018-12-20__12:00:26 0.25 0.14 0.04 5.69% 42.93 normal
2018-12-20__12:00:32 0.23 0.14 0.04 6.13% 43.47 normal
2018-12-20__12:00:38 0.19 0.13 0.04 6.60% 43.47 normal
2018-12-20__12:00:43 0.18 0.13 0.04 3.74% 43.47 normal
2018-12-20__12:00:49 0.16 0.13 0.04 4.81% 42.93 normal
2018-12-20__12:00:54 0.15 0.12 0.04 6.16% 43.47 normal
2018-12-20__12:01:00 0.14 0.12 0.04 2.37% 42.93 normal
2018-12-20__12:01:06 0.13 0.12 0.04 2.82% 44.01 normal
2018-12-20__12:01:11 0.12 0.12 0.04 4.76% 42.93 normal
2018-12-20__12:01:17 0.11 0.11 0.04 3.29% 43.47 normal
2018-12-20__12:01:23 0.09 0.11 0.04 7.08% 43.47 normal
2018-12-20__12:01:28 0.08 0.11 0.04 7.51% 43.47 normal
2018-12-20__12:01:34 0.08 0.11 0.04 4.59% 43.47 normal
2018-12-20__12:01:40 0.31 0.16 0.05 5.24% 44.01 normal
2018-12-20__12:01:45 0.28 0.15 0.05 6.67% 43.47 normal
2018-12-20__12:01:51 0.26 0.15 0.05 9.01% 42.93 normal
2018-12-20__12:01:56 0.24 0.15 0.05 3.29% 42.93 normal
2018-12-20__12:02:02 0.22 0.14 0.05 9.05% 43.47 normal
2018-12-20__12:02:08 0.19 0.14 0.05 5.21% 43.47 normal
2018-12-20__12:02:13 0.17 0.14 0.05 4.19% 44.01 normal
2018-12-20__12:02:19 0.16 0.13 0.05 6.51% 43.47 normal
2018-12-20__12:02:25 0.14 0.13 0.05 6.16% 44.01 normal
2018-12-20__12:02:30 0.13 0.13 0.05 3.69% 43.47 normal
2018-12-20__12:02:36 0.12 0.13 0.05 2.82% 43.47 normal
2018-12-20__12:02:41 0.35 0.17 0.06 3.27% 43.47 normal
2018-12-20__12:02:47 0.48 0.21 0.07 6.60% 43.47 normal
2018-12-20__12:02:53 0.41 0.20 0.07 5.21% 44.01 normal
2018-12-20__12:02:58 0.46 0.21 0.08 5.53% 43.47 normal
2018-12-20__12:03:04 0.42 0.21 0.08 7.91% 43.47 normal
2018-12-20__12:03:10 0.39 0.20 0.08 1.42% 44.01 normal
2018-12-20__12:03:15 0.44 0.22 0.08 1.42% 42.93 normal
2018-12-20__12:03:21 0.40 0.21 0.08 3.72% 44.01 normal
2018-12-20__12:03:27 0.37 0.21 0.08 6.13% 43.47 normal
2018-12-20__12:03:32 0.34 0.21 0.08 7.04% 42.93 normal
2018-12-20__12:03:38 0.29 0.20 0.08 6.54% 43.47 normal
2018-12-20__12:03:43 0.26 0.20 0.08 5.53% 43.47 normal
2018-12-20__12:03:49 0.24 0.19 0.08 7.94% 42.93 normal
2018-12-20__12:03:55 0.22 0.19 0.08 3.30% 42.93 normal
2018-12-20__12:04:00 0.20 0.19 0.08 1.91% 44.01 normal
2018-12-20__12:04:06 0.19 0.18 0.08 9.59% 42.93 normal
2018-12-20__12:04:12 0.17 0.18 0.08 7.91% 43.47 normal
2018-12-20__12:04:17 0.24 0.19 0.08 4.19% 42.93 normal
2018-12-20__12:04:23 0.28 0.20 0.09 6.60% 43.47 normal
2018-12-20__12:04:28 0.26 0.20 0.09 4.23% 44.01 normal
2018-12-20__12:04:34 0.24 0.20 0.09 2.83% 44.01 normal
2018-12-20__12:04:40 0.22 0.19 0.09 5.07% 43.47 normal
2018-12-20__12:04:45 0.20 0.19 0.09 4.19% 43.47 normal
2018-12-20__12:04:51 0.18 0.19 0.09 7.48% 42.93 normal
2018-12-20__12:04:57 0.17 0.18 0.08 4.17% 43.47 normal
2018-12-20__12:05:02 0.16 0.18 0.08 4.27% 44.01 normal
2018-12-20__12:05:08 0.13 0.17 0.08 5.71% 44.01 normal
2018-12-20__12:05:14 0.12 0.17 0.08 4.74% 43.47 normal
2018-12-20__12:05:19 0.11 0.17 0.08 2.84% 43.47 normal
2018-12-20__12:05:25 0.10 0.16 0.08 2.37% 43.47 normal
2018-12-20__12:05:30 0.17 0.18 0.09 5.50% 42.93 normal
2018-12-20__12:05:36 0.16 0.17 0.09 4.17% 43.47 normal
2018-12-20__12:05:42 0.15 0.17 0.09 3.74% 42.93 normal
2018-12-20__12:05:47 0.13 0.17 0.09 5.26% 44.01 normal
2018-12-20__12:05:53 0.11 0.16 0.08 3.29% 43.47 normal
2018-12-20__12:05:59 0.10 0.16 0.08 2.37% 43.47 normal
2018-12-20__12:06:04 0.10 0.16 0.08 5.56% 44.01 normal
2018-12-20__12:06:10 0.09 0.15 0.08 4.65% 43.47 normal
2018-12-20__12:06:15 0.08 0.15 0.08 3.74% 43.47 normal
2018-12-20__12:06:21 0.07 0.15 0.08 8.22% 43.47 normal
2018-12-20__12:06:27 0.07 0.14 0.08 2.35% 43.47 normal
2018-12-20__12:06:32 0.06 0.14 0.08 1.90% 42.93 normal
2018-12-20__12:06:38 0.05 0.14 0.08 3.72% 42.93 normal
2018-12-20__12:06:44 0.13 0.15 0.09 7.48% 42.93 normal
2018-12-20__12:06:49 0.28 0.18 0.10 4.31% 43.47 normal
2018-12-20__12:06:55 0.26 0.18 0.10 6.64% 44.01 normal
2018-12-20__12:07:00 0.56 0.24 0.12 7.51% 44.01 normal
2018-12-20__12:07:06 0.51 0.24 0.12 4.19% 42.93 normal
2018-12-20__12:07:12 0.47 0.23 0.11 6.45% 42.93 normal
2018-12-20__12:07:17 0.59 0.26 0.12 1.43% 43.47 normal
2018-12-20__12:07:23 0.50 0.26 0.12 2.36% 43.47 normal
2018-12-20__12:07:29 0.46 0.25 0.12 5.09% 42.93 normal
2018-12-20__12:07:34 0.42 0.25 0.12 6.13% 43.47 normal
2018-12-20__12:07:40 0.39 0.24 0.12 3.74% 43.47 normal
2018-12-20__12:07:46 0.36 0.24 0.12 3.29% 44.01 normal
2018-12-20__12:07:51 0.33 0.23 0.12 4.17% 44.01 normal
2018-12-20__12:07:57 0.30 0.23 0.12 3.29% 42.93 normal
2018-12-20__12:08:02 0.28 0.23 0.12 2.36% 43.47 normal
2018-12-20__12:08:08 0.23 0.22 0.11 9.63% 44.01 normal
2018-12-20__12:08:14 0.22 0.21 0.11 3.76% 43.47 normal
2018-12-20__12:08:19 0.20 0.21 0.11 2.38% 43.47 normal
2018-12-20__12:08:25 0.18 0.21 0.11 7.21% 43.47 normal
2018-12-20__12:08:31 0.17 0.20 0.11 7.87% 43.47 normal
2018-12-20__12:08:36 0.15 0.20 0.11 3.76% 43.47 normal
2018-12-20__12:08:42 0.14 0.20 0.11 5.74% 43.47 normal
2018-12-20__12:08:47 0.13 0.19 0.11 4.21% 43.47 normal
2018-12-20__12:08:53 0.12 0.19 0.11 2.38% 43.47 normal
2018-12-20__12:08:59 0.17 0.20 0.11 1.90% 43.47 normal
2018-12-20__12:09:04 0.16 0.20 0.11 6.57% 43.47 normal
2018-12-20__12:09:10 0.15 0.19 0.11 10.75% 43.47 normal
2018-12-20__12:09:16 0.13 0.19 0.11 1.46% 44.01 normal
2018-12-20__12:09:21 0.12 0.18 0.11 1.43% 43.47 normal
2018-12-20__12:09:27 0.11 0.18 0.11 3.70% 43.47 normal
2018-12-20__12:09:32 0.10 0.18 0.10 3.72% 43.47 normal
2018-12-20__12:09:38 0.10 0.17 0.10 6.57% 43.47 normal
2018-12-20__12:09:44 0.08 0.17 0.10 8.76% 44.01 normal
2018-12-20__12:09:49 0.07 0.17 0.10 3.32% 42.93 normal
2018-12-20__12:09:55 0.07 0.16 0.10 6.19% 43.47 normal
2018-12-20__12:10:01 0.06 0.16 0.10 11.48% 44.01 normal
2018-12-20__12:10:06 0.06 0.16 0.10 3.72% 44.01 normal
2018-12-20__12:10:12 0.05 0.15 0.10 2.82% 43.47 normal
2018-12-20__12:10:17 0.05 0.15 0.10 3.72% 43.47 normal
2018-12-20__12:10:23 0.04 0.15 0.09 7.01% 43.47 normal
2018-12-20__12:10:29 0.18 0.18 0.10 3.72% 44.01 normal
2018-12-20__12:10:34 0.17 0.17 0.10 2.37% 44.01 normal
2018-12-20__12:10:40 0.15 0.17 0.10 1.89% 44.01 normal
2018-12-20__12:10:46 0.14 0.17 0.10 11.31% 44.01 normal
2018-12-20__12:10:51 0.13 0.16 0.10 1.90% 43.47 normal
2018-12-20__12:10:57 0.12 0.16 0.10 4.83% 42.93 normal
2018-12-20__12:11:03 0.35 0.21 0.11 4.33% 44.01 normal
2018-12-20__12:11:08 0.32 0.20 0.11 2.83% 44.01 normal
2018-12-20__12:11:14 0.27 0.20 0.11 3.72% 42.93 normal
2018-12-20__12:11:19 0.25 0.19 0.11 2.84% 43.47 normal
2018-12-20__12:11:25 0.23 0.19 0.11 3.38% 44.55 normal
2018-12-20__12:11:31 0.21 0.19 0.11 9.17% 43.47 normal
2018-12-20__12:11:36 0.19 0.18 0.11 6.10% 43.47 normal
2018-12-20__12:11:42 0.18 0.18 0.11 4.69% 44.01 normal
2018-12-20__12:11:48 0.16 0.18 0.11 8.80% 44.01 normal
2018-12-20__12:11:53 0.15 0.17 0.10 5.71% 43.47 normal
2018-12-20__12:11:59 0.13 0.17 0.10 5.53% 43.47 normal
2018-12-20__12:12:04 0.12 0.16 0.10 4.63% 43.47 normal
2018-12-20__12:12:10 0.11 0.16 0.10 5.53% 44.01 normal
2018-12-20__12:12:16 0.10 0.16 0.10 4.65% 42.93 normal
2018-12-20__12:12:21 0.09 0.16 0.10 10.28% 44.01 normal
2018-12-20__12:12:27 0.08 0.15 0.10 3.29% 44.01 normal
2018-12-20__12:12:33 0.08 0.15 0.10 2.80% 43.47 normal
2018-12-20__12:12:38 0.07 0.15 0.10 3.72% 43.47 normal
2018-12-20__12:12:44 0.06 0.14 0.09 7.51% 44.01 normal
2018-12-20__12:12:50 0.05 0.14 0.09 1.90% 43.47 normal
2018-12-20__12:12:55 0.05 0.14 0.09 6.57% 43.47 normal
2018-12-20__12:13:01 0.04 0.13 0.09 3.76% 43.47 normal
2018-12-20__12:13:06 0.04 0.13 0.09 6.64% 43.47 normal
2018-12-20__12:13:12 0.04 0.13 0.09 5.19% 43.47 normal
2018-12-20__12:13:18 0.03 0.13 0.09 3.30% 43.47 normal
2018-12-20__12:13:23 0.03 0.12 0.09 3.27% 43.47 normal
2018-12-20__12:13:29 0.03 0.12 0.09 3.72% 44.01 normal
2018-12-20__12:13:35 0.02 0.12 0.09 4.21% 43.47 normal
2018-12-20__12:13:40 0.02 0.12 0.09 3.72% 42.93 normal
2018-12-20__12:13:46 0.10 0.13 0.09 6.13% 44.01 normal
2018-12-20__12:13:51 0.09 0.13 0.09 8.33% 43.47 normal
2018-12-20__12:13:57 0.32 0.18 0.11 7.87% 44.01 normal
2018-12-20__12:14:03 0.30 0.17 0.11 9.63% 44.01 normal
2018-12-20__12:14:08 0.27 0.17 0.10 8.80% 43.47 normal
2018-12-20__12:14:14 0.23 0.16 0.10 4.19% 43.47 normal
2018-12-20__12:14:20 0.21 0.16 0.10 3.27% 43.47 normal
2018-12-20__12:14:25 0.20 0.16 0.10 8.37% 45.08 normal
2018-12-20__12:14:31 0.18 0.16 0.10 12.44% 43.47 normal
2018-12-20__12:14:37 0.16 0.15 0.10 1.43% 44.01 normal
2018-12-20__12:14:42 0.15 0.15 0.10 0.94% 43.47 normal
2018-12-20__12:14:48 0.14 0.15 0.10 8.57% 43.47 normal
2018-12-20__12:14:53 0.13 0.14 0.10 3.74% 44.01 normal
2018-12-20__12:14:59 0.11 0.14 0.09 10.28% 44.01 normal
2018-12-20__12:15:05 0.10 0.14 0.09 3.27% 44.01 normal
2018-12-20__12:15:10 0.33 0.18 0.11 4.63% 44.01 normal
2018-12-20__12:15:16 0.30 0.18 0.11 3.27% 43.47 normal
2018-12-20__12:15:22 0.44 0.21 0.12 1.89% 43.47 normal
2018-12-20__12:15:27 0.41 0.21 0.12 7.01% 44.01 normal
2018-12-20__12:15:33 0.37 0.20 0.12 6.57% 44.01 normal
2018-12-20__12:15:38 0.34 0.20 0.12 3.27% 43.47 normal
2018-12-20__12:15:44 0.29 0.19 0.11 5.05% 44.01 normal
2018-12-20__12:15:50 0.27 0.19 0.11 3.70% 42.93 normal
2018-12-20__12:15:55 0.24 0.19 0.11 4.65% 43.47 normal
2018-12-20__12:16:01 0.22 0.18 0.11 4.63% 44.01 normal
2018-12-20__12:16:07 0.21 0.18 0.11 10.00% 43.47 normal
2018-12-20__12:16:12 0.19 0.18 0.11 6.57% 44.01 normal
2018-12-20__12:16:18 0.17 0.17 0.11 1.43% 44.01 normal
2018-12-20__12:16:24 0.16 0.17 0.11 2.91% 44.01 normal
2018-12-20__12:16:29 0.13 0.16 0.10 6.64% 44.01 normal
2018-12-20__12:16:35 0.12 0.16 0.10 6.60% 44.01 normal
2018-12-20__12:16:40 0.11 0.16 0.10 4.19% 43.47 normal
2018-12-20__12:16:46 0.10 0.16 0.10 8.02% 43.47 normal
2018-12-20__12:16:52 0.10 0.15 0.10 10.38% 44.55 normal
2018-12-20__12:16:57 0.09 0.15 0.10 2.83% 43.47 normal
2018-12-20__12:17:03 0.08 0.15 0.10 1.90% 44.01 normal
2018-12-20__12:17:09 0.07 0.14 0.10 9.91% 43.47 normal
2018-12-20__12:17:14 0.06 0.14 0.10 4.31% 43.47 normal
2018-12-20__12:17:20 0.06 0.14 0.09 3.72% 42.93 normal
2018-12-20__12:17:25 0.05 0.13 0.09 20.00% 45.08 normal
2018-12-20__12:17:31 0.05 0.13 0.09 1.42% 44.01 normal
2018-12-20__12:17:37 0.04 0.13 0.09 4.65% 44.01 normal
2018-12-20__12:17:42 0.04 0.13 0.09 2.38% 44.01 normal
2018-12-20__12:17:48 0.28 0.18 0.11 4.21% 43.47 normal
2018-12-20__12:17:54 0.25 0.17 0.11 3.72% 44.01 normal
2018-12-20__12:17:59 0.31 0.19 0.11 4.63% 43.47 normal
2018-12-20__12:18:05 0.27 0.18 0.11 3.77% 45.08 normal
2018-12-20__12:18:10 0.24 0.18 0.11 2.83% 43.47 normal
2018-12-20__12:18:16 0.22 0.17 0.11 5.69% 43.47 normal
2018-12-20__12:18:22 0.21 0.17 0.11 1.90% 43.47 normal
2018-12-20__12:18:27 0.19 0.17 0.10 2.36% 44.01 normal
2018-12-20__12:18:33 0.17 0.16 0.10 4.65% 43.47 normal
2018-12-20__12:18:39 0.16 0.16 0.10 6.54% 44.01 normal
2018-12-20__12:18:44 0.15 0.16 0.10 5.66% 43.47 normal
2018-12-20__12:18:50 0.49 0.23 0.13 3.72% 44.01 normal
2018-12-20__12:18:56 0.45 0.23 0.13 2.36% 43.47 normal
2018-12-20__12:19:01 0.42 0.23 0.13 7.91% 43.47 normal
2018-12-20__12:19:07 0.38 0.22 0.12 8.52% 44.01 normal
2018-12-20__12:19:12 0.35 0.22 0.12 2.38% 44.01 normal
2018-12-20__12:19:18 0.32 0.22 0.12 3.29% 44.01 normal
2018-12-20__12:19:24 0.38 0.23 0.13 8.33% 44.01 normal
2018-12-20__12:19:29 0.35 0.22 0.13 4.61% 42.93 normal
2018-12-20__12:19:35 0.29 0.22 0.12 8.68% 44.01 normal
2018-12-20__12:19:41 0.27 0.21 0.12 2.80% 44.01 normal
2018-12-20__12:19:46 0.25 0.21 0.12 7.87% 44.01 normal
2018-12-20__12:19:52 0.23 0.20 0.12 2.80% 44.01 normal
2018-12-20__12:19:57 0.21 0.20 0.12 8.37% 42.93 normal
2018-12-20__12:20:03 0.19 0.20 0.12 8.33% 44.55 normal
2018-12-20__12:20:09 0.18 0.19 0.12 8.33% 43.47 normal
2018-12-20__12:20:14 0.16 0.19 0.12 2.82% 44.01 normal
2018-12-20__12:20:20 0.14 0.18 0.12 5.66% 43.47 normal
2018-12-20__12:20:26 0.13 0.18 0.11 20.19% 44.55 normal
2018-12-20__12:20:31 0.12 0.18 0.11 6.10% 44.01 normal
2018-12-20__12:20:37 0.11 0.17 0.11 0.00% 43.47 normal
2018-12-20__12:20:42 0.10 0.17 0.11 8.80% 44.01 normal
2018-12-20__12:20:48 0.09 0.17 0.11 4.65% 44.01 normal
2018-12-20__12:20:54 0.08 0.17 0.11 3.32% 44.55 normal
2018-12-20__12:20:59 0.08 0.16 0.11 10.70% 44.55 normal
2018-12-20__12:21:05 0.14 0.17 0.11 7.91% 44.55 normal
2018-12-20__12:21:11 0.13 0.17 0.11 7.83% 44.01 normal
2018-12-20__12:21:16 0.12 0.17 0.11 4.63% 43.47 normal
2018-12-20__12:21:22 0.11 0.16 0.11 4.23% 43.47 normal
2018-12-20__12:21:27 0.10 0.16 0.11 1.45% 44.01 normal
2018-12-20__12:21:33 0.09 0.16 0.11 4.17% 44.01 normal
2018-12-20__12:21:39 0.08 0.16 0.11 8.33% 44.01 normal
2018-12-20__12:21:44 0.08 0.15 0.11 7.98% 44.01 normal
2018-12-20__12:21:50 0.06 0.15 0.10 5.96% 44.01 normal
2018-12-20__12:21:56 0.06 0.14 0.10 6.54% 43.47 normal
2018-12-20__12:22:01 0.05 0.14 0.10 7.04% 44.01 normal
2018-12-20__12:22:07 0.05 0.14 0.10 7.48% 43.47 normal
2018-12-20__12:22:12 0.04 0.14 0.10 6.60% 44.55 normal
2018-12-20__12:22:18 0.04 0.13 0.10 3.27% 44.01 normal
2018-12-20__12:22:24 0.04 0.13 0.10 6.60% 43.47 normal
2018-12-20__12:22:29 0.03 0.13 0.10 6.57% 44.55 normal
2018-12-20__12:22:35 0.03 0.12 0.10 3.29% 43.47 normal
2018-12-20__12:22:41 0.03 0.12 0.09 1.42% 44.01 normal
2018-12-20__12:22:46 0.02 0.12 0.09 6.98% 43.47 normal
2018-12-20__12:22:52 0.02 0.12 0.09 7.04% 44.55 normal
2018-12-20__12:22:57 0.02 0.12 0.09 4.65% 44.01 normal
2018-12-20__12:23:03 0.02 0.11 0.09 7.48% 44.01 normal
2018-12-20__12:23:09 0.02 0.11 0.09 3.26% 43.47 normal
2018-12-20__12:23:14 0.01 0.11 0.09 4.61% 44.01 normal
2018-12-20__12:23:20 0.01 0.11 0.09 3.26% 44.01 normal
2018-12-20__12:23:26 0.01 0.10 0.09 2.37% 43.47 normal
2018-12-20__12:23:31 0.25 0.15 0.10 11.98% 43.47 normal
2018-12-20__12:23:37 0.23 0.15 0.10 2.83% 44.01 normal
2018-12-20__12:23:42 0.21 0.15 0.10 4.19% 43.47 normal
2018-12-20__12:23:48 0.19 0.14 0.10 8.80% 43.47 normal
2018-12-20__12:23:54 0.18 0.14 0.10 5.26% 44.01 normal
2018-12-20__12:23:59 0.16 0.14 0.10 1.90% 44.01 normal
2018-12-20__12:24:05 0.15 0.14 0.10 2.84% 43.47 normal
2018-12-20__12:24:11 0.21 0.15 0.10 5.71% 43.47 normal
2018-12-20__12:24:16 0.19 0.15 0.10 6.13% 43.47 normal
2018-12-20__12:24:22 0.18 0.14 0.10 6.05% 44.01 normal
2018-12-20__12:24:27 0.24 0.16 0.10 8.26% 44.01 normal
2018-12-20__12:24:33 0.22 0.15 0.10 11.66% 44.01 normal
2018-12-20__12:24:39 0.20 0.15 0.10 5.48% 43.47 normal
2018-12-20__12:24:44 0.19 0.15 0.10 2.79% 44.01 normal
2018-12-20__12:24:50 0.41 0.20 0.12 7.04% 44.01 normal
2018-12-20__12:24:56 0.35 0.19 0.12 8.45% 44.01 normal
2018-12-20__12:25:01 0.32 0.19 0.11 16.43% 44.01 normal
2018-12-20__12:25:07 0.29 0.18 0.11 6.13% 44.01 normal
2018-12-20__12:25:13 0.27 0.18 0.11 6.57% 44.01 normal
2018-12-20__12:25:18 0.25 0.18 0.11 4.15% 44.01 normal
2018-12-20__12:25:24 0.23 0.17 0.11 2.84% 44.01 normal
2018-12-20__12:25:29 0.21 0.17 0.11 2.37% 44.01 normal
2018-12-20__12:25:35 0.19 0.17 0.11 4.81% 44.01 normal
2018-12-20__12:25:41 0.31 0.19 0.12 2.38% 44.01 normal
2018-12-20__12:25:46 0.29 0.19 0.12 4.27% 44.01 normal
2018-12-20__12:25:52 0.26 0.19 0.12 1.90% 43.47 normal
2018-12-20__12:25:58 0.24 0.18 0.12 5.12% 44.55 normal
2018-12-20__12:26:03 0.22 0.18 0.11 6.13% 43.47 normal
2018-12-20__12:26:09 0.20 0.18 0.11 1.90% 44.01 normal
2018-12-20__12:26:14 0.19 0.17 0.11 4.63% 44.01 normal
2018-12-20__12:26:20 0.17 0.17 0.11 7.48% 44.01 normal
2018-12-20__12:26:26 0.14 0.16 0.11 3.30% 45.08 normal
2018-12-20__12:26:31 0.13 0.16 0.11 0.96% 44.01 normal
2018-12-20__12:26:37 0.12 0.16 0.11 6.45% 44.01 normal
2018-12-20__12:26:43 0.11 0.16 0.11 7.62% 44.01 normal
2018-12-20__12:26:48 0.10 0.15 0.11 16.04% 44.01 normal
2018-12-20__12:26:54 0.09 0.15 0.10 3.29% 44.01 normal
2018-12-20__12:26:59 0.09 0.15 0.10 5.24% 43.47 normal
2018-12-20__12:27:05 0.08 0.14 0.10 1.90% 44.01 normal
2018-12-20__12:27:11 0.07 0.14 0.10 1.90% 44.01 normal
2018-12-20__12:27:16 0.14 0.15 0.11 2.38% 44.01 normal
2018-12-20__12:27:22 0.13 0.15 0.10 2.83% 44.01 normal
2018-12-20__12:27:28 0.12 0.15 0.10 5.74% 44.01 normal
2018-12-20__12:27:33 0.11 0.15 0.10 11.98% 44.01 normal
2018-12-20__12:27:39 0.10 0.14 0.10 2.37% 43.47 normal
2018-12-20__12:27:44 0.33 0.19 0.12 4.31% 43.47 normal
2018-12-20__12:27:50 0.31 0.19 0.12 2.36% 43.47 normal
2018-12-20__12:27:56 0.26 0.18 0.11 3.29% 43.47 normal
2018-12-20__12:28:01 0.24 0.18 0.11 5.61% 44.01 normal
2018-12-20__12:28:07 0.22 0.17 0.11 8.80% 44.01 normal
2018-12-20__12:28:13 0.20 0.17 0.11 3.74% 43.47 normal
2018-12-20__12:28:18 0.18 0.17 0.11 10.33% 44.01 normal
2018-12-20__12:28:24 0.17 0.16 0.11 3.27% 43.47 normal
2018-12-20__12:28:30 0.16 0.16 0.11 1.90% 44.01 normal
2018-12-20__12:28:35 0.14 0.16 0.11 6.13% 44.01 normal
2018-12-20__12:28:41 0.12 0.15 0.11 3.74% 44.01 normal
2018-12-20__12:28:46 0.11 0.15 0.10 2.37% 43.47 normal
2018-12-20__12:28:52 0.10 0.15 0.10 5.09% 44.01 normal
2018-12-20__12:28:58 0.09 0.14 0.10 1.43% 44.01 normal
2018-12-20__12:29:03 0.09 0.14 0.10 6.16% 43.47 normal
2018-12-20__12:29:09 0.08 0.14 0.10 10.14% 44.01 normal
2018-12-20__12:29:15 0.07 0.14 0.10 6.57% 42.93 normal
2018-12-20__12:29:20 0.07 0.13 0.10 4.21% 45.08 normal
2018-12-20__12:29:26 0.06 0.13 0.10 6.98% 44.01 normal
2018-12-20__12:29:31 0.05 0.13 0.10 2.83% 44.01 normal
2018-12-20__12:29:37 0.05 0.12 0.09 7.01% 44.01 normal
2018-12-20__12:29:43 0.04 0.12 0.09 1.42% 43.47 normal
2018-12-20__12:29:48 0.04 0.12 0.09 1.90% 44.01 normal
2018-12-20__12:29:54 0.04 0.12 0.09 11.47% 43.47 normal
2018-12-20__12:30:00 0.03 0.12 0.09 1.93% 44.55 normal
2018-12-20__12:30:05 0.27 0.16 0.11 2.80% 44.01 normal
2018-12-20__12:30:11 0.23 0.16 0.10 2.84% 44.01 normal
2018-12-20__12:30:16 0.21 0.15 0.10 3.32% 44.55 normal
2018-12-20__12:30:22 0.19 0.15 0.10 8.76% 44.01 normal
2018-12-20__12:30:28 0.18 0.15 0.10 3.81% 44.01 normal
2018-12-20__12:30:33 0.16 0.15 0.10 1.90% 44.01 normal
2018-12-20__12:30:39 0.15 0.14 0.10 3.29% 43.47 normal
2018-12-20__12:30:45 0.14 0.14 0.10 7.66% 44.01 normal
2018-12-20__12:30:50 0.13 0.14 0.10 2.79% 43.47 normal
2018-12-20__12:30:56 0.11 0.13 0.10 5.19% 44.01 normal
2018-12-20__12:31:01 0.10 0.13 0.10 9.48% 43.47 normal
2018-12-20__12:31:07 0.09 0.13 0.09 3.26% 42.93 normal
2018-12-20__12:31:13 0.08 0.13 0.09 5.69% 43.47 normal
2018-12-20__12:31:18 0.08 0.12 0.09 6.10% 44.01 normal
2018-12-20__12:31:24 0.07 0.12 0.09 1.90% 44.01 normal
2018-12-20__12:31:30 0.06 0.12 0.09 4.85% 44.55 normal
2018-12-20__12:31:35 0.14 0.13 0.10 2.80% 44.01 normal
2018-12-20__12:31:41 0.13 0.13 0.09 1.42% 44.01 normal
2018-12-20__12:31:46 0.18 0.14 0.10 6.13% 44.01 normal
2018-12-20__12:31:52 0.33 0.17 0.11 1.91% 44.55 normal
2018-12-20__12:31:58 0.30 0.17 0.11 15.02% 44.01 normal
2018-12-20__12:32:03 0.28 0.17 0.11 6.16% 44.55 normal
2018-12-20__12:32:09 0.25 0.17 0.11 3.29% 44.01 normal
2018-12-20__12:32:15 0.23 0.16 0.10 2.80% 44.01 normal
2018-12-20__12:32:20 0.21 0.16 0.10 8.72% 44.01 normal
2018-12-20__12:32:26 0.20 0.16 0.10 4.15% 44.01 normal
2018-12-20__12:32:31 0.24 0.17 0.11 8.76% 43.47 normal
2018-12-20__12:32:37 0.22 0.17 0.11 0.49% 44.55 normal
2018-12-20__12:32:43 0.20 0.16 0.10 4.61% 44.01 normal
2018-12-20__12:32:48 0.19 0.16 0.10 3.72% 44.01 normal
2018-12-20__12:32:54 0.17 0.16 0.10 4.17% 43.47 normal
2018-12-20__12:33:00 0.16 0.15 0.10 2.82% 44.01 normal
2018-12-20__12:33:05 0.14 0.15 0.10 9.39% 44.01 normal
2018-12-20__12:33:11 0.13 0.15 0.10 6.54% 43.47 normal
2018-12-20__12:33:17 0.11 0.14 0.10 3.27% 44.01 normal
2018-12-20__12:33:22 0.10 0.14 0.10 6.57% 43.47 normal
2018-12-20__12:33:28 0.09 0.14 0.10 3.88% 45.08 normal
2018-12-20__12:33:33 0.09 0.14 0.10 1.90% 44.01 normal
2018-12-20__12:33:39 0.08 0.13 0.09 4.19% 44.01 normal
2018-12-20__12:33:45 0.07 0.13 0.09 5.66% 44.01 normal
2018-12-20__12:33:50 0.07 0.13 0.09 2.36% 42.93 normal
2018-12-20__12:33:56 0.06 0.13 0.09 11.98% 44.01 normal
2018-12-20__12:34:01 0.05 0.12 0.09 6.10% 43.47 normal
2018-12-20__12:34:07 0.05 0.12 0.09 8.37% 43.47 normal
2018-12-20__12:34:13 0.04 0.12 0.09 7.51% 43.47 normal
2018-12-20__12:34:18 0.04 0.11 0.09 2.82% 44.01 normal
2018-12-20__12:34:24 0.28 0.16 0.10 2.83% 44.01 normal
2018-12-20__12:34:30 0.33 0.18 0.11 8.18% 44.55 normal
2018-12-20__12:34:35 0.31 0.17 0.11 3.70% 43.47 normal
2018-12-20__12:34:41 0.28 0.17 0.11 4.72% 44.01 normal
2018-12-20__12:34:47 0.24 0.16 0.11 3.72% 44.01 normal
2018-12-20__12:34:52 0.22 0.16 0.10 3.74% 44.01 normal
2018-12-20__12:34:58 0.20 0.16 0.10 3.72% 44.01 normal
2018-12-20__12:35:03 0.18 0.16 0.10 2.83% 44.55 normal
2018-12-20__12:35:09 0.17 0.15 0.10 1.89% 44.01 normal
2018-12-20__12:35:15 0.16 0.15 0.10 7.91% 44.01 normal
2018-12-20__12:35:20 0.14 0.15 0.10 4.65% 44.01 normal
2018-12-20__12:35:26 0.13 0.14 0.10 7.83% 44.01 normal
2018-12-20__12:35:32 0.11 0.14 0.10 6.13% 44.01 normal
2018-12-20__12:35:37 0.10 0.14 0.10 3.26% 44.01 normal
2018-12-20__12:35:43 0.25 0.17 0.11 2.38% 44.01 normal
2018-12-20__12:35:48 0.23 0.17 0.10 9.17% 44.01 normal
2018-12-20__12:35:54 0.21 0.16 0.10 4.21% 43.47 normal
2018-12-20__12:36:00 0.20 0.16 0.10 7.01% 44.01 normal
2018-12-20__12:36:05 0.34 0.19 0.11 4.19% 44.01 normal
2018-12-20__12:36:11 0.47 0.22 0.12 1.91% 44.01 normal
2018-12-20__12:36:17 0.40 0.21 0.12 12.33% 44.01 normal
2018-12-20__12:36:22 0.37 0.21 0.12 5.09% 44.01 normal
2018-12-20__12:36:28 0.34 0.20 0.12 24.65% 44.55 normal
2018-12-20__12:36:33 0.31 0.20 0.12 6.64% 43.47 normal
2018-12-20__12:36:39 0.29 0.20 0.12 3.74% 44.01 normal
2018-12-20__12:36:45 0.26 0.19 0.12 4.17% 44.01 normal
2018-12-20__12:36:50 0.24 0.19 0.12 9.68% 44.01 normal
2018-12-20__12:36:56 0.22 0.19 0.11 3.29% 44.01 normal
2018-12-20__12:37:02 0.19 0.18 0.11 4.19% 44.01 normal
2018-12-20__12:37:07 0.17 0.18 0.11 3.70% 44.01 normal
2018-12-20__12:37:13 0.16 0.17 0.11 6.64% 44.01 normal
2018-12-20__12:37:19 0.15 0.17 0.11 6.16% 44.01 normal
2018-12-20__12:37:24 0.13 0.17 0.11 3.74% 43.47 normal
2018-12-20__12:37:30 0.12 0.17 0.11 2.82% 44.01 normal
2018-12-20__12:37:35 0.11 0.16 0.11 6.13% 43.47 normal
2018-12-20__12:37:41 0.10 0.16 0.11 5.09% 44.01 normal
2018-12-20__12:37:47 0.09 0.15 0.10 3.74% 43.47 normal
2018-12-20__12:37:52 0.08 0.15 0.10 10.28% 44.01 normal
2018-12-20__12:37:58 0.07 0.15 0.10 3.32% 44.55 normal
2018-12-20__12:38:04 0.07 0.14 0.10 3.76% 44.01 normal
2018-12-20__12:38:09 0.06 0.14 0.10 0.95% 44.01 normal
2018-12-20__12:38:15 0.06 0.14 0.10 8.37% 44.01 normal
2018-12-20__12:38:20 0.05 0.14 0.10 7.48% 44.01 normal
2018-12-20__12:38:26 0.05 0.14 0.10 3.27% 43.47 normal
2018-12-20__12:38:32 0.04 0.13 0.10 5.05% 44.01 normal
2018-12-20__12:38:37 0.04 0.13 0.09 10.09% 44.01 normal
2018-12-20__12:38:43 0.03 0.13 0.09 3.72% 44.01 normal
2018-12-20__12:38:49 0.03 0.12 0.09 1.43% 44.01 normal
2018-12-20__12:38:54 0.03 0.12 0.09 6.13% 44.01 normal
2018-12-20__12:39:00 0.02 0.12 0.09 3.76% 44.55 normal
2018-12-20__12:39:06 0.02 0.12 0.09 10.90% 44.01 normal
2018-12-20__12:39:11 0.02 0.11 0.09 3.72% 43.47 normal
2018-12-20__12:39:17 0.02 0.11 0.09 5.48% 44.01 normal
2018-12-20__12:39:22 0.02 0.11 0.09 2.80% 44.01 normal
2018-12-20__12:39:28 0.01 0.11 0.09 24.76% 45.08 normal
2018-12-20__12:39:34 0.01 0.10 0.09 7.08% 44.01 normal
2018-12-20__12:39:39 0.01 0.10 0.09 2.83% 44.01 normal
2018-12-20__12:39:45 0.01 0.10 0.09 5.50% 44.01 normal
2018-12-20__12:39:51 0.01 0.10 0.09 4.61% 43.47 normal
2018-12-20__12:39:56 0.01 0.10 0.08 7.48% 44.01 normal
2018-12-20__12:40:02 0.17 0.13 0.10 3.29% 44.01 normal
2018-12-20__12:40:07 0.22 0.14 0.10 3.74% 44.01 normal
2018-12-20__12:40:13 0.44 0.19 0.12 7.17% 44.01 normal
2018-12-20__12:40:19 0.48 0.20 0.12 9.63% 44.01 normal
2018-12-20__12:40:24 0.44 0.20 0.12 4.63% 44.01 normal
2018-12-20__12:40:30 0.41 0.19 0.12 7.91% 44.01 normal
2018-12-20__12:40:36 0.38 0.19 0.12 4.17% 43.47 normal
2018-12-20__12:40:41 0.35 0.19 0.12 2.82% 44.01 normal
2018-12-20__12:40:47 0.32 0.18 0.12 2.37% 43.47 normal
2018-12-20__12:40:53 0.71 0.28 0.15 3.70% 44.01 normal
2018-12-20__12:40:58 0.65 0.27 0.14 1.90% 43.47 normal
2018-12-20__12:41:04 0.60 0.27 0.14 6.70% 44.01 normal
2018-12-20__12:41:09 0.55 0.26 0.14 7.87% 44.01 normal
2018-12-20__12:41:15 0.51 0.26 0.14 2.79% 44.01 normal
2018-12-20__12:41:21 0.47 0.25 0.14 3.74% 44.01 normal
2018-12-20__12:41:26 0.43 0.25 0.14 4.78% 44.55 normal
2018-12-20__12:41:32 0.39 0.24 0.14 6.57% 44.01 normal
2018-12-20__12:41:38 0.33 0.24 0.14 2.82% 44.01 normal
2018-12-20__12:41:43 0.31 0.23 0.14 2.37% 44.01 normal
2018-12-20__12:41:49 0.28 0.23 0.14 11.27% 44.01 normal
2018-12-20__12:41:54 0.26 0.22 0.13 7.08% 44.01 normal
2018-12-20__12:42:00 0.24 0.22 0.13 4.15% 44.01 normal
2018-12-20__12:42:06 0.22 0.22 0.13 8.80% 44.01 normal
2018-12-20__12:42:11 0.20 0.21 0.13 4.63% 43.47 normal
2018-12-20__12:42:17 0.18 0.21 0.13 5.07% 43.47 normal
2018-12-20__12:42:23 0.16 0.20 0.13 4.19% 43.47 normal
2018-12-20__12:42:28 0.14 0.20 0.13 11.16% 44.01 normal
2018-12-20__12:42:34 0.13 0.19 0.13 1.90% 44.01 normal
2018-12-20__12:42:40 0.12 0.19 0.13 10.28% 44.01 normal
2018-12-20__12:42:45 0.11 0.19 0.12 5.66% 44.55 normal
2018-12-20__12:42:51 0.10 0.18 0.12 4.63% 44.01 normal
2018-12-20__12:42:56 0.09 0.18 0.12 5.19% 44.01 normal
2018-12-20__12:43:02 0.09 0.18 0.12 3.27% 43.47 normal
2018-12-20__12:43:08 0.07 0.17 0.12 6.42% 44.55 normal
2018-12-20__12:43:13 0.07 0.17 0.12 2.37% 44.01 normal
2018-12-20__12:43:19 0.06 0.16 0.12 4.35% 44.01 normal
2018-12-20__12:43:25 0.06 0.16 0.12 6.13% 43.47 normal
2018-12-20__12:43:30 0.05 0.16 0.12 7.51% 44.01 normal
2018-12-20__12:43:36 0.05 0.16 0.11 6.98% 44.01 normal
2018-12-20__12:43:41 0.04 0.15 0.11 2.38% 44.01 normal
2018-12-20__12:43:47 0.04 0.15 0.11 6.19% 44.55 normal
2018-12-20__12:43:53 0.03 0.14 0.11 8.33% 44.01 normal
2018-12-20__12:43:58 0.03 0.14 0.11 4.63% 44.01 normal
2018-12-20__12:44:04 0.03 0.14 0.11 7.08% 44.01 normal
2018-12-20__12:44:10 0.02 0.14 0.11 3.29% 44.01 normal
2018-12-20__12:44:15 0.02 0.13 0.11 6.98% 44.01 normal
2018-12-20__12:44:21 0.02 0.13 0.11 3.26% 44.01 normal
2018-12-20__12:44:26 0.10 0.15 0.11 7.08% 43.47 normal
2018-12-20__12:44:32 0.09 0.14 0.11 1.89% 44.01 normal
2018-12-20__12:44:38 0.08 0.14 0.11 2.36% 44.01 normal
2018-12-20__12:44:43 0.07 0.14 0.11 6.64% 44.01 normal
2018-12-20__12:44:49 0.06 0.13 0.11 3.72% 44.01 normal
2018-12-20__12:44:55 0.06 0.13 0.10 4.17% 44.01 normal
2018-12-20__12:45:00 0.05 0.13 0.10 10.28% 44.01 normal
2018-12-20__12:45:06 0.05 0.13 0.10 5.50% 44.01 normal
2018-12-20__12:45:12 0.05 0.12 0.10 2.37% 44.01 normal
2018-12-20__12:45:17 0.04 0.12 0.10 1.89% 44.01 normal
2018-12-20__12:45:23 0.03 0.12 0.10 6.82% 43.47 normal
2018-12-20__12:45:28 0.03 0.12 0.10 5.07% 44.01 normal
2018-12-20__12:45:34 0.03 0.11 0.10 3.72% 44.55 normal
2018-12-20__12:45:40 0.03 0.11 0.10 8.37% 44.01 normal
2018-12-20__12:45:45 0.02 0.11 0.10 3.26% 43.47 normal
2018-12-20__12:45:51 0.02 0.11 0.09 6.48% 44.01 normal
2018-12-20__12:45:57 0.02 0.11 0.09 1.42% 43.47 normal
2018-12-20__12:46:02 0.10 0.12 0.10 9.13% 44.01 normal
2018-12-20__12:46:08 0.08 0.12 0.10 7.48% 44.01 normal
2018-12-20__12:46:14 0.08 0.11 0.10 5.71% 43.47 normal
2018-12-20__12:46:19 0.07 0.11 0.09 2.82% 44.01 normal
2018-12-20__12:46:25 0.06 0.11 0.09 6.13% 44.01 normal
2018-12-20__12:46:30 0.06 0.11 0.09 7.04% 45.08 normal
2018-12-20__12:46:36 0.13 0.12 0.10 4.74% 43.47 normal
2018-12-20__12:46:42 0.12 0.12 0.10 7.94% 44.01 normal
2018-12-20__12:46:47 0.11 0.12 0.10 6.48% 44.01 normal
2018-12-20__12:46:53 0.26 0.15 0.10 1.42% 44.01 normal
2018-12-20__12:46:59 0.24 0.14 0.10 4.19% 44.01 normal
2018-12-20__12:47:04 0.22 0.14 0.10 9.35% 44.01 normal
2018-12-20__12:47:10 0.20 0.14 0.10 1.89% 43.47 normal
2018-12-20__12:47:15 0.18 0.14 0.10 6.57% 44.01 normal
2018-12-20__12:47:21 0.17 0.13 0.10 4.67% 44.01 normal
2018-12-20__12:47:27 0.15 0.13 0.10 6.54% 44.01 normal
2018-12-20__12:47:32 0.14 0.13 0.10 7.01% 44.01 normal
2018-12-20__12:47:38 0.12 0.12 0.10 4.17% 44.01 normal
2018-12-20__12:47:44 0.11 0.12 0.09 6.60% 43.47 normal
2018-12-20__12:47:49 0.10 0.12 0.09 7.01% 44.01 normal
2018-12-20__12:47:55 0.09 0.12 0.09 3.33% 44.01 normal
2018-12-20__12:48:01 0.08 0.12 0.09 8.80% 44.01 normal
2018-12-20__12:48:06 0.08 0.11 0.09 3.27% 44.01 normal
2018-12-20__12:48:12 0.07 0.11 0.09 9.77% 44.01 normal
2018-12-20__12:48:17 0.07 0.11 0.09 6.13% 44.01 normal
2018-12-20__12:48:23 0.06 0.11 0.09 3.70% 44.01 normal
2018-12-20__12:48:29 0.05 0.10 0.09 2.36% 43.47 normal
2018-12-20__12:48:34 0.13 0.12 0.09 6.16% 44.01 normal
2018-12-20__12:48:40 0.20 0.13 0.10 4.21% 44.55 normal
2018-12-20__12:48:46 0.18 0.13 0.10 1.89% 44.01 normal
2018-12-20__12:48:51 0.17 0.13 0.10 9.63% 44.01 normal
2018-12-20__12:48:57 0.15 0.13 0.10 6.13% 44.01 normal
2018-12-20__12:49:02 0.14 0.12 0.09 15.24% 45.08 normal
2018-12-20__12:49:08 0.12 0.12 0.09 5.02% 44.01 normal
2018-12-20__12:49:14 0.11 0.12 0.09 2.83% 44.01 normal
2018-12-20__12:49:19 0.10 0.11 0.09 4.65% 44.01 normal
2018-12-20__12:49:25 0.09 0.11 0.09 4.78% 44.01 normal
2018-12-20__12:49:31 0.08 0.11 0.09 2.80% 44.01 normal
2018-12-20__12:49:36 0.24 0.14 0.10 3.72% 44.01 normal
2018-12-20__12:49:42 0.22 0.14 0.10 2.83% 44.01 normal
2018-12-20__12:49:48 0.20 0.14 0.10 5.21% 44.01 normal
2018-12-20__12:49:53 0.17 0.13 0.10 6.94% 44.55 normal
2018-12-20__12:49:59 0.16 0.13 0.10 8.29% 44.01 normal
2018-12-20__12:50:04 0.14 0.13 0.09 0.95% 44.01 normal
2018-12-20__12:50:10 0.13 0.12 0.09 7.83% 44.01 normal
2018-12-20__12:50:16 0.12 0.12 0.09 3.76% 44.01 normal
2018-12-20__12:50:21 0.11 0.12 0.09 2.34% 44.01 normal
2018-12-20__12:50:27 0.10 0.12 0.09 4.81% 44.01 normal
2018-12-20__12:50:33 0.09 0.12 0.09 9.91% 44.01 normal
2018-12-20__12:50:38 0.08 0.11 0.09 1.88% 44.01 normal
2018-12-20__12:50:44 0.15 0.13 0.09 2.82% 44.01 normal
2018-12-20__12:50:49 0.14 0.12 0.09 6.16% 44.01 normal
2018-12-20__12:50:55 0.13 0.12 0.09 5.07% 44.01 normal
2018-12-20__12:51:01 0.12 0.12 0.09 6.64% 44.01 normal
2018-12-20__12:51:06 0.19 0.13 0.10 1.91% 44.01 normal
2018-12-20__12:51:12 0.17 0.13 0.10 7.01% 44.55 normal
2018-12-20__12:51:18 0.16 0.13 0.09 1.44% 44.01 normal
2018-12-20__12:51:23 0.23 0.14 0.10 6.76% 45.08 normal
2018-12-20__12:51:29 0.34 0.17 0.11 7.94% 43.47 normal
2018-12-20__12:51:34 0.31 0.17 0.11 5.21% 44.01 normal
2018-12-20__12:51:40 0.29 0.17 0.11 1.89% 44.01 normal
2018-12-20__12:51:46 0.26 0.16 0.11 8.02% 44.01 normal
2018-12-20__12:51:51 0.24 0.16 0.10 5.71% 44.01 normal
2018-12-20__12:51:57 0.22 0.16 0.10 6.64% 44.01 normal
2018-12-20__12:52:03 0.36 0.19 0.11 4.78% 44.01 normal
2018-12-20__12:52:08 0.34 0.18 0.11 6.10% 44.01 normal
2018-12-20__12:52:14 0.52 0.23 0.13 7.08% 44.01 normal
2018-12-20__12:52:19 0.48 0.22 0.13 5.71% 44.01 normal
2018-12-20__12:52:25 0.44 0.22 0.13 9.22% 44.01 normal
2018-12-20__12:52:31 0.40 0.22 0.13 1.44% 44.01 normal
2018-12-20__12:52:36 0.37 0.21 0.12 8.29% 44.01 normal
2018-12-20__12:52:42 0.42 0.23 0.13 3.29% 44.01 normal
2018-12-20__12:52:48 0.63 0.27 0.14 7.44% 44.55 normal
2018-12-20__12:52:53 0.58 0.27 0.14 3.72% 44.01 normal
2018-12-20__12:52:59 0.49 0.26 0.14 6.94% 43.47 normal
2018-12-20__12:53:04 0.45 0.25 0.14 7.44% 43.47 normal
2018-12-20__12:53:10 0.41 0.25 0.14 3.77% 45.08 normal
2018-12-20__12:53:16 0.38 0.25 0.14 3.70% 44.01 normal
2018-12-20__12:53:21 0.35 0.24 0.14 3.74% 44.01 normal
2018-12-20__12:53:27 0.32 0.24 0.14 5.24% 44.01 normal
2018-12-20__12:53:33 0.29 0.23 0.14 1.43% 44.01 normal
2018-12-20__12:53:38 0.27 0.23 0.14 6.54% 44.01 normal
2018-12-20__12:53:44 0.23 0.22 0.13 2.88% 44.55 normal
2018-12-20__12:53:49 0.21 0.22 0.13 6.98% 44.01 normal
2018-12-20__12:53:55 0.19 0.21 0.13 5.74% 44.01 normal
2018-12-20__12:54:01 0.34 0.24 0.14 3.29% 44.01 normal
2018-12-20__12:54:06 0.31 0.24 0.14 2.37% 44.01 normal
2018-12-20__12:54:12 0.29 0.23 0.14 6.13% 44.55 normal
2018-12-20__12:54:18 0.26 0.23 0.14 7.01% 44.01 normal
2018-12-20__12:54:23 0.24 0.23 0.14 6.02% 44.01 normal
2018-12-20__12:54:29 0.20 0.22 0.14 3.70% 44.01 normal
2018-12-20__12:54:35 0.19 0.21 0.13 7.04% 44.01 normal
2018-12-20__12:54:40 0.17 0.21 0.13 7.87% 44.55 normal
2018-12-20__12:54:46 0.16 0.21 0.13 1.90% 44.01 normal
2018-12-20__12:54:51 0.14 0.20 0.13 2.82% 44.01 normal
2018-12-20__12:54:57 0.13 0.20 0.13 7.83% 44.01 normal
2018-12-20__12:55:03 0.12 0.20 0.13 1.43% 44.01 normal
2018-12-20__12:55:08 0.11 0.19 0.13 6.19% 44.55 normal
2018-12-20__12:55:14 0.09 0.18 0.13 7.37% 44.55 normal
2018-12-20__12:55:20 0.09 0.18 0.13 10.75% 44.01 normal
2018-12-20__12:55:25 0.08 0.18 0.12 2.83% 44.55 normal
2018-12-20__12:55:31 0.07 0.17 0.12 5.69% 45.08 normal
2018-12-20__12:55:36 0.07 0.17 0.12 4.21% 44.01 normal
2018-12-20__12:55:42 0.06 0.17 0.12 3.30% 44.01 normal
2018-12-20__12:55:48 0.06 0.17 0.12 4.17% 44.01 normal
2018-12-20__12:55:53 0.05 0.16 0.12 8.80% 44.01 normal
2018-12-20__12:55:59 0.04 0.16 0.12 8.84% 44.01 normal
2018-12-20__12:56:05 0.04 0.15 0.12 1.90% 44.01 normal
2018-12-20__12:56:10 0.04 0.15 0.12 7.01% 44.55 normal
2018-12-20__12:56:16 0.03 0.15 0.12 6.60% 44.01 normal
2018-12-20__12:56:21 0.03 0.15 0.11 0.48% 43.47 normal
2018-12-20__12:56:27 0.03 0.14 0.11 5.07% 44.01 normal
2018-12-20__12:56:33 0.02 0.14 0.11 6.19% 44.01 normal
2018-12-20__12:56:38 0.02 0.14 0.11 4.21% 44.55 normal
2018-12-20__12:56:44 0.10 0.15 0.12 3.33% 44.01 normal
2018-12-20__12:56:50 0.09 0.15 0.11 2.37% 43.47 normal
2018-12-20__12:56:55 0.32 0.19 0.13 7.14% 44.01 normal
2018-12-20__12:57:01 0.30 0.19 0.13 5.07% 44.01 normal
2018-12-20__12:57:06 0.27 0.19 0.13 2.35% 44.01 normal
2018-12-20__12:57:12 0.25 0.18 0.13 2.37% 44.01 normal
2018-12-20__12:57:18 0.23 0.18 0.13 7.94% 44.01 normal
2018-12-20__12:57:23 0.21 0.18 0.12 5.24% 43.47 normal
2018-12-20__12:57:29 0.18 0.17 0.12 2.83% 44.01 normal
2018-12-20__12:57:35 0.16 0.17 0.12 1.44% 44.01 normal
2018-12-20__12:57:40 0.15 0.17 0.12 5.69% 44.01 normal
2018-12-20__12:57:46 0.14 0.16 0.12 6.94% 44.01 normal
2018-12-20__12:57:52 0.13 0.16 0.12 3.27% 44.55 normal
2018-12-20__12:57:57 0.12 0.16 0.12 3.74% 44.01 normal
2018-12-20__12:58:03 0.11 0.15 0.12 8.41% 44.01 normal
2018-12-20__12:58:08 0.10 0.15 0.12 9.26% 44.01 normal
2018-12-20__12:58:14 0.33 0.20 0.13 2.84% 44.55 normal
2018-12-20__12:58:20 0.28 0.19 0.13 1.90% 44.01 normal
2018-12-20__12:58:25 0.26 0.19 0.13 8.33% 43.47 normal
2018-12-20__12:58:31 0.24 0.18 0.13 4.81% 45.08 normal
2018-12-20__12:58:37 0.22 0.18 0.13 3.72% 44.55 normal
2018-12-20__12:58:42 0.20 0.18 0.13 7.04% 44.01 normal
2018-12-20__12:58:48 0.18 0.17 0.12 3.79% 45.08 normal
2018-12-20__12:58:53 0.17 0.17 0.12 4.15% 44.01 normal
2018-12-20__12:58:59 0.16 0.17 0.12 7.91% 44.55 normal
2018-12-20__12:59:05 0.13 0.16 0.12 2.35% 44.01 normal
2018-12-20__12:59:10 0.12 0.16 0.12 6.02% 44.01 normal
2018-12-20__12:59:16 0.11 0.16 0.12 5.96% 44.01 normal
2018-12-20__12:59:22 0.10 0.15 0.12 8.53% 44.01 normal
2018-12-20__12:59:27 0.09 0.15 0.12 6.57% 43.47 normal
2018-12-20__12:59:33 0.08 0.15 0.12 5.26% 44.01 normal
2018-12-20__12:59:38 0.08 0.14 0.12 2.82% 44.01 normal
2018-12-20__12:59:44 0.07 0.14 0.11 3.26% 44.55 normal
2018-12-20__12:59:50 0.06 0.14 0.11 9.26% 44.55 normal
2018-12-20__12:59:55 0.06 0.14 0.11 4.19% 44.01 normal
2018-12-20__13:00:01 0.05 0.13 0.11 11.37% 44.01 normal
2018-12-20__13:00:07 0.05 0.13 0.11 10.23% 44.01 normal
2018-12-20__13:00:12 0.04 0.13 0.11 3.27% 44.01 normal
2018-12-20__13:00:18 0.04 0.13 0.11 4.13% 43.47 normal
2018-12-20__13:00:23 0.04 0.12 0.11 1.90% 43.47 normal
2018-12-20__13:00:29 0.03 0.12 0.11 6.16% 44.01 normal
2018-12-20__13:00:35 0.03 0.12 0.10 3.30% 44.01 normal
2018-12-20__13:00:40 0.02 0.11 0.10 4.65% 44.01 normal
2018-12-20__13:00:46 0.02 0.11 0.10 7.34% 45.08 normal
2018-12-20__13:00:52 0.02 0.11 0.10 8.80% 45.08 normal
2018-12-20__13:00:57 0.02 0.11 0.10 4.19% 44.01 normal
2018-12-20__13:01:03 0.02 0.11 0.10 8.37% 44.01 normal
2018-12-20__13:01:08 0.10 0.12 0.10 4.31% 44.01 normal
2018-12-20__13:01:14 0.09 0.12 0.10 9.22% 44.01 normal
2018-12-20__13:01:20 0.07 0.11 0.10 10.19% 45.08 normal
2018-12-20__13:01:25 0.07 0.11 0.10 4.63% 44.01 normal
2018-12-20__13:01:31 0.06 0.11 0.10 22.64% 45.08 normal
2018-12-20__13:01:37 0.06 0.11 0.10 4.19% 44.01 normal
2018-12-20__13:01:42 0.05 0.11 0.10 6.10% 44.01 normal
2018-12-20__13:01:48 0.05 0.10 0.10 2.83% 44.01 normal
2018-12-20__13:01:54 0.04 0.10 0.09 4.61% 44.01 normal
2018-12-20__13:01:59 0.04 0.10 0.09 7.98% 43.47 normal
2018-12-20__13:02:05 0.03 0.10 0.09 7.55% 44.01 normal
2018-12-20__13:02:10 0.03 0.09 0.09 3.27% 43.47 normal
2018-12-20__13:02:16 0.03 0.09 0.09 5.71% 44.01 normal
2018-12-20__13:02:22 0.02 0.09 0.09 2.83% 44.01 normal
2018-12-20__13:02:27 0.02 0.09 0.09 2.37% 44.01 normal
2018-12-20__13:02:33 0.02 0.09 0.09 5.16% 44.01 normal
2018-12-20__13:02:39 0.02 0.09 0.09 7.94% 44.01 normal
2018-12-20__13:02:44 0.02 0.08 0.09 3.77% 43.47 normal
2018-12-20__13:02:50 0.01 0.08 0.09 4.76% 44.55 normal
2018-12-20__13:02:56 0.01 0.08 0.09 4.61% 44.01 normal
2018-12-20__13:03:01 0.01 0.08 0.09 3.70% 44.01 normal
2018-12-20__13:03:07 0.01 0.08 0.09 11.16% 45.08 normal
2018-12-20__13:03:12 0.01 0.08 0.08 7.41% 44.01 normal
2018-12-20__13:03:18 0.01 0.07 0.08 5.24% 44.01 normal
2018-12-20__13:03:24 0.01 0.07 0.08 4.17% 44.01 normal
2018-12-20__13:03:29 0.01 0.07 0.08 9.55% 44.01 normal
2018-12-20__13:03:35 0.00 0.07 0.08 1.90% 44.01 normal
2018-12-20__13:03:41 0.00 0.07 0.08 3.86% 45.08 normal
2018-12-20__13:03:46 0.00 0.06 0.08 5.09% 44.55 normal
2018-12-20__13:03:52 0.00 0.06 0.08 3.72% 44.01 normal
2018-12-20__13:03:57 0.00 0.06 0.08 7.44% 43.47 normal
2018-12-20__13:04:03 0.00 0.06 0.08 4.17% 44.01 normal
2018-12-20__13:04:09 0.00 0.06 0.08 2.79% 44.55 normal
2018-12-20__13:04:14 0.00 0.06 0.08 6.51% 43.47 normal
2018-12-20__13:04:20 0.00 0.06 0.08 6.98% 44.01 normal
2018-12-20__13:04:26 0.00 0.05 0.08 3.72% 43.47 normal
2018-12-20__13:04:31 0.00 0.05 0.08 21.63% 44.55 normal
2018-12-20__13:04:37 0.00 0.05 0.08 9.26% 44.55 normal
2018-12-20__13:04:42 0.00 0.05 0.08 3.27% 43.47 normal
2018-12-20__13:04:48 0.00 0.05 0.08 7.48% 44.01 normal
2018-12-20__13:04:54 0.00 0.05 0.08 16.36% 44.01 normal
2018-12-20__13:05:00 0.00 0.05 0.07 8.76% 44.01 normal
2018-12-20__13:05:05 0.00 0.05 0.07 7.91% 43.47 normal
2018-12-20__13:05:11 0.00 0.05 0.07 3.29% 44.01 normal
2018-12-20__13:05:17 0.16 0.08 0.08 5.66% 44.01 normal
2018-12-20__13:05:22 0.15 0.08 0.08 7.44% 44.01 normal
2018-12-20__13:05:28 0.13 0.08 0.08 4.63% 44.01 normal
2018-12-20__13:05:33 0.12 0.07 0.08 6.16% 44.01 normal
2018-12-20__13:05:39 0.11 0.07 0.08 7.01% 43.47 normal
2018-12-20__13:05:45 0.10 0.07 0.08 7.44% 44.55 normal
2018-12-20__13:05:50 0.09 0.07 0.08 7.91% 44.01 normal
2018-12-20__13:05:56 0.08 0.07 0.08 2.36% 44.01 normal
2018-12-20__13:06:02 0.07 0.07 0.08 1.90% 44.01 normal
2018-12-20__13:06:07 0.07 0.06 0.08 6.60% 44.01 normal
2018-12-20__13:06:13 0.06 0.06 0.08 6.60% 44.55 normal
2018-12-20__13:06:18 0.06 0.06 0.08 4.19% 44.01 normal
2018-12-20__13:06:24 0.05 0.06 0.08 7.44% 44.01 normal
2018-12-20__13:06:30 0.05 0.06 0.08 6.05% 44.55 normal
2018-12-20__13:06:35 0.04 0.06 0.08 2.37% 44.55 normal
2018-12-20__13:06:41 0.04 0.06 0.08 5.09% 44.01 normal
2018-12-20__13:06:47 0.03 0.05 0.08 3.29% 44.01 normal
2018-12-20__13:06:52 0.03 0.05 0.07 7.11% 43.47 normal
2018-12-20__13:06:58 0.03 0.05 0.07 3.30% 44.01 normal
2018-12-20__13:07:03 0.02 0.05 0.07 4.65% 44.01 normal
2018-12-20__13:07:09 0.02 0.05 0.07 7.66% 44.01 normal
2018-12-20__13:07:15 0.02 0.05 0.07 9.52% 44.01 normal
2018-12-20__13:07:20 0.10 0.06 0.08 2.80% 44.01 normal
2018-12-20__13:07:26 0.09 0.06 0.08 7.48% 43.47 normal
2018-12-20__13:07:32 0.08 0.06 0.08 25.70% 45.08 normal
2018-12-20__13:07:37 0.08 0.06 0.08 10.96% 44.55 normal
2018-12-20__13:07:43 0.07 0.06 0.08 3.74% 44.01 normal
2018-12-20__13:07:49 0.14 0.07 0.08 3.29% 44.01 normal
2018-12-20__13:07:54 0.13 0.07 0.08 2.82% 44.55 normal
2018-12-20__13:08:00 0.12 0.07 0.08 7.14% 44.01 normal
2018-12-20__13:08:05 0.10 0.07 0.08 5.71% 44.55 normal
2018-12-20__13:08:11 0.09 0.07 0.08 3.72% 44.01 normal
2018-12-20__13:08:17 0.09 0.07 0.08 2.82% 44.01 normal
2018-12-20__13:08:22 0.08 0.06 0.08 4.61% 44.01 normal
2018-12-20__13:08:28 0.07 0.06 0.08 3.74% 44.01 normal
2018-12-20__13:08:34 0.07 0.06 0.08 4.19% 44.01 normal
2018-12-20__13:08:39 0.06 0.06 0.08 6.60% 44.55 normal
2018-12-20__13:08:45 0.06 0.06 0.08 6.57% 44.01 normal
2018-12-20__13:08:50 0.05 0.06 0.07 8.13% 44.01 normal
2018-12-20__13:08:56 0.04 0.06 0.07 11.37% 45.08 normal
2018-12-20__13:09:02 0.04 0.05 0.07 8.29% 44.01 normal
2018-12-20__13:09:07 0.04 0.05 0.07 6.60% 44.01 normal
2018-12-20__13:09:13 0.03 0.05 0.07 3.74% 44.01 normal
2018-12-20__13:09:19 0.03 0.05 0.07 6.51% 44.01 normal
2018-12-20__13:09:24 0.03 0.05 0.07 6.82% 44.01 normal
2018-12-20__13:09:30 0.19 0.08 0.08 5.24% 44.01 normal
2018-12-20__13:09:36 0.16 0.08 0.08 3.33% 44.55 normal
2018-12-20__13:09:41 0.14 0.08 0.08 1.91% 45.08 normal
2018-12-20__13:09:47 0.13 0.08 0.08 5.56% 43.47 normal
2018-12-20__13:09:52 0.12 0.08 0.08 2.87% 45.08 normal
2018-12-20__13:09:58 0.11 0.07 0.08 7.51% 44.01 normal
2018-12-20__13:10:04 0.10 0.07 0.08 3.27% 44.01 normal
2018-12-20__13:10:09 0.09 0.07 0.08 2.83% 44.55 normal
2018-12-20__13:10:15 0.09 0.07 0.08 4.17% 44.55 normal
2018-12-20__13:10:21 0.07 0.07 0.08 3.74% 44.55 normal
2018-12-20__13:10:26 0.07 0.07 0.08 9.39% 43.47 normal
2018-12-20__13:10:32 0.06 0.06 0.08 12.32% 44.01 normal
2018-12-20__13:10:37 0.06 0.06 0.08 2.80% 44.55 normal
2018-12-20__13:10:43 0.05 0.06 0.08 3.74% 44.01 normal
2018-12-20__13:10:49 0.05 0.06 0.07 7.04% 44.55 normal
2018-12-20__13:10:54 0.04 0.06 0.07 1.90% 44.01 normal
2018-12-20__13:11:00 0.12 0.07 0.08 5.09% 44.01 normal
2018-12-20__13:11:06 0.43 0.14 0.10 4.59% 44.01 normal
2018-12-20__13:11:11 0.36 0.14 0.10 8.41% 44.01 normal
2018-12-20__13:11:17 0.33 0.13 0.10 3.40% 45.08 normal
2018-12-20__13:11:22 0.31 0.13 0.10 1.91% 44.55 normal
2018-12-20__13:11:28 0.28 0.13 0.10 5.24% 44.01 normal
2018-12-20__13:11:34 0.26 0.13 0.10 6.70% 45.08 normal
2018-12-20__13:11:39 0.24 0.12 0.09 3.76% 44.55 normal
2018-12-20__13:11:45 0.22 0.12 0.09 7.98% 44.01 normal
2018-12-20__13:11:51 0.20 0.12 0.09 6.10% 44.55 normal
2018-12-20__13:11:56 0.39 0.16 0.11 3.72% 44.01 normal
2018-12-20__13:12:02 0.36 0.16 0.11 7.87% 44.01 normal
2018-12-20__13:12:08 0.33 0.16 0.10 5.24% 44.01 normal
2018-12-20__13:12:13 0.30 0.15 0.10 8.76% 45.08 normal
2018-12-20__13:12:19 0.28 0.15 0.10 4.19% 44.55 normal
2018-12-20__13:12:24 0.26 0.15 0.10 7.87% 44.01 normal
2018-12-20__13:12:30 0.24 0.15 0.10 7.59% 44.55 normal
2018-12-20__13:12:36 0.22 0.14 0.10 4.19% 44.01 normal
2018-12-20__13:12:41 0.40 0.19 0.11 3.76% 44.55 normal
2018-12-20__13:12:47 0.37 0.18 0.11 9.09% 44.01 normal
2018-12-20__13:12:53 0.34 0.18 0.11 0.95% 44.55 normal
2018-12-20__13:12:58 0.31 0.18 0.11 6.10% 43.47 normal
2018-12-20__13:13:04 0.29 0.17 0.11 4.65% 44.01 normal
2018-12-20__13:13:09 0.27 0.17 0.11 3.72% 44.55 normal
2018-12-20__13:13:15 0.24 0.17 0.11 9.63% 44.01 normal
2018-12-20__13:13:21 0.22 0.16 0.11 5.07% 44.01 normal
2018-12-20__13:13:26 0.26 0.18 0.11 5.09% 44.01 normal
2018-12-20__13:13:32 0.24 0.17 0.11 7.44% 44.01 normal
2018-12-20__13:13:38 0.54 0.24 0.13 5.69% 45.08 normal
2018-12-20__13:13:43 0.50 0.23 0.13 4.17% 44.55 normal
2018-12-20__13:13:49 0.54 0.25 0.14 8.84% 44.01 normal
2018-12-20__13:13:55 0.50 0.24 0.13 3.26% 44.01 normal
2018-12-20__13:14:00 0.46 0.24 0.13 7.91% 44.01 normal
2018-12-20__13:14:06 0.42 0.23 0.13 1.89% 44.01 normal
2018-12-20__13:14:11 0.35 0.22 0.13 3.32% 44.01 normal
2018-12-20__13:14:17 0.33 0.22 0.13 9.30% 44.55 normal
2018-12-20__13:14:23 0.30 0.22 0.13 8.72% 44.01 normal
2018-12-20__13:14:28 0.27 0.21 0.13 9.17% 44.01 normal
2018-12-20__13:14:34 0.25 0.21 0.13 6.60% 44.01 normal
2018-12-20__13:14:40 0.23 0.20 0.13 3.29% 44.01 normal
2018-12-20__13:14:45 0.21 0.20 0.12 6.64% 44.01 normal
2018-12-20__13:14:51 0.20 0.20 0.12 3.27% 43.47 normal
2018-12-20__13:14:56 0.16 0.19 0.12 2.36% 44.01 normal
2018-12-20__13:15:02 0.15 0.19 0.12 4.17% 44.55 normal
2018-12-20__13:15:08 0.14 0.18 0.12 2.83% 44.01 normal
2018-12-20__13:15:13 0.13 0.18 0.12 5.21% 44.01 normal
2018-12-20__13:15:19 0.12 0.18 0.12 2.35% 44.01 normal
2018-12-20__13:15:25 0.11 0.17 0.12 9.00% 44.01 normal
2018-12-20__13:15:30 0.10 0.17 0.12 7.94% 44.01 normal
2018-12-20__13:15:36 0.09 0.17 0.12 1.90% 44.01 normal
2018-12-20__13:15:41 0.08 0.16 0.11 4.19% 44.01 normal
2018-12-20__13:15:47 0.07 0.16 0.11 4.63% 44.01 normal
2018-12-20__13:15:53 0.22 0.19 0.12 7.55% 44.01 normal
2018-12-20__13:15:58 0.21 0.19 0.12 7.77% 44.55 normal
2018-12-20__13:16:04 0.19 0.18 0.12 2.84% 44.55 normal
2018-12-20__13:16:10 0.17 0.18 0.12 7.11% 44.55 normal
2018-12-20__13:16:15 0.16 0.18 0.12 5.14% 44.55 normal
2018-12-20__13:16:21 0.31 0.21 0.13 3.74% 44.01 normal
2018-12-20__13:16:27 0.26 0.20 0.13 7.94% 44.55 normal
2018-12-20__13:16:32 0.24 0.20 0.13 5.09% 43.47 normal
2018-12-20__13:16:38 0.22 0.19 0.12 2.86% 44.01 normal
2018-12-20__13:16:43 0.20 0.19 0.12 7.55% 44.01 normal
2018-12-20__13:16:49 0.18 0.19 0.12 5.63% 44.01 normal
2018-12-20__13:16:55 0.17 0.18 0.12 5.50% 44.01 normal
2018-12-20__13:17:00 0.16 0.18 0.12 7.91% 44.01 normal
2018-12-20__13:17:06 0.14 0.18 0.12 3.70% 44.01 normal
2018-12-20__13:17:12 0.12 0.17 0.12 1.43% 44.55 normal
2018-12-20__13:17:17 0.11 0.17 0.12 7.01% 44.01 normal
2018-12-20__13:17:23 0.10 0.16 0.12 2.83% 44.01 normal
2018-12-20__13:17:28 0.09 0.16 0.12 8.80% 44.55 normal
2018-12-20__13:17:34 0.09 0.16 0.11 11.52% 44.55 normal
2018-12-20__13:17:40 0.16 0.17 0.12 2.37% 44.01 normal
2018-12-20__13:17:45 0.15 0.17 0.12 7.51% 44.01 normal
2018-12-20__13:17:51 0.45 0.23 0.14 8.33% 44.55 normal
2018-12-20__13:17:57 0.55 0.26 0.15 3.29% 43.47 normal
2018-12-20__13:18:02 0.50 0.25 0.15 7.94% 44.55 normal
2018-12-20__13:18:08 0.46 0.25 0.15 6.60% 44.01 normal
2018-12-20__13:18:13 0.42 0.25 0.15 5.71% 44.01 normal
2018-12-20__13:18:19 0.39 0.24 0.14 1.44% 44.01 normal
2018-12-20__13:18:25 0.36 0.24 0.14 13.55% 45.08 normal
2018-12-20__13:18:30 0.33 0.23 0.14 2.80% 44.01 normal
2018-12-20__13:18:36 0.30 0.23 0.14 6.60% 44.01 normal
2018-12-20__13:18:42 0.26 0.22 0.14 6.64% 44.55 normal
2018-12-20__13:18:47 0.24 0.22 0.14 7.48% 44.01 normal
2018-12-20__13:18:53 0.22 0.21 0.14 13.43% 44.01 normal
2018-12-20__13:18:59 0.20 0.21 0.14 7.48% 44.01 normal
2018-12-20__13:19:04 0.18 0.21 0.14 7.08% 45.08 normal
2018-12-20__13:19:10 0.33 0.24 0.15 7.58% 44.55 normal
2018-12-20__13:19:15 0.30 0.23 0.14 4.63% 44.01 normal
2018-12-20__13:19:21 0.28 0.23 0.14 8.37% 44.01 normal
2018-12-20__13:19:27 0.23 0.22 0.14 7.48% 44.01 normal
2018-12-20__13:19:32 0.22 0.22 0.14 3.70% 44.01 normal
2018-12-20__13:19:38 0.20 0.21 0.14 2.80% 44.01 normal
2018-12-20__13:19:44 0.18 0.21 0.14 7.01% 44.55 normal
2018-12-20__13:19:49 0.17 0.20 0.14 7.76% 45.08 normal
2018-12-20__13:19:55 0.15 0.20 0.14 2.83% 44.55 normal
2018-12-20__13:20:01 0.14 0.20 0.14 5.66% 44.55 normal
2018-12-20__13:20:06 0.13 0.19 0.14 4.37% 44.55 normal
2018-12-20__13:20:12 0.11 0.19 0.13 0.95% 44.01 normal
2018-12-20__13:20:17 0.10 0.18 0.13 4.61% 44.01 normal
2018-12-20__13:20:23 0.09 0.18 0.13 2.82% 44.55 normal
2018-12-20__13:20:29 0.08 0.18 0.13 8.02% 44.01 normal
2018-12-20__13:20:34 0.08 0.17 0.13 4.23% 45.08 normal
2018-12-20__13:20:40 0.07 0.17 0.13 3.27% 45.08 normal
2018-12-20__13:20:46 0.06 0.17 0.13 4.74% 44.01 normal
2018-12-20__13:20:51 0.06 0.16 0.13 1.90% 44.01 normal
2018-12-20__13:20:57 0.05 0.16 0.12 6.07% 44.55 normal
2018-12-20__13:21:02 0.05 0.16 0.12 2.38% 44.01 normal
2018-12-20__13:21:08 0.04 0.15 0.12 3.74% 44.01 normal
2018-12-20__13:21:14 0.04 0.15 0.12 1.46% 45.08 normal
2018-12-20__13:21:19 0.04 0.15 0.12 8.37% 45.08 normal
2018-12-20__13:21:25 0.03 0.14 0.12 4.31% 44.01 normal
2018-12-20__13:21:31 0.11 0.16 0.12 2.36% 45.08 normal
2018-12-20__13:21:36 0.10 0.16 0.12 7.48% 45.08 normal
2018-12-20__13:21:42 0.09 0.15 0.12 8.37% 44.01 normal
2018-12-20__13:21:47 0.15 0.16 0.13 2.36% 44.01 normal
2018-12-20__13:21:53 0.14 0.16 0.13 2.83% 44.55 normal
2018-12-20__13:21:59 0.29 0.19 0.14 4.29% 44.01 normal
2018-12-20__13:22:04 0.27 0.19 0.13 7.41% 44.55 normal
2018-12-20__13:22:10 0.24 0.19 0.13 3.27% 44.01 normal
2018-12-20__13:22:16 0.22 0.18 0.13 6.64% 44.55 normal
2018-12-20__13:22:21 0.21 0.18 0.13 10.43% 44.01 normal
2018-12-20__13:22:27 0.19 0.18 0.13 0.97% 45.08 normal
2018-12-20__13:22:32 0.38 0.22 0.15 1.88% 44.55 normal
2018-12-20__13:22:38 0.35 0.21 0.14 8.33% 44.01 normal
2018-12-20__13:22:44 0.32 0.21 0.14 7.48% 44.01 normal
2018-12-20__13:22:49 0.30 0.21 0.14 3.72% 44.01 normal
2018-12-20__13:22:55 0.27 0.20 0.14 4.21% 44.01 normal
2018-12-20__13:23:01 0.25 0.20 0.14 7.98% 44.01 normal
2018-12-20__13:23:06 0.23 0.20 0.14 6.60% 44.01 normal
2018-12-20__13:23:12 0.21 0.19 0.14 1.92% 45.08 normal
2018-12-20__13:23:18 0.18 0.19 0.14 3.74% 44.55 normal
2018-12-20__13:23:23 0.40 0.23 0.15 5.34% 44.01 normal
2018-12-20__13:23:29 0.53 0.26 0.16 7.55% 44.55 normal
2018-12-20__13:23:34 0.49 0.26 0.16 5.61% 45.08 normal
2018-12-20__13:23:40 0.45 0.25 0.16 3.76% 44.55 normal
2018-12-20__13:23:46 0.41 0.25 0.16 2.37% 44.01 normal
2018-12-20__13:23:51 0.38 0.25 0.16 1.42% 44.01 normal
2018-12-20__13:23:57 0.35 0.24 0.16 11.11% 44.55 normal
2018-12-20__13:24:03 0.44 0.27 0.17 4.67% 44.55 normal
2018-12-20__13:24:08 0.41 0.26 0.17 6.39% 44.01 normal
2018-12-20__13:24:14 0.37 0.26 0.16 10.09% 44.01 normal
2018-12-20__13:24:19 0.34 0.25 0.16 7.01% 44.01 normal
2018-12-20__13:24:25 0.32 0.25 0.16 6.57% 44.01 normal
2018-12-20__13:24:31 0.29 0.24 0.16 4.61% 44.01 normal
2018-12-20__13:24:36 0.27 0.24 0.16 7.44% 44.55 normal
2018-12-20__13:24:42 0.25 0.23 0.16 6.85% 44.01 normal
2018-12-20__13:24:48 0.21 0.23 0.16 2.36% 44.01 normal
2018-12-20__13:24:53 0.19 0.22 0.16 4.23% 43.47 normal
2018-12-20__13:24:59 0.18 0.22 0.16 4.67% 44.55 normal
2018-12-20__13:25:05 0.16 0.21 0.16 3.29% 44.01 normal
2018-12-20__13:25:10 0.15 0.21 0.15 7.91% 44.01 normal
2018-12-20__13:25:16 0.14 0.21 0.15 2.82% 44.55 normal
2018-12-20__13:25:21 0.12 0.20 0.15 3.70% 44.01 normal
2018-12-20__13:25:27 0.11 0.20 0.15 10.14% 44.01 normal
2018-12-20__13:25:33 0.10 0.19 0.15 6.98% 45.08 normal
2018-12-20__13:25:38 0.09 0.19 0.15 4.19% 45.08 normal
2018-12-20__13:25:44 0.08 0.19 0.15 5.24% 44.01 normal
2018-12-20__13:25:50 0.07 0.18 0.15 5.96% 44.01 normal
2018-12-20__13:25:55 0.07 0.18 0.15 5.69% 44.55 normal
2018-12-20__13:26:01 0.06 0.18 0.14 5.09% 44.01 normal
2018-12-20__13:26:06 0.06 0.17 0.14 7.04% 44.01 normal
2018-12-20__13:26:12 0.29 0.22 0.16 3.29% 44.01 normal
2018-12-20__13:26:18 0.25 0.21 0.16 4.69% 44.01 normal
2018-12-20__13:26:23 0.23 0.21 0.16 4.81% 44.55 normal
2018-12-20__13:26:29 0.21 0.20 0.16 6.67% 44.01 normal
2018-12-20__13:26:35 0.27 0.22 0.16 2.39% 44.55 normal
2018-12-20__13:26:40 0.33 0.23 0.16 9.22% 44.01 normal
2018-12-20__13:26:46 0.30 0.23 0.16 1.93% 44.55 normal
2018-12-20__13:26:51 0.28 0.22 0.16 4.17% 44.01 normal
2018-12-20__13:26:57 0.26 0.22 0.16 3.30% 45.08 normal
2018-12-20__13:27:03 0.22 0.21 0.16 7.51% 44.01 normal
2018-12-20__13:27:08 0.20 0.21 0.16 6.13% 44.55 normal
2018-12-20__13:27:14 0.18 0.20 0.16 2.35% 44.55 normal
2018-12-20__13:27:20 0.17 0.20 0.16 4.15% 44.55 normal
2018-12-20__13:27:25 0.15 0.20 0.16 6.94% 44.01 normal
2018-12-20__13:27:31 0.14 0.19 0.16 7.91% 44.55 normal
2018-12-20__13:27:37 0.13 0.19 0.15 2.83% 44.01 normal
2018-12-20__13:27:42 0.12 0.19 0.15 1.88% 44.55 normal
2018-12-20__13:27:48 0.10 0.18 0.15 4.61% 44.55 normal
2018-12-20__13:27:53 0.09 0.18 0.15 6.13% 44.55 normal
2018-12-20__13:27:59 0.08 0.17 0.15 5.24% 44.01 normal
2018-12-20__13:28:05 0.08 0.17 0.15 1.89% 44.01 normal
2018-12-20__13:28:10 0.07 0.17 0.15 7.04% 44.01 normal
2018-12-20__13:28:16 0.07 0.16 0.15 4.63% 44.01 normal
2018-12-20__13:28:22 0.06 0.16 0.15 7.01% 44.01 normal
2018-12-20__13:28:27 0.06 0.16 0.14 3.70% 44.01 normal
2018-12-20__13:28:33 0.05 0.15 0.14 2.83% 44.01 normal
2018-12-20__13:28:38 0.12 0.17 0.15 5.66% 44.55 normal
2018-12-20__13:28:44 0.11 0.16 0.15 6.98% 44.55 normal
2018-12-20__13:28:50 0.10 0.16 0.15 10.38% 44.55 normal
2018-12-20__13:28:55 0.09 0.16 0.14 4.65% 44.55 normal
2018-12-20__13:29:01 0.09 0.16 0.14 8.33% 44.01 normal
2018-12-20__13:29:07 0.08 0.15 0.14 2.80% 44.55 normal
2018-12-20__13:29:12 0.07 0.15 0.14 3.85% 44.55 normal
2018-12-20__13:29:18 0.06 0.14 0.14 2.83% 44.01 normal
2018-12-20__13:29:24 0.06 0.14 0.14 3.70% 44.01 normal
2018-12-20__13:29:29 0.05 0.14 0.14 7.73% 44.55 normal
2018-12-20__13:29:35 0.05 0.14 0.14 3.38% 45.08 normal
2018-12-20__13:29:40 0.04 0.13 0.14 4.19% 44.01 normal
2018-12-20__13:29:46 0.04 0.13 0.13 1.90% 44.55 normal
2018-12-20__13:29:52 0.04 0.13 0.13 9.22% 44.01 normal
2018-12-20__13:29:57 0.03 0.13 0.13 3.76% 44.01 normal
2018-12-20__13:30:09 0.02 0.12 0.13 7.04% 44.01 normal
2018-12-20__13:30:14 0.02 0.12 0.13 5.53% 45.08 normal
2018-12-20__13:30:20 0.18 0.15 0.14 7.37% 44.01 normal
2018-12-20__13:30:25 0.17 0.15 0.14 6.07% 44.01 normal
2018-12-20__13:30:31 0.15 0.14 0.14 5.12% 45.08 normal
2018-12-20__13:30:37 0.14 0.14 0.14 2.82% 44.55 normal
2018-12-20__13:30:42 0.13 0.14 0.14 3.76% 44.01 normal
2018-12-20__13:30:48 0.11 0.13 0.13 2.82% 44.01 normal
2018-12-20__13:30:54 0.10 0.13 0.13 6.19% 44.01 normal
2018-12-20__13:30:59 0.09 0.13 0.13 1.89% 44.01 normal
2018-12-20__13:31:05 0.08 0.13 0.13 5.21% 44.01 normal
2018-12-20__13:31:11 0.08 0.12 0.13 3.86% 45.08 normal
2018-12-20__13:31:16 0.15 0.14 0.13 3.27% 44.55 normal
2018-12-20__13:31:22 0.14 0.14 0.13 3.27% 44.01 normal
2018-12-20__13:31:27 0.13 0.13 0.13 5.66% 44.01 normal
2018-12-20__13:31:33 0.12 0.13 0.13 2.36% 44.01 normal
2018-12-20__13:31:39 0.17 0.14 0.14 5.53% 44.01 normal
2018-12-20__13:31:44 0.16 0.14 0.13 1.90% 44.01 normal
2018-12-20__13:31:50 0.15 0.14 0.13 4.63% 44.01 normal
2018-12-20__13:31:56 0.13 0.14 0.13 5.19% 44.01 normal
2018-12-20__13:32:01 0.12 0.13 0.13 3.74% 44.01 normal
2018-12-20__13:32:07 0.11 0.13 0.13 7.01% 44.01 normal
2018-12-20__13:32:12 0.26 0.16 0.14 3.74% 44.01 normal
2018-12-20__13:32:18 0.24 0.16 0.14 0.96% 44.01 normal
2018-12-20__13:32:24 0.72 0.27 0.18 8.33% 44.01 normal
2018-12-20__13:32:29 0.82 0.30 0.19 3.24% 44.01 normal
2018-12-20__13:32:35 0.76 0.29 0.18 13.12% 45.08 normal
2018-12-20__13:32:41 0.70 0.29 0.18 10.75% 44.55 normal
2018-12-20__13:32:46 0.64 0.28 0.18 2.37% 44.01 normal
2018-12-20__13:32:52 0.59 0.28 0.18 2.79% 44.01 normal
2018-12-20__13:32:58 0.54 0.27 0.18 3.30% 44.55 normal
2018-12-20__13:33:03 0.50 0.27 0.18 7.11% 44.55 normal
2018-12-20__13:33:09 0.86 0.36 0.21 5.50% 44.01 normal
2018-12-20__13:33:14 0.87 0.37 0.21 4.17% 44.01 normal
2018-12-20__13:33:20 0.80 0.36 0.21 1.90% 44.01 normal
2018-12-20__13:33:26 0.74 0.35 0.21 11.21% 45.08 normal
2018-12-20__13:33:31 0.68 0.35 0.21 6.48% 45.08 normal
2018-12-20__13:33:37 0.63 0.34 0.21 5.05% 44.55 normal
2018-12-20__13:33:43 0.58 0.34 0.21 7.04% 44.01 normal
2018-12-20__13:33:48 0.53 0.33 0.20 7.94% 44.01 normal
2018-12-20__13:33:54 0.45 0.32 0.20 3.74% 44.01 normal
2018-12-20__13:33:59 0.41 0.31 0.20 5.66% 44.55 normal
2018-12-20__13:34:05 0.38 0.31 0.20 3.24% 44.01 normal
2018-12-20__13:34:11 0.35 0.30 0.20 7.51% 44.55 normal
2018-12-20__13:34:16 0.32 0.30 0.20 6.22% 44.55 normal
2018-12-20__13:34:22 0.29 0.29 0.19 3.70% 44.01 normal
2018-12-20__13:34:28 0.27 0.29 0.19 2.38% 44.01 normal
2018-12-20__13:34:33 0.49 0.33 0.21 7.44% 44.01 normal
2018-12-20__13:34:39 0.41 0.32 0.20 6.10% 44.01 normal
2018-12-20__13:34:44 0.38 0.32 0.20 3.74% 44.01 normal
2018-12-20__13:34:50 0.35 0.31 0.20 3.76% 44.55 normal
2018-12-20__13:34:56 0.32 0.30 0.20 8.29% 44.01 normal
2018-12-20__13:35:01 0.29 0.30 0.20 18.69% 45.08 normal
2018-12-20__13:35:07 0.27 0.29 0.20 6.05% 44.01 normal
2018-12-20__13:35:13 0.25 0.29 0.20 6.57% 44.01 normal
2018-12-20__13:35:18 0.23 0.28 0.19 6.64% 44.55 normal
2018-12-20__13:35:24 0.19 0.27 0.19 4.63% 44.01 normal
2018-12-20__13:35:30 0.18 0.27 0.19 1.88% 44.01 normal
2018-12-20__13:35:35 0.16 0.26 0.19 21.40% 44.55 normal
2018-12-20__13:35:41 0.15 0.26 0.19 1.90% 44.01 normal
2018-12-20__13:35:46 0.14 0.26 0.19 6.67% 44.55 normal
2018-12-20__13:35:52 0.13 0.25 0.18 3.40% 44.01 normal
2018-12-20__13:35:58 0.12 0.25 0.18 6.54% 44.01 normal
2018-12-20__13:36:03 0.11 0.24 0.18 5.19% 44.01 normal
2018-12-20__13:36:09 0.09 0.23 0.18 3.74% 44.01 normal
2018-12-20__13:36:14 0.08 0.23 0.18 7.83% 44.01 normal
2018-12-20__13:36:20 0.08 0.23 0.18 8.02% 44.55 normal
2018-12-20__13:36:26 0.07 0.22 0.18 4.74% 44.01 normal
2018-12-20__13:36:31 0.06 0.22 0.18 5.07% 44.01 normal
2018-12-20__13:36:37 0.06 0.21 0.17 9.26% 44.55 normal
2018-12-20__13:36:43 0.05 0.21 0.17 9.39% 45.08 normal
2018-12-20__13:36:48 0.05 0.21 0.17 1.43% 44.01 normal
2018-12-20__13:36:54 0.04 0.20 0.17 4.63% 44.01 normal
2018-12-20__13:37:00 0.04 0.20 0.17 7.91% 44.01 normal
2018-12-20__13:37:05 0.03 0.19 0.17 9.26% 44.55 normal
2018-12-20__13:37:11 0.03 0.19 0.17 3.29% 44.55 normal
2018-12-20__13:37:16 0.03 0.19 0.17 0.48% 44.55 normal
2018-12-20__13:37:22 0.03 0.18 0.17 7.91% 44.01 normal
2018-12-20__13:37:28 0.02 0.18 0.16 5.69% 44.01 normal
2018-12-20__13:37:33 0.02 0.18 0.16 7.04% 44.01 normal
2018-12-20__13:37:39 0.16 0.20 0.17 4.65% 44.55 normal
2018-12-20__13:37:45 0.15 0.20 0.17 3.27% 44.55 normal
2018-12-20__13:37:50 0.14 0.20 0.17 3.76% 44.01 normal
2018-12-20__13:37:56 0.13 0.19 0.17 2.83% 44.01 normal
2018-12-20__13:38:01 0.12 0.19 0.17 4.61% 44.01 normal
2018-12-20__13:38:07 0.11 0.18 0.17 4.61% 44.01 normal
2018-12-20__13:38:13 0.10 0.18 0.17 7.87% 44.55 normal
2018-12-20__13:38:18 0.09 0.18 0.17 6.10% 45.08 normal
2018-12-20__13:38:24 0.08 0.17 0.16 4.19% 44.01 normal
2018-12-20__13:38:30 0.07 0.17 0.16 4.17% 44.55 normal
2018-12-20__13:38:35 0.06 0.17 0.16 19.82% 44.01 normal
2018-12-20__13:38:41 0.22 0.20 0.17 9.72% 44.01 normal
2018-12-20__13:38:47 0.20 0.19 0.17 6.22% 44.55 normal
2018-12-20__13:38:52 0.18 0.19 0.17 1.90% 44.01 normal
2018-12-20__13:38:58 0.17 0.19 0.17 2.82% 44.01 normal
2018-12-20__13:39:03 0.16 0.18 0.17 9.95% 44.55 normal
2018-12-20__13:39:09 0.13 0.18 0.17 5.09% 44.01 normal
2018-12-20__13:39:15 0.12 0.17 0.17 7.94% 44.01 normal
2018-12-20__13:39:20 0.11 0.17 0.16 2.35% 44.01 normal
2018-12-20__13:39:26 0.10 0.17 0.16 2.83% 45.08 normal
2018-12-20__13:39:32 0.17 0.18 0.17 5.26% 44.01 normal
2018-12-20__13:39:37 0.24 0.20 0.17 7.01% 45.08 normal
2018-12-20__13:39:43 0.22 0.19 0.17 1.90% 44.01 normal
2018-12-20__13:39:48 0.20 0.19 0.17 6.07% 45.08 normal
2018-12-20__13:39:54 0.17 0.18 0.17 2.37% 45.08 normal
2018-12-20__13:40:00 0.16 0.18 0.17 3.76% 44.55 normal
2018-12-20__13:40:05 0.14 0.17 0.17 1.43% 44.01 normal
2018-12-20__13:40:11 0.13 0.17 0.17 2.84% 44.01 normal
2018-12-20__13:40:17 0.12 0.17 0.17 1.44% 44.01 normal
2018-12-20__13:40:22 0.11 0.17 0.16 5.05% 44.01 normal
2018-12-20__13:40:28 0.10 0.16 0.16 4.65% 44.55 normal
2018-12-20__13:40:33 0.09 0.16 0.16 3.27% 44.01 normal
2018-12-20__13:40:39 0.17 0.17 0.17 5.71% 44.55 normal
2018-12-20__13:40:45 0.14 0.17 0.17 7.55% 44.55 normal
2018-12-20__13:40:50 0.13 0.17 0.16 8.37% 44.01 normal
2018-12-20__13:40:56 0.12 0.16 0.16 2.80% 44.01 normal
2018-12-20__13:41:02 0.11 0.16 0.16 6.19% 44.01 normal
2018-12-20__13:41:07 0.10 0.16 0.16 2.87% 45.08 normal
2018-12-20__13:41:13 0.09 0.15 0.16 9.43% 44.01 normal
2018-12-20__13:41:19 0.08 0.15 0.16 3.27% 44.55 normal
2018-12-20__13:41:24 0.08 0.15 0.16 4.65% 44.55 normal
2018-12-20__13:41:30 0.36 0.21 0.18 5.63% 45.08 normal
2018-12-20__13:41:35 0.49 0.24 0.19 3.74% 44.01 normal
2018-12-20__13:41:41 0.45 0.23 0.19 7.04% 45.08 normal
2018-12-20__13:41:47 0.41 0.23 0.19 6.67% 44.55 normal
2018-12-20__13:41:52 0.38 0.23 0.18 4.63% 44.01 normal
2018-12-20__13:41:58 0.35 0.22 0.18 1.90% 44.01 normal
2018-12-20__13:42:04 0.32 0.22 0.18 3.74% 44.01 normal
2018-12-20__13:42:09 0.30 0.21 0.18 5.53% 44.01 normal
2018-12-20__13:42:15 0.32 0.22 0.18 8.13% 44.01 normal
2018-12-20__13:42:20 0.30 0.22 0.18 2.38% 44.01 normal
2018-12-20__13:42:26 0.27 0.22 0.18 5.56% 45.08 normal
2018-12-20__13:42:32 0.25 0.21 0.18 7.87% 44.01 normal
2018-12-20__13:42:37 0.23 0.21 0.18 3.74% 44.01 normal
2018-12-20__13:42:43 0.37 0.24 0.19 5.07% 43.47 normal
2018-12-20__13:42:49 0.34 0.23 0.19 4.33% 44.01 normal
2018-12-20__13:42:54 0.40 0.25 0.19 9.55% 44.01 normal
2018-12-20__13:43:00 0.41 0.25 0.20 1.88% 44.01 normal
2018-12-20__13:43:06 0.38 0.25 0.19 0.96% 44.55 normal
2018-12-20__13:43:11 0.43 0.26 0.20 2.79% 44.01 normal
2018-12-20__13:43:17 0.39 0.26 0.20 4.61% 44.55 normal
2018-12-20__13:43:22 0.36 0.25 0.20 10.09% 44.01 normal
2018-12-20__13:43:28 0.33 0.25 0.19 3.26% 44.01 normal
2018-12-20__13:43:34 0.30 0.25 0.19 2.36% 44.01 normal
2018-12-20__13:43:39 0.28 0.24 0.19 2.82% 44.55 normal
2018-12-20__13:43:51 0.22 0.23 0.19 7.41% 44.55 normal
2018-12-20__13:43:56 0.20 0.22 0.18 3.27% 44.01 normal
2018-12-20__13:44:02 0.18 0.22 0.18 6.57% 44.01 normal
2018-12-20__13:44:07 0.25 0.23 0.19 4.81% 44.01 normal
2018-12-20__13:44:13 0.23 0.23 0.19 2.83% 44.01 normal
2018-12-20__13:44:19 0.21 0.23 0.18 5.58% 45.08 normal
2018-12-20__13:44:24 0.19 0.22 0.18 3.27% 44.01 normal
2018-12-20__13:44:30 0.16 0.21 0.18 7.08% 44.01 normal
2018-12-20__13:44:36 0.15 0.21 0.18 12.22% 44.55 normal
2018-12-20__13:44:41 0.14 0.21 0.18 6.51% 44.01 normal
2018-12-20__13:44:47 0.13 0.20 0.18 3.27% 44.01 normal
2018-12-20__13:44:52 0.28 0.23 0.19 4.35% 43.47 normal
2018-12-20__13:44:58 0.25 0.23 0.19 2.83% 44.01 normal
2018-12-20__13:45:04 0.23 0.22 0.18 7.48% 44.01 normal
2018-12-20__13:45:09 0.21 0.22 0.18 1.90% 44.01 normal
2018-12-20__13:45:15 0.18 0.21 0.18 3.72% 44.01 normal
2018-12-20__13:45:21 0.17 0.21 0.18 4.61% 44.55 normal
2018-12-20__13:45:26 0.15 0.20 0.18 7.41% 44.01 normal
2018-12-20__13:45:32 0.22 0.22 0.18 3.30% 44.01 normal
2018-12-20__13:45:38 0.20 0.21 0.18 8.80% 45.08 normal
2018-12-20__13:45:43 0.19 0.21 0.18 2.35% 44.01 normal
2018-12-20__13:45:49 0.17 0.21 0.18 8.33% 44.55 normal
2018-12-20__13:45:54 0.16 0.20 0.18 7.48% 44.01 normal
2018-12-20__13:46:00 0.13 0.20 0.18 2.83% 44.01 normal
2018-12-20__13:46:06 0.12 0.19 0.18 4.19% 44.01 normal
2018-12-20__13:46:11 0.11 0.19 0.17 6.98% 44.01 normal
2018-12-20__13:46:17 0.10 0.19 0.17 7.48% 44.01 normal
2018-12-20__13:46:23 0.09 0.18 0.17 6.91% 44.01 normal
2018-12-20__13:46:28 0.09 0.18 0.17 3.29% 44.01 normal
2018-12-20__13:46:34 0.08 0.18 0.17 6.70% 44.01 normal
2018-12-20__13:46:39 0.07 0.17 0.17 3.27% 44.01 normal
2018-12-20__13:46:45 0.06 0.17 0.17 2.84% 44.01 normal
2018-12-20__13:46:51 0.06 0.16 0.17 8.33% 44.01 normal
2018-12-20__13:46:56 0.05 0.16 0.17 3.74% 44.01 normal
2018-12-20__13:47:02 0.05 0.16 0.16 11.57% 44.01 normal
2018-12-20__13:47:08 0.04 0.16 0.16 3.76% 44.01 normal
2018-12-20__13:47:13 0.04 0.15 0.16 2.82% 44.01 normal
2018-12-20__13:47:19 0.04 0.15 0.16 6.60% 44.01 normal
2018-12-20__13:47:25 0.03 0.15 0.16 4.17% 44.01 normal
2018-12-20__13:47:30 0.03 0.14 0.16 4.19% 44.01 normal
2018-12-20__13:47:36 0.02 0.14 0.16 2.83% 44.01 normal
2018-12-20__13:47:41 0.02 0.14 0.16 5.26% 44.55 normal
2018-12-20__13:47:47 0.02 0.13 0.16 5.21% 44.01 normal
2018-12-20__13:47:53 0.02 0.13 0.16 3.69% 44.01 normal
2018-12-20__13:47:58 0.02 0.13 0.15 3.30% 44.01 normal
2018-12-20__13:48:04 0.02 0.13 0.15 5.26% 44.55 normal
2018-12-20__13:48:10 0.01 0.12 0.15 3.74% 44.01 normal
2018-12-20__13:48:15 0.01 0.12 0.15 1.90% 44.01 normal
2018-12-20__13:48:21 0.01 0.12 0.15 7.94% 44.01 normal
2018-12-20__13:48:26 0.01 0.12 0.15 6.67% 44.55 normal
2018-12-20__13:48:32 0.09 0.13 0.15 4.69% 44.01 normal
2018-12-20__13:48:38 0.08 0.13 0.15 3.38% 44.55 normal
2018-12-20__13:48:43 0.07 0.13 0.15 12.44% 44.55 normal
2018-12-20__13:48:49 0.07 0.12 0.15 2.37% 44.01 normal
2018-12-20__13:48:55 0.06 0.12 0.15 7.37% 44.55 normal
2018-12-20__13:49:00 0.05 0.12 0.15 5.09% 44.01 normal
2018-12-20__13:49:06 0.05 0.11 0.15 6.25% 44.01 normal
2018-12-20__13:49:11 0.04 0.11 0.15 2.84% 44.01 normal
2018-12-20__13:49:17 0.04 0.11 0.14 3.30% 45.08 normal
2018-12-20__13:49:23 0.04 0.11 0.14 7.01% 44.01 normal
2018-12-20__13:49:28 0.03 0.11 0.14 6.16% 44.01 normal
2018-12-20__13:49:34 0.03 0.10 0.14 2.38% 44.01 normal
2018-12-20__13:49:40 0.03 0.10 0.14 7.94% 44.55 normal
2018-12-20__13:49:45 0.11 0.12 0.15 5.56% 44.01 normal
2018-12-20__13:49:51 0.09 0.11 0.14 2.36% 44.01 normal
2018-12-20__13:49:56 0.08 0.11 0.14 2.83% 44.01 normal
2018-12-20__13:50:02 0.08 0.11 0.14 3.29% 44.55 normal
2018-12-20__13:50:08 0.07 0.11 0.14 3.72% 44.01 normal
2018-12-20__13:50:13 0.06 0.11 0.14 4.69% 44.01 normal
2018-12-20__13:50:19 0.14 0.12 0.14 7.08% 44.01 normal
2018-12-20__13:50:25 0.13 0.12 0.14 4.29% 44.55 normal
2018-12-20__13:50:30 0.12 0.12 0.14 5.56% 45.08 normal
2018-12-20__13:50:36 0.54 0.21 0.17 4.19% 44.55 normal
2018-12-20__13:50:41 0.50 0.21 0.17 6.42% 44.55 normal
2018-12-20__13:50:47 0.46 0.20 0.17 6.13% 44.55 normal
2018-12-20__13:50:53 0.42 0.20 0.17 6.60% 44.01 normal
2018-12-20__13:50:58 0.39 0.20 0.17 4.76% 45.08 normal
2018-12-20__13:51:04 0.36 0.19 0.17 5.94% 45.08 normal
2018-12-20__13:51:10 0.33 0.19 0.17 2.83% 44.01 normal
2018-12-20__13:51:15 0.38 0.20 0.17 2.44% 45.08 normal
2018-12-20__13:51:21 0.32 0.20 0.17 7.48% 44.01 normal
2018-12-20__13:51:26 0.30 0.19 0.17 4.61% 44.01 normal
2018-12-20__13:51:32 0.27 0.19 0.17 1.90% 44.55 normal
2018-12-20__13:51:38 0.25 0.18 0.17 8.96% 45.08 normal
2018-12-20__13:51:43 0.23 0.18 0.17 0.49% 45.08 normal
2018-12-20__13:51:49 0.21 0.18 0.17 7.87% 44.01 normal
2018-12-20__13:51:55 0.19 0.17 0.16 8.76% 44.01 normal
2018-12-20__13:52:00 0.18 0.17 0.16 7.04% 44.55 normal
2018-12-20__13:52:06 0.15 0.17 0.16 1.90% 44.01 normal
2018-12-20__13:52:11 0.14 0.16 0.16 4.21% 44.55 normal
2018-12-20__13:52:17 0.13 0.16 0.16 6.64% 44.01 normal
2018-12-20__13:52:23 0.12 0.16 0.16 5.07% 44.01 normal
2018-12-20__13:52:28 0.11 0.15 0.16 2.84% 44.01 normal
2018-12-20__13:52:34 0.10 0.15 0.16 5.69% 44.01 normal
2018-12-20__13:52:40 0.09 0.15 0.16 4.76% 44.01 normal
2018-12-20__13:52:45 0.08 0.15 0.15 3.29% 44.01 normal
2018-12-20__13:52:51 0.07 0.14 0.15 7.51% 45.08 normal
2018-12-20__13:52:57 0.06 0.14 0.15 3.74% 44.01 normal
2018-12-20__13:53:02 0.06 0.14 0.15 6.98% 45.08 normal
2018-12-20__13:53:08 0.05 0.13 0.15 5.09% 44.01 normal
2018-12-20__13:53:13 0.05 0.13 0.15 7.51% 44.01 normal
2018-12-20__13:53:19 0.04 0.13 0.15 6.22% 44.01 normal
2018-12-20__13:53:25 0.04 0.13 0.15 8.49% 44.01 normal
2018-12-20__13:53:30 0.04 0.12 0.15 2.84% 44.01 normal
2018-12-20__13:53:36 0.03 0.12 0.14 5.26% 44.01 normal
2018-12-20__13:53:42 0.03 0.12 0.14 8.84% 44.01 normal
2018-12-20__13:53:47 0.03 0.11 0.14 5.96% 44.01 normal
2018-12-20__13:53:53 0.02 0.11 0.14 7.48% 44.55 normal
2018-12-20__13:53:58 0.02 0.11 0.14 6.57% 44.01 normal
2018-12-20__13:54:04 0.02 0.11 0.14 10.14% 44.55 normal
2018-12-20__13:54:10 0.02 0.11 0.14 6.98% 44.01 normal
2018-12-20__13:54:15 0.02 0.10 0.14 3.72% 44.01 normal
2018-12-20__13:54:21 0.01 0.10 0.14 4.78% 44.01 normal
2018-12-20__13:54:27 0.01 0.10 0.13 7.08% 44.01 normal
2018-12-20__13:54:32 0.01 0.10 0.13 7.37% 44.55 normal
2018-12-20__13:54:38 0.01 0.09 0.13 0.96% 45.08 normal
2018-12-20__13:54:43 0.01 0.09 0.13 9.17% 44.55 normal
2018-12-20__13:54:49 0.09 0.11 0.14 3.26% 44.01 normal
2018-12-20__13:54:55 0.08 0.11 0.14 2.80% 44.55 normal
2018-12-20__13:55:00 0.07 0.10 0.13 8.21% 44.01 normal
2018-12-20__13:55:06 0.06 0.10 0.13 2.37% 44.55 normal
2018-12-20__13:55:12 0.06 0.10 0.13 6.19% 44.01 normal
2018-12-20__13:55:17 0.05 0.10 0.13 4.23% 45.08 normal
2018-12-20__13:55:23 0.21 0.13 0.14 7.04% 44.55 normal
2018-12-20__13:55:28 0.19 0.13 0.14 2.82% 44.01 normal
2018-12-20__13:55:34 0.18 0.12 0.14 4.61% 44.01 normal
2018-12-20__13:55:40 0.16 0.12 0.14 7.01% 44.01 normal
2018-12-20__13:55:45 0.15 0.12 0.14 8.88% 45.08 normal
2018-12-20__13:55:51 0.12 0.11 0.13 4.15% 44.01 normal
2018-12-20__13:55:57 0.11 0.11 0.13 8.76% 44.01 normal
2018-12-20__13:56:02 0.10 0.11 0.13 1.90% 44.01 normal
2018-12-20__13:56:08 0.34 0.16 0.15 3.74% 44.01 normal
2018-12-20__13:56:13 0.31 0.16 0.15 2.80% 44.01 normal
